Log file open, 12/11/18 19:39:24
LogWindows: Failed to load 'aqProf.dll' (GetLastError=126)
LogWindows: File 'aqProf.dll' does not exist
LogWindows: Failed to load 'VtuneApi.dll' (GetLastError=126)
LogWindows: File 'VtuneApi.dll' does not exist
LogWindows: Failed to load 'VtuneApi32e.dll' (GetLastError=126)
LogWindows: File 'VtuneApi32e.dll' does not exist
LogInit: Display: Running engine for game: TeamSadMen
LogPlatformFile: Not using cached read wrapper
LogTaskGraph: Started task graph with 5 named threads and 23 total threads with 3 sets of task threads.
LogStats: Stats thread started at 0.291675
LogD3D11RHI: Loaded GFSDK_Aftermath_Lib.x64.dll
LogICUInternationalization: Display: ICU TimeZone Detection - Raw Offset: -5:00, Platform Override: ''
LogPluginManager: Mounting plugin Paper2D
LogPluginManager: Mounting plugin AISupport
LogPluginManager: Mounting plugin LightPropagationVolume
LogPluginManager: Mounting plugin CLionSourceCodeAccess
LogPluginManager: Mounting plugin CodeLiteSourceCodeAccess
LogPluginManager: Mounting plugin GitSourceControl
LogPluginManager: Mounting plugin KDevelopSourceCodeAccess
LogPluginManager: Mounting plugin NullSourceCodeAccess
LogPluginManager: Mounting plugin PerforceSourceControl
LogPluginManager: Mounting plugin SubversionSourceControl
LogPluginManager: Mounting plugin UObjectPlugin
LogPluginManager: Mounting plugin VisualStudioCodeSourceCodeAccess
LogPluginManager: Mounting plugin VisualStudioSourceCodeAccess
LogPluginManager: Mounting plugin XCodeSourceCodeAccess
LogPluginManager: Mounting plugin AssetManagerEditor
LogPluginManager: Mounting plugin CryptoKeys
LogPluginManager: Mounting plugin DataValidation
LogPluginManager: Mounting plugin FacialAnimation
LogPluginManager: Mounting plugin GameplayTagsEditor
LogPluginManager: Mounting plugin MacGraphicsSwitching
LogPluginManager: Mounting plugin MeshEditor
LogPluginManager: Mounting plugin MobileLauncherProfileWizard
LogPluginManager: Mounting plugin PluginBrowser
LogPluginManager: Mounting plugin SpeedTreeImporter
LogPluginManager: Mounting plugin DatasmithContent
LogPluginManager: Mounting plugin AlembicImporter
LogPluginManager: Mounting plugin AppleImageUtils
LogPluginManager: Mounting plugin AppleVision
LogPluginManager: Mounting plugin BackChannel
LogPluginManager: Mounting plugin CharacterAI
LogPluginManager: Mounting plugin GeometryCache
LogPluginManager: Mounting plugin HTML5Networking
LogPluginManager: Mounting plugin ProxyLODPlugin
LogPluginManager: Mounting plugin MagicLeap
LogPluginManager: Mounting plugin MagicLeapEmulator
LogPluginManager: Mounting plugin MagicLeapMedia
LogPluginManager: Mounting plugin AndroidMedia
LogPluginManager: Mounting plugin AvfMedia
LogPluginManager: Mounting plugin ImgMedia
LogPluginManager: Mounting plugin LinearTimecode
LogPluginManager: Mounting plugin MediaCompositing
LogPluginManager: Mounting plugin MediaPlayerEditor
LogPluginManager: Mounting plugin WmfMedia
LogPluginManager: Mounting plugin TcpMessaging
LogPluginManager: Mounting plugin UdpMessaging
LogPluginManager: Mounting plugin ActorSequence
LogPluginManager: Mounting plugin LevelSequenceEditor
LogPluginManager: Mounting plugin MatineeToLevelSequence
LogPluginManager: Mounting plugin NetcodeUnitTest
LogPluginManager: Mounting plugin NUTUnrealEngine4
LogPluginManager: Mounting plugin OnlineSubsystemGooglePlay
LogPluginManager: Mounting plugin OnlineSubsystemIOS
LogPluginManager: Mounting plugin OnlineSubsystem
LogPluginManager: Mounting plugin OnlineSubsystemNull
LogPluginManager: Mounting plugin OnlineSubsystemUtils
LogPluginManager: Mounting plugin LauncherChunkInstaller
LogPluginManager: Mounting plugin AndroidDeviceProfileSelector
LogPluginManager: Mounting plugin AndroidMoviePlayer
LogPluginManager: Mounting plugin AndroidPermission
LogPluginManager: Mounting plugin AppleMoviePlayer
LogPluginManager: Mounting plugin ArchVisCharacter
LogPluginManager: Mounting plugin AudioCapture
LogPluginManager: Mounting plugin CableComponent
LogPluginManager: Mounting plugin CustomMeshComponent
LogPluginManager: Mounting plugin EditableMesh
LogPluginManager: Mounting plugin ExampleDeviceProfileSelector
LogPluginManager: Mounting plugin GoogleCloudMessaging
LogPluginManager: Mounting plugin ImmediatePhysics
LogPluginManager: Mounting plugin IOSDeviceProfileSelector
LogPluginManager: Mounting plugin LinuxDeviceProfileSelector
LogPluginManager: Mounting plugin LocationServicesBPLibrary
LogPluginManager: Mounting plugin MobilePatchingUtils
LogPluginManager: Mounting plugin OculusVR
LogPluginManager: Plugin shader directory ../../../Engine/Plugins/Runtime/Oculus/OculusVR/Shaders found
LogPluginManager: Mapping shader source directory ../../../Engine/Plugins/Runtime/Oculus/OculusVR/Shaders to virtual directory /Plugin/OculusVR
LogPluginManager: Mounting plugin PhysXVehicles
LogPluginManager: Mounting plugin ProceduralMeshComponent
LogPluginManager: Mounting plugin RuntimePhysXCooking
LogPluginManager: Mounting plugin SteamVR
LogPluginManager: Mounting plugin WindowsMoviePlayer
LogStreaming: Display: Took  0.136s to configure plugins.
LogInit: Using libcurl 7.55.1-DEV
LogInit:  - built for x86_64-pc-win32
LogInit:  - supports SSL with OpenSSL/1.0.2h
LogInit:  - supports HTTP deflate (compression) using libz 1.2.8
LogInit:  - other features:
LogInit:      CURL_VERSION_SSL
LogInit:      CURL_VERSION_LIBZ
LogInit:      CURL_VERSION_IPV6
LogInit:      CURL_VERSION_ASYNCHDNS
LogInit:      CURL_VERSION_LARGEFILE
LogInit:      CURL_VERSION_IDN
LogInit:  CurlRequestOptions (configurable via config and command line):
LogInit:  - bVerifyPeer = false  - Libcurl will NOT verify peer certificate
LogInit:  - bUseHttpProxy = false  - Libcurl will NOT use HTTP proxy
LogInit:  - bDontReuseConnections = false  - Libcurl will reuse connections
LogInit:  - CertBundlePath = nullptr  - Libcurl will use whatever was configured at build time.
LogInit:  - MaxHostConnections = 16  - Libcurl will limit the number of connections to a host
LogInit:  - LocalHostAddr = Default
LogInit:  - BufferSize = 65536
LogInit: WinSock: version 1.1 (2.2), MaxSocks=32767, MaxUdp=65467
LogInit: Build: ++UE4+Release-4.20-CL-4369336
LogInit: Engine Version: 4.20.3-4369336+++UE4+Release-4.20
LogInit: Compatible Engine Version: 4.20.0-4212847+++UE4+Release-4.20
LogInit: Net CL: 4212847
LogInit: OS: Windows 10 (), CPU: Intel(R) Core(TM) i7-6700HQ CPU @ 2.60GHz, GPU: Intel(R) HD Graphics 530
LogInit: Compiled (64-bit): Sep 17 2018 12:26:19
LogInit: Compiled with Visual C++: 19.13.26129.00
LogInit: Build Configuration: Development
LogInit: Branch Name: ++UE4+Release-4.20
LogInit: Command Line:  
LogInit: Base Directory: C:/Program Files/Epic Games/UE_4.20/Engine/Binaries/Win64/
LogInit: Installed Engine Build: 1
LogDevObjectVersion: Number of dev versions registered: 20
LogDevObjectVersion:   Dev-Blueprints (B0D832E4-1F89-4F0D-ACCF-7EB736FD4AA2): 10
LogDevObjectVersion:   Dev-Build (E1C64328-A22C-4D53-A36C-8E866417BD8C): 0
LogDevObjectVersion:   Dev-Core (375EC13C-06E4-48FB-B500-84F0262A717E): 2
LogDevObjectVersion:   Dev-Editor (E4B068ED-F494-42E9-A231-DA0B2E46BB41): 24
LogDevObjectVersion:   Dev-Framework (CFFC743F-43B0-4480-9391-14DF171D2073): 34
LogDevObjectVersion:   Dev-Mobile (B02B49B5-BB20-44E9-A304-32B752E40360): 2
LogDevObjectVersion:   Dev-Networking (A4E4105C-59A1-49B5-A7C5-40C4547EDFEE): 0
LogDevObjectVersion:   Dev-Online (39C831C9-5AE6-47DC-9A44-9C173E1C8E7C): 0
LogDevObjectVersion:   Dev-Physics (78F01B33-EBEA-4F98-B9B4-84EACCB95AA2): 0
LogDevObjectVersion:   Dev-Platform (6631380F-2D4D-43E0-8009-CF276956A95A): 0
LogDevObjectVersion:   Dev-Rendering (12F88B9F-8875-4AFC-A67C-D90C383ABD29): 26
LogDevObjectVersion:   Dev-Sequencer (7B5AE74C-D270-4C10-A958-57980B212A5A): 9
LogDevObjectVersion:   Dev-VR (D7296918-1DD6-4BDD-9DE2-64A83CC13884): 2
LogDevObjectVersion:   Dev-LoadTimes (C2A15278-BFE7-4AFE-6C17-90FF531DF755): 1
LogDevObjectVersion:   Private-Geometry (6EACA3D4-40EC-4CC1-B786-8BED09428FC5): 3
LogDevObjectVersion:   Dev-AnimPhys (29E575DD-E0A3-4627-9D10-D276232CDCEA): 17
LogDevObjectVersion:   Dev-ReflectionCapture (6B266CEC-1EC7-4B8F-A30B-E4D90942FC07): 1
LogDevObjectVersion:   Dev-Automation (0DF73D61-A23F-47EA-B727-89E90C41499A): 1
LogDevObjectVersion:   FortniteMain (601D1886-AC64-4F84-AA16-D3DE0DEAC7D6): 12
LogDevObjectVersion:   Dev-Enterprise (9DFFBCD6-494F-0158-E221-12823C92A888): 1
LogStreaming: Display: Took  0.005s to delete old logs.
LogInit: Presizing for max 8388607 objects, including 0 objects not considered by GC, pre-allocating 0 bytes for permanent pool.
LogInit: Object subsystem initialized
[2018.12.12-00.39.24:485][  0]LogInit: Selected Device Profile: [Windows]
[2018.12.12-00.39.24:485][  0]LogInit: Applying CVar settings loaded from the selected device profile: [Windows]
[2018.12.12-00.39.24:502][  0]LogHAL: Display: Platform has ~ 16 GB [16964771840 / 17179869184 / 16], which maps to Larger [LargestMinGB=32, LargerMinGB=12, DefaultMinGB=8, SmallerMinGB=6, SmallestMinGB=0)
[2018.12.12-00.39.24:502][  0]LogInit: Setting Device Profile CVar: [[r.Vulkan.UseRealUBs:1]]
[2018.12.12-00.39.24:502][  0]LogInit: Going up to parent DeviceProfile []
[2018.12.12-00.39.24:503][  0]LogInit: Computer: DESKTOP-HIBAT0Q
[2018.12.12-00.39.24:503][  0]LogInit: User: kubok
[2018.12.12-00.39.24:503][  0]LogInit: CPU Page size=4096, Cores=4
[2018.12.12-00.39.24:503][  0]LogInit: High frequency timer resolution =2.531255 MHz
[2018.12.12-00.39.24:503][  0]LogMemory: Memory total: Physical=15.8GB (16GB approx)
[2018.12.12-00.39.24:503][  0]LogMemory: Platform Memory Stats for Windows
[2018.12.12-00.39.24:503][  0]LogMemory: Process Physical Memory: 100.75 MB used, 100.75 MB peak
[2018.12.12-00.39.24:503][  0]LogMemory: Process Virtual Memory: 87.39 MB used, 87.39 MB peak
[2018.12.12-00.39.24:503][  0]LogMemory: Physical Memory: 5899.45 MB used,  10279.42 MB free, 16178.87 MB total
[2018.12.12-00.39.24:503][  0]LogMemory: Virtual Memory: 4636.84 MB used,  10279.42 MB free, 134217728.00 MB total
[2018.12.12-00.39.24:527][  0]LogInit: Using OS detected language (en-US).
[2018.12.12-00.39.24:527][  0]LogInit: Using OS detected locale (en-US).
[2018.12.12-00.39.24:528][  0]LogTextLocalizationManager: No specific localization for 'en-US' exists, so the 'en' localization will be used.
[2018.12.12-00.39.24:917][  0]LogStreaming: Display: Took  0.390s to InitEngineTextLocalization.
[2018.12.12-00.39.24:917][  0]LogInit: Setting process to per monitor DPI aware
[2018.12.12-00.39.24:960][  0]LogSlate: New Slate User Created.  User Index 0, Is Virtual User: 0
[2018.12.12-00.39.24:960][  0]LogSlate: Slate User Registered.  User Index 0, Is Virtual User: 0
[2018.12.12-00.39.25:205][  0]LogHMD: Failed to initialize OpenVR with code 110
[2018.12.12-00.39.25:205][  0]LogD3D11RHI: D3D11 adapters:
[2018.12.12-00.39.25:275][  0]LogD3D11RHI:    0. 'NVIDIA GeForce GTX 960M' (Feature Level 11_0)
[2018.12.12-00.39.25:275][  0]LogD3D11RHI:       2010/0/8089 MB DedicatedVideo/DedicatedSystem/SharedSystem, Outputs:1, VendorId:0x10de
[2018.12.12-00.39.25:284][  0]LogD3D11RHI:    1. 'Intel(R) HD Graphics 530' (Feature Level 11_0)
[2018.12.12-00.39.25:284][  0]LogD3D11RHI:       128/0/8089 MB DedicatedVideo/DedicatedSystem/SharedSystem, Outputs:0, VendorId:0x8086
[2018.12.12-00.39.25:286][  0]LogD3D11RHI:    2. 'Microsoft Basic Render Driver' (Feature Level 11_0)
[2018.12.12-00.39.25:286][  0]LogD3D11RHI:       0/0/8089 MB DedicatedVideo/DedicatedSystem/SharedSystem, Outputs:0, VendorId:0x1414
[2018.12.12-00.39.25:286][  0]LogD3D11RHI: Chosen D3D11 Adapter: 0
[2018.12.12-00.39.25:325][  0]LogD3D11RHI: Creating new Direct3DDevice
[2018.12.12-00.39.25:325][  0]LogD3D11RHI:     GPU DeviceId: 0x139b (for the marketing name, search the web for "GPU Device Id")
[2018.12.12-00.39.25:325][  0]LogWindows: EnumDisplayDevices:
[2018.12.12-00.39.25:325][  0]LogWindows:    0. 'Intel(R) HD Graphics 530' (P:1 D:1)
[2018.12.12-00.39.25:325][  0]LogWindows:    1. 'Intel(R) HD Graphics 530' (P:0 D:0)
[2018.12.12-00.39.25:326][  0]LogWindows:    2. 'Intel(R) HD Graphics 530' (P:0 D:0)
[2018.12.12-00.39.25:326][  0]LogWindows: DebugString: PrimaryIsNotTheChoosenAdapter PrimaryIsNotTheChoosenAdapter PrimaryIsNotTheChoosenAdapter FoundDriverCount:0 
[2018.12.12-00.39.25:326][  0]LogD3D11RHI:     Adapter Name: NVIDIA GeForce GTX 960M
[2018.12.12-00.39.25:326][  0]LogD3D11RHI:   Driver Version: Unknown (internal:Unknown, unified:Unknown)
[2018.12.12-00.39.25:326][  0]LogD3D11RHI:      Driver Date: Unknown
[2018.12.12-00.39.25:326][  0]LogRHI: Texture pool is 1407 MB (70% of 2010 MB)
[2018.12.12-00.39.25:376][  0]LogD3D11RHI: Async texture creation enabled
[2018.12.12-00.39.25:413][  0]LogD3D11RHI: GPU Timing Frequency: 1000.000000 (Debug: 2 2)
[2018.12.12-00.39.25:413][  0]LogShaderCompilers: Guid format shader working directory is -2 characters bigger than the processId version (../../../../../../Git Hub/TeamSadMen/TeamSadMen/Intermediate/Shaders/WorkingDirectory/14480/).
[2018.12.12-00.39.25:413][  0]LogShaderCompilers: Cleaned the shader compiler working directory 'C:/Users/kubok/AppData/Local/Temp/UnrealShaderWorkingDir/8C3DEFCB487B520939D58281AEDA7957/'.
[2018.12.12-00.39.25:731][  0]LogTemp: Display: Loaded TP AllDesktopTargetPlatform
[2018.12.12-00.39.25:745][  0]LogTemp: Display: Loaded TP MacClientTargetPlatform
[2018.12.12-00.39.25:759][  0]LogTemp: Display: Loaded TP MacNoEditorTargetPlatform
[2018.12.12-00.39.25:775][  0]LogTemp: Display: Loaded TP MacServerTargetPlatform
[2018.12.12-00.39.25:792][  0]LogTemp: Display: Loaded TP MacTargetPlatform
[2018.12.12-00.39.25:806][  0]LogTemp: Display: Loaded TP WindowsClientTargetPlatform
[2018.12.12-00.39.25:819][  0]LogTemp: Display: Loaded TP WindowsNoEditorTargetPlatform
[2018.12.12-00.39.25:833][  0]LogTemp: Display: Loaded TP WindowsServerTargetPlatform
[2018.12.12-00.39.25:841][  0]LogTemp: Display: Loaded TP WindowsTargetPlatform
[2018.12.12-00.39.25:921][  0]LogTemp: Display: Loaded TP AndroidTargetPlatform
[2018.12.12-00.39.25:921][  0]LogTemp: Display: Loaded TP AndroidTargetPlatform
[2018.12.12-00.39.25:921][  0]LogTemp: Display: Loaded TP AndroidTargetPlatform
[2018.12.12-00.39.25:921][  0]LogTemp: Display: Loaded TP AndroidTargetPlatform
[2018.12.12-00.39.25:921][  0]LogTemp: Display: Loaded TP AndroidTargetPlatform
[2018.12.12-00.39.25:921][  0]LogTemp: Display: Loaded TP AndroidTargetPlatform
[2018.12.12-00.39.25:921][  0]LogTemp: Display: Loaded TP AndroidTargetPlatform
[2018.12.12-00.39.25:921][  0]LogTemp: Display: Loaded TP AndroidTargetPlatform
[2018.12.12-00.39.25:921][  0]LogTemp: Display: Loaded TP AndroidTargetPlatform
[2018.12.12-00.39.25:921][  0]LogTemp: Display: Loaded TP AndroidTargetPlatform
[2018.12.12-00.39.25:921][  0]LogTemp: Display: Loaded TP AndroidTargetPlatform
[2018.12.12-00.39.25:921][  0]LogTemp: Display: Loaded TP AndroidTargetPlatform
[2018.12.12-00.39.25:921][  0]LogTemp: Display: Loaded TP AndroidTargetPlatform
[2018.12.12-00.39.25:921][  0]LogTemp: Display: Loaded TP AndroidTargetPlatform
[2018.12.12-00.39.25:921][  0]LogTemp: Display: Loaded TP AndroidTargetPlatform
[2018.12.12-00.39.25:921][  0]LogTemp: Display: Loaded TP AndroidTargetPlatform
[2018.12.12-00.39.25:921][  0]LogTemp: Display: Loaded TP AndroidTargetPlatform
[2018.12.12-00.39.25:921][  0]LogTemp: Display: Loaded TP AndroidTargetPlatform
[2018.12.12-00.39.25:921][  0]LogTemp: Display: Loaded TP HTML5TargetPlatform
[2018.12.12-00.39.25:985][  0]LogTemp: Display: Loaded TP IOSTargetPlatform
[2018.12.12-00.39.25:985][  0]LogTemp: Display: Loaded TP IOSTargetPlatform
[2018.12.12-00.39.26:010][  0]LogTemp: Display: Loaded TP TVOSTargetPlatform
[2018.12.12-00.39.26:010][  0]LogTemp: Display: Loaded TP TVOSTargetPlatform
[2018.12.12-00.39.26:024][  0]LogTemp: Display: Loaded TP LinuxClientTargetPlatform
[2018.12.12-00.39.26:038][  0]LogTemp: Display: Loaded TP LinuxNoEditorTargetPlatform
[2018.12.12-00.39.26:051][  0]LogTemp: Display: Loaded TP LinuxServerTargetPlatform
[2018.12.12-00.39.26:065][  0]LogTemp: Display: Loaded TP LinuxTargetPlatform
[2018.12.12-00.39.26:074][  0]LogTemp: Display: Loaded TP LuminTargetPlatform
[2018.12.12-00.39.26:074][  0]LogTargetPlatformManager: Display: Building Assets For Windows
[2018.12.12-00.39.26:140][  0]LogXGEController: Cleaning working directory: C:/Users/kubok/AppData/Local/Temp/UnrealXGEWorkingDir/
[2018.12.12-00.39.26:140][  0]LogXGEController: Cannot use XGE Controller as Incredibuild is not installed on this machine.
[2018.12.12-00.39.26:141][  0]LogShaderCompilers: Cannot use XGE Shader Compiler as Incredibuild is not installed on this machine.
[2018.12.12-00.39.26:141][  0]LogShaderCompilers: Display: Using Local Shader Compiler.
[2018.12.12-00.39.26:958][  0]LogDerivedDataCache: Display: Max Cache Size: 512 MB
[2018.12.12-00.39.27:020][  0]LogDerivedDataCache: Loaded boot cache 0.06s 73MB C:/Users/kubok/AppData/Local/UnrealEngine/4.20/DerivedDataCache/Boot.ddc.
[2018.12.12-00.39.27:020][  0]LogDerivedDataCache: Display: Loaded Boot cache: C:/Users/kubok/AppData/Local/UnrealEngine/4.20/DerivedDataCache/Boot.ddc
[2018.12.12-00.39.27:021][  0]LogDerivedDataCache: FDerivedDataBackendGraph:  Pak pak cache file ../../../../../../Git Hub/TeamSadMen/TeamSadMen/DerivedDataCache/DDC.ddp not found, will not use a pak cache.
[2018.12.12-00.39.27:021][  0]LogDerivedDataCache: Unable to find inner node Pak for hierarchical cache Hierarchy.
[2018.12.12-00.39.27:021][  0]LogDerivedDataCache: FDerivedDataBackendGraph:  CompressedPak pak cache file ../../../../../../Git Hub/TeamSadMen/TeamSadMen/DerivedDataCache/Compressed.ddp not found, will not use a pak cache.
[2018.12.12-00.39.27:021][  0]LogDerivedDataCache: Unable to find inner node CompressedPak for hierarchical cache Hierarchy.
[2018.12.12-00.39.27:036][  0]LogDerivedDataCache: Display: Pak cache opened for reading ../../../Engine/DerivedDataCache/Compressed.ddp.
[2018.12.12-00.39.27:048][  0]LogDerivedDataCache: Using Local data cache path C:/Users/kubok/AppData/Local/UnrealEngine/Common/DerivedDataCache: Writable
[2018.12.12-00.39.27:048][  0]LogDerivedDataCache: Shared data cache path not found in *engine.ini, will not use an Shared cache.
[2018.12.12-00.39.27:048][  0]LogDerivedDataCache: Unable to find inner node Shared for hierarchical cache Hierarchy.
[2018.12.12-00.39.27:068][  0]LogMaterial: Verifying Global Shaders for PCD3D_SM5
[2018.12.12-00.39.27:070][  0]LogSlate: Using FreeType 2.6.0
[2018.12.12-00.39.27:070][  0]LogSlate: SlateFontServices - WITH_FREETYPE: 1, WITH_HARFBUZZ: 1
[2018.12.12-00.39.27:148][  0]LogAssetRegistry: FAssetRegistry took 0.0265 seconds to start up
[2018.12.12-00.39.27:491][  0]LogInit: Selected Device Profile: [Windows]
[2018.12.12-00.39.27:636][  0]LogSimplygon: Simplygon DLL not present - disabling.
[2018.12.12-00.39.27:639][  0]LogMeshReduction: Using SimplygonSwarm for distributed automatic mesh merging
[2018.12.12-00.39.27:639][  0]LogMeshReduction: Using ProxyLODMeshReduction for automatic mesh merging
[2018.12.12-00.39.27:639][  0]LogMeshReduction: Using QuadricMeshReduction for automatic static mesh reduction
[2018.12.12-00.39.27:639][  0]LogMeshReduction: No automatic skeletal mesh reduction module available
[2018.12.12-00.39.27:661][  0]LogNetVersion: TeamSadMen 1.0.0, NetCL: 4212847, EngineNetVer: 5, GameNetVer: 0 (Checksum: 1220547581)
[2018.12.12-00.39.28:313][  0]LogPackageLocalizationCache: Processed 11 localized package path(s) for 2 prioritized culture(s) in 0.177800 seconds
[2018.12.12-00.39.28:321][  0]LogUObjectArray: 38425 objects as part of root set at end of initial load.
[2018.12.12-00.39.28:321][  0]LogUObjectAllocator: 6690872 out of 0 bytes used by permanent object pool.
[2018.12.12-00.39.28:321][  0]LogUObjectArray: CloseDisregardForGC: 0/0 objects in disregard for GC pool
[2018.12.12-00.39.29:239][  0]LogTcpMessaging: Initializing TcpMessaging bridge
[2018.12.12-00.39.29:253][  0]LogUdpMessaging: Initializing bridge on interface 0.0.0.0:0 to multicast group 230.0.0.1:6666.
[2018.12.12-00.39.29:407][  0]SourceControl: Source control is disabled
[2018.12.12-00.39.29:407][  0]SourceControl: Source control is disabled
[2018.12.12-00.39.29:408][  0]SourceControl: Source control is disabled
[2018.12.12-00.39.29:409][  0]SourceControl: Source control is disabled
[2018.12.12-00.39.29:573][  0]LogAndroidPermission: UAndroidPermissionCallbackProxy::GetInstance
[2018.12.12-00.39.29:643][  0]LogOcInput: OculusInput pre-init called
[2018.12.12-00.39.29:707][  0]LogEngine: Initializing Engine...
[2018.12.12-00.39.29:708][  0]LogHMD: Failed to initialize OpenVR with code 110
[2018.12.12-00.39.29:710][  0]LogStats: UGameplayTagsManager::ConstructGameplayTagTree: ImportINI prefixes -  0.000 s
[2018.12.12-00.39.29:710][  0]LogStats: UGameplayTagsManager::ConstructGameplayTagTree: Construct from data asset -  0.000 s
[2018.12.12-00.39.29:710][  0]LogStats: UGameplayTagsManager::ConstructGameplayTagTree: ImportINI -  0.000 s
[2018.12.12-00.39.29:710][  0]LogStats: UGameplayTagsManager::ConstructGameplayTagTree: GameplayTagTreeChangedEvent.Broadcast -  0.000 s
[2018.12.12-00.39.29:957][  0]LogInit: Initializing FReadOnlyCVARCache
[2018.12.12-00.39.29:974][  0]LogAIModule: Creating AISystem for world Untitled
[2018.12.12-00.39.29:991][  0]LogInit: XAudio2 using 'Speakers / Headphones (Realtek Audio)' : 2 channels at 48 kHz using 32 bits per sample (channel mask 0x3)
[2018.12.12-00.39.30:160][  0]LogInit: FAudioDevice initialized.
[2018.12.12-00.39.30:160][  0]LogNetVersion: Set ProjectVersion to 1.0.0.0. Version Checksum will be recalculated on next use.
[2018.12.12-00.39.30:212][  0]LogDerivedDataCache: Saved boot cache 0.05s 73MB C:/Users/kubok/AppData/Local/UnrealEngine/4.20/DerivedDataCache/Boot.ddc.
[2018.12.12-00.39.30:242][  0]LogInit: Texture streaming: Enabled
[2018.12.12-00.39.30:263][  0]LogEngineSessionManager: EngineSessionManager initialized
[2018.12.12-00.39.30:286][  0]LogInit: Transaction tracking system initialized
[2018.12.12-00.39.30:314][  0]BlueprintLog: New page: Editor Load
[2018.12.12-00.39.30:404][  0]LocalizationService: Localization service is disabled
[2018.12.12-00.39.30:671][  0]LogCook: Display: Max memory allowance for cook 16384mb min free memory 0mb
[2018.12.12-00.39.30:671][  0]LogCook: Display: Mobile HDR setting 1
[2018.12.12-00.39.30:671][  0]LogGameplayTags: Display: UGameplayTagsManager::DoneAddingNativeTags. DelegateIsBound: 0
[2018.12.12-00.39.30:671][  0]LogStats: UGameplayTagsManager::ConstructGameplayTagTree: ImportINI prefixes -  0.000 s
[2018.12.12-00.39.30:671][  0]LogStats: UGameplayTagsManager::ConstructGameplayTagTree: Construct from data asset -  0.000 s
[2018.12.12-00.39.30:671][  0]LogStats: UGameplayTagsManager::ConstructGameplayTagTree: ImportINI -  0.000 s
[2018.12.12-00.39.30:671][  0]LogStats: UGameplayTagsManager::ConstructGameplayTagTree: GameplayTagTreeChangedEvent.Broadcast -  0.000 s
[2018.12.12-00.39.30:794][  0]LogFileCache: Scanning file cache for directory 'C:/Git Hub/TeamSadMen/TeamSadMen/Content/' took 0.02s
[2018.12.12-00.39.30:794][  0]SourceControl: Source control is disabled
[2018.12.12-00.39.30:795][  0]Cmd: MAP LOAD FILE="../../../../../../Git Hub/TeamSadMen/TeamSadMen/Content/FirstPersonBP/Maps/FirstPersonExampleMap.umap" TEMPLATE=0 SHOWPROGRESS=1 FEATURELEVEL=3
[2018.12.12-00.39.30:795][  0]LightingResults: New page: Lighting Build
[2018.12.12-00.39.30:798][  0]MapCheck: New page: Map Check
[2018.12.12-00.39.30:798][  0]LightingResults: New page: Lighting Build
[2018.12.12-00.39.31:486][  0]LogAIModule: Creating AISystem for world FirstPersonExampleMap
[2018.12.12-00.39.31:516][  0]LogEditorServer: Finished looking for orphan Actors (0.000 secs)
[2018.12.12-00.39.31:542][  0]Cmd: MAP CHECKDEP NOCLEARLOG
[2018.12.12-00.39.31:625][  0]MapCheck: Map check complete: 0 Error(s), 0 Warning(s), took 83.173ms to complete.
[2018.12.12-00.39.31:625][  0]LogFileHelpers: Loading map 'FirstPersonExampleMap' took 0.830
[2018.12.12-00.39.31:744][  0]LogSlate: Updating window title bar state: overlay mode, drag disabled, window buttons hidden, title bar hidden
[2018.12.12-00.39.31:753][  0]LogSlate: Updating window title bar state: overlay mode, drag disabled, window buttons hidden, title bar hidden
[2018.12.12-00.39.31:761][  0]LogSlate: Updating window title bar state: overlay mode, drag disabled, window buttons hidden, title bar hidden
[2018.12.12-00.39.31:770][  0]LogSlate: Updating window title bar state: overlay mode, drag disabled, window buttons hidden, title bar hidden
[2018.12.12-00.39.31:778][  0]LogCollectionManager: Loaded 0 collections in 0.001797 seconds
[2018.12.12-00.39.31:819][  0]LogFileCache: Scanning file cache for directory 'C:/Git Hub/TeamSadMen/TeamSadMen/Saved/Collections/' took 0.01s
[2018.12.12-00.39.31:819][  0]LogFileCache: Scanning file cache for directory 'C:/Git Hub/TeamSadMen/TeamSadMen/Content/Developers/kubok/Collections/' took 0.01s
[2018.12.12-00.39.31:819][  0]LogFileCache: Scanning file cache for directory 'C:/Git Hub/TeamSadMen/TeamSadMen/Content/Collections/' took 0.01s
[2018.12.12-00.39.31:819][  0]LogCollectionManager: Rebuilt the GUID cache for 0 collections in 0.000000 seconds
[2018.12.12-00.39.31:830][  0]LogContentBrowser: Native class hierarchy populated in 0.0105 seconds. Added 2572 classes and 603 folders.
[2018.12.12-00.39.31:839][  0]LogContentBrowser: Native class hierarchy updated for 'WidgetCarousel' in 0.0003 seconds. Added 0 classes and 0 folders.
[2018.12.12-00.39.31:885][  0]LogContentBrowser: Native class hierarchy updated for 'AddContentDialog' in 0.0002 seconds. Added 0 classes and 0 folders.
[2018.12.12-00.39.31:892][  0]LogContentBrowser: Native class hierarchy updated for 'SceneOutliner' in 0.0003 seconds. Added 1 classes and 2 folders.
[2018.12.12-00.39.31:909][  0]LogSlate: Took 0.000210 seconds to synchronously load lazily loaded font '../../../Engine/Content/Slate/Fonts/Roboto-Regular.ttf' (155K)
[2018.12.12-00.39.31:913][  0]LogSlate: Took 0.000331 seconds to synchronously load lazily loaded font '../../../Engine/Content/Slate/Fonts/Roboto-Bold.ttf' (160K)
[2018.12.12-00.39.31:919][  0]LogSlate: Took 0.000259 seconds to synchronously load lazily loaded font '../../../Engine/Content/Editor/Slate/Fonts/FontAwesome.ttf' (139K)
[2018.12.12-00.39.32:019][  0]LogRenderer: Reallocating scene render targets to support 960x428 Format 10 NumSamples 1 (Frame:1).
[2018.12.12-00.39.32:085][  0]LogSlate: Took 0.000225 seconds to synchronously load lazily loaded font '../../../Engine/Content/Slate/Fonts/Roboto-Light.ttf' (167K)
[2018.12.12-00.39.32:210][  0]LogContentBrowser: Native class hierarchy updated for 'HierarchicalLODOutliner' in 0.0006 seconds. Added 0 classes and 0 folders.
[2018.12.12-00.39.32:211][  0]LogLoad: (Engine Initialization) Total time: 9.55 seconds
[2018.12.12-00.39.32:211][  0]LogLoad: (Engine Initialization) Total Blueprint compile time: 0.00 seconds
[2018.12.12-00.39.32:222][  0]LogWindowsTextInputMethodSystem: Display: IME system now deactivated.
[2018.12.12-00.39.32:263][  0]LogContentStreaming: Texture pool size now 1000 MB
[2018.12.12-00.39.32:315][  1]LogAssetRegistry: Asset discovery search completed in 5.1908 seconds
[2018.12.12-00.39.32:318][  1]LogCollectionManager: Rebuilt the object cache for 0 collections in 0.000001 seconds (found 0 objects)
[2018.12.12-00.39.32:318][  1]LogCollectionManager: Fixed up redirectors for 0 collections in 0.000077 seconds (updated 0 objects)
[2018.12.12-00.39.33:250][ 66]LogSlate: Took 0.000210 seconds to synchronously load lazily loaded font '../../../Engine/Content/Slate/Fonts/Roboto-Light.ttf' (167K)
[2018.12.12-00.39.35:216][257]LogSlate: FSceneViewport::OnFocusLost() reason 0
[2018.12.12-00.39.35:365][269]LogAssetEditorManager: Opening Asset editor for WidgetBlueprint /Game/FirstPersonBP/Maps/MainMenu.MainMenu
[2018.12.12-00.39.35:911][269]LogContentBrowser: Native class hierarchy updated for 'BlueprintGraph' in 0.0006 seconds. Added 116 classes and 0 folders.
[2018.12.12-00.39.36:819][269]LogAssetEditorManager: Opening Asset editor for WidgetBlueprint /Game/FirstPersonBP/Maps/FiredScreen.FiredScreen
[2018.12.12-00.39.37:183][269]LogSlate: Took 0.000182 seconds to synchronously load lazily loaded font '../../../Engine/Content/Slate/Fonts/Roboto-BoldCondensed.ttf' (158K)
[2018.12.12-00.39.51:302][927]LogSlate: Window 'MainMenu' being destroyed
[2018.12.12-00.39.51:313][928]LogRenderer: Reallocating scene render targets to support 1200x532 Format 10 NumSamples 1 (Frame:779).
[2018.12.12-00.39.52:182][ 29]LogSlate: FSceneViewport::OnFocusLost() reason 0
[2018.12.12-00.39.58:669][571]LogAssetEditorManager: Opening Asset editor for WidgetBlueprint /Game/FirstPersonBP/Maps/FiredScreen.FiredScreen
[2018.12.12-00.40.09:770][784]LogSlate: Took 0.000207 seconds to synchronously load lazily loaded font '../../../Engine/Content/Slate/Fonts/Roboto-Italic.ttf' (157K)
[2018.12.12-00.41.15:011][ 81]BlueprintLog: New page: Compile FiredScreen
[2018.12.12-00.41.15:776][139]Cmd: OBJ SAVEPACKAGE PACKAGE="/Game/FirstPersonBP/Maps/FiredScreen" FILE="../../../../../../Git Hub/TeamSadMen/TeamSadMen/Content/FirstPersonBP/Maps/FiredScreen.uasset" SILENT=true
[2018.12.12-00.41.15:817][139]LogSavePackage: Moving '../../../../../../Git Hub/TeamSadMen/TeamSadMen/Saved/FiredScreenD175C91D459277F638416A9CFAC88F58.tmp' to '../../../../../../Git Hub/TeamSadMen/TeamSadMen/Content/FirstPersonBP/Maps/FiredScreen.uasset'
[2018.12.12-00.41.35:959][417]LogSlate: Window 'Color Picker' being destroyed
[2018.12.12-00.42.36:924][459]BlueprintLog: New page: Compile FiredScreen
[2018.12.12-00.42.37:508][521]Cmd: OBJ SAVEPACKAGE PACKAGE="/Game/FirstPersonBP/Maps/FiredScreen" FILE="../../../../../../Git Hub/TeamSadMen/TeamSadMen/Content/FirstPersonBP/Maps/FiredScreen.uasset" SILENT=true
[2018.12.12-00.42.37:541][521]LogSavePackage: Moving '../../../../../../Git Hub/TeamSadMen/TeamSadMen/Saved/FiredScreenCC992E31442E17B2757756BABD402AB4.tmp' to '../../../../../../Git Hub/TeamSadMen/TeamSadMen/Content/FirstPersonBP/Maps/FiredScreen.uasset'
[2018.12.12-00.43.54:031][ 66]LogSlate: Window 'Color Picker' being destroyed
[2018.12.12-00.44.02:589][  3]LogSlate: Window 'Color Picker' being destroyed
[2018.12.12-00.44.38:173][157]BlueprintLog: New page: Compile FiredScreen
[2018.12.12-00.44.39:018][250]Cmd: OBJ SAVEPACKAGE PACKAGE="/Game/FirstPersonBP/Maps/FiredScreen" FILE="../../../../../../Git Hub/TeamSadMen/TeamSadMen/Content/FirstPersonBP/Maps/FiredScreen.uasset" SILENT=true
[2018.12.12-00.44.39:054][250]LogSavePackage: Moving '../../../../../../Git Hub/TeamSadMen/TeamSadMen/Saved/FiredScreen155B1D3A42E8A6C0E024E5AD864F036D.tmp' to '../../../../../../Git Hub/TeamSadMen/TeamSadMen/Content/FirstPersonBP/Maps/FiredScreen.uasset'
[2018.12.12-00.46.05:601][156]LogAssetEditorManager: Opening Asset editor for WidgetBlueprint /Game/FirstPersonBP/Maps/FiredScreen.FiredScreen
[2018.12.12-00.46.10:321][664]LogTemp: Repeating last play command: New Editor Window (PIE)
[2018.12.12-00.46.10:363][664]LogBlueprintUserMessages: Early PlayInEditor Detection: Level '/Game/FirstPersonBP/Maps/FirstPersonExampleMap.FirstPersonExampleMap:PersistentLevel' has LevelScriptBlueprint '/Game/FirstPersonBP/Maps/FirstPersonExampleMap.FirstPersonExampleMap:PersistentLevel.FirstPersonExampleMap' with GeneratedClass '/Game/FirstPersonBP/Maps/FirstPersonExampleMap.FirstPersonExampleMap_C' with ClassGeneratedBy '/Game/FirstPersonBP/Maps/FirstPersonExampleMap.FirstPersonExampleMap:PersistentLevel.FirstPersonExampleMap'
[2018.12.12-00.46.10:364][664]LogPlayLevel: PlayLevel: No blueprints needed recompiling
[2018.12.12-00.46.10:376][664]PIE: New page: PIE session: FirstPersonExampleMap (Dec 11, 2018, 2:46:10 PM)
[2018.12.12-00.46.10:376][664]LogPlayLevel: Creating play world package: /Game/FirstPersonBP/Maps/UEDPIE_0_FirstPersonExampleMap
[2018.12.12-00.46.10:400][664]LogPlayLevel: PIE: StaticDuplicateObject took: (0.024025s)
[2018.12.12-00.46.10:401][664]LogAIModule: Creating AISystem for world FirstPersonExampleMap
[2018.12.12-00.46.10:402][664]LogPlayLevel: PIE: World Init took: (0.001218s)
[2018.12.12-00.46.10:402][664]LogPlayLevel: PIE: Created PIE world by copying editor world from /Game/FirstPersonBP/Maps/FirstPersonExampleMap.FirstPersonExampleMap to /Game/FirstPersonBP/Maps/UEDPIE_0_FirstPersonExampleMap.FirstPersonExampleMap (0.025484s)
[2018.12.12-00.46.10:440][664]LogInit: XAudio2 using 'Speakers / Headphones (Realtek Audio)' : 2 channels at 48 kHz using 32 bits per sample (channel mask 0x3)
[2018.12.12-00.46.10:465][664]LogInit: FAudioDevice initialized.
[2018.12.12-00.46.10:476][664]LogSlate: Updating window title bar state: overlay mode, drag disabled, window buttons hidden, title bar hidden
[2018.12.12-00.46.10:564][664]LogLoad: Game class is 'FirstPersonGameMode_C'
[2018.12.12-00.46.10:567][664]LogWorld: Bringing World /Game/FirstPersonBP/Maps/UEDPIE_0_FirstPersonExampleMap.FirstPersonExampleMap up for play (max tick rate 0) at 2018.12.11-19.46.10
[2018.12.12-00.46.10:567][664]LogWorld: Bringing up level for play took: 0.002632
[2018.12.12-00.46.10:591][664]LogContentBrowser: Native class hierarchy updated for 'MovieSceneCapture' in 0.0003 seconds. Added 10 classes and 0 folders.
[2018.12.12-00.46.10:592][664]LogScript: Warning: Accessed None trying to read property OrderReceiver
	Order_Text_Blueprint_C /Game/FirstPersonBP/Maps/UEDPIE_0_FirstPersonExampleMap.FirstPersonExampleMap:PersistentLevel.Order_Text_Blueprint
	Function /Game/Tyler/Order_Text_Blueprint.Order_Text_Blueprint_C:ExecuteUbergraph_Order_Text_Blueprint:195D
[2018.12.12-00.46.10:592][664]PIE: Error: Blueprint Runtime Error: "Accessed None trying to read property OrderReceiver". Blueprint:  Order_Text_Blueprint Function:  Execute Ubergraph Order Text Blueprint Graph:  EventGraph Node:  Add New Order
[2018.12.12-00.46.10:594][664]PIE: Play in editor start time for /Game/FirstPersonBP/Maps/UEDPIE_0_FirstPersonExampleMap 0.708
[2018.12.12-00.46.10:594][664]LogBlueprintUserMessages: Late PlayInEditor Detection: Level '/Game/FirstPersonBP/Maps/FirstPersonExampleMap.FirstPersonExampleMap:PersistentLevel' has LevelScriptBlueprint '/Game/FirstPersonBP/Maps/FirstPersonExampleMap.FirstPersonExampleMap:PersistentLevel.FirstPersonExampleMap' with GeneratedClass '/Game/FirstPersonBP/Maps/FirstPersonExampleMap.FirstPersonExampleMap_C' with ClassGeneratedBy '/Game/FirstPersonBP/Maps/FirstPersonExampleMap.FirstPersonExampleMap:PersistentLevel.FirstPersonExampleMap'
[2018.12.12-00.46.10:699][664]LogRenderer: Reallocating scene render targets to support 1200x576 Format 10 NumSamples 1 (Frame:1).
[2018.12.12-00.46.19:043][599]LogBlueprintUserMessages: Early EndPlayMap Detection: Level '/Game/FirstPersonBP/Maps/FirstPersonExampleMap.FirstPersonExampleMap:PersistentLevel' has LevelScriptBlueprint '/Game/FirstPersonBP/Maps/FirstPersonExampleMap.FirstPersonExampleMap:PersistentLevel.FirstPersonExampleMap' with GeneratedClass '/Game/FirstPersonBP/Maps/FirstPersonExampleMap.FirstPersonExampleMap_C' with ClassGeneratedBy '/Game/FirstPersonBP/Maps/FirstPersonExampleMap.FirstPersonExampleMap:PersistentLevel.FirstPersonExampleMap'
[2018.12.12-00.46.19:043][599]LogSlate: Updating window title bar state: overlay mode, drag disabled, window buttons hidden, title bar hidden
[2018.12.12-00.46.19:066][599]LogSlate: Window 'TeamSadMen Game Preview Standalone (64-bit/PCD3D_SM5)' being destroyed
[2018.12.12-00.46.19:105][599]LogPlayLevel: Display: Shutting down PIE online subsystems
[2018.12.12-00.46.19:105][599]LogBlueprintUserMessages: Late EndPlayMap Detection: Level '/Game/FirstPersonBP/Maps/FirstPersonExampleMap.FirstPersonExampleMap:PersistentLevel' has LevelScriptBlueprint '/Game/FirstPersonBP/Maps/FirstPersonExampleMap.FirstPersonExampleMap:PersistentLevel.FirstPersonExampleMap' with GeneratedClass '/Game/FirstPersonBP/Maps/FirstPersonExampleMap.FirstPersonExampleMap_C' with ClassGeneratedBy '/Game/FirstPersonBP/Maps/FirstPersonExampleMap.FirstPersonExampleMap:PersistentLevel.FirstPersonExampleMap'
[2018.12.12-00.46.19:160][600]LogPlayLevel: Display: Destroying online subsystem :Context_11
[2018.12.12-00.46.24:231][185]LogSlate: Window 'Message Log' being destroyed
[2018.12.12-00.46.24:240][185]LogSlate: Window 'Message Log' being destroyed
[2018.12.12-00.47.35:065][832]LogAssetEditorManager: Opening Asset editor for WidgetBlueprint /Game/FirstPersonBP/Maps/MainMenu.MainMenu
[2018.12.12-00.48.04:500][311]LogAssetEditorManager: Opening Asset editor for LevelScriptBlueprint /Game/FirstPersonBP/Maps/FirstPersonExampleMap.FirstPersonExampleMap:PersistentLevel.FirstPersonExampleMap
[2018.12.12-00.48.35:720][810]LogSlate: Window 'FirstPersonExampleMap* - Level Blueprint Editor' being destroyed
[2018.12.12-00.50.27:689][ 60]LogSavePackage: Moving '../../../../../../Git Hub/TeamSadMen/TeamSadMen/Saved/FirstPersonExampleMap_Auto1C9FED95341FD05646E9A3FA287010B8B.tmp' to '../../../../../../Git Hub/TeamSadMen/TeamSadMen/Saved/Autosaves/Game/FirstPersonBP/Maps/FirstPersonExampleMap_Auto1.umap'
[2018.12.12-00.50.27:702][ 60]LogFileHelpers: Editor autosave (incl. sublevels) for '/Game/FirstPersonBP/Maps/FirstPersonExampleMap' took 0.295
[2018.12.12-00.50.27:702][ 60]LogFileHelpers: Editor autosave (incl. sublevels) for all levels took 0.295
[2018.12.12-00.51.16:162][410]BlueprintLog: New page: Compile FirstPersonExampleMap
[2018.12.12-00.51.17:493][494]LogSavePackage: Moving '../../../../../../Git Hub/TeamSadMen/TeamSadMen/Saved/FirstPersonExampleMap0385BDF74A17C60D503D6F80CC311065.tmp' to '../../../../../../Git Hub/TeamSadMen/TeamSadMen/Content/FirstPersonBP/Maps/FirstPersonExampleMap.umap'
[2018.12.12-00.51.17:544][494]LogFileHelpers: Saving map 'FirstPersonExampleMap' took 0.420
[2018.12.12-00.51.49:875][883]LogSlate: Prevented a slow task dialog from being summoned while a context menu was open
[2018.12.12-00.52.22:663][  8]LogAssetEditorManager: Opening Asset editor for WidgetBlueprint /Game/FirstPersonBP/Maps/MainMenu.MainMenu
[2018.12.12-00.52.24:420][166]LogTemp: Repeating last play command: New Editor Window (PIE)
[2018.12.12-00.52.24:451][166]LogBlueprintUserMessages: Early PlayInEditor Detection: Level '/Game/FirstPersonBP/Maps/FirstPersonExampleMap.FirstPersonExampleMap:PersistentLevel' has LevelScriptBlueprint '/Game/FirstPersonBP/Maps/FirstPersonExampleMap.FirstPersonExampleMap:PersistentLevel.FirstPersonExampleMap' with GeneratedClass '/Game/FirstPersonBP/Maps/FirstPersonExampleMap.FirstPersonExampleMap_C' with ClassGeneratedBy '/Game/FirstPersonBP/Maps/FirstPersonExampleMap.FirstPersonExampleMap:PersistentLevel.FirstPersonExampleMap'
[2018.12.12-00.52.24:451][166]LogPlayLevel: PlayLevel: No blueprints needed recompiling
[2018.12.12-00.52.24:451][166]PIE: New page: PIE session: FirstPersonExampleMap (Dec 11, 2018, 2:52:24 PM)
[2018.12.12-00.52.24:451][166]LogPlayLevel: Creating play world package: /Game/FirstPersonBP/Maps/UEDPIE_0_FirstPersonExampleMap
[2018.12.12-00.52.24:465][166]LogPlayLevel: PIE: StaticDuplicateObject took: (0.013322s)
[2018.12.12-00.52.24:466][166]LogAIModule: Creating AISystem for world FirstPersonExampleMap
[2018.12.12-00.52.24:466][166]LogPlayLevel: PIE: World Init took: (0.001544s)
[2018.12.12-00.52.24:466][166]LogPlayLevel: PIE: Created PIE world by copying editor world from /Game/FirstPersonBP/Maps/FirstPersonExampleMap.FirstPersonExampleMap to /Game/FirstPersonBP/Maps/UEDPIE_0_FirstPersonExampleMap.FirstPersonExampleMap (0.015105s)
[2018.12.12-00.52.24:511][166]LogInit: XAudio2 using 'Speakers / Headphones (Realtek Audio)' : 2 channels at 48 kHz using 32 bits per sample (channel mask 0x3)
[2018.12.12-00.52.24:535][166]LogInit: FAudioDevice initialized.
[2018.12.12-00.52.24:544][166]LogSlate: Updating window title bar state: overlay mode, drag disabled, window buttons hidden, title bar hidden
[2018.12.12-00.52.24:617][166]LogLoad: Game class is 'FirstPersonGameMode_C'
[2018.12.12-00.52.24:620][166]LogWorld: Bringing World /Game/FirstPersonBP/Maps/UEDPIE_0_FirstPersonExampleMap.FirstPersonExampleMap up for play (max tick rate 0) at 2018.12.11-19.52.24
[2018.12.12-00.52.24:621][166]LogWorld: Bringing up level for play took: 0.002705
[2018.12.12-00.52.24:633][166]LogScript: Warning: Accessed None trying to read property OrderReceiver
	Order_Text_Blueprint_C /Game/FirstPersonBP/Maps/UEDPIE_0_FirstPersonExampleMap.FirstPersonExampleMap:PersistentLevel.Order_Text_Blueprint
	Function /Game/Tyler/Order_Text_Blueprint.Order_Text_Blueprint_C:ExecuteUbergraph_Order_Text_Blueprint:195D
[2018.12.12-00.52.24:633][166]PIE: Error: Blueprint Runtime Error: "Accessed None trying to read property OrderReceiver". Blueprint:  Order_Text_Blueprint Function:  Execute Ubergraph Order Text Blueprint Graph:  EventGraph Node:  Add New Order
[2018.12.12-00.52.24:636][166]PIE: Play in editor start time for /Game/FirstPersonBP/Maps/UEDPIE_0_FirstPersonExampleMap 0.75
[2018.12.12-00.52.24:636][166]LogBlueprintUserMessages: Late PlayInEditor Detection: Level '/Game/FirstPersonBP/Maps/FirstPersonExampleMap.FirstPersonExampleMap:PersistentLevel' has LevelScriptBlueprint '/Game/FirstPersonBP/Maps/FirstPersonExampleMap.FirstPersonExampleMap:PersistentLevel.FirstPersonExampleMap' with GeneratedClass '/Game/FirstPersonBP/Maps/FirstPersonExampleMap.FirstPersonExampleMap_C' with ClassGeneratedBy '/Game/FirstPersonBP/Maps/FirstPersonExampleMap.FirstPersonExampleMap:PersistentLevel.FirstPersonExampleMap'
[2018.12.12-00.52.26:853][404]LogNet: Browse: /Game/FirstPersonBP/Maps/PizzaPlace
[2018.12.12-00.52.26:854][404]LogLoad: LoadMap: /Game/FirstPersonBP/Maps/PizzaPlace
[2018.12.12-00.52.28:212][404]LogAIModule: Creating AISystem for world PizzaPlace
[2018.12.12-00.52.28:212][404]LogLoad: Game class is 'FirstPersonGameMode_C'
[2018.12.12-00.52.28:228][404]LogWorld: Bringing World /Game/FirstPersonBP/Maps/UEDPIE_0_PizzaPlace.PizzaPlace up for play (max tick rate 0) at 2018.12.11-19.52.28
[2018.12.12-00.52.28:228][404]LogWorld: Bringing up level for play took: 0.013943
[2018.12.12-00.52.28:229][404]LogLoad: Took 1.374461 seconds to LoadMap(/Game/FirstPersonBP/Maps/PizzaPlace)
[2018.12.12-00.52.33:639][555]LogBlueprintUserMessages: Early EndPlayMap Detection: Level '/Game/FirstPersonBP/Maps/FirstPersonExampleMap.FirstPersonExampleMap:PersistentLevel' has LevelScriptBlueprint '/Game/FirstPersonBP/Maps/FirstPersonExampleMap.FirstPersonExampleMap:PersistentLevel.FirstPersonExampleMap' with GeneratedClass '/Game/FirstPersonBP/Maps/FirstPersonExampleMap.FirstPersonExampleMap_C' with ClassGeneratedBy '/Game/FirstPersonBP/Maps/FirstPersonExampleMap.FirstPersonExampleMap:PersistentLevel.FirstPersonExampleMap'
[2018.12.12-00.52.33:639][555]LogSlate: Updating window title bar state: overlay mode, drag disabled, window buttons hidden, title bar hidden
[2018.12.12-00.52.33:662][555]LogSlate: Window 'TeamSadMen Game Preview Standalone (64-bit/PCD3D_SM5)' being destroyed
[2018.12.12-00.52.33:709][555]LogPlayLevel: Display: Shutting down PIE online subsystems
[2018.12.12-00.52.33:709][555]LogBlueprintUserMessages: Late EndPlayMap Detection: Level '/Game/FirstPersonBP/Maps/FirstPersonExampleMap.FirstPersonExampleMap:PersistentLevel' has LevelScriptBlueprint '/Game/FirstPersonBP/Maps/FirstPersonExampleMap.FirstPersonExampleMap:PersistentLevel.FirstPersonExampleMap' with GeneratedClass '/Game/FirstPersonBP/Maps/FirstPersonExampleMap.FirstPersonExampleMap_C' with ClassGeneratedBy '/Game/FirstPersonBP/Maps/FirstPersonExampleMap.FirstPersonExampleMap:PersistentLevel.FirstPersonExampleMap'
[2018.12.12-00.52.33:767][556]LogPlayLevel: Display: Destroying online subsystem :Context_22
[2018.12.12-00.52.41:277][412]LogSlate: Window 'Message Log' being destroyed
[2018.12.12-00.52.41:286][412]LogSlate: Window 'Message Log' being destroyed
[2018.12.12-00.52.57:938][794]LogSavePackage: Moving '../../../../../../Git Hub/TeamSadMen/TeamSadMen/Saved/FirstPersonExampleMap71954DE943D98E6A9C4353BAA6B85103.tmp' to '../../../../../../Git Hub/TeamSadMen/TeamSadMen/Content/FirstPersonBP/Maps/FirstPersonExampleMap.umap'
[2018.12.12-00.52.57:984][794]LogFileHelpers: Saving map 'FirstPersonExampleMap' took 0.455
[2018.12.12-00.52.58:021][794]LogSavePackage: Moving '../../../../../../Git Hub/TeamSadMen/TeamSadMen/Saved/FirstPersonGameModeA5E289E448AED0AE8093719B86DE2A06.tmp' to '../../../../../../Git Hub/TeamSadMen/TeamSadMen/Content/FirstPersonBP/Blueprints/FirstPersonGameMode.uasset'
[2018.12.12-00.53.00:127][ 14]LogTemp: Repeating last play command: New Editor Window (PIE)
[2018.12.12-00.53.00:148][ 14]LogBlueprintUserMessages: Early PlayInEditor Detection: Level '/Game/FirstPersonBP/Maps/FirstPersonExampleMap.FirstPersonExampleMap:PersistentLevel' has LevelScriptBlueprint '/Game/FirstPersonBP/Maps/FirstPersonExampleMap.FirstPersonExampleMap:PersistentLevel.FirstPersonExampleMap' with GeneratedClass '/Game/FirstPersonBP/Maps/FirstPersonExampleMap.FirstPersonExampleMap_C' with ClassGeneratedBy '/Game/FirstPersonBP/Maps/FirstPersonExampleMap.FirstPersonExampleMap:PersistentLevel.FirstPersonExampleMap'
[2018.12.12-00.53.00:148][ 14]LogPlayLevel: PlayLevel: No blueprints needed recompiling
[2018.12.12-00.53.00:148][ 14]PIE: New page: PIE session: FirstPersonExampleMap (Dec 11, 2018, 2:53:00 PM)
[2018.12.12-00.53.00:148][ 14]LogPlayLevel: Creating play world package: /Game/FirstPersonBP/Maps/UEDPIE_0_FirstPersonExampleMap
[2018.12.12-00.53.00:162][ 14]LogPlayLevel: PIE: StaticDuplicateObject took: (0.014064s)
[2018.12.12-00.53.00:163][ 14]LogAIModule: Creating AISystem for world FirstPersonExampleMap
[2018.12.12-00.53.00:163][ 14]LogPlayLevel: PIE: World Init took: (0.001003s)
[2018.12.12-00.53.00:164][ 14]LogPlayLevel: PIE: Created PIE world by copying editor world from /Game/FirstPersonBP/Maps/FirstPersonExampleMap.FirstPersonExampleMap to /Game/FirstPersonBP/Maps/UEDPIE_0_FirstPersonExampleMap.FirstPersonExampleMap (0.015241s)
[2018.12.12-00.53.00:202][ 14]LogInit: XAudio2 using 'Speakers / Headphones (Realtek Audio)' : 2 channels at 48 kHz using 32 bits per sample (channel mask 0x3)
[2018.12.12-00.53.00:226][ 14]LogInit: FAudioDevice initialized.
[2018.12.12-00.53.00:234][ 14]LogSlate: Updating window title bar state: overlay mode, drag disabled, window buttons hidden, title bar hidden
[2018.12.12-00.53.00:313][ 14]LogLoad: Game class is 'FirstPersonGameMode_C'
[2018.12.12-00.53.00:316][ 14]LogWorld: Bringing World /Game/FirstPersonBP/Maps/UEDPIE_0_FirstPersonExampleMap.FirstPersonExampleMap up for play (max tick rate 0) at 2018.12.11-19.53.00
[2018.12.12-00.53.00:317][ 14]LogWorld: Bringing up level for play took: 0.002060
[2018.12.12-00.53.00:329][ 14]LogScript: Warning: Accessed None trying to read property OrderReceiver
	Order_Text_Blueprint_C /Game/FirstPersonBP/Maps/UEDPIE_0_FirstPersonExampleMap.FirstPersonExampleMap:PersistentLevel.Order_Text_Blueprint
	Function /Game/Tyler/Order_Text_Blueprint.Order_Text_Blueprint_C:ExecuteUbergraph_Order_Text_Blueprint:195D
[2018.12.12-00.53.00:330][ 14]PIE: Error: Blueprint Runtime Error: "Accessed None trying to read property OrderReceiver". Blueprint:  Order_Text_Blueprint Function:  Execute Ubergraph Order Text Blueprint Graph:  EventGraph Node:  Add New Order
[2018.12.12-00.53.00:333][ 14]PIE: Play in editor start time for /Game/FirstPersonBP/Maps/UEDPIE_0_FirstPersonExampleMap 0.447
[2018.12.12-00.53.00:334][ 14]LogBlueprintUserMessages: Late PlayInEditor Detection: Level '/Game/FirstPersonBP/Maps/FirstPersonExampleMap.FirstPersonExampleMap:PersistentLevel' has LevelScriptBlueprint '/Game/FirstPersonBP/Maps/FirstPersonExampleMap.FirstPersonExampleMap:PersistentLevel.FirstPersonExampleMap' with GeneratedClass '/Game/FirstPersonBP/Maps/FirstPersonExampleMap.FirstPersonExampleMap_C' with ClassGeneratedBy '/Game/FirstPersonBP/Maps/FirstPersonExampleMap.FirstPersonExampleMap:PersistentLevel.FirstPersonExampleMap'
[2018.12.12-00.53.02:917][277]LogNet: Browse: /Game/FirstPersonBP/Maps/PizzaPlace
[2018.12.12-00.53.02:919][277]LogLoad: LoadMap: /Game/FirstPersonBP/Maps/PizzaPlace
[2018.12.12-00.53.03:401][277]LogAIModule: Creating AISystem for world PizzaPlace
[2018.12.12-00.53.03:401][277]LogLoad: Game class is 'FirstPersonGameMode_C'
[2018.12.12-00.53.03:413][277]LogWorld: Bringing World /Game/FirstPersonBP/Maps/UEDPIE_0_PizzaPlace.PizzaPlace up for play (max tick rate 0) at 2018.12.11-19.53.03
[2018.12.12-00.53.03:413][277]LogWorld: Bringing up level for play took: 0.011489
[2018.12.12-00.53.03:414][277]LogLoad: Took 0.495756 seconds to LoadMap(/Game/FirstPersonBP/Maps/PizzaPlace)
[2018.12.12-00.53.05:817][339]LogBlueprintUserMessages: Early EndPlayMap Detection: Level '/Game/FirstPersonBP/Maps/FirstPersonExampleMap.FirstPersonExampleMap:PersistentLevel' has LevelScriptBlueprint '/Game/FirstPersonBP/Maps/FirstPersonExampleMap.FirstPersonExampleMap:PersistentLevel.FirstPersonExampleMap' with GeneratedClass '/Game/FirstPersonBP/Maps/FirstPersonExampleMap.FirstPersonExampleMap_C' with ClassGeneratedBy '/Game/FirstPersonBP/Maps/FirstPersonExampleMap.FirstPersonExampleMap:PersistentLevel.FirstPersonExampleMap'
[2018.12.12-00.53.05:817][339]LogSlate: Updating window title bar state: overlay mode, drag disabled, window buttons hidden, title bar hidden
[2018.12.12-00.53.05:841][339]LogSlate: Window 'TeamSadMen Game Preview Standalone (64-bit/PCD3D_SM5)' being destroyed
[2018.12.12-00.53.05:895][339]LogPlayLevel: Display: Shutting down PIE online subsystems
[2018.12.12-00.53.05:895][339]LogBlueprintUserMessages: Late EndPlayMap Detection: Level '/Game/FirstPersonBP/Maps/FirstPersonExampleMap.FirstPersonExampleMap:PersistentLevel' has LevelScriptBlueprint '/Game/FirstPersonBP/Maps/FirstPersonExampleMap.FirstPersonExampleMap:PersistentLevel.FirstPersonExampleMap' with GeneratedClass '/Game/FirstPersonBP/Maps/FirstPersonExampleMap.FirstPersonExampleMap_C' with ClassGeneratedBy '/Game/FirstPersonBP/Maps/FirstPersonExampleMap.FirstPersonExampleMap:PersistentLevel.FirstPersonExampleMap'
[2018.12.12-00.53.05:957][340]LogPlayLevel: Display: Destroying online subsystem :Context_25
[2018.12.12-00.53.09:452][725]LogSlate: Window 'TeamSadMen - Unreal Editor' being destroyed
[2018.12.12-00.53.09:677][726]Cmd: QUIT_EDITOR
[2018.12.12-00.53.10:722][726]LogWindowsTextInputMethodSystem: Display: IME system now deactivated.
[2018.12.12-00.53.10:745][726]LogExit: Preparing to exit.
[2018.12.12-00.53.11:727][726]LogExit: Editor shut down
[2018.12.12-00.53.11:727][726]LogExit: Transaction tracking system shut down
[2018.12.12-00.53.12:129][726]LogExit: Object subsystem successfully closed.
[2018.12.12-00.53.12:151][726]LogShaderCompilers: Display: Shaders left to compile 0
[2018.12.12-00.53.12:154][726]LogD3D11RHI: Shutdown
[2018.12.12-00.53.12:154][726]LogD3D11RHI: CleanupD3DDevice
[2018.12.12-00.53.12:156][726]LogD3D11RHI: ~FD3D11DynamicRHI
[2018.12.12-00.53.12:180][726]LogModuleManager: Shutting down and abandoning module MovieSceneCapture (618)
[2018.12.12-00.53.12:180][726]LogModuleManager: Shutting down and abandoning module Voice (616)
[2018.12.12-00.53.12:180][726]LogModuleManager: Shutting down and abandoning module SequencerWidgets (614)
[2018.12.12-00.53.12:180][726]LogModuleManager: Shutting down and abandoning module BlueprintGraph (612)
[2018.12.12-00.53.12:180][726]LogModuleManager: Shutting down and abandoning module HierarchicalLODOutliner (610)
[2018.12.12-00.53.12:180][726]LogModuleManager: Shutting down and abandoning module SceneOutliner (608)
[2018.12.12-00.53.12:180][726]LogModuleManager: Shutting down and abandoning module AddContentDialog (606)
[2018.12.12-00.53.12:181][726]LogModuleManager: Shutting down and abandoning module WidgetCarousel (605)
[2018.12.12-00.53.12:181][726]LogModuleManager: Shutting down and abandoning module EditorWidgets (602)
[2018.12.12-00.53.12:181][726]LogModuleManager: Shutting down and abandoning module CollectionManager (600)
[2018.12.12-00.53.12:181][726]LogModuleManager: Shutting down and abandoning module StatsViewer (598)
[2018.12.12-00.53.12:181][726]LogModuleManager: Shutting down and abandoning module FoliageEdit (596)
[2018.12.12-00.53.12:181][726]LogModuleManager: Shutting down and abandoning module LandscapeEditor (594)
[2018.12.12-00.53.12:181][726]LogModuleManager: Shutting down and abandoning module MeshPaintMode (592)
[2018.12.12-00.53.12:181][726]LogModuleManager: Shutting down and abandoning module SceneDepthPickerMode (590)
[2018.12.12-00.53.12:181][726]LogModuleManager: Shutting down and abandoning module ActorPickerMode (588)
[2018.12.12-00.53.12:181][726]LogModuleManager: Shutting down and abandoning module GeometryMode (586)
[2018.12.12-00.53.12:181][726]LogModuleManager: Shutting down and abandoning module TextureAlignMode (584)
[2018.12.12-00.53.12:181][726]LogModuleManager: Shutting down and abandoning module BspMode (582)
[2018.12.12-00.53.12:181][726]LogModuleManager: Shutting down and abandoning module PIEPreviewDeviceProfileSelector (580)
[2018.12.12-00.53.12:181][726]LogModuleManager: Shutting down and abandoning module SequenceRecorderSections (578)
[2018.12.12-00.53.12:181][726]LogModuleManager: Shutting down and abandoning module AutomationWorker (576)
[2018.12.12-00.53.12:181][726]LogModuleManager: Shutting down and abandoning module AudioCaptureEditor (574)
[2018.12.12-00.53.12:181][726]LogModuleManager: Shutting down and abandoning module SequenceRecorder (573)
[2018.12.12-00.53.12:181][726]LogModuleManager: Shutting down and abandoning module MatineeToLevelSequence (570)
[2018.12.12-00.53.12:181][726]LogModuleManager: Shutting down and abandoning module LevelSequenceEditor (568)
[2018.12.12-00.53.12:182][726]LogModuleManager: Shutting down and abandoning module PlacementMode (567)
[2018.12.12-00.53.12:182][726]LogModuleManager: Shutting down and abandoning module MaterialEditor (566)
[2018.12.12-00.53.12:182][726]LogModuleManager: Shutting down and abandoning module WmfMediaFactory (562)
[2018.12.12-00.53.12:182][726]LogModuleManager: Shutting down and abandoning module WmfMediaEditor (560)
[2018.12.12-00.53.12:182][726]LogModuleManager: Shutting down and abandoning module MediaPlayerEditor (558)
[2018.12.12-00.53.12:182][726]LogModuleManager: Shutting down and abandoning module OpenExrWrapper (556)
[2018.12.12-00.53.12:182][726]LogModuleManager: Shutting down and abandoning module ImgMediaFactory (554)
[2018.12.12-00.53.12:182][726]LogModuleManager: Shutting down and abandoning module ImgMediaEditor (552)
[2018.12.12-00.53.12:182][726]LogModuleManager: Shutting down and abandoning module AvfMediaFactory (550)
[2018.12.12-00.53.12:182][726]LogModuleManager: Shutting down and abandoning module AvfMediaEditor (548)
[2018.12.12-00.53.12:182][726]LogModuleManager: Shutting down and abandoning module AndroidMediaFactory (546)
[2018.12.12-00.53.12:182][726]LogModuleManager: Shutting down and abandoning module AndroidMediaEditor (544)
[2018.12.12-00.53.12:182][726]LogModuleManager: Shutting down and abandoning module MagicLeapCameraPreviewFactory (542)
[2018.12.12-00.53.12:182][726]LogModuleManager: Shutting down and abandoning module MagicLeapMediaFactory (540)
[2018.12.12-00.53.12:182][726]LogModuleManager: Shutting down and abandoning module MagicLeapMediaEditor (538)
[2018.12.12-00.53.12:182][726]LogModuleManager: Shutting down and abandoning module CharacterAI (536)
[2018.12.12-00.53.12:182][726]LogModuleManager: Shutting down and abandoning module SmartSnapping (534)
[2018.12.12-00.53.12:182][726]LogModuleManager: Shutting down and abandoning module SessionServices (532)
[2018.12.12-00.53.12:182][726]LogModuleManager: Shutting down and abandoning module ViewportSnapping (530)
[2018.12.12-00.53.12:182][726]LogModuleManager: Shutting down and abandoning module ViewportInteraction (528)
[2018.12.12-00.53.12:182][726]LogModuleManager: Shutting down and abandoning module ClothPainter (526)
[2018.12.12-00.53.12:182][726]LogModuleManager: Shutting down and abandoning module SkeletalMeshEditor (525)
[2018.12.12-00.53.12:182][726]LogModuleManager: Shutting down and abandoning module LogVisualizer (522)
[2018.12.12-00.53.12:182][726]LogModuleManager: Shutting down and abandoning module IntroTutorials (520)
[2018.12.12-00.53.12:182][726]LogModuleManager: Shutting down and abandoning module GameProjectGeneration (519)
[2018.12.12-00.53.12:182][726]LogModuleManager: Shutting down and abandoning module LuminPlatformEditor (516)
[2018.12.12-00.53.12:182][726]LogModuleManager: Shutting down and abandoning module IOSPlatformEditor (514)
[2018.12.12-00.53.12:182][726]LogModuleManager: Shutting down and abandoning module HTML5PlatformEditor (512)
[2018.12.12-00.53.12:182][726]LogModuleManager: Shutting down and abandoning module AndroidPlatformEditor (510)
[2018.12.12-00.53.12:182][726]LogModuleManager: Shutting down and abandoning module AndroidDeviceDetection (509)
[2018.12.12-00.53.12:904][726]LogModuleManager: Shutting down and abandoning module WindowsPlatformEditor (506)
[2018.12.12-00.53.12:904][726]LogModuleManager: Shutting down and abandoning module LuminRuntimeSettings (504)
[2018.12.12-00.53.12:904][726]LogModuleManager: Shutting down and abandoning module IOSRuntimeSettings (502)
[2018.12.12-00.53.12:904][726]LogModuleManager: Shutting down and abandoning module AndroidRuntimeSettings (500)
[2018.12.12-00.53.12:904][726]LogModuleManager: Shutting down and abandoning module InputBindingEditor (498)
[2018.12.12-00.53.12:904][726]LogModuleManager: Shutting down and abandoning module MergeActors (496)
[2018.12.12-00.53.12:904][726]LogModuleManager: Shutting down and abandoning module LocalizationDashboard (494)
[2018.12.12-00.53.12:904][726]LogModuleManager: Shutting down and abandoning module LocalizationService (493)
[2018.12.12-00.53.12:904][726]LogModuleManager: Shutting down and abandoning module HardwareTargeting (490)
[2018.12.12-00.53.12:904][726]LogModuleManager: Shutting down and abandoning module DeviceProfileEditor (488)
[2018.12.12-00.53.12:904][726]LogModuleManager: Shutting down and abandoning module UndoHistory (486)
[2018.12.12-00.53.12:904][726]LogModuleManager: Shutting down and abandoning module XmlParser (484)
[2018.12.12-00.53.12:904][726]LogModuleManager: Shutting down and abandoning module Blutility (482)
[2018.12.12-00.53.12:904][726]LogModuleManager: Shutting down and abandoning module ProjectSettingsViewer (480)
[2018.12.12-00.53.12:904][726]LogModuleManager: Shutting down and abandoning module ProjectTargetPlatformEditor (479)
[2018.12.12-00.53.12:904][726]LogModuleManager: Shutting down and abandoning module EditorSettingsViewer (476)
[2018.12.12-00.53.12:904][726]LogModuleManager: Shutting down and abandoning module SettingsEditor (474)
[2018.12.12-00.53.12:904][726]LogModuleManager: Shutting down and abandoning module ProjectLauncher (472)
[2018.12.12-00.53.12:904][726]LogModuleManager: Shutting down and abandoning module SessionFrontend (470)
[2018.12.12-00.53.12:904][726]LogModuleManager: Shutting down and abandoning module ProfilerClient (468)
[2018.12.12-00.53.12:904][726]LogModuleManager: Shutting down and abandoning module DeviceManager (466)
[2018.12.12-00.53.12:904][726]LogModuleManager: Shutting down and abandoning module TargetDeviceServices (465)
[2018.12.12-00.53.12:958][726]LogModuleManager: Shutting down and abandoning module AutomationController (462)
[2018.12.12-00.53.12:958][726]LogModuleManager: Shutting down and abandoning module AutomationWindow (460)
[2018.12.12-00.53.12:958][726]LogModuleManager: Shutting down and abandoning module Layers (458)
[2018.12.12-00.53.12:958][726]LogModuleManager: Shutting down and abandoning module ComponentVisualizers (456)
[2018.12.12-00.53.12:958][726]LogModuleManager: Shutting down and abandoning module DetailCustomizations (454)
[2018.12.12-00.53.12:958][726]LogModuleManager: Shutting down and abandoning module PackagesDialog (452)
[2018.12.12-00.53.12:958][726]LogModuleManager: Shutting down and abandoning module Persona (450)
[2018.12.12-00.53.12:958][726]LogModuleManager: Shutting down and abandoning module AdvancedPreviewScene (449)
[2018.12.12-00.53.12:958][726]LogModuleManager: Shutting down and abandoning module AnimGraph (447)
[2018.12.12-00.53.12:958][726]LogModuleManager: Shutting down and abandoning module Kismet (444)
[2018.12.12-00.53.12:963][726]LogModuleManager: Shutting down and abandoning module GraphEditor (442)
[2018.12.12-00.53.12:963][726]LogModuleManager: Shutting down and abandoning module ClassViewer (440)
[2018.12.12-00.53.12:964][726]LogModuleManager: Shutting down and abandoning module Toolbox (438)
[2018.12.12-00.53.12:964][726]LogModuleManager: Shutting down and abandoning module ModuleUI (436)
[2018.12.12-00.53.12:964][726]LogModuleManager: Shutting down and abandoning module MovieSceneTools (434)
[2018.12.12-00.53.12:964][726]LogModuleManager: Shutting down and abandoning module OutputLog (432)
[2018.12.12-00.53.12:964][726]LogModuleManager: Shutting down and abandoning module GammaUI (430)
[2018.12.12-00.53.12:964][726]LogModuleManager: Shutting down and abandoning module Documentation (428)
[2018.12.12-00.53.12:964][726]LogModuleManager: Shutting down and abandoning module MovieSceneTracks (426)
[2018.12.12-00.53.12:964][726]LogModuleManager: Shutting down and abandoning module MovieScene (424)
[2018.12.12-00.53.12:964][726]LogModuleManager: Shutting down and abandoning module StreamingPauseRendering (422)
[2018.12.12-00.53.12:964][726]LogModuleManager: Shutting down and abandoning module LauncherPlatform (420)
[2018.12.12-00.53.12:965][726]LogModuleManager: Shutting down and abandoning module AnalyticsET (418)
[2018.12.12-00.53.12:965][726]LogModuleManager: Shutting down and abandoning module PortalServices (416)
[2018.12.12-00.53.12:965][726]LogModuleManager: Shutting down and abandoning module PortalRpc (414)
[2018.12.12-00.53.12:965][726]LogModuleManager: Shutting down and abandoning module MessagingRpc (412)
[2018.12.12-00.53.12:965][726]LogModuleManager: Shutting down and abandoning module AIModule (410)
[2018.12.12-00.53.12:965][726]LogModuleManager: Shutting down and abandoning module GameplayDebugger (409)
[2018.12.12-00.53.12:965][726]LogModuleManager: Shutting down and abandoning module AITestSuite (407)
[2018.12.12-00.53.12:965][726]LogModuleManager: Shutting down and abandoning module NavigationSystem (405)
[2018.12.12-00.53.12:965][726]LogModuleManager: Shutting down and abandoning module DesktopPlatform (402)
[2018.12.12-00.53.12:965][726]LogModuleManager: Shutting down and abandoning module ProfilerService (400)
[2018.12.12-00.53.13:164][726]LogModuleManager: Shutting down and abandoning module TaskGraph (398)
[2018.12.12-00.53.13:164][726]LogModuleManager: Shutting down and abandoning module SteamVRController (396)
[2018.12.12-00.53.13:164][726]LogModuleManager: Shutting down and abandoning module ProceduralMeshComponentEditor (394)
[2018.12.12-00.53.13:164][726]LogModuleManager: Shutting down and abandoning module ProceduralMeshComponent (392)
[2018.12.12-00.53.13:164][726]LogModuleManager: Shutting down and abandoning module OculusInput (390)
[2018.12.12-00.53.13:164][726]LogModuleManager: Shutting down and abandoning module MobilePatchingUtils (388)
[2018.12.12-00.53.13:164][726]LogModuleManager: Shutting down and abandoning module EditableMesh (386)
[2018.12.12-00.53.13:164][726]LogModuleManager: Shutting down and abandoning module CustomMeshComponent (384)
[2018.12.12-00.53.13:164][726]LogModuleManager: Shutting down and abandoning module CableComponent (382)
[2018.12.12-00.53.13:164][726]LogModuleManager: Shutting down and abandoning module AudioCapture (380)
[2018.12.12-00.53.13:164][726]LogModuleManager: Shutting down and abandoning module ArchVisCharacter (378)
[2018.12.12-00.53.13:164][726]LogModuleManager: Shutting down and abandoning module AndroidPermission (376)
[2018.12.12-00.53.13:164][726]LogModuleManager: Shutting down and abandoning module NUTUnrealEngine4 (374)
[2018.12.12-00.53.13:164][726]LogModuleManager: Shutting down and abandoning module NetcodeUnitTest (372)
[2018.12.12-00.53.13:164][726]LogModuleManager: Shutting down and abandoning module MediaCompositingEditor (370)
[2018.12.12-00.53.13:164][726]LogModuleManager: Shutting down and abandoning module MediaCompositing (368)
[2018.12.12-00.53.13:164][726]LogModuleManager: Shutting down and abandoning module LinearTimecode (366)
[2018.12.12-00.53.13:164][726]LogModuleManager: Shutting down and abandoning module ImgMedia (364)
[2018.12.12-00.53.13:169][726]LogModuleManager: Shutting down and abandoning module HTML5Networking (362)
[2018.12.12-00.53.13:169][726]LogModuleManager: Shutting down and abandoning module GeometryCacheTracks (360)
[2018.12.12-00.53.13:169][726]LogModuleManager: Shutting down and abandoning module GeometryCacheSequencer (358)
[2018.12.12-00.53.13:169][726]LogModuleManager: Shutting down and abandoning module BackChannel (356)
[2018.12.12-00.53.13:169][726]LogModuleManager: Shutting down and abandoning module AppleVision (354)
[2018.12.12-00.53.13:169][726]LogModuleManager: Shutting down and abandoning module AppleImageUtils (352)
[2018.12.12-00.53.13:169][726]LogModuleManager: Shutting down and abandoning module AlembicImporter (350)
[2018.12.12-00.53.13:169][726]LogModuleManager: Shutting down and abandoning module AlembicLibrary (349)
[2018.12.12-00.53.13:169][726]LogModuleManager: Shutting down and abandoning module GeometryCache (348)
[2018.12.12-00.53.13:169][726]LogModuleManager: Shutting down and abandoning module GeometryCacheEd (347)
[2018.12.12-00.53.13:169][726]LogModuleManager: Shutting down and abandoning module DatasmithContentEditor (342)
[2018.12.12-00.53.13:169][726]LogModuleManager: Shutting down and abandoning module DatasmithContent (340)
[2018.12.12-00.53.13:169][726]LogModuleManager: Shutting down and abandoning module SpeedTreeImporter (338)
[2018.12.12-00.53.13:169][726]LogModuleManager: Shutting down and abandoning module PluginBrowser (336)
[2018.12.12-00.53.13:170][726]LogModuleManager: Shutting down and abandoning module MobileLauncherProfileWizard (334)
[2018.12.12-00.53.13:170][726]LogModuleManager: Shutting down and abandoning module PolygonModeling (332)
[2018.12.12-00.53.13:170][726]LogModuleManager: Shutting down and abandoning module MeshEditor (330)
[2018.12.12-00.53.13:170][726]LogModuleManager: Shutting down and abandoning module CryptoKeysOpenSSL (328)
[2018.12.12-00.53.13:170][726]LogModuleManager: Shutting down and abandoning module CryptoKeys (326)
[2018.12.12-00.53.13:170][726]LogModuleManager: Shutting down and abandoning module VisualStudioSourceCodeAccess (324)
[2018.12.12-00.53.13:170][726]LogModuleManager: Shutting down and abandoning module VisualStudioCodeSourceCodeAccess (322)
[2018.12.12-00.53.13:170][726]LogModuleManager: Shutting down and abandoning module UObjectPlugin (320)
[2018.12.12-00.53.13:170][726]LogModuleManager: Shutting down and abandoning module SubversionSourceControl (318)
[2018.12.12-00.53.13:170][726]LogModuleManager: Shutting down and abandoning module PerforceSourceControl (316)
[2018.12.12-00.53.13:170][726]LogModuleManager: Shutting down and abandoning module GitSourceControl (314)
[2018.12.12-00.53.13:170][726]LogModuleManager: Shutting down and abandoning module SourceControl (313)
[2018.12.12-00.53.13:170][726]LogModuleManager: Shutting down and abandoning module CLionSourceCodeAccess (310)
[2018.12.12-00.53.13:170][726]LogModuleManager: Shutting down and abandoning module LightPropagationVolumeEditor (308)
[2018.12.12-00.53.13:170][726]LogModuleManager: Shutting down and abandoning module PaperTiledImporter (306)
[2018.12.12-00.53.13:170][726]LogModuleManager: Shutting down and abandoning module PaperSpriteSheetImporter (304)
[2018.12.12-00.53.13:170][726]LogModuleManager: Shutting down and abandoning module Paper2DEditor (302)
[2018.12.12-00.53.13:170][726]LogModuleManager: Shutting down and abandoning module MeshPaint (301)
[2018.12.12-00.53.13:170][726]LogModuleManager: Shutting down and abandoning module RuntimePhysXCooking (298)
[2018.12.12-00.53.13:170][726]LogModuleManager: Shutting down and abandoning module PhysXVehiclesEditor (296)
[2018.12.12-00.53.13:170][726]LogModuleManager: Shutting down and abandoning module PhysXVehicles (294)
[2018.12.12-00.53.13:170][726]LogModuleManager: Shutting down and abandoning module OculusEditor (292)
[2018.12.12-00.53.13:170][726]LogModuleManager: Shutting down and abandoning module LocationServicesBPLibrary (290)
[2018.12.12-00.53.13:171][726]LogModuleManager: Shutting down and abandoning module ImmediatePhysicsEditor (288)
[2018.12.12-00.53.13:171][726]LogModuleManager: Shutting down and abandoning module ImmediatePhysics (286)
[2018.12.12-00.53.13:171][726]LogModuleManager: Shutting down and abandoning module ActorSequence (284)
[2018.12.12-00.53.13:171][726]LogModuleManager: Shutting down and abandoning module UdpMessaging (282)
[2018.12.12-00.53.13:271][726]LogModuleManager: Shutting down and abandoning module TcpMessaging (280)
[2018.12.12-00.53.13:371][726]LogModuleManager: Shutting down and abandoning module MagicLeapAudio (278)
[2018.12.12-00.53.13:371][726]LogModuleManager: Shutting down and abandoning module GameplayTagsEditor (276)
[2018.12.12-00.53.13:371][726]LogModuleManager: Shutting down and abandoning module FacialAnimationEditor (274)
[2018.12.12-00.53.13:371][726]LogModuleManager: Shutting down and abandoning module FacialAnimation (272)
[2018.12.12-00.53.13:371][726]LogModuleManager: Shutting down and abandoning module DataValidation (270)
[2018.12.12-00.53.13:371][726]LogModuleManager: Shutting down and abandoning module AssetManagerEditor (268)
[2018.12.12-00.53.13:371][726]LogModuleManager: Shutting down and abandoning module LevelEditor (267)
[2018.12.12-00.53.13:371][726]LogModuleManager: Shutting down and abandoning module PixelInspectorModule (266)
[2018.12.12-00.53.13:371][726]LogModuleManager: Shutting down and abandoning module CommonMenuExtensions (264)
[2018.12.12-00.53.13:372][726]LogModuleManager: Shutting down and abandoning module MainFrame (262)
[2018.12.12-00.53.13:372][726]LogModuleManager: Shutting down and abandoning module HotReload (261)
[2018.12.12-00.53.13:372][726]LogModuleManager: Shutting down and abandoning module ContentBrowser (257)
[2018.12.12-00.53.13:373][726]LogModuleManager: Shutting down and abandoning module TreeMap (255)
[2018.12.12-00.53.13:373][726]LogModuleManager: Shutting down and abandoning module LightPropagationVolumeRuntime (252)
[2018.12.12-00.53.13:373][726]LogModuleManager: Shutting down and abandoning module AISupportModule (250)
[2018.12.12-00.53.13:373][726]LogModuleManager: Shutting down and abandoning module Paper2D (248)
[2018.12.12-00.53.13:373][726]LogModuleManager: Shutting down and abandoning module WindowsMoviePlayer (246)
[2018.12.12-00.53.13:373][726]LogModuleManager: Shutting down and abandoning module WmfMedia (244)
[2018.12.12-00.53.13:375][726]LogModuleManager: Shutting down and abandoning module Media (243)
[2018.12.12-00.53.13:381][726]LogModuleManager: Shutting down and abandoning module PacketHandler (240)
[2018.12.12-00.53.13:381][726]LogModuleManager: Shutting down and abandoning module ClothingSystemEditor (238)
[2018.12.12-00.53.13:381][726]LogModuleManager: Shutting down and abandoning module ClothingSystemRuntime (236)
[2018.12.12-00.53.13:381][726]LogModuleManager: Shutting down and abandoning module MediaAssets (234)
[2018.12.12-00.53.13:381][726]LogModuleManager: Shutting down and abandoning module Overlay (232)
[2018.12.12-00.53.13:381][726]LogModuleManager: Shutting down and abandoning module OverlayEditor (231)
[2018.12.12-00.53.13:381][726]LogModuleManager: Shutting down and abandoning module VREditor (228)
[2018.12.12-00.53.13:381][726]LogModuleManager: Shutting down and abandoning module StringTableEditor (226)
[2018.12.12-00.53.13:381][726]LogModuleManager: Shutting down and abandoning module GameplayTasksEditor (224)
[2018.12.12-00.53.13:381][726]LogModuleManager: Shutting down and abandoning module BehaviorTreeEditor (222)
[2018.12.12-00.53.13:381][726]LogModuleManager: Shutting down and abandoning module FunctionalTesting (220)
[2018.12.12-00.53.13:381][726]LogModuleManager: Shutting down and abandoning module CollisionAnalyzer (218)
[2018.12.12-00.53.13:381][726]LogModuleManager: Shutting down and abandoning module WorkspaceMenuStructure (217)
[2018.12.12-00.53.13:381][726]LogModuleManager: Shutting down and abandoning module UMG (214)
[2018.12.12-00.53.13:381][726]LogModuleManager: Shutting down and abandoning module UMGEditor (213)
[2018.12.12-00.53.13:381][726]LogModuleManager: Shutting down and abandoning module Sequencer (212)
[2018.12.12-00.53.13:381][726]LogModuleManager: Shutting down and abandoning module MessageLog (209)
[2018.12.12-00.53.13:381][726]LogModuleManager: Shutting down and abandoning module SlateReflector (204)
[2018.12.12-00.53.13:382][726]LogModuleManager: Shutting down and abandoning module Slate (202)
[2018.12.12-00.53.13:382][726]LogModuleManager: Shutting down and abandoning module EditorStyle (200)
[2018.12.12-00.53.13:384][726]LogModuleManager: Shutting down and abandoning module MRMesh (198)
[2018.12.12-00.53.13:384][726]LogModuleManager: Shutting down and abandoning module SourceCodeAccess (196)
[2018.12.12-00.53.13:384][726]LogModuleManager: Shutting down and abandoning module HeadMountedDisplay (194)
[2018.12.12-00.53.13:384][726]LogModuleManager: Shutting down and abandoning module XAudio2 (192)
[2018.12.12-00.53.13:384][726]LogModuleManager: Shutting down and abandoning module Networking (190)
[2018.12.12-00.53.13:384][726]LogModuleManager: Shutting down and abandoning module Core (188)
[2018.12.12-00.53.13:384][726]LogModuleManager: Shutting down and abandoning module LevelSequence (186)
[2018.12.12-00.53.13:384][726]LogModuleManager: Shutting down and abandoning module KismetCompiler (184)
[2018.12.12-00.53.13:384][726]LogModuleManager: Shutting down and abandoning module MeshUtilities (182)
[2018.12.12-00.53.13:384][726]LogModuleManager: Shutting down and abandoning module MeshMergeUtilities (181)
[2018.12.12-00.53.13:384][726]LogModuleManager: Shutting down and abandoning module MeshReductionInterface (180)
[2018.12.12-00.53.13:384][726]LogModuleManager: Shutting down and abandoning module SimplygonSwarm (179)
[2018.12.12-00.53.13:384][726]LogModuleManager: Shutting down and abandoning module ProxyLODMeshReduction (177)
[2018.12.12-00.53.13:384][726]LogModuleManager: Shutting down and abandoning module SimplygonMeshReduction (175)
[2018.12.12-00.53.13:384][726]LogModuleManager: Shutting down and abandoning module QuadricMeshReduction (173)
[2018.12.12-00.53.13:384][726]LogModuleManager: Shutting down and abandoning module MaterialBaking (169)
[2018.12.12-00.53.13:384][726]LogModuleManager: Shutting down and abandoning module DirectoryWatcher (165)
[2018.12.12-00.53.13:384][726]LogModuleManager: Shutting down and abandoning module DerivedDataCache (162)
[2018.12.12-00.53.13:474][726]LogDerivedDataCache: Shutdown
[2018.12.12-00.53.13:474][726]LogModuleManager: Shutting down and abandoning module XGEController (160)
[2018.12.12-00.53.13:474][726]LogXGEController: Cleaning working directory: C:/Users/kubok/AppData/Local/Temp/UnrealXGEWorkingDir/
[2018.12.12-00.53.13:474][726]LogModuleManager: Shutting down and abandoning module TargetPlatform (158)
[2018.12.12-00.53.13:474][726]LogModuleManager: Shutting down and abandoning module VulkanShaderFormat (157)
[2018.12.12-00.53.13:474][726]LogModuleManager: Shutting down and abandoning module ShaderFormatVectorVM (155)
[2018.12.12-00.53.13:475][726]LogModuleManager: Shutting down and abandoning module ShaderFormatOpenGL (153)
[2018.12.12-00.53.13:475][726]LogModuleManager: Shutting down and abandoning module ShaderFormatD3D (151)
[2018.12.12-00.53.13:475][726]LogModuleManager: Shutting down and abandoning module MetalShaderFormat (149)
[2018.12.12-00.53.13:475][726]LogModuleManager: Shutting down and abandoning module TextureFormatUncompressed (147)
[2018.12.12-00.53.13:475][726]LogModuleManager: Shutting down and abandoning module TextureFormatPVR (145)
[2018.12.12-00.53.13:475][726]LogModuleManager: Shutting down and abandoning module TextureFormatDXT (143)
[2018.12.12-00.53.13:475][726]LogModuleManager: Shutting down and abandoning module TextureFormatIntelISPCTexComp (141)
[2018.12.12-00.53.13:475][726]LogModuleManager: Shutting down and abandoning module TextureFormatASTC (139)
[2018.12.12-00.53.13:475][726]LogModuleManager: Shutting down and abandoning module ImageWrapper (138)
[2018.12.12-00.53.13:475][726]LogModuleManager: Shutting down and abandoning module TextureFormatAndroid (135)
[2018.12.12-00.53.13:475][726]LogModuleManager: Shutting down and abandoning module AudioFormatOpus (133)
[2018.12.12-00.53.13:475][726]LogModuleManager: Shutting down and abandoning module AudioFormatOgg (131)
[2018.12.12-00.53.13:475][726]LogModuleManager: Shutting down and abandoning module AudioFormatADPCM (129)
[2018.12.12-00.53.13:475][726]LogModuleManager: Shutting down and abandoning module LuminTargetPlatform (127)
[2018.12.12-00.53.13:475][726]LogModuleManager: Shutting down and abandoning module LinuxTargetPlatform (125)
[2018.12.12-00.53.13:475][726]LogModuleManager: Shutting down and abandoning module LinuxServerTargetPlatform (123)
[2018.12.12-00.53.13:475][726]LogModuleManager: Shutting down and abandoning module LinuxNoEditorTargetPlatform (121)
[2018.12.12-00.53.13:475][726]LogModuleManager: Shutting down and abandoning module LinuxClientTargetPlatform (119)
[2018.12.12-00.53.13:475][726]LogModuleManager: Shutting down and abandoning module TVOSTargetPlatform (117)
[2018.12.12-00.53.13:476][726]LogModuleManager: Shutting down and abandoning module Messaging (115)
[2018.12.12-00.53.13:476][726]LogModuleManager: Shutting down and abandoning module IOSTargetPlatform (113)
[2018.12.12-00.53.13:476][726]LogModuleManager: Shutting down and abandoning module HTML5TargetPlatform (111)
[2018.12.12-00.53.13:476][726]LogModuleManager: Shutting down and abandoning module AndroidTargetPlatform (109)
[2018.12.12-00.53.13:482][726]LogModuleManager: Shutting down and abandoning module WindowsTargetPlatform (107)
[2018.12.12-00.53.13:482][726]LogModuleManager: Shutting down and abandoning module WindowsServerTargetPlatform (105)
[2018.12.12-00.53.13:482][726]LogModuleManager: Shutting down and abandoning module WindowsNoEditorTargetPlatform (103)
[2018.12.12-00.53.13:482][726]LogModuleManager: Shutting down and abandoning module WindowsClientTargetPlatform (101)
[2018.12.12-00.53.13:482][726]LogModuleManager: Shutting down and abandoning module MacTargetPlatform (99)
[2018.12.12-00.53.13:482][726]LogModuleManager: Shutting down and abandoning module MacServerTargetPlatform (97)
[2018.12.12-00.53.13:482][726]LogModuleManager: Shutting down and abandoning module MacNoEditorTargetPlatform (95)
[2018.12.12-00.53.13:482][726]LogModuleManager: Shutting down and abandoning module MacClientTargetPlatform (93)
[2018.12.12-00.53.13:482][726]LogModuleManager: Shutting down and abandoning module AllDesktopTargetPlatform (91)
[2018.12.12-00.53.13:482][726]LogModuleManager: Shutting down and abandoning module InputCore (88)
[2018.12.12-00.53.13:482][726]LogModuleManager: Shutting down and abandoning module Settings (86)
[2018.12.12-00.53.13:482][726]LogModuleManager: Shutting down and abandoning module PhysXCooking (84)
[2018.12.12-00.53.13:482][726]LogModuleManager: Shutting down and abandoning module SteamVR (82)
[2018.12.12-00.53.13:482][726]LogModuleManager: Shutting down and abandoning module OculusHMD (80)
[2018.12.12-00.53.13:482][726]LogModuleManager: Shutting down and abandoning module ExampleDeviceProfileSelector (78)
[2018.12.12-00.53.13:482][726]LogModuleManager: Shutting down and abandoning module LauncherChunkInstaller (76)
[2018.12.12-00.53.13:482][726]LogModuleManager: Shutting down and abandoning module OnlineBlueprintSupport (74)
[2018.12.12-00.53.13:482][726]LogModuleManager: Shutting down and abandoning module OnlineSubsystem (70)
[2018.12.12-00.53.13:483][726]LogModuleManager: Shutting down and abandoning module XMPP (65)
[2018.12.12-00.53.13:483][726]LogModuleManager: Shutting down and abandoning module WebSockets (64)
[2018.12.12-00.53.13:499][726]LogModuleManager: Shutting down and abandoning module HTTP (61)
[2018.12.12-00.53.13:499][726]LogHttp: Display: Http module shutting down, but needs to wait on 1 outstanding Http requests:
[2018.12.12-00.53.13:499][726]LogHttp: Display: 	verb=[POST] url=[https://datarouter.ol.epicgames.com/datarouter/api/v1/public/data?SessionID=%7BF11377BE-4419-0DD7-A19F-4CA14D8357C2%7D&AppID=UEEditor.Rocket.Release&AppVersion=4.20.3-4369336%2B%2B%2BUE4%2BRelease-4.20&UserID=324ec0084dbef8438fffe5b8f7c64b97%7C0403635c1a57492d91b01d30c7d284ff%7C08e5cffc-2cd6-4bf4-a1a1-356897907582&AppEnvironment=datacollector-binary&UploadType=eteventstream] status=Processing
[2018.12.12-00.53.13:532][726]LogModuleManager: Shutting down and abandoning module SSL (60)
[2018.12.12-00.53.13:533][726]LogModuleManager: Shutting down and abandoning module MagicLeapEmulator (56)
[2018.12.12-00.53.13:533][726]LogModuleManager: Shutting down and abandoning module MagicLeapPrivileges (54)
[2018.12.12-00.53.13:533][726]LogModuleManager: Shutting down and abandoning module MagicLeapIdentity (52)
[2018.12.12-00.53.13:533][726]LogModuleManager: Shutting down and abandoning module MagicLeapHelperVulkan (50)
[2018.12.12-00.53.13:533][726]LogModuleManager: Shutting down and abandoning module MagicLeapHelperOpenGL (48)
[2018.12.12-00.53.13:533][726]LogModuleManager: Shutting down and abandoning module MagicLeapSecureStorage (46)
[2018.12.12-00.53.13:533][726]LogModuleManager: Shutting down and abandoning module MagicLeapGestures (44)
[2018.12.12-00.53.13:533][726]LogModuleManager: Shutting down and abandoning module MagicLeapEyeTracker (42)
[2018.12.12-00.53.13:533][726]LogModuleManager: Shutting down and abandoning module MagicLeapController (40)
[2018.12.12-00.53.13:533][726]LogSlate: Slate User Destroyed.  User Index 0, Is Virtual User: 0
[2018.12.12-00.53.13:533][726]LogModuleManager: Shutting down and abandoning module MagicLeap (38)
[2018.12.12-00.53.13:533][726]LogModuleManager: Shutting down and abandoning module AnimationModifiers (36)
[2018.12.12-00.53.13:533][726]LogModuleManager: Shutting down and abandoning module PropertyEditor (35)
[2018.12.12-00.53.13:533][726]LogModuleManager: Shutting down and abandoning module AudioEditor (32)
[2018.12.12-00.53.13:533][726]LogModuleManager: Shutting down and abandoning module TextureCompressor (30)
[2018.12.12-00.53.13:534][726]LogModuleManager: Shutting down and abandoning module ShaderCore (28)
[2018.12.12-00.53.13:534][726]LogModuleManager: Shutting down and abandoning module Landscape (26)
[2018.12.12-00.53.13:534][726]LogModuleManager: Shutting down and abandoning module SlateRHIRenderer (24)
[2018.12.12-00.53.13:534][726]LogModuleManager: Shutting down and abandoning module OpenGLDrv (22)
[2018.12.12-00.53.13:534][726]LogModuleManager: Shutting down and abandoning module D3D11RHI (20)
[2018.12.12-00.53.13:534][726]LogModuleManager: Shutting down and abandoning module AnimGraphRuntime (18)
[2018.12.12-00.53.13:534][726]LogModuleManager: Shutting down and abandoning module Renderer (16)
[2018.12.12-00.53.13:534][726]LogModuleManager: Shutting down and abandoning module Engine (14)
[2018.12.12-00.53.13:534][726]LogModuleManager: Shutting down and abandoning module CoreUObject (12)
[2018.12.12-00.53.13:534][726]LogModuleManager: Shutting down and abandoning module NetworkFile (10)
[2018.12.12-00.53.13:534][726]LogModuleManager: Shutting down and abandoning module CookedIterativeFile (8)
[2018.12.12-00.53.13:534][726]LogModuleManager: Shutting down and abandoning module StreamingFile (6)
[2018.12.12-00.53.13:534][726]LogModuleManager: Shutting down and abandoning module SandboxFile (4)
[2018.12.12-00.53.13:535][726]LogModuleManager: Shutting down and abandoning module PakFile (2)
[2018.12.12-00.53.13:543][726]LogExit: Exiting.
[2018.12.12-00.53.13:571][726]Log file closed, 12/11/18 19:53:13
