Log file open, 12/05/18 01:50:26
LogWindows: Failed to load 'aqProf.dll' (GetLastError=126)
LogWindows: File 'aqProf.dll' does not exist
LogWindows: Failed to load 'VtuneApi.dll' (GetLastError=126)
LogWindows: File 'VtuneApi.dll' does not exist
LogWindows: Failed to load 'VtuneApi32e.dll' (GetLastError=126)
LogWindows: File 'VtuneApi32e.dll' does not exist
LogInit: Display: Running engine for game: TeamSadMen
LogPlatformFile: Not using cached read wrapper
LogTaskGraph: Started task graph with 5 named threads and 23 total threads with 3 sets of task threads.
LogStats: Stats thread started at 0.375528
LogD3D11RHI: Loaded GFSDK_Aftermath_Lib.x64.dll
LogICUInternationalization: Display: ICU TimeZone Detection - Raw Offset: -5:00, Platform Override: ''
LogPluginManager: Mounting plugin Paper2D
LogPluginManager: Mounting plugin AISupport
LogPluginManager: Mounting plugin LightPropagationVolume
LogPluginManager: Mounting plugin CLionSourceCodeAccess
LogPluginManager: Mounting plugin CodeLiteSourceCodeAccess
LogPluginManager: Mounting plugin GitSourceControl
LogPluginManager: Mounting plugin KDevelopSourceCodeAccess
LogPluginManager: Mounting plugin NullSourceCodeAccess
LogPluginManager: Mounting plugin PerforceSourceControl
LogPluginManager: Mounting plugin SubversionSourceControl
LogPluginManager: Mounting plugin UObjectPlugin
LogPluginManager: Mounting plugin VisualStudioCodeSourceCodeAccess
LogPluginManager: Mounting plugin VisualStudioSourceCodeAccess
LogPluginManager: Mounting plugin XCodeSourceCodeAccess
LogPluginManager: Mounting plugin AssetManagerEditor
LogPluginManager: Mounting plugin CryptoKeys
LogPluginManager: Mounting plugin DataValidation
LogPluginManager: Mounting plugin FacialAnimation
LogPluginManager: Mounting plugin GameplayTagsEditor
LogPluginManager: Mounting plugin MacGraphicsSwitching
LogPluginManager: Mounting plugin MeshEditor
LogPluginManager: Mounting plugin MobileLauncherProfileWizard
LogPluginManager: Mounting plugin PluginBrowser
LogPluginManager: Mounting plugin SpeedTreeImporter
LogPluginManager: Mounting plugin DatasmithContent
LogPluginManager: Mounting plugin AlembicImporter
LogPluginManager: Mounting plugin AppleImageUtils
LogPluginManager: Mounting plugin AppleVision
LogPluginManager: Mounting plugin BackChannel
LogPluginManager: Mounting plugin CharacterAI
LogPluginManager: Mounting plugin GeometryCache
LogPluginManager: Mounting plugin HTML5Networking
LogPluginManager: Mounting plugin ProxyLODPlugin
LogPluginManager: Mounting plugin MagicLeap
LogPluginManager: Mounting plugin MagicLeapEmulator
LogPluginManager: Mounting plugin MagicLeapMedia
LogPluginManager: Mounting plugin AndroidMedia
LogPluginManager: Mounting plugin AvfMedia
LogPluginManager: Mounting plugin ImgMedia
LogPluginManager: Mounting plugin LinearTimecode
LogPluginManager: Mounting plugin MediaCompositing
LogPluginManager: Mounting plugin MediaPlayerEditor
LogPluginManager: Mounting plugin WmfMedia
LogPluginManager: Mounting plugin TcpMessaging
LogPluginManager: Mounting plugin UdpMessaging
LogPluginManager: Mounting plugin ActorSequence
LogPluginManager: Mounting plugin LevelSequenceEditor
LogPluginManager: Mounting plugin MatineeToLevelSequence
LogPluginManager: Mounting plugin NetcodeUnitTest
LogPluginManager: Mounting plugin NUTUnrealEngine4
LogPluginManager: Mounting plugin OnlineSubsystemGooglePlay
LogPluginManager: Mounting plugin OnlineSubsystemIOS
LogPluginManager: Mounting plugin OnlineSubsystem
LogPluginManager: Mounting plugin OnlineSubsystemNull
LogPluginManager: Mounting plugin OnlineSubsystemUtils
LogPluginManager: Mounting plugin LauncherChunkInstaller
LogPluginManager: Mounting plugin AndroidDeviceProfileSelector
LogPluginManager: Mounting plugin AndroidMoviePlayer
LogPluginManager: Mounting plugin AndroidPermission
LogPluginManager: Mounting plugin AppleMoviePlayer
LogPluginManager: Mounting plugin ArchVisCharacter
LogPluginManager: Mounting plugin AudioCapture
LogPluginManager: Mounting plugin CableComponent
LogPluginManager: Mounting plugin CustomMeshComponent
LogPluginManager: Mounting plugin EditableMesh
LogPluginManager: Mounting plugin ExampleDeviceProfileSelector
LogPluginManager: Mounting plugin GoogleCloudMessaging
LogPluginManager: Mounting plugin ImmediatePhysics
LogPluginManager: Mounting plugin IOSDeviceProfileSelector
LogPluginManager: Mounting plugin LinuxDeviceProfileSelector
LogPluginManager: Mounting plugin LocationServicesBPLibrary
LogPluginManager: Mounting plugin MobilePatchingUtils
LogPluginManager: Mounting plugin OculusVR
LogPluginManager: Plugin shader directory ../../../Engine/Plugins/Runtime/Oculus/OculusVR/Shaders found
LogPluginManager: Mapping shader source directory ../../../Engine/Plugins/Runtime/Oculus/OculusVR/Shaders to virtual directory /Plugin/OculusVR
LogPluginManager: Mounting plugin PhysXVehicles
LogPluginManager: Mounting plugin ProceduralMeshComponent
LogPluginManager: Mounting plugin RuntimePhysXCooking
LogPluginManager: Mounting plugin SteamVR
LogPluginManager: Mounting plugin WindowsMoviePlayer
LogStreaming: Display: Took  0.176s to configure plugins.
LogInit: Using libcurl 7.55.1-DEV
LogInit:  - built for x86_64-pc-win32
LogInit:  - supports SSL with OpenSSL/1.0.2h
LogInit:  - supports HTTP deflate (compression) using libz 1.2.8
LogInit:  - other features:
LogInit:      CURL_VERSION_SSL
LogInit:      CURL_VERSION_LIBZ
LogInit:      CURL_VERSION_IPV6
LogInit:      CURL_VERSION_ASYNCHDNS
LogInit:      CURL_VERSION_LARGEFILE
LogInit:      CURL_VERSION_IDN
LogInit:  CurlRequestOptions (configurable via config and command line):
LogInit:  - bVerifyPeer = false  - Libcurl will NOT verify peer certificate
LogInit:  - bUseHttpProxy = false  - Libcurl will NOT use HTTP proxy
LogInit:  - bDontReuseConnections = false  - Libcurl will reuse connections
LogInit:  - CertBundlePath = nullptr  - Libcurl will use whatever was configured at build time.
LogInit:  - MaxHostConnections = 16  - Libcurl will limit the number of connections to a host
LogInit:  - LocalHostAddr = Default
LogInit:  - BufferSize = 65536
LogInit: WinSock: version 1.1 (2.2), MaxSocks=32767, MaxUdp=65467
LogInit: Build: ++UE4+Release-4.20-CL-4369336
LogInit: Engine Version: 4.20.3-4369336+++UE4+Release-4.20
LogInit: Compatible Engine Version: 4.20.0-4212847+++UE4+Release-4.20
LogInit: Net CL: 4212847
LogInit: OS: Windows 10 (), CPU: Intel(R) Core(TM) i7-6700HQ CPU @ 2.60GHz, GPU: Intel(R) HD Graphics 530
LogInit: Compiled (64-bit): Sep 17 2018 12:26:19
LogInit: Compiled with Visual C++: 19.13.26129.00
LogInit: Build Configuration: Development
LogInit: Branch Name: ++UE4+Release-4.20
LogInit: Command Line:  
LogInit: Base Directory: C:/Program Files/Epic Games/UE_4.20/Engine/Binaries/Win64/
LogInit: Installed Engine Build: 1
LogDevObjectVersion: Number of dev versions registered: 20
LogDevObjectVersion:   Dev-Blueprints (B0D832E4-1F89-4F0D-ACCF-7EB736FD4AA2): 10
LogDevObjectVersion:   Dev-Build (E1C64328-A22C-4D53-A36C-8E866417BD8C): 0
LogDevObjectVersion:   Dev-Core (375EC13C-06E4-48FB-B500-84F0262A717E): 2
LogDevObjectVersion:   Dev-Editor (E4B068ED-F494-42E9-A231-DA0B2E46BB41): 24
LogDevObjectVersion:   Dev-Framework (CFFC743F-43B0-4480-9391-14DF171D2073): 34
LogDevObjectVersion:   Dev-Mobile (B02B49B5-BB20-44E9-A304-32B752E40360): 2
LogDevObjectVersion:   Dev-Networking (A4E4105C-59A1-49B5-A7C5-40C4547EDFEE): 0
LogDevObjectVersion:   Dev-Online (39C831C9-5AE6-47DC-9A44-9C173E1C8E7C): 0
LogDevObjectVersion:   Dev-Physics (78F01B33-EBEA-4F98-B9B4-84EACCB95AA2): 0
LogDevObjectVersion:   Dev-Platform (6631380F-2D4D-43E0-8009-CF276956A95A): 0
LogDevObjectVersion:   Dev-Rendering (12F88B9F-8875-4AFC-A67C-D90C383ABD29): 26
LogDevObjectVersion:   Dev-Sequencer (7B5AE74C-D270-4C10-A958-57980B212A5A): 9
LogDevObjectVersion:   Dev-VR (D7296918-1DD6-4BDD-9DE2-64A83CC13884): 2
LogDevObjectVersion:   Dev-LoadTimes (C2A15278-BFE7-4AFE-6C17-90FF531DF755): 1
LogDevObjectVersion:   Private-Geometry (6EACA3D4-40EC-4CC1-B786-8BED09428FC5): 3
LogDevObjectVersion:   Dev-AnimPhys (29E575DD-E0A3-4627-9D10-D276232CDCEA): 17
LogDevObjectVersion:   Dev-ReflectionCapture (6B266CEC-1EC7-4B8F-A30B-E4D90942FC07): 1
LogDevObjectVersion:   Dev-Automation (0DF73D61-A23F-47EA-B727-89E90C41499A): 1
LogDevObjectVersion:   FortniteMain (601D1886-AC64-4F84-AA16-D3DE0DEAC7D6): 12
LogDevObjectVersion:   Dev-Enterprise (9DFFBCD6-494F-0158-E221-12823C92A888): 1
LogStreaming: Display: Took  0.001s to delete old logs.
LogInit: Presizing for max 8388607 objects, including 0 objects not considered by GC, pre-allocating 0 bytes for permanent pool.
LogInit: Object subsystem initialized
[2018.12.05-06.50.27:782][  0]LogInit: Selected Device Profile: [Windows]
[2018.12.05-06.50.27:782][  0]LogInit: Applying CVar settings loaded from the selected device profile: [Windows]
[2018.12.05-06.50.27:821][  0]LogHAL: Display: Platform has ~ 16 GB [16964771840 / 17179869184 / 16], which maps to Larger [LargestMinGB=32, LargerMinGB=12, DefaultMinGB=8, SmallerMinGB=6, SmallestMinGB=0)
[2018.12.05-06.50.27:821][  0]LogInit: Setting Device Profile CVar: [[r.Vulkan.UseRealUBs:1]]
[2018.12.05-06.50.27:821][  0]LogInit: Going up to parent DeviceProfile []
[2018.12.05-06.50.27:830][  0]LogInit: Computer: DESKTOP-HIBAT0Q
[2018.12.05-06.50.27:830][  0]LogInit: User: kubok
[2018.12.05-06.50.27:830][  0]LogInit: CPU Page size=4096, Cores=4
[2018.12.05-06.50.27:830][  0]LogInit: High frequency timer resolution =2.531255 MHz
[2018.12.05-06.50.27:831][  0]LogMemory: Memory total: Physical=15.8GB (16GB approx)
[2018.12.05-06.50.27:831][  0]LogMemory: Platform Memory Stats for Windows
[2018.12.05-06.50.27:831][  0]LogMemory: Process Physical Memory: 99.94 MB used, 99.94 MB peak
[2018.12.05-06.50.27:831][  0]LogMemory: Process Virtual Memory: 91.14 MB used, 91.14 MB peak
[2018.12.05-06.50.27:831][  0]LogMemory: Physical Memory: 7002.72 MB used,  9176.14 MB free, 16178.87 MB total
[2018.12.05-06.50.27:831][  0]LogMemory: Virtual Memory: 4640.40 MB used,  9176.14 MB free, 134217728.00 MB total
[2018.12.05-06.50.28:084][  0]LogInit: Using OS detected language (en-US).
[2018.12.05-06.50.28:084][  0]LogInit: Using OS detected locale (en-US).
[2018.12.05-06.50.28:086][  0]LogTextLocalizationManager: No specific localization for 'en-US' exists, so the 'en' localization will be used.
[2018.12.05-06.50.28:683][  0]LogStreaming: Display: Took  0.600s to InitEngineTextLocalization.
[2018.12.05-06.50.28:684][  0]LogInit: Setting process to per monitor DPI aware
[2018.12.05-06.50.28:795][  0]LogSlate: New Slate User Created.  User Index 0, Is Virtual User: 0
[2018.12.05-06.50.28:795][  0]LogSlate: Slate User Registered.  User Index 0, Is Virtual User: 0
[2018.12.05-06.50.33:065][  0]LogHMD: Failed to initialize OpenVR with code 110
[2018.12.05-06.50.33:065][  0]LogD3D11RHI: D3D11 adapters:
[2018.12.05-06.50.33:166][  0]LogD3D11RHI:    0. 'NVIDIA GeForce GTX 960M' (Feature Level 11_0)
[2018.12.05-06.50.33:166][  0]LogD3D11RHI:       2010/0/8089 MB DedicatedVideo/DedicatedSystem/SharedSystem, Outputs:1, VendorId:0x10de
[2018.12.05-06.50.33:177][  0]LogD3D11RHI:    1. 'Intel(R) HD Graphics 530' (Feature Level 11_0)
[2018.12.05-06.50.33:177][  0]LogD3D11RHI:       128/0/8089 MB DedicatedVideo/DedicatedSystem/SharedSystem, Outputs:0, VendorId:0x8086
[2018.12.05-06.50.33:179][  0]LogD3D11RHI:    2. 'Microsoft Basic Render Driver' (Feature Level 11_0)
[2018.12.05-06.50.33:179][  0]LogD3D11RHI:       0/0/8089 MB DedicatedVideo/DedicatedSystem/SharedSystem, Outputs:0, VendorId:0x1414
[2018.12.05-06.50.33:179][  0]LogD3D11RHI: Chosen D3D11 Adapter: 0
[2018.12.05-06.50.33:226][  0]LogD3D11RHI: Creating new Direct3DDevice
[2018.12.05-06.50.33:226][  0]LogD3D11RHI:     GPU DeviceId: 0x139b (for the marketing name, search the web for "GPU Device Id")
[2018.12.05-06.50.33:226][  0]LogWindows: EnumDisplayDevices:
[2018.12.05-06.50.33:226][  0]LogWindows:    0. 'Intel(R) HD Graphics 530' (P:1 D:1)
[2018.12.05-06.50.33:227][  0]LogWindows:    1. 'Intel(R) HD Graphics 530' (P:0 D:0)
[2018.12.05-06.50.33:227][  0]LogWindows:    2. 'Intel(R) HD Graphics 530' (P:0 D:0)
[2018.12.05-06.50.33:227][  0]LogWindows: DebugString: PrimaryIsNotTheChoosenAdapter PrimaryIsNotTheChoosenAdapter PrimaryIsNotTheChoosenAdapter FoundDriverCount:0 
[2018.12.05-06.50.33:227][  0]LogD3D11RHI:     Adapter Name: NVIDIA GeForce GTX 960M
[2018.12.05-06.50.33:227][  0]LogD3D11RHI:   Driver Version: Unknown (internal:Unknown, unified:Unknown)
[2018.12.05-06.50.33:227][  0]LogD3D11RHI:      Driver Date: Unknown
[2018.12.05-06.50.33:227][  0]LogRHI: Texture pool is 1407 MB (70% of 2010 MB)
[2018.12.05-06.50.33:284][  0]LogD3D11RHI: Async texture creation enabled
[2018.12.05-06.50.33:329][  0]LogD3D11RHI: GPU Timing Frequency: 1000.000000 (Debug: 2 2)
[2018.12.05-06.50.33:330][  0]LogShaderCompilers: Guid format shader working directory is -1 characters bigger than the processId version (../../../../../../Git Hub/TeamSadMen/TeamSadMen/Intermediate/Shaders/WorkingDirectory/3916/).
[2018.12.05-06.50.33:330][  0]LogShaderCompilers: Cleaned the shader compiler working directory 'C:/Users/kubok/AppData/Local/Temp/UnrealShaderWorkingDir/1A581A99480E15469E69FE9D6D13B56E/'.
[2018.12.05-06.50.33:729][  0]LogTemp: Display: Loaded TP AllDesktopTargetPlatform
[2018.12.05-06.50.33:746][  0]LogTemp: Display: Loaded TP MacClientTargetPlatform
[2018.12.05-06.50.33:763][  0]LogTemp: Display: Loaded TP MacNoEditorTargetPlatform
[2018.12.05-06.50.33:780][  0]LogTemp: Display: Loaded TP MacServerTargetPlatform
[2018.12.05-06.50.33:806][  0]LogTemp: Display: Loaded TP MacTargetPlatform
[2018.12.05-06.50.33:823][  0]LogTemp: Display: Loaded TP WindowsClientTargetPlatform
[2018.12.05-06.50.33:840][  0]LogTemp: Display: Loaded TP WindowsNoEditorTargetPlatform
[2018.12.05-06.50.33:858][  0]LogTemp: Display: Loaded TP WindowsServerTargetPlatform
[2018.12.05-06.50.33:866][  0]LogTemp: Display: Loaded TP WindowsTargetPlatform
[2018.12.05-06.50.33:975][  0]LogTemp: Display: Loaded TP AndroidTargetPlatform
[2018.12.05-06.50.33:976][  0]LogTemp: Display: Loaded TP AndroidTargetPlatform
[2018.12.05-06.50.33:976][  0]LogTemp: Display: Loaded TP AndroidTargetPlatform
[2018.12.05-06.50.33:976][  0]LogTemp: Display: Loaded TP AndroidTargetPlatform
[2018.12.05-06.50.33:976][  0]LogTemp: Display: Loaded TP AndroidTargetPlatform
[2018.12.05-06.50.33:976][  0]LogTemp: Display: Loaded TP AndroidTargetPlatform
[2018.12.05-06.50.33:976][  0]LogTemp: Display: Loaded TP AndroidTargetPlatform
[2018.12.05-06.50.33:976][  0]LogTemp: Display: Loaded TP AndroidTargetPlatform
[2018.12.05-06.50.33:976][  0]LogTemp: Display: Loaded TP AndroidTargetPlatform
[2018.12.05-06.50.33:976][  0]LogTemp: Display: Loaded TP AndroidTargetPlatform
[2018.12.05-06.50.33:976][  0]LogTemp: Display: Loaded TP AndroidTargetPlatform
[2018.12.05-06.50.33:976][  0]LogTemp: Display: Loaded TP AndroidTargetPlatform
[2018.12.05-06.50.33:976][  0]LogTemp: Display: Loaded TP AndroidTargetPlatform
[2018.12.05-06.50.33:976][  0]LogTemp: Display: Loaded TP AndroidTargetPlatform
[2018.12.05-06.50.33:976][  0]LogTemp: Display: Loaded TP AndroidTargetPlatform
[2018.12.05-06.50.33:976][  0]LogTemp: Display: Loaded TP AndroidTargetPlatform
[2018.12.05-06.50.33:976][  0]LogTemp: Display: Loaded TP AndroidTargetPlatform
[2018.12.05-06.50.33:976][  0]LogTemp: Display: Loaded TP AndroidTargetPlatform
[2018.12.05-06.50.33:977][  0]LogTemp: Display: Loaded TP HTML5TargetPlatform
[2018.12.05-06.50.34:059][  0]LogTemp: Display: Loaded TP IOSTargetPlatform
[2018.12.05-06.50.34:059][  0]LogTemp: Display: Loaded TP IOSTargetPlatform
[2018.12.05-06.50.34:090][  0]LogTemp: Display: Loaded TP TVOSTargetPlatform
[2018.12.05-06.50.34:090][  0]LogTemp: Display: Loaded TP TVOSTargetPlatform
[2018.12.05-06.50.34:106][  0]LogTemp: Display: Loaded TP LinuxClientTargetPlatform
[2018.12.05-06.50.34:122][  0]LogTemp: Display: Loaded TP LinuxNoEditorTargetPlatform
[2018.12.05-06.50.34:139][  0]LogTemp: Display: Loaded TP LinuxServerTargetPlatform
[2018.12.05-06.50.34:169][  0]LogTemp: Display: Loaded TP LinuxTargetPlatform
[2018.12.05-06.50.34:180][  0]LogTemp: Display: Loaded TP LuminTargetPlatform
[2018.12.05-06.50.34:181][  0]LogTargetPlatformManager: Display: Building Assets For Windows
[2018.12.05-06.50.34:300][  0]LogXGEController: Cleaning working directory: C:/Users/kubok/AppData/Local/Temp/UnrealXGEWorkingDir/
[2018.12.05-06.50.34:300][  0]LogXGEController: Cannot use XGE Controller as Incredibuild is not installed on this machine.
[2018.12.05-06.50.34:300][  0]LogShaderCompilers: Cannot use XGE Shader Compiler as Incredibuild is not installed on this machine.
[2018.12.05-06.50.34:300][  0]LogShaderCompilers: Display: Using Local Shader Compiler.
[2018.12.05-06.50.37:130][  0]LogDerivedDataCache: Display: Max Cache Size: 512 MB
[2018.12.05-06.50.37:196][  0]LogDerivedDataCache: Loaded boot cache 0.07s 71MB C:/Users/kubok/AppData/Local/UnrealEngine/4.20/DerivedDataCache/Boot.ddc.
[2018.12.05-06.50.37:196][  0]LogDerivedDataCache: Display: Loaded Boot cache: C:/Users/kubok/AppData/Local/UnrealEngine/4.20/DerivedDataCache/Boot.ddc
[2018.12.05-06.50.37:196][  0]LogDerivedDataCache: FDerivedDataBackendGraph:  Pak pak cache file ../../../../../../Git Hub/TeamSadMen/TeamSadMen/DerivedDataCache/DDC.ddp not found, will not use a pak cache.
[2018.12.05-06.50.37:196][  0]LogDerivedDataCache: Unable to find inner node Pak for hierarchical cache Hierarchy.
[2018.12.05-06.50.37:196][  0]LogDerivedDataCache: FDerivedDataBackendGraph:  CompressedPak pak cache file ../../../../../../Git Hub/TeamSadMen/TeamSadMen/DerivedDataCache/Compressed.ddp not found, will not use a pak cache.
[2018.12.05-06.50.37:196][  0]LogDerivedDataCache: Unable to find inner node CompressedPak for hierarchical cache Hierarchy.
[2018.12.05-06.50.37:221][  0]LogDerivedDataCache: Display: Pak cache opened for reading ../../../Engine/DerivedDataCache/Compressed.ddp.
[2018.12.05-06.50.37:234][  0]LogDerivedDataCache: Using Local data cache path C:/Users/kubok/AppData/Local/UnrealEngine/Common/DerivedDataCache: Writable
[2018.12.05-06.50.37:234][  0]LogDerivedDataCache: Shared data cache path not found in *engine.ini, will not use an Shared cache.
[2018.12.05-06.50.37:234][  0]LogDerivedDataCache: Unable to find inner node Shared for hierarchical cache Hierarchy.
[2018.12.05-06.50.37:255][  0]LogMaterial: Verifying Global Shaders for PCD3D_SM5
[2018.12.05-06.50.37:257][  0]LogSlate: Using FreeType 2.6.0
[2018.12.05-06.50.37:283][  0]LogSlate: SlateFontServices - WITH_FREETYPE: 1, WITH_HARFBUZZ: 1
[2018.12.05-06.50.37:536][  0]LogAssetRegistry: FAssetRegistry took 0.0271 seconds to start up
[2018.12.05-06.50.37:956][  0]LogInit: Selected Device Profile: [Windows]
[2018.12.05-06.50.38:273][  0]LogSimplygon: Simplygon DLL not present - disabling.
[2018.12.05-06.50.38:278][  0]LogMeshReduction: Using SimplygonSwarm for distributed automatic mesh merging
[2018.12.05-06.50.38:278][  0]LogMeshReduction: Using ProxyLODMeshReduction for automatic mesh merging
[2018.12.05-06.50.38:278][  0]LogMeshReduction: Using QuadricMeshReduction for automatic static mesh reduction
[2018.12.05-06.50.38:278][  0]LogMeshReduction: No automatic skeletal mesh reduction module available
[2018.12.05-06.50.38:334][  0]LogNetVersion: TeamSadMen 1.0.0, NetCL: 4212847, EngineNetVer: 5, GameNetVer: 0 (Checksum: 1220547581)
[2018.12.05-06.50.39:814][  0]LogPackageLocalizationCache: Processed 11 localized package path(s) for 2 prioritized culture(s) in 0.132735 seconds
[2018.12.05-06.50.39:821][  0]LogUObjectArray: 38425 objects as part of root set at end of initial load.
[2018.12.05-06.50.39:821][  0]LogUObjectAllocator: 6690864 out of 0 bytes used by permanent object pool.
[2018.12.05-06.50.39:821][  0]LogUObjectArray: CloseDisregardForGC: 0/0 objects in disregard for GC pool
[2018.12.05-06.50.43:076][  0]LogTcpMessaging: Initializing TcpMessaging bridge
[2018.12.05-06.50.43:090][  0]LogUdpMessaging: Initializing bridge on interface 0.0.0.0:0 to multicast group 230.0.0.1:6666.
[2018.12.05-06.50.43:402][  0]SourceControl: Source control is disabled
[2018.12.05-06.50.43:402][  0]SourceControl: Source control is disabled
[2018.12.05-06.50.43:405][  0]SourceControl: Source control is disabled
[2018.12.05-06.50.43:406][  0]SourceControl: Source control is disabled
[2018.12.05-06.50.43:642][  0]LogAndroidPermission: UAndroidPermissionCallbackProxy::GetInstance
[2018.12.05-06.50.43:730][  0]LogOcInput: OculusInput pre-init called
[2018.12.05-06.50.43:845][  0]LogEngine: Initializing Engine...
[2018.12.05-06.50.43:846][  0]LogHMD: Failed to initialize OpenVR with code 110
[2018.12.05-06.50.43:848][  0]LogStats: UGameplayTagsManager::ConstructGameplayTagTree: ImportINI prefixes -  0.000 s
[2018.12.05-06.50.43:848][  0]LogStats: UGameplayTagsManager::ConstructGameplayTagTree: Construct from data asset -  0.000 s
[2018.12.05-06.50.43:848][  0]LogStats: UGameplayTagsManager::ConstructGameplayTagTree: ImportINI -  0.000 s
[2018.12.05-06.50.43:848][  0]LogStats: UGameplayTagsManager::ConstructGameplayTagTree: GameplayTagTreeChangedEvent.Broadcast -  0.000 s
[2018.12.05-06.50.44:418][  0]LogInit: Initializing FReadOnlyCVARCache
[2018.12.05-06.50.44:438][  0]LogAIModule: Creating AISystem for world Untitled
[2018.12.05-06.50.44:453][  0]LogInit: XAudio2 using 'Speakers / Headphones (Realtek Audio)' : 2 channels at 48 kHz using 32 bits per sample (channel mask 0x3)
[2018.12.05-06.50.44:681][  0]LogInit: FAudioDevice initialized.
[2018.12.05-06.50.44:682][  0]LogNetVersion: Set ProjectVersion to 1.0.0.0. Version Checksum will be recalculated on next use.
[2018.12.05-06.50.44:738][  0]LogDerivedDataCache: Saved boot cache 0.06s 71MB C:/Users/kubok/AppData/Local/UnrealEngine/4.20/DerivedDataCache/Boot.ddc.
[2018.12.05-06.50.44:755][  0]LogInit: Texture streaming: Enabled
[2018.12.05-06.50.44:776][  0]LogEngineSessionManager: EngineSessionManager initialized
[2018.12.05-06.50.44:793][  0]LogInit: Transaction tracking system initialized
[2018.12.05-06.50.44:817][  0]BlueprintLog: New page: Editor Load
[2018.12.05-06.50.44:908][  0]LocalizationService: Localization service is disabled
[2018.12.05-06.50.45:521][  0]LogCook: Display: Max memory allowance for cook 16384mb min free memory 0mb
[2018.12.05-06.50.45:521][  0]LogCook: Display: Mobile HDR setting 1
[2018.12.05-06.50.45:521][  0]LogGameplayTags: Display: UGameplayTagsManager::DoneAddingNativeTags. DelegateIsBound: 0
[2018.12.05-06.50.45:521][  0]LogStats: UGameplayTagsManager::ConstructGameplayTagTree: ImportINI prefixes -  0.000 s
[2018.12.05-06.50.45:521][  0]LogStats: UGameplayTagsManager::ConstructGameplayTagTree: Construct from data asset -  0.000 s
[2018.12.05-06.50.45:521][  0]LogStats: UGameplayTagsManager::ConstructGameplayTagTree: ImportINI -  0.000 s
[2018.12.05-06.50.45:521][  0]LogStats: UGameplayTagsManager::ConstructGameplayTagTree: GameplayTagTreeChangedEvent.Broadcast -  0.000 s
[2018.12.05-06.50.45:800][  0]LogFileCache: Scanning file cache for directory 'C:/Git Hub/TeamSadMen/TeamSadMen/Content/' took 0.02s
[2018.12.05-06.50.45:800][  0]SourceControl: Source control is disabled
[2018.12.05-06.50.45:800][  0]Cmd: MAP LOAD FILE="../../../../../../Git Hub/TeamSadMen/TeamSadMen/Content/FirstPersonBP/Maps/FirstPersonExampleMap.umap" TEMPLATE=0 SHOWPROGRESS=1 FEATURELEVEL=3
[2018.12.05-06.50.45:808][  0]LightingResults: New page: Lighting Build
[2018.12.05-06.50.45:810][  0]MapCheck: New page: Map Check
[2018.12.05-06.50.45:810][  0]LightingResults: New page: Lighting Build
[2018.12.05-06.50.46:854][  0]LogAIModule: Creating AISystem for world FirstPersonExampleMap
[2018.12.05-06.50.46:875][  0]LogEditorServer: Finished looking for orphan Actors (0.000 secs)
[2018.12.05-06.50.46:905][  0]Cmd: MAP CHECKDEP NOCLEARLOG
[2018.12.05-06.50.46:995][  0]MapCheck: Map check complete: 0 Error(s), 0 Warning(s), took 89.497ms to complete.
[2018.12.05-06.50.46:995][  0]LogFileHelpers: Loading map 'FirstPersonExampleMap' took 1.195
[2018.12.05-06.50.47:153][  0]LogSlate: Updating window title bar state: overlay mode, drag disabled, window buttons hidden, title bar hidden
[2018.12.05-06.50.47:166][  0]LogSlate: Updating window title bar state: overlay mode, drag disabled, window buttons hidden, title bar hidden
[2018.12.05-06.50.47:175][  0]LogSlate: Updating window title bar state: overlay mode, drag disabled, window buttons hidden, title bar hidden
[2018.12.05-06.50.47:186][  0]LogSlate: Updating window title bar state: overlay mode, drag disabled, window buttons hidden, title bar hidden
[2018.12.05-06.50.47:199][  0]LogCollectionManager: Loaded 0 collections in 0.002451 seconds
[2018.12.05-06.50.47:242][  0]LogFileCache: Scanning file cache for directory 'C:/Git Hub/TeamSadMen/TeamSadMen/Saved/Collections/' took 0.01s
[2018.12.05-06.50.47:242][  0]LogFileCache: Scanning file cache for directory 'C:/Git Hub/TeamSadMen/TeamSadMen/Content/Developers/kubok/Collections/' took 0.01s
[2018.12.05-06.50.47:242][  0]LogFileCache: Scanning file cache for directory 'C:/Git Hub/TeamSadMen/TeamSadMen/Content/Collections/' took 0.01s
[2018.12.05-06.50.47:242][  0]LogCollectionManager: Rebuilt the GUID cache for 0 collections in 0.000000 seconds
[2018.12.05-06.50.47:254][  0]LogContentBrowser: Native class hierarchy populated in 0.0118 seconds. Added 2572 classes and 603 folders.
[2018.12.05-06.50.47:263][  0]LogContentBrowser: Native class hierarchy updated for 'WidgetCarousel' in 0.0003 seconds. Added 0 classes and 0 folders.
[2018.12.05-06.50.47:798][  0]LogContentBrowser: Native class hierarchy updated for 'AddContentDialog' in 0.0003 seconds. Added 0 classes and 0 folders.
[2018.12.05-06.50.47:805][  0]LogContentBrowser: Native class hierarchy updated for 'SceneOutliner' in 0.0004 seconds. Added 1 classes and 2 folders.
[2018.12.05-06.50.47:840][  0]LogSlate: Took 0.010383 seconds to synchronously load lazily loaded font '../../../Engine/Content/Slate/Fonts/Roboto-Regular.ttf' (155K)
[2018.12.05-06.50.47:851][  0]LogSlate: Took 0.007695 seconds to synchronously load lazily loaded font '../../../Engine/Content/Slate/Fonts/Roboto-Bold.ttf' (160K)
[2018.12.05-06.50.47:865][  0]LogSlate: Took 0.007045 seconds to synchronously load lazily loaded font '../../../Engine/Content/Editor/Slate/Fonts/FontAwesome.ttf' (139K)
[2018.12.05-06.50.48:072][  0]LogRenderer: Reallocating scene render targets to support 960x428 Format 10 NumSamples 1 (Frame:1).
[2018.12.05-06.50.48:228][  0]LogContentBrowser: Native class hierarchy updated for 'HierarchicalLODOutliner' in 0.0002 seconds. Added 0 classes and 0 folders.
[2018.12.05-06.50.48:228][  0]LogLoad: (Engine Initialization) Total time: 24.89 seconds
[2018.12.05-06.50.48:228][  0]LogLoad: (Engine Initialization) Total Blueprint compile time: 0.00 seconds
[2018.12.05-06.50.48:268][  0]LogContentStreaming: Texture pool size now 1000 MB
[2018.12.05-06.50.48:314][  0]LogSlate: Took 0.005836 seconds to synchronously load lazily loaded font '../../../Engine/Content/Slate/Fonts/Roboto-Light.ttf' (167K)
[2018.12.05-06.50.48:349][  1]LogAssetRegistry: Asset discovery search completed in 10.8361 seconds
[2018.12.05-06.50.48:351][  1]LogCollectionManager: Rebuilt the object cache for 0 collections in 0.000000 seconds (found 0 objects)
[2018.12.05-06.50.48:351][  1]LogCollectionManager: Fixed up redirectors for 0 collections in 0.000059 seconds (updated 0 objects)
[2018.12.05-06.50.50:939][ 53]LogSlate: FSceneViewport::OnFocusLost() reason 0
[2018.12.05-06.50.54:412][116]LogSlate: Took 0.000312 seconds to synchronously load lazily loaded font '../../../Engine/Content/Slate/Fonts/Roboto-Light.ttf' (167K)
[2018.12.05-06.50.55:286][116]LogAIModule: Creating AISystem for world PizzaPlace
[2018.12.05-06.50.55:308][116]LogAssetEditorManager: Opening Asset editor for World /Game/FirstPersonBP/Maps/PizzaPlace.PizzaPlace
[2018.12.05-06.50.55:338][116]Cmd: MAP LOAD FILE="../../../../../../Git Hub/TeamSadMen/TeamSadMen/Content/FirstPersonBP/Maps/PizzaPlace.umap" TEMPLATE=0 SHOWPROGRESS=1 FEATURELEVEL=3
[2018.12.05-06.50.55:338][116]LightingResults: New page: Lighting Build
[2018.12.05-06.50.55:339][116]LoadErrors: New page: Loading map: PizzaPlace.umap
[2018.12.05-06.50.55:339][116]MapCheck: New page: Map Check
[2018.12.05-06.50.55:339][116]LightingResults: New page: Lighting Build
[2018.12.05-06.50.55:896][116]LogEditorServer: Finished looking for orphan Actors (0.000 secs)
[2018.12.05-06.50.55:952][116]Cmd: MAP CHECKDEP NOCLEARLOG
[2018.12.05-06.50.56:042][116]MapCheck: Map check complete: 0 Error(s), 0 Warning(s), took 91.126ms to complete.
[2018.12.05-06.50.56:042][116]LogFileHelpers: Loading map 'PizzaPlace' took 0.706
[2018.12.05-06.50.57:879][151]LogTemp: Repeating last play command: Selected Viewport
[2018.12.05-06.50.57:898][151]LogBlueprintUserMessages: Early PlayInEditor Detection: Level '/Game/FirstPersonBP/Maps/PizzaPlace.PizzaPlace:PersistentLevel' has LevelScriptBlueprint '/Game/FirstPersonBP/Maps/PizzaPlace.PizzaPlace:PersistentLevel.PizzaPlace' with GeneratedClass '/Game/FirstPersonBP/Maps/PizzaPlace.PizzaPlace_C' with ClassGeneratedBy '/Game/FirstPersonBP/Maps/PizzaPlace.PizzaPlace:PersistentLevel.PizzaPlace'
[2018.12.05-06.50.57:898][151]LogPlayLevel: PlayLevel: No blueprints needed recompiling
[2018.12.05-06.50.57:911][151]PIE: New page: PIE session: PizzaPlace (Dec 4, 2018, 8:50:57 PM)
[2018.12.05-06.50.57:911][151]LogPlayLevel: Creating play world package: /Game/FirstPersonBP/Maps/UEDPIE_0_PizzaPlace
[2018.12.05-06.50.57:946][151]LogPlayLevel: PIE: StaticDuplicateObject took: (0.035597s)
[2018.12.05-06.50.57:947][151]LogAIModule: Creating AISystem for world PizzaPlace
[2018.12.05-06.50.57:947][151]LogPlayLevel: PIE: World Init took: (0.000708s)
[2018.12.05-06.50.57:947][151]LogPlayLevel: PIE: Created PIE world by copying editor world from /Game/FirstPersonBP/Maps/PizzaPlace.PizzaPlace to /Game/FirstPersonBP/Maps/UEDPIE_0_PizzaPlace.PizzaPlace (0.036483s)
[2018.12.05-06.50.57:974][151]LogInit: XAudio2 using 'Speakers / Headphones (Realtek Audio)' : 2 channels at 48 kHz using 32 bits per sample (channel mask 0x3)
[2018.12.05-06.50.58:004][151]LogInit: FAudioDevice initialized.
[2018.12.05-06.50.58:044][151]LogLoad: Game class is 'FirstPersonGameMode_C'
[2018.12.05-06.50.58:050][151]LogWorld: Bringing World /Game/FirstPersonBP/Maps/UEDPIE_0_PizzaPlace.PizzaPlace up for play (max tick rate 60) at 2018.12.05-01.50.58
[2018.12.05-06.50.58:051][151]LogWorld: Bringing up level for play took: 0.004613
[2018.12.05-06.50.58:069][151]LogContentBrowser: Native class hierarchy updated for 'MovieSceneCapture' in 0.0003 seconds. Added 10 classes and 0 folders.
[2018.12.05-06.50.58:070][151]PIE: Play in editor start time for /Game/FirstPersonBP/Maps/UEDPIE_0_PizzaPlace 0.328
[2018.12.05-06.50.58:070][151]LogBlueprintUserMessages: Late PlayInEditor Detection: Level '/Game/FirstPersonBP/Maps/PizzaPlace.PizzaPlace:PersistentLevel' has LevelScriptBlueprint '/Game/FirstPersonBP/Maps/PizzaPlace.PizzaPlace:PersistentLevel.PizzaPlace' with GeneratedClass '/Game/FirstPersonBP/Maps/PizzaPlace.PizzaPlace_C' with ClassGeneratedBy '/Game/FirstPersonBP/Maps/PizzaPlace.PizzaPlace:PersistentLevel.PizzaPlace'
[2018.12.05-06.51.01:524][253]LogBlueprintUserMessages: Early EndPlayMap Detection: Level '/Game/FirstPersonBP/Maps/PizzaPlace.PizzaPlace:PersistentLevel' has LevelScriptBlueprint '/Game/FirstPersonBP/Maps/PizzaPlace.PizzaPlace:PersistentLevel.PizzaPlace' with GeneratedClass '/Game/FirstPersonBP/Maps/PizzaPlace.PizzaPlace_C' with ClassGeneratedBy '/Game/FirstPersonBP/Maps/PizzaPlace.PizzaPlace:PersistentLevel.PizzaPlace'
[2018.12.05-06.51.01:525][253]LogSlate: Updating window title bar state: overlay mode, drag disabled, window buttons hidden, title bar hidden
[2018.12.05-06.51.01:592][253]LogPlayLevel: Display: Shutting down PIE online subsystems
[2018.12.05-06.51.01:592][253]LogBlueprintUserMessages: Late EndPlayMap Detection: Level '/Game/FirstPersonBP/Maps/PizzaPlace.PizzaPlace:PersistentLevel' has LevelScriptBlueprint '/Game/FirstPersonBP/Maps/PizzaPlace.PizzaPlace:PersistentLevel.PizzaPlace' with GeneratedClass '/Game/FirstPersonBP/Maps/PizzaPlace.PizzaPlace_C' with ClassGeneratedBy '/Game/FirstPersonBP/Maps/PizzaPlace.PizzaPlace:PersistentLevel.PizzaPlace'
[2018.12.05-06.51.01:619][253]LogSlate: Updating window title bar state: overlay mode, drag disabled, window buttons hidden, title bar hidden
[2018.12.05-06.51.01:665][254]LogPlayLevel: Display: Destroying online subsystem :Context_1
[2018.12.05-06.51.03:188][287]LogSlate: FSceneViewport::OnFocusLost() reason 2
[2018.12.05-06.51.04:490][301]MapCheck: New page: Map Check
[2018.12.05-06.51.04:498][301]LogSlate: FSceneViewport::OnFocusLost() reason 2
[2018.12.05-06.51.04:586][301]Cmd: MAP REBUILD ALLVISIBLE
[2018.12.05-06.51.04:586][301]LogEditorServer: Rebuildmap Clear paths rebuilt
[2018.12.05-06.51.04:808][301]LightingResults: New page: Lighting Build - Dec 4, 2018, 8:51:04 PM
[2018.12.05-06.51.04:880][301]LogSwarmInterface: [OpenConnection] Registering TCP channel ...
[2018.12.05-06.51.05:023][301]LogSwarmInterface: [OpenConnection] Connecting to agent ...
[2018.12.05-06.51.05:043][301]LogSwarmInterface: [TryOpenConnection] Testing the Agent
[2018.12.05-06.51.06:071][301]LogSwarmInterface: [TryOpenConnection] Opening Connection to Agent
[2018.12.05-06.51.06:071][301]LogSwarmInterface: [TryOpenConnection] Local Process ID is 3916
[2018.12.05-06.51.08:647][301]LogStaticLightingSystem: Running Lightmass w/ ImmediateImport mode ENABLED
[2018.12.05-06.51.08:647][301]LogStaticLightingSystem: Running Lightmass w/ ImmediateProcess mode ENABLED
[2018.12.05-06.51.08:647][301]LogStaticLightingSystem: Running Lightmass w/ Sorting mode ENABLED
[2018.12.05-06.51.08:647][301]LogStaticLightingSystem: Running Lightmass w/ Mapping paddings ENABLED
[2018.12.05-06.51.08:647][301]LogStaticLightingSystem: Running Lightmass w/ Mapping debug paddings DISABLED
[2018.12.05-06.51.08:876][301]LogEditorBuildUtils: Build time 0:04
[2018.12.05-06.51.15:812][395]Job is a success!
[2018.12.05-06.51.15:963][396]LogSlate: FSceneViewport::OnFocusLost() reason 2
[2018.12.05-06.51.16:275][396]LogVolumetricLightmapImport: Imported Volumetric Lightmap in 0.016s
[2018.12.05-06.51.16:275][396]LogVolumetricLightmapImport:      Indirection Texture 16x16x16 = 0.0Mb
[2018.12.05-06.51.16:275][396]LogVolumetricLightmapImport:      BrickData 295x5x5 = 0.3Mb (trimmed 0.0Mb due to 0.010000 MinBrickError)
[2018.12.05-06.51.16:275][396]LogVolumetricLightmapImport:      Bricks at Level
[2018.12.05-06.51.16:275][396]LogVolumetricLightmapImport:          0: 1.7% covering 100.0% of volume
[2018.12.05-06.51.16:275][396]LogVolumetricLightmapImport:          1: 13.6% covering 12.5% of volume
[2018.12.05-06.51.16:275][396]LogVolumetricLightmapImport:          2: 84.7% covering 1.2% of volume
[2018.12.05-06.51.16:936][396]LogTexture: Display: Building textures: LQ_Lightmap_0_1 (DXT1, 512X512)
[2018.12.05-06.51.16:936][396]LogTexture: Display: Building textures: HQ_Lightmap0_1 (AutoDXT, 512X512)
[2018.12.05-06.51.16:936][396]LogTexture: Display: Building textures: SkyOcclusion0_1 (AutoDXT, 512X256)
[2018.12.05-06.51.16:936][396]LogTexture: Display: Building textures: SkyOcclusion0_2 (AutoDXT, 1024X512)
[2018.12.05-06.51.16:936][396]LogTexture: Display: Building textures: HQ_Lightmap0_2 (AutoDXT, 1024X1024)
[2018.12.05-06.51.16:936][396]LogTexture: Display: Building textures: LQ_Lightmap_0_2 (DXT1, 1024X1024)
[2018.12.05-06.51.16:936][396]LogTexture: Display: Building textures: SkyOcclusion0_3 (AutoDXT, 256X128)
[2018.12.05-06.51.16:936][396]LogTexture: Display: Building textures: HQ_Lightmap0_3 (AutoDXT, 256X256)
[2018.12.05-06.51.16:936][396]LogTexture: Display: Building textures: LQ_Lightmap_0_3 (DXT1, 256X256)
[2018.12.05-06.51.16:936][396]LogTexture: Display: Building textures: SkyOcclusion0_4 (AutoDXT, 256X128)
[2018.12.05-06.51.16:936][396]LogTexture: Display: Building textures: HQ_Lightmap0_4 (AutoDXT, 256X256)
[2018.12.05-06.51.16:936][396]LogTexture: Display: Building textures: LQ_Lightmap_0_4 (DXT1, 256X256)
[2018.12.05-06.51.16:936][396]LogTexture: Display: Building textures: SkyOcclusion0_5 (AutoDXT, 128X64)
[2018.12.05-06.51.16:936][396]LogTexture: Display: Building textures: HQ_Lightmap0_5 (AutoDXT, 128X128)
[2018.12.05-06.51.16:936][396]LogTexture: Display: Building textures: LQ_Lightmap_0_5 (DXT1, 128X128)
[2018.12.05-06.51.16:936][396]LogTexture: Display: Building textures: SkyOcclusion0_6 (AutoDXT, 256X128)
[2018.12.05-06.51.16:936][396]LogTexture: Display: Building textures: HQ_Lightmap0_6 (AutoDXT, 256X256)
[2018.12.05-06.51.16:936][396]LogTexture: Display: Building textures: LQ_Lightmap_0_6 (DXT1, 256X256)
[2018.12.05-06.51.16:936][396]LogTexture: Display: Building textures: SkyOcclusion0_7 (AutoDXT, 256X128)
[2018.12.05-06.51.16:936][396]LogTexture: Display: Building textures: HQ_Lightmap0_7 (AutoDXT, 256X256)
[2018.12.05-06.51.16:936][396]LogTexture: Display: Building textures: LQ_Lightmap_0_7 (DXT1, 256X256)
[2018.12.05-06.51.16:936][396]LogTexture: Display: Building textures: SkyOcclusion0_8 (AutoDXT, 256X128)
[2018.12.05-06.51.16:936][396]LogTexture: Display: Building textures: HQ_Lightmap0_8 (AutoDXT, 256X256)
[2018.12.05-06.51.16:936][396]LogTexture: Display: Building textures: LQ_Lightmap_0_8 (DXT1, 256X256)
[2018.12.05-06.51.16:936][396]LogTexture: Display: Building textures: SkyOcclusion0_9 (AutoDXT, 128X64)
[2018.12.05-06.51.16:936][396]LogTexture: Display: Building textures: HQ_Lightmap0_9 (AutoDXT, 128X128)
[2018.12.05-06.51.16:936][396]LogTexture: Display: Building textures: LQ_Lightmap_0_9 (DXT1, 128X128)
[2018.12.05-06.51.16:936][396]LogTexture: Display: Building textures: SkyOcclusion0_10 (AutoDXT, 64X32)
[2018.12.05-06.51.16:936][396]LogTexture: Display: Building textures: HQ_Lightmap0_10 (AutoDXT, 64X64)
[2018.12.05-06.51.16:936][396]LogTexture: Display: Building textures: LQ_Lightmap_0_10 (DXT1, 64X64)
[2018.12.05-06.51.16:990][396]LogTexture: Display: Building textures: ShadowMapTexture2D_1 (G8, 256X64)
[2018.12.05-06.51.16:990][396]LogTexture: Display: Building textures: ShadowMapTexture2D_2 (G8, 256X64)
[2018.12.05-06.51.16:990][396]LogTexture: Display: Building textures: ShadowMapTexture2D_5 (G8, 256X64)
[2018.12.05-06.51.16:991][396]LogTexture: Display: Building textures: ShadowMapTexture2D_3 (G8, 256X64)
[2018.12.05-06.51.16:991][396]LogTexture: Display: Building textures: ShadowMapTexture2D_4 (G8, 256X64)
[2018.12.05-06.51.16:991][396]LogTexture: Display: Building textures: ShadowMapTexture2D_9 (G8, 32X32)
[2018.12.05-06.51.16:991][396]LogTexture: Display: Building textures: ShadowMapTexture2D_8 (G8, 128X64)
[2018.12.05-06.51.16:991][396]LogTexture: Display: Building textures: ShadowMapTexture2D_7 (G8, 256X64)
[2018.12.05-06.51.16:991][396]LogTexture: Display: Building textures: ShadowMapTexture2D_6 (BGRA8, 512X64)
[2018.12.05-06.51.16:991][396]LogTexture: Display: Building textures: ShadowMapTexture2D_0 (BGRA8, 512X256)
[2018.12.05-06.51.17:035][396]Lightmass on DESKTOP-HIBAT0Q: 6.90 sec total, 594 ms importing, 180 ms setup, 1.32 sec photons, 4.71 sec processing, 0 ms extra exporting [124/124 mappings]. Threads: 32.8 sec total, 16.1 sec processing.
[2018.12.05-06.51.17:103][396]LogStaticLightingSystem: Illumination: 12.1 sec (557 ms encoding lightmaps, 52 ms encoding shadowmaps)
[2018.12.05-06.51.17:103][396]LogStaticLightingSystem: Lightmap texture memory:  4.3 MB (3.6 MB streaming, 0.7 MB non-streaming), 20 textures
[2018.12.05-06.51.17:103][396]LogStaticLightingSystem: Shadowmap texture memory: 1.0 MB (0.3 MB streaming, 0.7 MB non-streaming), 10 textures
[2018.12.05-06.51.17:657][396]DumpUnbuiltLightIteractions
[2018.12.05-06.51.17:657][396]Lights with unbuilt interactions: 0
[2018.12.05-06.51.17:657][396]
[2018.12.05-06.51.17:657][396]Primitives with unbuilt interactions: 0
[2018.12.05-06.51.17:663][396]LogSlate: FSceneViewport::OnFocusLost() reason 2
[2018.12.05-06.51.17:916][397]Cmd: MAP CHECK NOTIFYRESULTS
[2018.12.05-06.51.17:916][397]MapCheck: New page: PizzaPlace - Dec 4, 2018, 8:51:17 PM
[2018.12.05-06.51.18:030][397]MapCheck: Map check complete: 0 Error(s), 0 Warning(s), took 113.414ms to complete.
[2018.12.05-06.51.19:446][414]LogD3D11RHI: Timed out while waiting for GPU to catch up. (0.5 s)
[2018.12.05-06.51.19:947][414]LogD3D11RHI: Timed out while waiting for GPU to catch up. (0.5 s)
[2018.12.05-06.51.20:447][414]LogD3D11RHI: Timed out while waiting for GPU to catch up. (0.5 s)
[2018.12.05-06.51.20:947][414]LogD3D11RHI: Timed out while waiting for GPU to catch up. (0.5 s)
[2018.12.05-06.51.21:448][414]LogD3D11RHI: Timed out while waiting for GPU to catch up. (0.5 s)
[2018.12.05-06.51.21:948][414]LogD3D11RHI: Timed out while waiting for GPU to catch up. (0.5 s)
[2018.12.05-06.51.22:448][414]LogD3D11RHI: Timed out while waiting for GPU to catch up. (0.5 s)
[2018.12.05-06.51.22:948][414]LogD3D11RHI: Timed out while waiting for GPU to catch up. (0.5 s)
[2018.12.05-06.51.23:448][414]LogD3D11RHI: Timed out while waiting for GPU to catch up. (0.5 s)
[2018.12.05-06.51.23:947][414]LogD3D11RHI: Timed out while waiting for GPU to catch up. (0.5 s)
[2018.12.05-06.51.24:448][414]LogD3D11RHI: Timed out while waiting for GPU to catch up. (0.5 s)
[2018.12.05-06.51.24:948][414]LogD3D11RHI: Timed out while waiting for GPU to catch up. (0.5 s)
[2018.12.05-06.51.25:447][414]LogD3D11RHI: Timed out while waiting for GPU to catch up. (0.5 s)
[2018.12.05-06.51.25:947][414]LogD3D11RHI: Timed out while waiting for GPU to catch up. (0.5 s)
[2018.12.05-06.51.26:447][414]LogD3D11RHI: Timed out while waiting for GPU to catch up. (0.5 s)
[2018.12.05-06.51.26:948][414]LogD3D11RHI: Timed out while waiting for GPU to catch up. (0.5 s)
[2018.12.05-06.51.27:448][414]LogD3D11RHI: Timed out while waiting for GPU to catch up. (0.5 s)
[2018.12.05-06.51.27:949][414]LogD3D11RHI: Timed out while waiting for GPU to catch up. (0.5 s)
[2018.12.05-06.51.28:448][414]LogD3D11RHI: Timed out while waiting for GPU to catch up. (0.5 s)
[2018.12.05-06.51.28:948][414]LogD3D11RHI: Timed out while waiting for GPU to catch up. (0.5 s)
[2018.12.05-06.51.29:448][414]LogD3D11RHI: Timed out while waiting for GPU to catch up. (0.5 s)
[2018.12.05-06.51.29:948][414]LogD3D11RHI: Timed out while waiting for GPU to catch up. (0.5 s)
[2018.12.05-06.51.30:448][414]LogD3D11RHI: Timed out while waiting for GPU to catch up. (0.5 s)
[2018.12.05-06.51.30:948][414]LogD3D11RHI: Timed out while waiting for GPU to catch up. (0.5 s)
[2018.12.05-06.51.31:448][414]LogD3D11RHI: Timed out while waiting for GPU to catch up. (0.5 s)
[2018.12.05-06.51.31:948][414]LogD3D11RHI: Timed out while waiting for GPU to catch up. (0.5 s)
[2018.12.05-06.51.32:449][414]LogD3D11RHI: Timed out while waiting for GPU to catch up. (0.5 s)
[2018.12.05-06.51.32:949][414]LogD3D11RHI: Timed out while waiting for GPU to catch up. (0.5 s)
[2018.12.05-06.51.33:449][414]LogD3D11RHI: Timed out while waiting for GPU to catch up. (0.5 s)
[2018.12.05-06.51.33:948][414]LogD3D11RHI: Timed out while waiting for GPU to catch up. (0.5 s)
[2018.12.05-06.51.34:448][414]LogD3D11RHI: Timed out while waiting for GPU to catch up. (0.5 s)
[2018.12.05-06.51.34:948][414]LogD3D11RHI: Timed out while waiting for GPU to catch up. (0.5 s)
[2018.12.05-06.51.35:448][414]LogD3D11RHI: Timed out while waiting for GPU to catch up. (0.5 s)
[2018.12.05-06.51.35:949][414]LogD3D11RHI: Timed out while waiting for GPU to catch up. (0.5 s)
[2018.12.05-06.51.36:448][414]LogD3D11RHI: Timed out while waiting for GPU to catch up. (0.5 s)
[2018.12.05-06.51.36:950][414]LogD3D11RHI: Timed out while waiting for GPU to catch up. (0.5 s)
[2018.12.05-06.51.37:450][414]LogD3D11RHI: Timed out while waiting for GPU to catch up. (0.5 s)
[2018.12.05-06.51.37:948][414]LogD3D11RHI: Timed out while waiting for GPU to catch up. (0.5 s)
[2018.12.05-06.51.38:450][414]LogD3D11RHI: Timed out while waiting for GPU to catch up. (0.5 s)
[2018.12.05-06.51.38:950][414]LogD3D11RHI: Timed out while waiting for GPU to catch up. (0.5 s)
[2018.12.05-06.51.39:448][414]LogD3D11RHI: Timed out while waiting for GPU to catch up. (0.5 s)
[2018.12.05-06.51.39:949][414]LogD3D11RHI: Timed out while waiting for GPU to catch up. (0.5 s)
[2018.12.05-06.51.40:449][414]LogD3D11RHI: Timed out while waiting for GPU to catch up. (0.5 s)
[2018.12.05-06.51.40:948][414]LogD3D11RHI: Timed out while waiting for GPU to catch up. (0.5 s)
[2018.12.05-06.51.41:449][414]LogD3D11RHI: Timed out while waiting for GPU to catch up. (0.5 s)
[2018.12.05-06.51.41:453][414]LogD3D11RHI: Error: Result failed 
 at D:\Build\++UE4\Sync\Engine\Source\Runtime\Windows\D3D11RHI\Private\D3D11Viewport.cpp:304 
 with error DXGI_ERROR_DEVICE_REMOVED DXGI_ERROR_DEVICE_HUNG
[2018.12.05-06.51.41:453][414]LogD3D11RHI: [Aftermath] GDynamicRHI=0000024C07A660C0, GDX11NVAfterMathEnabled=0, Result=0xFFFFFFFF, bDeviceActive=0
[2018.12.05-06.51.41:453][414]LogWindows: Windows GetLastError: The operation completed successfully. (0)
[2018.12.05-06.51.43:611][414]LogWindows: Windows GetLastError: The operation completed successfully. (0)
[2018.12.05-06.51.43:613][414]LogWindows: Error: === Critical error: ===
[2018.12.05-06.51.43:614][414]LogWindows: Error: 
[2018.12.05-06.51.43:614][414]LogWindows: Error: Fatal error: [File:D:\Build\++UE4\Sync\Engine\Source\Runtime\RenderCore\Private\RenderingThread.cpp] [Line: 826] 
[2018.12.05-06.51.43:614][414]LogWindows: Error: Rendering thread exception:
[2018.12.05-06.51.43:614][414]LogWindows: Error: Fatal error: [File:D:\Build\++UE4\Sync\Engine\Source\Runtime\Windows\D3D11RHI\Private\D3D11Util.cpp] [Line: 200] 
[2018.12.05-06.51.43:614][414]LogWindows: Error: Unreal Engine is exiting due to D3D device being lost. (Error: 0x887A0006 - 'HUNG')
[2018.12.05-06.51.43:614][414]LogWindows: Error: 
[2018.12.05-06.51.43:614][414]LogWindows: Error: 
[2018.12.05-06.51.43:614][414]LogWindows: Error: [Callstack] 0x00007ffdc1b3a388 KERNELBASE.dll!UnknownFunction []
[2018.12.05-06.51.43:614][414]LogWindows: Error: [Callstack] 0x00007ffd94f46850 UE4Editor-ApplicationCore.dll!UnknownFunction []
[2018.12.05-06.51.43:614][414]LogWindows: Error: [Callstack] 0x00007ffd673e62fc UE4Editor-Core.dll!UnknownFunction []
[2018.12.05-06.51.43:614][414]LogWindows: Error: [Callstack] 0x00007ffd673751db UE4Editor-Core.dll!UnknownFunction []
[2018.12.05-06.51.43:614][414]LogWindows: Error: [Callstack] 0x00007ffd5312adea UE4Editor-D3D11RHI.dll!UnknownFunction []
[2018.12.05-06.51.43:614][414]LogWindows: Error: [Callstack] 0x00007ffd5312e6e4 UE4Editor-D3D11RHI.dll!UnknownFunction []
[2018.12.05-06.51.43:614][414]LogWindows: Error: [Callstack] 0x00007ffd5310d0aa UE4Editor-D3D11RHI.dll!UnknownFunction []
[2018.12.05-06.51.43:614][414]LogWindows: Error: [Callstack] 0x00007ffd5311ab70 UE4Editor-D3D11RHI.dll!UnknownFunction []
[2018.12.05-06.51.43:614][414]LogWindows: Error: [Callstack] 0x00007ffd9662b106 UE4Editor-RHI.dll!UnknownFunction []
[2018.12.05-06.51.43:614][414]LogWindows: Error: [Callstack] 0x00007ffd52e91b42 UE4Editor-SlateRHIRenderer.dll!UnknownFunction []
[2018.12.05-06.51.43:614][414]LogWindows: Error: [Callstack] 0x00007ffd52e97d0a UE4Editor-SlateRHIRenderer.dll!UnknownFunction []
[2018.12.05-06.51.43:614][414]LogWindows: Error: [Callstack] 0x00007ffd67201f92 UE4Editor-Core.dll!UnknownFunction []
[2018.12.05-06.51.43:614][414]LogWindows: Error: [Callstack] 0x00007ffd67202456 UE4Editor-Core.dll!UnknownFunction []
[2018.12.05-06.51.43:614][414]LogWindows: Error: [Callstack] 0x00007ffd9eb675f9 UE4Editor-RenderCore.dll!UnknownFunction []
[2018.12.05-06.51.43:614][414]LogWindows: Error: [Callstack] 0x00007ffd9eb68574 UE4Editor-RenderCore.dll!UnknownFunction []
[2018.12.05-06.51.43:614][414]LogWindows: Error: [Callstack] 0x00007ffd67646b7c UE4Editor-Core.dll!UnknownFunction []
[2018.12.05-06.51.43:614][414]LogWindows: Error: [Callstack] 0x00007ffd676417c7 UE4Editor-Core.dll!UnknownFunction []
[2018.12.05-06.51.43:614][414]LogWindows: Error: [Callstack] 0x00007ffdc2713034 KERNEL32.DLL!UnknownFunction []
[2018.12.05-06.51.43:614][414]LogWindows: Error: [Callstack] 0x00007ffdc51f1471 ntdll.dll!UnknownFunction []
[2018.12.05-06.51.43:614][414]LogWindows: Error: 
[2018.12.05-06.51.43:614][414]LogWindows: Error: 
[2018.12.05-06.51.43:614][414]LogWindows: Error: 
[2018.12.05-06.51.43:614][414]LogWindows: Error: 
[2018.12.05-06.51.43:628][414]LogExit: Executing StaticShutdownAfterError
[2018.12.05-06.51.43:630][414]LogWindows: FPlatformMisc::RequestExit(1)
[2018.12.05-06.51.43:631][414]Log file closed, 12/05/18 01:51:43
