Log file open, 12/12/18 01:51:02
LogWindows: Failed to load 'aqProf.dll' (GetLastError=126)
LogWindows: File 'aqProf.dll' does not exist
LogWindows: Failed to load 'VSPerf140.dll' (GetLastError=126)
LogWindows: File 'VSPerf140.dll' does not exist
LogWindows: Failed to load 'VtuneApi.dll' (GetLastError=126)
LogWindows: File 'VtuneApi.dll' does not exist
LogWindows: Failed to load 'VtuneApi32e.dll' (GetLastError=126)
LogWindows: File 'VtuneApi32e.dll' does not exist
LogInit: Display: Running engine for game: TeamSadMen
LogPlatformFile: Not using cached read wrapper
LogTaskGraph: Started task graph with 5 named threads and 11 total threads with 3 sets of task threads.
LogStats: Stats thread started at 0.199522
LogD3D11RHI: Loaded GFSDK_Aftermath_Lib.x64.dll
LogICUInternationalization: Display: ICU TimeZone Detection - Raw Offset: -5:00, Platform Override: ''
LogPluginManager: Mounting plugin Paper2D
LogPluginManager: Mounting plugin AISupport
LogPluginManager: Mounting plugin LightPropagationVolume
LogPluginManager: Mounting plugin CLionSourceCodeAccess
LogPluginManager: Mounting plugin CodeLiteSourceCodeAccess
LogPluginManager: Mounting plugin GitSourceControl
LogPluginManager: Mounting plugin KDevelopSourceCodeAccess
LogPluginManager: Mounting plugin NullSourceCodeAccess
LogPluginManager: Mounting plugin PerforceSourceControl
LogPluginManager: Mounting plugin SubversionSourceControl
LogPluginManager: Mounting plugin UObjectPlugin
LogPluginManager: Mounting plugin VisualStudioCodeSourceCodeAccess
LogPluginManager: Mounting plugin VisualStudioSourceCodeAccess
LogPluginManager: Mounting plugin XCodeSourceCodeAccess
LogPluginManager: Mounting plugin AssetManagerEditor
LogPluginManager: Mounting plugin CryptoKeys
LogPluginManager: Mounting plugin DataValidation
LogPluginManager: Mounting plugin FacialAnimation
LogPluginManager: Mounting plugin GameplayTagsEditor
LogPluginManager: Mounting plugin MacGraphicsSwitching
LogPluginManager: Mounting plugin MeshEditor
LogPluginManager: Mounting plugin MobileLauncherProfileWizard
LogPluginManager: Mounting plugin PluginBrowser
LogPluginManager: Mounting plugin SpeedTreeImporter
LogPluginManager: Mounting plugin DatasmithContent
LogPluginManager: Mounting plugin AlembicImporter
LogPluginManager: Mounting plugin AppleImageUtils
LogPluginManager: Mounting plugin AppleVision
LogPluginManager: Mounting plugin BackChannel
LogPluginManager: Mounting plugin CharacterAI
LogPluginManager: Mounting plugin GeometryCache
LogPluginManager: Mounting plugin HTML5Networking
LogPluginManager: Mounting plugin ProxyLODPlugin
LogPluginManager: Mounting plugin MagicLeap
LogPluginManager: Mounting plugin MagicLeapEmulator
LogPluginManager: Mounting plugin MagicLeapMedia
LogPluginManager: Mounting plugin AndroidMedia
LogPluginManager: Mounting plugin AvfMedia
LogPluginManager: Mounting plugin ImgMedia
LogPluginManager: Mounting plugin LinearTimecode
LogPluginManager: Mounting plugin MediaCompositing
LogPluginManager: Mounting plugin MediaPlayerEditor
LogPluginManager: Mounting plugin WmfMedia
LogPluginManager: Mounting plugin TcpMessaging
LogPluginManager: Mounting plugin UdpMessaging
LogPluginManager: Mounting plugin ActorSequence
LogPluginManager: Mounting plugin LevelSequenceEditor
LogPluginManager: Mounting plugin MatineeToLevelSequence
LogPluginManager: Mounting plugin NetcodeUnitTest
LogPluginManager: Mounting plugin NUTUnrealEngine4
LogPluginManager: Mounting plugin OnlineSubsystemGooglePlay
LogPluginManager: Mounting plugin OnlineSubsystemIOS
LogPluginManager: Mounting plugin OnlineSubsystem
LogPluginManager: Mounting plugin OnlineSubsystemNull
LogPluginManager: Mounting plugin OnlineSubsystemUtils
LogPluginManager: Mounting plugin LauncherChunkInstaller
LogPluginManager: Mounting plugin AndroidDeviceProfileSelector
LogPluginManager: Mounting plugin AndroidMoviePlayer
LogPluginManager: Mounting plugin AndroidPermission
LogPluginManager: Mounting plugin AppleMoviePlayer
LogPluginManager: Mounting plugin ArchVisCharacter
LogPluginManager: Mounting plugin AudioCapture
LogPluginManager: Mounting plugin CableComponent
LogPluginManager: Mounting plugin CustomMeshComponent
LogPluginManager: Mounting plugin EditableMesh
LogPluginManager: Mounting plugin ExampleDeviceProfileSelector
LogPluginManager: Mounting plugin GoogleCloudMessaging
LogPluginManager: Mounting plugin ImmediatePhysics
LogPluginManager: Mounting plugin IOSDeviceProfileSelector
LogPluginManager: Mounting plugin LinuxDeviceProfileSelector
LogPluginManager: Mounting plugin LocationServicesBPLibrary
LogPluginManager: Mounting plugin MobilePatchingUtils
LogPluginManager: Mounting plugin OculusVR
LogPluginManager: Plugin shader directory ../../../Engine/Plugins/Runtime/Oculus/OculusVR/Shaders found
LogPluginManager: Mapping shader source directory ../../../Engine/Plugins/Runtime/Oculus/OculusVR/Shaders to virtual directory /Plugin/OculusVR
LogPluginManager: Mounting plugin PhysXVehicles
LogPluginManager: Mounting plugin ProceduralMeshComponent
LogPluginManager: Mounting plugin RuntimePhysXCooking
LogPluginManager: Mounting plugin SteamVR
LogPluginManager: Mounting plugin WindowsMoviePlayer
LogStreaming: Display: Took  0.162s to configure plugins.
LogInit: Using libcurl 7.55.1-DEV
LogInit:  - built for x86_64-pc-win32
LogInit:  - supports SSL with OpenSSL/1.0.2h
LogInit:  - supports HTTP deflate (compression) using libz 1.2.8
LogInit:  - other features:
LogInit:      CURL_VERSION_SSL
LogInit:      CURL_VERSION_LIBZ
LogInit:      CURL_VERSION_IPV6
LogInit:      CURL_VERSION_ASYNCHDNS
LogInit:      CURL_VERSION_LARGEFILE
LogInit:      CURL_VERSION_IDN
LogInit:  CurlRequestOptions (configurable via config and command line):
LogInit:  - bVerifyPeer = false  - Libcurl will NOT verify peer certificate
LogInit:  - bUseHttpProxy = false  - Libcurl will NOT use HTTP proxy
LogInit:  - bDontReuseConnections = false  - Libcurl will reuse connections
LogInit:  - CertBundlePath = nullptr  - Libcurl will use whatever was configured at build time.
LogInit:  - MaxHostConnections = 16  - Libcurl will limit the number of connections to a host
LogInit:  - LocalHostAddr = Default
LogInit:  - BufferSize = 65536
LogInit: WinSock: version 1.1 (2.2), MaxSocks=32767, MaxUdp=65467
LogInit: Build: ++UE4+Release-4.20-CL-4369336
LogInit: Engine Version: 4.20.3-4369336+++UE4+Release-4.20
LogInit: Compatible Engine Version: 4.20.0-4212847+++UE4+Release-4.20
LogInit: Net CL: 4212847
LogInit: OS: Windows 10 (), CPU: Intel(R) Core(TM) i7-6600U CPU @ 2.60GHz, GPU: Intel(R) HD Graphics 520
LogInit: Compiled (64-bit): Sep 17 2018 12:26:19
LogInit: Compiled with Visual C++: 19.13.26129.00
LogInit: Build Configuration: Development
LogInit: Branch Name: ++UE4+Release-4.20
LogInit: Command Line: -EpicPortal  -epicusername="BlueTinge" -epicuserid=215950167ed840aeb891af1096fa62dd -epiclocale=en-US
LogInit: Base Directory: C:/Program Files/Epic Games/UE_4.20/Engine/Binaries/Win64/
LogInit: Installed Engine Build: 1
LogDevObjectVersion: Number of dev versions registered: 20
LogDevObjectVersion:   Dev-Blueprints (B0D832E4-1F89-4F0D-ACCF-7EB736FD4AA2): 10
LogDevObjectVersion:   Dev-Build (E1C64328-A22C-4D53-A36C-8E866417BD8C): 0
LogDevObjectVersion:   Dev-Core (375EC13C-06E4-48FB-B500-84F0262A717E): 2
LogDevObjectVersion:   Dev-Editor (E4B068ED-F494-42E9-A231-DA0B2E46BB41): 24
LogDevObjectVersion:   Dev-Framework (CFFC743F-43B0-4480-9391-14DF171D2073): 34
LogDevObjectVersion:   Dev-Mobile (B02B49B5-BB20-44E9-A304-32B752E40360): 2
LogDevObjectVersion:   Dev-Networking (A4E4105C-59A1-49B5-A7C5-40C4547EDFEE): 0
LogDevObjectVersion:   Dev-Online (39C831C9-5AE6-47DC-9A44-9C173E1C8E7C): 0
LogDevObjectVersion:   Dev-Physics (78F01B33-EBEA-4F98-B9B4-84EACCB95AA2): 0
LogDevObjectVersion:   Dev-Platform (6631380F-2D4D-43E0-8009-CF276956A95A): 0
LogDevObjectVersion:   Dev-Rendering (12F88B9F-8875-4AFC-A67C-D90C383ABD29): 26
LogDevObjectVersion:   Dev-Sequencer (7B5AE74C-D270-4C10-A958-57980B212A5A): 9
LogDevObjectVersion:   Dev-VR (D7296918-1DD6-4BDD-9DE2-64A83CC13884): 2
LogDevObjectVersion:   Dev-LoadTimes (C2A15278-BFE7-4AFE-6C17-90FF531DF755): 1
LogDevObjectVersion:   Private-Geometry (6EACA3D4-40EC-4CC1-B786-8BED09428FC5): 3
LogDevObjectVersion:   Dev-AnimPhys (29E575DD-E0A3-4627-9D10-D276232CDCEA): 17
LogDevObjectVersion:   Dev-ReflectionCapture (6B266CEC-1EC7-4B8F-A30B-E4D90942FC07): 1
LogDevObjectVersion:   Dev-Automation (0DF73D61-A23F-47EA-B727-89E90C41499A): 1
LogDevObjectVersion:   FortniteMain (601D1886-AC64-4F84-AA16-D3DE0DEAC7D6): 12
LogDevObjectVersion:   Dev-Enterprise (9DFFBCD6-494F-0158-E221-12823C92A888): 1
LogStreaming: Display: Took  0.004s to delete old logs.
LogInit: Presizing for max 8388607 objects, including 0 objects not considered by GC, pre-allocating 0 bytes for permanent pool.
LogInit: Object subsystem initialized
[2018.12.12-06.51.03:115][  0]LogInit: Selected Device Profile: [Windows]
[2018.12.12-06.51.03:115][  0]LogInit: Applying CVar settings loaded from the selected device profile: [Windows]
[2018.12.12-06.51.03:140][  0]LogHAL: Display: Platform has ~ 8 GB [7960453120 / 8589934592 / 8], which maps to Default [LargestMinGB=32, LargerMinGB=12, DefaultMinGB=8, SmallerMinGB=6, SmallestMinGB=0)
[2018.12.12-06.51.03:140][  0]LogInit: Setting Device Profile CVar: [[r.Vulkan.UseRealUBs:1]]
[2018.12.12-06.51.03:140][  0]LogInit: Going up to parent DeviceProfile []
[2018.12.12-06.51.03:141][  0]LogInit: Computer: DESKTOP-T8OATV8
[2018.12.12-06.51.03:141][  0]LogInit: User: frankj6
[2018.12.12-06.51.03:141][  0]LogInit: CPU Page size=4096, Cores=2
[2018.12.12-06.51.03:141][  0]LogInit: High frequency timer resolution =2.742188 MHz
[2018.12.12-06.51.03:141][  0]LogMemory: Memory total: Physical=7.4GB (8GB approx)
[2018.12.12-06.51.03:141][  0]LogMemory: Platform Memory Stats for Windows
[2018.12.12-06.51.03:141][  0]LogMemory: Process Physical Memory: 99.99 MB used, 99.99 MB peak
[2018.12.12-06.51.03:141][  0]LogMemory: Process Virtual Memory: 88.61 MB used, 88.61 MB peak
[2018.12.12-06.51.03:141][  0]LogMemory: Physical Memory: 4246.23 MB used,  3345.45 MB free, 7591.68 MB total
[2018.12.12-06.51.03:141][  0]LogMemory: Virtual Memory: 4620.70 MB used,  3345.45 MB free, 134217728.00 MB total
[2018.12.12-06.51.03:165][  0]LogInit: Using OS detected language (en-US).
[2018.12.12-06.51.03:165][  0]LogInit: Using OS detected locale (en-US).
[2018.12.12-06.51.03:166][  0]LogTextLocalizationManager: No specific localization for 'en-US' exists, so the 'en' localization will be used.
[2018.12.12-06.51.03:578][  0]LogStreaming: Display: Took  0.414s to InitEngineTextLocalization.
[2018.12.12-06.51.03:578][  0]LogInit: Setting process to per monitor DPI aware
[2018.12.12-06.51.03:629][  0]LogSlate: New Slate User Created.  User Index 0, Is Virtual User: 0
[2018.12.12-06.51.03:629][  0]LogSlate: Slate User Registered.  User Index 0, Is Virtual User: 0
[2018.12.12-06.51.03:910][  0]LogHMD: Failed to initialize OpenVR with code 110
[2018.12.12-06.51.03:910][  0]LogD3D11RHI: D3D11 adapters:
[2018.12.12-06.51.03:932][  0]LogD3D11RHI:    0. 'Intel(R) HD Graphics 520' (Feature Level 11_0)
[2018.12.12-06.51.03:932][  0]LogD3D11RHI:       128/0/3795 MB DedicatedVideo/DedicatedSystem/SharedSystem, Outputs:1, VendorId:0x8086
[2018.12.12-06.51.03:934][  0]LogD3D11RHI:    1. 'Microsoft Basic Render Driver' (Feature Level 11_0)
[2018.12.12-06.51.03:935][  0]LogD3D11RHI:       0/0/3795 MB DedicatedVideo/DedicatedSystem/SharedSystem, Outputs:0, VendorId:0x1414
[2018.12.12-06.51.03:935][  0]LogD3D11RHI: Chosen D3D11 Adapter: 0
[2018.12.12-06.51.03:942][  0]LogD3D11RHI: Creating new Direct3DDevice
[2018.12.12-06.51.03:942][  0]LogD3D11RHI:     GPU DeviceId: 0x1916 (for the marketing name, search the web for "GPU Device Id")
[2018.12.12-06.51.03:942][  0]LogWindows: EnumDisplayDevices:
[2018.12.12-06.51.03:942][  0]LogWindows:    0. 'Intel(R) HD Graphics 520' (P:1 D:1)
[2018.12.12-06.51.03:943][  0]LogWindows:    1. 'Intel(R) HD Graphics 520' (P:0 D:0)
[2018.12.12-06.51.03:943][  0]LogWindows:    2. 'Intel(R) HD Graphics 520' (P:0 D:0)
[2018.12.12-06.51.03:943][  0]LogWindows: DebugString: FoundDriverCount:3 
[2018.12.12-06.51.03:944][  0]LogD3D11RHI:     Adapter Name: Intel(R) HD Graphics 520
[2018.12.12-06.51.03:944][  0]LogD3D11RHI:   Driver Version: 24.20.100.6170 (internal:24.20.100.6170, unified:24.20.100.6170)
[2018.12.12-06.51.03:944][  0]LogD3D11RHI:      Driver Date: 6-18-2018
[2018.12.12-06.51.03:944][  0]LogRHI: Texture pool is 1418 MB (70% of 2025 MB)
[2018.12.12-06.51.03:965][  0]LogD3D11RHI: Async texture creation enabled
[2018.12.12-06.51.03:972][  0]LogD3D11RHI: GPU Timing Frequency: 12.000048 (Debug: 2 0)
[2018.12.12-06.51.03:974][  0]LogShaderCompilers: Guid format shader working directory is -38 characters bigger than the processId version (../../../../../../Users/frankj6/Documents/GameDevOne/TeamSadMen/TeamSadMen/TeamSadMen/Intermediate/Shaders/WorkingDirectory/20952/).
[2018.12.12-06.51.03:974][  0]LogShaderCompilers: Cleaned the shader compiler working directory 'C:/Users/frankj6/AppData/Local/Temp/UnrealShaderWorkingDir/DF7CEFF6437E9B88558B96988136F0EF/'.
[2018.12.12-06.51.04:317][  0]LogTemp: Display: Loaded TP AllDesktopTargetPlatform
[2018.12.12-06.51.04:332][  0]LogTemp: Display: Loaded TP MacClientTargetPlatform
[2018.12.12-06.51.04:349][  0]LogTemp: Display: Loaded TP MacNoEditorTargetPlatform
[2018.12.12-06.51.04:364][  0]LogTemp: Display: Loaded TP MacServerTargetPlatform
[2018.12.12-06.51.04:382][  0]LogTemp: Display: Loaded TP MacTargetPlatform
[2018.12.12-06.51.04:396][  0]LogTemp: Display: Loaded TP WindowsClientTargetPlatform
[2018.12.12-06.51.04:413][  0]LogTemp: Display: Loaded TP WindowsNoEditorTargetPlatform
[2018.12.12-06.51.04:429][  0]LogTemp: Display: Loaded TP WindowsServerTargetPlatform
[2018.12.12-06.51.04:436][  0]LogTemp: Display: Loaded TP WindowsTargetPlatform
[2018.12.12-06.51.04:534][  0]LogTemp: Display: Loaded TP AndroidTargetPlatform
[2018.12.12-06.51.04:534][  0]LogTemp: Display: Loaded TP AndroidTargetPlatform
[2018.12.12-06.51.04:534][  0]LogTemp: Display: Loaded TP AndroidTargetPlatform
[2018.12.12-06.51.04:534][  0]LogTemp: Display: Loaded TP AndroidTargetPlatform
[2018.12.12-06.51.04:534][  0]LogTemp: Display: Loaded TP AndroidTargetPlatform
[2018.12.12-06.51.04:534][  0]LogTemp: Display: Loaded TP AndroidTargetPlatform
[2018.12.12-06.51.04:534][  0]LogTemp: Display: Loaded TP AndroidTargetPlatform
[2018.12.12-06.51.04:534][  0]LogTemp: Display: Loaded TP AndroidTargetPlatform
[2018.12.12-06.51.04:534][  0]LogTemp: Display: Loaded TP AndroidTargetPlatform
[2018.12.12-06.51.04:534][  0]LogTemp: Display: Loaded TP AndroidTargetPlatform
[2018.12.12-06.51.04:534][  0]LogTemp: Display: Loaded TP AndroidTargetPlatform
[2018.12.12-06.51.04:534][  0]LogTemp: Display: Loaded TP AndroidTargetPlatform
[2018.12.12-06.51.04:534][  0]LogTemp: Display: Loaded TP AndroidTargetPlatform
[2018.12.12-06.51.04:534][  0]LogTemp: Display: Loaded TP AndroidTargetPlatform
[2018.12.12-06.51.04:534][  0]LogTemp: Display: Loaded TP AndroidTargetPlatform
[2018.12.12-06.51.04:534][  0]LogTemp: Display: Loaded TP AndroidTargetPlatform
[2018.12.12-06.51.04:534][  0]LogTemp: Display: Loaded TP AndroidTargetPlatform
[2018.12.12-06.51.04:534][  0]LogTemp: Display: Loaded TP AndroidTargetPlatform
[2018.12.12-06.51.04:535][  0]LogTemp: Display: Loaded TP HTML5TargetPlatform
[2018.12.12-06.51.04:604][  0]LogTemp: Display: Loaded TP IOSTargetPlatform
[2018.12.12-06.51.04:604][  0]LogTemp: Display: Loaded TP IOSTargetPlatform
[2018.12.12-06.51.04:651][  0]LogTemp: Display: Loaded TP TVOSTargetPlatform
[2018.12.12-06.51.04:651][  0]LogTemp: Display: Loaded TP TVOSTargetPlatform
[2018.12.12-06.51.04:671][  0]LogTemp: Display: Loaded TP LinuxClientTargetPlatform
[2018.12.12-06.51.04:690][  0]LogTemp: Display: Loaded TP LinuxNoEditorTargetPlatform
[2018.12.12-06.51.04:708][  0]LogTemp: Display: Loaded TP LinuxServerTargetPlatform
[2018.12.12-06.51.04:730][  0]LogTemp: Display: Loaded TP LinuxTargetPlatform
[2018.12.12-06.51.04:745][  0]LogTemp: Display: Loaded TP LuminTargetPlatform
[2018.12.12-06.51.04:745][  0]LogTargetPlatformManager: Display: Building Assets For Windows
[2018.12.12-06.51.04:837][  0]LogXGEController: Cannot use XGE Controller as Incredibuild is not installed on this machine.
[2018.12.12-06.51.04:838][  0]LogShaderCompilers: Cannot use XGE Shader Compiler as Incredibuild is not installed on this machine.
[2018.12.12-06.51.04:838][  0]LogShaderCompilers: Display: Using Local Shader Compiler.
[2018.12.12-06.51.05:709][  0]LogDerivedDataCache: Display: Max Cache Size: 512 MB
[2018.12.12-06.51.05:772][  0]LogDerivedDataCache: Loaded boot cache 0.06s 71MB C:/Users/frankj6/AppData/Local/UnrealEngine/4.20/DerivedDataCache/Boot.ddc.
[2018.12.12-06.51.05:773][  0]LogDerivedDataCache: Display: Loaded Boot cache: C:/Users/frankj6/AppData/Local/UnrealEngine/4.20/DerivedDataCache/Boot.ddc
[2018.12.12-06.51.05:773][  0]LogDerivedDataCache: FDerivedDataBackendGraph:  Pak pak cache file ../../../../../../Users/frankj6/Documents/GameDevOne/TeamSadMen/TeamSadMen/TeamSadMen/DerivedDataCache/DDC.ddp not found, will not use a pak cache.
[2018.12.12-06.51.05:773][  0]LogDerivedDataCache: Unable to find inner node Pak for hierarchical cache Hierarchy.
[2018.12.12-06.51.05:773][  0]LogDerivedDataCache: FDerivedDataBackendGraph:  CompressedPak pak cache file ../../../../../../Users/frankj6/Documents/GameDevOne/TeamSadMen/TeamSadMen/TeamSadMen/DerivedDataCache/Compressed.ddp not found, will not use a pak cache.
[2018.12.12-06.51.05:773][  0]LogDerivedDataCache: Unable to find inner node CompressedPak for hierarchical cache Hierarchy.
[2018.12.12-06.51.05:788][  0]LogDerivedDataCache: Display: Pak cache opened for reading ../../../Engine/DerivedDataCache/Compressed.ddp.
[2018.12.12-06.51.05:801][  0]LogDerivedDataCache: Using Local data cache path C:/Users/frankj6/AppData/Local/UnrealEngine/Common/DerivedDataCache: Writable
[2018.12.12-06.51.05:801][  0]LogDerivedDataCache: Shared data cache path not found in *engine.ini, will not use an Shared cache.
[2018.12.12-06.51.05:801][  0]LogDerivedDataCache: Unable to find inner node Shared for hierarchical cache Hierarchy.
[2018.12.12-06.51.05:824][  0]LogMaterial: Verifying Global Shaders for PCD3D_SM5
[2018.12.12-06.51.05:825][  0]LogSlate: Using FreeType 2.6.0
[2018.12.12-06.51.05:826][  0]LogSlate: SlateFontServices - WITH_FREETYPE: 1, WITH_HARFBUZZ: 1
[2018.12.12-06.51.05:908][  0]LogAssetRegistry: FAssetRegistry took 0.0283 seconds to start up
[2018.12.12-06.51.06:335][  0]LogInit: Selected Device Profile: [Windows]
[2018.12.12-06.51.06:517][  0]LogSimplygon: Simplygon DLL not present - disabling.
[2018.12.12-06.51.06:522][  0]LogMeshReduction: Using SimplygonSwarm for distributed automatic mesh merging
[2018.12.12-06.51.06:522][  0]LogMeshReduction: Using ProxyLODMeshReduction for automatic mesh merging
[2018.12.12-06.51.06:522][  0]LogMeshReduction: Using QuadricMeshReduction for automatic static mesh reduction
[2018.12.12-06.51.06:522][  0]LogMeshReduction: No automatic skeletal mesh reduction module available
[2018.12.12-06.51.06:541][  0]LogNetVersion: TeamSadMen 1.0.0, NetCL: 4212847, EngineNetVer: 5, GameNetVer: 0 (Checksum: 1220547581)
[2018.12.12-06.51.07:231][  0]LogPackageLocalizationCache: Processed 11 localized package path(s) for 2 prioritized culture(s) in 0.199552 seconds
[2018.12.12-06.51.07:237][  0]LogUObjectArray: 38425 objects as part of root set at end of initial load.
[2018.12.12-06.51.07:237][  0]LogUObjectAllocator: 6690872 out of 0 bytes used by permanent object pool.
[2018.12.12-06.51.07:237][  0]LogUObjectArray: CloseDisregardForGC: 0/0 objects in disregard for GC pool
[2018.12.12-06.51.08:248][  0]LogTcpMessaging: Initializing TcpMessaging bridge
[2018.12.12-06.51.08:264][  0]LogUdpMessaging: Initializing bridge on interface 0.0.0.0:0 to multicast group 230.0.0.1:6666.
[2018.12.12-06.51.08:427][  0]SourceControl: Source control is disabled
[2018.12.12-06.51.08:427][  0]SourceControl: Source control is disabled
[2018.12.12-06.51.08:429][  0]SourceControl: Source control is disabled
[2018.12.12-06.51.08:430][  0]SourceControl: Source control is disabled
[2018.12.12-06.51.08:610][  0]LogAndroidPermission: UAndroidPermissionCallbackProxy::GetInstance
[2018.12.12-06.51.08:673][  0]LogOcInput: OculusInput pre-init called
[2018.12.12-06.51.08:754][  0]LogEngine: Initializing Engine...
[2018.12.12-06.51.08:755][  0]LogHMD: Failed to initialize OpenVR with code 110
[2018.12.12-06.51.08:757][  0]LogStats: UGameplayTagsManager::ConstructGameplayTagTree: ImportINI prefixes -  0.000 s
[2018.12.12-06.51.08:757][  0]LogStats: UGameplayTagsManager::ConstructGameplayTagTree: Construct from data asset -  0.000 s
[2018.12.12-06.51.08:757][  0]LogStats: UGameplayTagsManager::ConstructGameplayTagTree: ImportINI -  0.000 s
[2018.12.12-06.51.08:757][  0]LogStats: UGameplayTagsManager::ConstructGameplayTagTree: GameplayTagTreeChangedEvent.Broadcast -  0.000 s
[2018.12.12-06.51.09:009][  0]LogInit: Initializing FReadOnlyCVARCache
[2018.12.12-06.51.09:027][  0]LogAIModule: Creating AISystem for world Untitled
[2018.12.12-06.51.09:035][  0]LogInit: XAudio2 using 'Speaker/HP (Realtek High Definition Audio)' : 2 channels at 48 kHz using 32 bits per sample (channel mask 0x3)
[2018.12.12-06.51.09:086][  0]LogInit: FAudioDevice initialized.
[2018.12.12-06.51.09:086][  0]LogNetVersion: Set ProjectVersion to 1.0.0.0. Version Checksum will be recalculated on next use.
[2018.12.12-06.51.09:183][  0]LogDerivedDataCache: Saved boot cache 0.10s 71MB C:/Users/frankj6/AppData/Local/UnrealEngine/4.20/DerivedDataCache/Boot.ddc.
[2018.12.12-06.51.09:195][  0]LogInit: Texture streaming: Enabled
[2018.12.12-06.51.09:217][  0]LogEngineSessionManager: EngineSessionManager initialized
[2018.12.12-06.51.09:235][  0]LogInit: Transaction tracking system initialized
[2018.12.12-06.51.09:262][  0]BlueprintLog: New page: Editor Load
[2018.12.12-06.51.09:352][  0]LocalizationService: Localization service is disabled
[2018.12.12-06.51.09:750][  0]LogCook: Display: Max memory allowance for cook 16384mb min free memory 0mb
[2018.12.12-06.51.09:750][  0]LogCook: Display: Mobile HDR setting 1
[2018.12.12-06.51.09:750][  0]LogGameplayTags: Display: UGameplayTagsManager::DoneAddingNativeTags. DelegateIsBound: 0
[2018.12.12-06.51.09:750][  0]LogStats: UGameplayTagsManager::ConstructGameplayTagTree: ImportINI prefixes -  0.000 s
[2018.12.12-06.51.09:750][  0]LogStats: UGameplayTagsManager::ConstructGameplayTagTree: Construct from data asset -  0.000 s
[2018.12.12-06.51.09:750][  0]LogStats: UGameplayTagsManager::ConstructGameplayTagTree: ImportINI -  0.000 s
[2018.12.12-06.51.09:750][  0]LogStats: UGameplayTagsManager::ConstructGameplayTagTree: GameplayTagTreeChangedEvent.Broadcast -  0.000 s
[2018.12.12-06.51.09:905][  0]LogFileCache: Scanning file cache for directory 'C:/Users/frankj6/Documents/GameDevOne/TeamSadMen/TeamSadMen/TeamSadMen/Content/' took 0.02s
[2018.12.12-06.51.09:905][  0]SourceControl: Source control is disabled
[2018.12.12-06.51.09:905][  0]Cmd: MAP LOAD FILE="../../../../../../Users/frankj6/Documents/GameDevOne/TeamSadMen/TeamSadMen/TeamSadMen/Content/FirstPersonBP/Maps/FirstPersonExampleMap.umap" TEMPLATE=0 SHOWPROGRESS=1 FEATURELEVEL=3
[2018.12.12-06.51.09:905][  0]LightingResults: New page: Lighting Build
[2018.12.12-06.51.09:909][  0]MapCheck: New page: Map Check
[2018.12.12-06.51.09:909][  0]LightingResults: New page: Lighting Build
[2018.12.12-06.51.10:586][  0]LogAIModule: Creating AISystem for world FirstPersonExampleMap
[2018.12.12-06.51.10:599][  0]LogEditorServer: Finished looking for orphan Actors (0.000 secs)
[2018.12.12-06.51.10:623][  0]Cmd: MAP CHECKDEP NOCLEARLOG
[2018.12.12-06.51.10:720][  0]MapCheck: Map check complete: 0 Error(s), 0 Warning(s), took 96.845ms to complete.
[2018.12.12-06.51.10:720][  0]LogFileHelpers: Loading map 'FirstPersonExampleMap' took 0.815
[2018.12.12-06.51.10:833][  0]LogSlate: Updating window title bar state: overlay mode, drag disabled, window buttons hidden, title bar hidden
[2018.12.12-06.51.10:843][  0]LogSlate: Updating window title bar state: overlay mode, drag disabled, window buttons hidden, title bar hidden
[2018.12.12-06.51.10:851][  0]LogSlate: Updating window title bar state: overlay mode, drag disabled, window buttons hidden, title bar hidden
[2018.12.12-06.51.10:863][  0]LogSlate: Updating window title bar state: overlay mode, drag disabled, window buttons hidden, title bar hidden
[2018.12.12-06.51.10:870][  0]LogCollectionManager: Loaded 0 collections in 0.001669 seconds
[2018.12.12-06.51.10:911][  0]LogFileCache: Scanning file cache for directory 'C:/Users/frankj6/Documents/GameDevOne/TeamSadMen/TeamSadMen/TeamSadMen/Saved/Collections/' took 0.01s
[2018.12.12-06.51.10:911][  0]LogFileCache: Scanning file cache for directory 'C:/Users/frankj6/Documents/GameDevOne/TeamSadMen/TeamSadMen/TeamSadMen/Content/Developers/frankj6/Collections/' took 0.01s
[2018.12.12-06.51.10:911][  0]LogFileCache: Scanning file cache for directory 'C:/Users/frankj6/Documents/GameDevOne/TeamSadMen/TeamSadMen/TeamSadMen/Content/Collections/' took 0.01s
[2018.12.12-06.51.10:911][  0]LogCollectionManager: Rebuilt the GUID cache for 0 collections in 0.000000 seconds
[2018.12.12-06.51.10:923][  0]LogContentBrowser: Native class hierarchy populated in 0.0116 seconds. Added 2572 classes and 603 folders.
[2018.12.12-06.51.10:931][  0]LogContentBrowser: Native class hierarchy updated for 'WidgetCarousel' in 0.0002 seconds. Added 0 classes and 0 folders.
[2018.12.12-06.51.10:984][  0]LogContentBrowser: Native class hierarchy updated for 'AddContentDialog' in 0.0003 seconds. Added 0 classes and 0 folders.
[2018.12.12-06.51.10:990][  0]LogContentBrowser: Native class hierarchy updated for 'SceneOutliner' in 0.0004 seconds. Added 1 classes and 2 folders.
[2018.12.12-06.51.11:060][  0]LogSlate: Took 0.000701 seconds to synchronously load lazily loaded font '../../../Engine/Content/Slate/Fonts/Roboto-Regular.ttf' (155K)
[2018.12.12-06.51.11:064][  0]LogSlate: Took 0.000712 seconds to synchronously load lazily loaded font '../../../Engine/Content/Slate/Fonts/Roboto-Bold.ttf' (160K)
[2018.12.12-06.51.11:072][  0]LogSlate: Took 0.000346 seconds to synchronously load lazily loaded font '../../../Engine/Content/Editor/Slate/Fonts/FontAwesome.ttf' (139K)
[2018.12.12-06.51.11:178][  0]LogRenderer: Reallocating scene render targets to support 964x436 Format 10 NumSamples 1 (Frame:1).
[2018.12.12-06.51.11:377][  0]LogContentBrowser: Native class hierarchy updated for 'HierarchicalLODOutliner' in 0.0003 seconds. Added 0 classes and 0 folders.
[2018.12.12-06.51.11:377][  0]LogLoad: (Engine Initialization) Total time: 10.27 seconds
[2018.12.12-06.51.11:377][  0]LogLoad: (Engine Initialization) Total Blueprint compile time: 0.00 seconds
[2018.12.12-06.51.11:396][  0]LogWindowsTextInputMethodSystem: Display: IME system now deactivated.
[2018.12.12-06.51.11:414][  0]LogContentStreaming: Texture pool size now 1000 MB
[2018.12.12-06.51.11:442][  0]LogSlate: Took 0.000209 seconds to synchronously load lazily loaded font '../../../Engine/Content/Slate/Fonts/Roboto-Light.ttf' (167K)
[2018.12.12-06.51.11:489][  2]LogAssetRegistry: Asset discovery search completed in 5.6039 seconds
[2018.12.12-06.51.11:492][  2]LogCollectionManager: Rebuilt the object cache for 0 collections in 0.000000 seconds (found 0 objects)
[2018.12.12-06.51.11:492][  2]LogCollectionManager: Fixed up redirectors for 0 collections in 0.000087 seconds (updated 0 objects)
[2018.12.12-06.51.14:799][ 78]LogSlate: FSceneViewport::OnFocusLost() reason 0
[2018.12.12-06.51.17:672][169]LogSlate: Took 0.000199 seconds to synchronously load lazily loaded font '../../../Engine/Content/Slate/Fonts/Roboto-Light.ttf' (167K)
[2018.12.12-06.51.18:026][169]LogAIModule: Creating AISystem for world BillTest
[2018.12.12-06.51.19:882][277]LogAssetEditorManager: Opening Asset editor for World /Game/FirstPersonBP/Maps/BillTest.BillTest
[2018.12.12-06.51.19:909][277]Cmd: MAP LOAD FILE="../../../../../../Users/frankj6/Documents/GameDevOne/TeamSadMen/TeamSadMen/TeamSadMen/Content/FirstPersonBP/Maps/BillTest.umap" TEMPLATE=0 SHOWPROGRESS=1 FEATURELEVEL=3
[2018.12.12-06.51.19:910][277]LightingResults: New page: Lighting Build
[2018.12.12-06.51.19:911][277]LoadErrors: New page: Loading map: BillTest.umap
[2018.12.12-06.51.19:913][277]MapCheck: New page: Map Check
[2018.12.12-06.51.19:913][277]LightingResults: New page: Lighting Build
[2018.12.12-06.51.20:006][277]LogEditorServer: Finished looking for orphan Actors (0.000 secs)
[2018.12.12-06.51.20:074][277]Cmd: MAP CHECKDEP NOCLEARLOG
[2018.12.12-06.51.20:172][277]MapCheck: Map check complete: 0 Error(s), 0 Warning(s), took 97.853ms to complete.
[2018.12.12-06.51.20:174][277]LogFileHelpers: Loading map 'BillTest' took 0.265
[2018.12.12-06.51.22:572][347]LogAssetEditorManager: Opening Asset editor for LevelScriptBlueprint /Game/FirstPersonBP/Maps/BillTest.BillTest:PersistentLevel.BillTest
[2018.12.12-06.51.23:178][347]LogContentBrowser: Native class hierarchy updated for 'BlueprintGraph' in 0.0007 seconds. Added 116 classes and 0 folders.
[2018.12.12-06.51.24:042][347]LogSlate: Took 0.000255 seconds to synchronously load lazily loaded font '../../../Engine/Content/Slate/Fonts/Roboto-BoldCondensed.ttf' (158K)
[2018.12.12-06.51.24:240][348]LogSlate: Took 0.000452 seconds to synchronously load lazily loaded font '../../../Engine/Content/Slate/Fonts/Roboto-Italic.ttf' (157K)
[2018.12.12-06.51.26:041][408]LogAssetEditorManager: Opening Asset editor for Blueprint /Game/FirstPersonBP/Blueprints/PizzaGameState.PizzaGameState
[2018.12.12-06.51.50:790][204]BlueprintLog: New page: Compile PizzaGameState
[2018.12.12-06.52.07:591][881]BlueprintLog: New page: Compile PizzaGameState
[2018.12.12-06.52.08:574][895]LogSavePackage: Moving '../../../../../../Users/frankj6/Documents/GameDevOne/TeamSadMen/TeamSadMen/TeamSadMen/Saved/PizzaGameState92F4DC354E6A9A555F7E1882643300E9.tmp' to '../../../../../../Users/frankj6/Documents/GameDevOne/TeamSadMen/TeamSadMen/TeamSadMen/Content/FirstPersonBP/Blueprints/PizzaGameState.uasset'
[2018.12.12-06.52.10:329][938]LogTemp: Repeating last play command: Selected Viewport
[2018.12.12-06.52.10:372][938]LogBlueprintUserMessages: Early PlayInEditor Detection: Level '/Game/FirstPersonBP/Maps/BillTest.BillTest:PersistentLevel' has LevelScriptBlueprint '/Game/FirstPersonBP/Maps/BillTest.BillTest:PersistentLevel.BillTest' with GeneratedClass '/Game/FirstPersonBP/Maps/BillTest.BillTest_C' with ClassGeneratedBy '/Game/FirstPersonBP/Maps/BillTest.BillTest:PersistentLevel.BillTest'
[2018.12.12-06.52.10:372][938]LogPlayLevel: PlayLevel: No blueprints needed recompiling
[2018.12.12-06.52.10:386][938]PIE: New page: PIE session: BillTest (Dec 11, 2018, 8:52:10 PM)
[2018.12.12-06.52.10:386][938]LogPlayLevel: Creating play world package: /Game/FirstPersonBP/Maps/UEDPIE_0_BillTest
[2018.12.12-06.52.10:394][938]LogPlayLevel: PIE: StaticDuplicateObject took: (0.007370s)
[2018.12.12-06.52.10:395][938]LogAIModule: Creating AISystem for world BillTest
[2018.12.12-06.52.10:395][938]LogPlayLevel: PIE: World Init took: (0.001241s)
[2018.12.12-06.52.10:395][938]LogPlayLevel: PIE: Created PIE world by copying editor world from /Game/FirstPersonBP/Maps/BillTest.BillTest to /Game/FirstPersonBP/Maps/UEDPIE_0_BillTest.BillTest (0.008832s)
[2018.12.12-06.52.10:434][938]LogInit: XAudio2 using 'Speaker/HP (Realtek High Definition Audio)' : 2 channels at 48 kHz using 32 bits per sample (channel mask 0x3)
[2018.12.12-06.52.10:455][938]LogInit: FAudioDevice initialized.
[2018.12.12-06.52.10:499][938]LogLoad: Game class is 'BillGameMode_C'
[2018.12.12-06.52.10:501][938]LogWorld: Bringing World /Game/FirstPersonBP/Maps/UEDPIE_0_BillTest.BillTest up for play (max tick rate 60) at 2018.12.12-01.52.10
[2018.12.12-06.52.10:501][938]LogWorld: Bringing up level for play took: 0.001115
[2018.12.12-06.52.10:526][938]LogContentBrowser: Native class hierarchy updated for 'MovieSceneCapture' in 0.0004 seconds. Added 10 classes and 0 folders.
[2018.12.12-06.52.10:528][938]LogScript: Warning: Attempted to access index 0 from array Bills of length 0!
	BillTest_C /Game/FirstPersonBP/Maps/UEDPIE_0_BillTest.BillTest:PersistentLevel.BillTest_C_5
	Function /Game/FirstPersonBP/Maps/BillTest.BillTest_C:ExecuteUbergraph_BillTest:01D0
[2018.12.12-06.52.10:528][938]PIE: Error: Blueprint Runtime Error: "Attempted to access index 0 from array Bills of length 0!". Blueprint:  BillTest Function:  Execute Ubergraph Bill Test Graph:  EventGraph Node:  Add Bill
[2018.12.12-06.52.10:528][938]LogOutputDevice: Warning: 

Script Stack:
BillDisplay_C.AddBill
BillTest_C.ExecuteUbergraph_BillTest
BillTest_C.ReceiveBeginPlay

[2018.12.12-06.52.11:266][938]LogStats: FPlatformStackWalk::StackWalkAndDump -  0.738 s
[2018.12.12-06.52.11:266][938]LogOutputDevice: Error: === Handled ensure: ===
[2018.12.12-06.52.11:266][938]LogOutputDevice: Error: 
[2018.12.12-06.52.11:266][938]LogOutputDevice: Error: Ensure condition failed: Stack.MostRecentPropertyAddress [File:D:\Build\++UE4\Sync\Engine\Source\Runtime\CoreUObject\Private\UObject\ScriptCore.cpp] [Line: 844]
[2018.12.12-06.52.11:266][938]LogOutputDevice: Error: 
[2018.12.12-06.52.11:266][938]LogOutputDevice: Error: Stack: 
[2018.12.12-06.52.11:266][938]LogOutputDevice: Error: [Callstack] 0x00007ff9bb2e71f6 UE4Editor-Core.dll!UnknownFunction []
[2018.12.12-06.52.11:266][938]LogOutputDevice: Error: [Callstack] 0x00007ff9bb020c92 UE4Editor-Core.dll!UnknownFunction []
[2018.12.12-06.52.11:266][938]LogOutputDevice: Error: [Callstack] 0x00007ff9bb03b356 UE4Editor-Core.dll!UnknownFunction []
[2018.12.12-06.52.11:266][938]LogOutputDevice: Error: [Callstack] 0x00007ff9c6041a03 UE4Editor-CoreUObject.dll!UnknownFunction []
[2018.12.12-06.52.11:266][938]LogOutputDevice: Error: [Callstack] 0x00007ff9c605f499 UE4Editor-CoreUObject.dll!UnknownFunction []
[2018.12.12-06.52.11:266][938]LogOutputDevice: Error: [Callstack] 0x00007ff9c6061b96 UE4Editor-CoreUObject.dll!UnknownFunction []
[2018.12.12-06.52.11:266][938]LogOutputDevice: Error: [Callstack] 0x00007ff9c604205d UE4Editor-CoreUObject.dll!UnknownFunction []
[2018.12.12-06.52.11:266][938]LogOutputDevice: Error: [Callstack] 0x00007ff9c6061b96 UE4Editor-CoreUObject.dll!UnknownFunction []
[2018.12.12-06.52.11:266][938]LogOutputDevice: Error: [Callstack] 0x00007ff9c5e36467 UE4Editor-CoreUObject.dll!UnknownFunction []
[2018.12.12-06.52.11:266][938]LogOutputDevice: Error: [Callstack] 0x00007ff9c6061133 UE4Editor-CoreUObject.dll!UnknownFunction []
[2018.12.12-06.52.11:266][938]LogOutputDevice: Error: [Callstack] 0x00007ff9abce8033 UE4Editor-Engine.dll!UnknownFunction []
[2018.12.12-06.52.11:266][938]LogOutputDevice: Error: [Callstack] 0x00007ff9abcae87c UE4Editor-Engine.dll!UnknownFunction []
[2018.12.12-06.52.11:266][938]LogOutputDevice: Error: [Callstack] 0x00007ff9abcba752 UE4Editor-Engine.dll!UnknownFunction []
[2018.12.12-06.52.11:266][938]LogOutputDevice: Error: [Callstack] 0x00007ff9ad015119 UE4Editor-Engine.dll!UnknownFunction []
[2018.12.12-06.52.11:266][938]LogOutputDevice: Error: [Callstack] 0x00007ff9ac3d3d51 UE4Editor-Engine.dll!UnknownFunction []
[2018.12.12-06.52.11:266][938]LogOutputDevice: Error: [Callstack] 0x00007ff9acff93be UE4Editor-Engine.dll!UnknownFunction []
[2018.12.12-06.52.11:266][938]LogOutputDevice: Error: [Callstack] 0x00007ff9ac3f1fed UE4Editor-Engine.dll!UnknownFunction []
[2018.12.12-06.52.11:266][938]LogOutputDevice: Error: [Callstack] 0x00007ff9aadaf989 UE4Editor-UnrealEd.dll!UnknownFunction []
[2018.12.12-06.52.11:266][938]LogOutputDevice: Error: [Callstack] 0x00007ff9aadd01ac UE4Editor-UnrealEd.dll!UnknownFunction []
[2018.12.12-06.52.11:266][938]LogOutputDevice: Error: [Callstack] 0x00007ff9aadee536 UE4Editor-UnrealEd.dll!UnknownFunction []
[2018.12.12-06.52.11:266][938]LogOutputDevice: Error: [Callstack] 0x00007ff9aa806b41 UE4Editor-UnrealEd.dll!UnknownFunction []
[2018.12.12-06.52.11:266][938]LogOutputDevice: Error: [Callstack] 0x00007ff9ab0ff666 UE4Editor-UnrealEd.dll!UnknownFunction []
[2018.12.12-06.52.11:266][938]LogOutputDevice: Error: [Callstack] 0x00007ff76a4a5cbd UE4Editor.exe!UnknownFunction []
[2018.12.12-06.52.11:266][938]LogOutputDevice: Error: [Callstack] 0x00007ff76a4b5b3c UE4Editor.exe!UnknownFunction []
[2018.12.12-06.52.11:266][938]LogOutputDevice: Error: [Callstack] 0x00007ff76a4b5bba UE4Editor.exe!UnknownFunction []
[2018.12.12-06.52.11:266][938]LogOutputDevice: Error: [Callstack] 0x00007ff76a4c3dac UE4Editor.exe!UnknownFunction []
[2018.12.12-06.52.11:266][938]LogOutputDevice: Error: [Callstack] 0x00007ff76a4c5aaa UE4Editor.exe!UnknownFunction []
[2018.12.12-06.52.11:266][938]LogOutputDevice: Error: [Callstack] 0x00007ffa1a3e3034 KERNEL32.DLL!UnknownFunction []
[2018.12.12-06.52.11:267][938]LogOutputDevice: Error: [Callstack] 0x00007ffa1b5f1471 ntdll.dll!UnknownFunction []
[2018.12.12-06.52.11:267][938]LogOutputDevice: Error: 
[2018.12.12-06.52.11:275][938]LogStats:                SubmitErrorReport -  0.000 s
[2018.12.12-06.52.11:761][938]LogStats:                    SendNewReport -  0.487 s
[2018.12.12-06.52.11:761][938]LogStats:             FDebug::EnsureFailed -  1.234 s
[2018.12.12-06.52.11:763][938]PIE: Play in editor start time for /Game/FirstPersonBP/Maps/UEDPIE_0_BillTest 1.15
[2018.12.12-06.52.11:763][938]LogBlueprintUserMessages: Late PlayInEditor Detection: Level '/Game/FirstPersonBP/Maps/BillTest.BillTest:PersistentLevel' has LevelScriptBlueprint '/Game/FirstPersonBP/Maps/BillTest.BillTest:PersistentLevel.BillTest' with GeneratedClass '/Game/FirstPersonBP/Maps/BillTest.BillTest_C' with ClassGeneratedBy '/Game/FirstPersonBP/Maps/BillTest.BillTest:PersistentLevel.BillTest'
[2018.12.12-06.52.12:784][938]LogWindows: Error: === Critical error: ===
[2018.12.12-06.52.12:784][938]LogWindows: Error: 
[2018.12.12-06.52.12:785][938]LogWindows: Error: Unhandled Exception: EXCEPTION_ACCESS_VIOLATION reading address 0x00000000
[2018.12.12-06.52.12:785][938]LogWindows: Error: 
[2018.12.12-06.52.12:785][938]LogWindows: Error: [Callstack] 0x00007ff9bafec06f UE4Editor-Core.dll!UnknownFunction []
[2018.12.12-06.52.12:785][938]LogWindows: Error: [Callstack] 0x00007ff9bafd9e38 UE4Editor-Core.dll!UnknownFunction []
[2018.12.12-06.52.12:785][938]LogWindows: Error: [Callstack] 0x00007ff9babc56df UE4Editor-Slate.dll!UnknownFunction []
[2018.12.12-06.52.12:785][938]LogWindows: Error: [Callstack] 0x00007ff9babc5f3c UE4Editor-Slate.dll!UnknownFunction []
[2018.12.12-06.52.12:785][938]LogWindows: Error: [Callstack] 0x00007ff9ba61b508 UE4Editor-SlateCore.dll!UnknownFunction []
[2018.12.12-06.52.12:785][938]LogWindows: Error: [Callstack] 0x00007ff9ba6c595d UE4Editor-SlateCore.dll!UnknownFunction []
[2018.12.12-06.52.12:785][938]LogWindows: Error: [Callstack] 0x00007ff9ba6c590d UE4Editor-SlateCore.dll!UnknownFunction []
[2018.12.12-06.52.12:785][938]LogWindows: Error: [Callstack] 0x00007ff9ba6c590d UE4Editor-SlateCore.dll!UnknownFunction []
[2018.12.12-06.52.12:785][938]LogWindows: Error: [Callstack] 0x00007ff9ba6c590d UE4Editor-SlateCore.dll!UnknownFunction []
[2018.12.12-06.52.12:785][938]LogWindows: Error: [Callstack] 0x00007ff9ba6c590d UE4Editor-SlateCore.dll!UnknownFunction []
[2018.12.12-06.52.12:785][938]LogWindows: Error: [Callstack] 0x00007ff9ba6c590d UE4Editor-SlateCore.dll!UnknownFunction []
[2018.12.12-06.52.12:785][938]LogWindows: Error: [Callstack] 0x00007ff9ba6c590d UE4Editor-SlateCore.dll!UnknownFunction []
[2018.12.12-06.52.12:785][938]LogWindows: Error: [Callstack] 0x00007ff9ba6c590d UE4Editor-SlateCore.dll!UnknownFunction []
[2018.12.12-06.52.12:785][938]LogWindows: Error: [Callstack] 0x00007ff9ba6c590d UE4Editor-SlateCore.dll!UnknownFunction []
[2018.12.12-06.52.12:785][938]LogWindows: Error: [Callstack] 0x00007ff9ba6c590d UE4Editor-SlateCore.dll!UnknownFunction []
[2018.12.12-06.52.12:785][938]LogWindows: Error: [Callstack] 0x00007ff9ba6c590d UE4Editor-SlateCore.dll!UnknownFunction []
[2018.12.12-06.52.12:785][938]LogWindows: Error: [Callstack] 0x00007ff9ba6c590d UE4Editor-SlateCore.dll!UnknownFunction []
[2018.12.12-06.52.12:785][938]LogWindows: Error: [Callstack] 0x00007ff9ba6c590d UE4Editor-SlateCore.dll!UnknownFunction []
[2018.12.12-06.52.12:785][938]LogWindows: Error: [Callstack] 0x00007ff9ba6c590d UE4Editor-SlateCore.dll!UnknownFunction []
[2018.12.12-06.52.12:785][938]LogWindows: Error: [Callstack] 0x00007ff9ba6c590d UE4Editor-SlateCore.dll!UnknownFunction []
[2018.12.12-06.52.12:785][938]LogWindows: Error: [Callstack] 0x00007ff9ba6c590d UE4Editor-SlateCore.dll!UnknownFunction []
[2018.12.12-06.52.12:785][938]LogWindows: Error: [Callstack] 0x00007ff9ba6c590d UE4Editor-SlateCore.dll!UnknownFunction []
[2018.12.12-06.52.12:785][938]LogWindows: Error: [Callstack] 0x00007ff9ba6c590d UE4Editor-SlateCore.dll!UnknownFunction []
[2018.12.12-06.52.12:785][938]LogWindows: Error: [Callstack] 0x00007ff9ba6c590d UE4Editor-SlateCore.dll!UnknownFunction []
[2018.12.12-06.52.12:785][938]LogWindows: Error: [Callstack] 0x00007ff9ba6c590d UE4Editor-SlateCore.dll!UnknownFunction []
[2018.12.12-06.52.12:785][938]LogWindows: Error: [Callstack] 0x00007ff9ba6c590d UE4Editor-SlateCore.dll!UnknownFunction []
[2018.12.12-06.52.12:785][938]LogWindows: Error: [Callstack] 0x00007ff9ba6c590d UE4Editor-SlateCore.dll!UnknownFunction []
[2018.12.12-06.52.12:785][938]LogWindows: Error: [Callstack] 0x00007ff9ba6c590d UE4Editor-SlateCore.dll!UnknownFunction []
[2018.12.12-06.52.12:786][938]LogWindows: Error: [Callstack] 0x00007ff9ba6c590d UE4Editor-SlateCore.dll!UnknownFunction []
[2018.12.12-06.52.12:786][938]LogWindows: Error: [Callstack] 0x00007ff9ba6c590d UE4Editor-SlateCore.dll!UnknownFunction []
[2018.12.12-06.52.12:786][938]LogWindows: Error: [Callstack] 0x00007ff9ba6c590d UE4Editor-SlateCore.dll!UnknownFunction []
[2018.12.12-06.52.12:786][938]LogWindows: Error: [Callstack] 0x00007ff9ba6c590d UE4Editor-SlateCore.dll!UnknownFunction []
[2018.12.12-06.52.12:786][938]LogWindows: Error: [Callstack] 0x00007ff9ba6c590d UE4Editor-SlateCore.dll!UnknownFunction []
[2018.12.12-06.52.12:786][938]LogWindows: Error: [Callstack] 0x00007ff9ba6c590d UE4Editor-SlateCore.dll!UnknownFunction []
[2018.12.12-06.52.12:786][938]LogWindows: Error: [Callstack] 0x00007ff9ba6c590d UE4Editor-SlateCore.dll!UnknownFunction []
[2018.12.12-06.52.12:786][938]LogWindows: Error: [Callstack] 0x00007ff9ba6c590d UE4Editor-SlateCore.dll!UnknownFunction []
[2018.12.12-06.52.12:786][938]LogWindows: Error: [Callstack] 0x00007ff9ba6c590d UE4Editor-SlateCore.dll!UnknownFunction []
[2018.12.12-06.52.12:786][938]LogWindows: Error: [Callstack] 0x00007ff9ba6c590d UE4Editor-SlateCore.dll!UnknownFunction []
[2018.12.12-06.52.12:786][938]LogWindows: Error: [Callstack] 0x00007ff9ba6c590d UE4Editor-SlateCore.dll!UnknownFunction []
[2018.12.12-06.52.12:786][938]LogWindows: Error: [Callstack] 0x00007ff9ba6c590d UE4Editor-SlateCore.dll!UnknownFunction []
[2018.12.12-06.52.12:786][938]LogWindows: Error: [Callstack] 0x00007ff9ba6c590d UE4Editor-SlateCore.dll!UnknownFunction []
[2018.12.12-06.52.12:786][938]LogWindows: Error: [Callstack] 0x00007ff9ba6c590d UE4Editor-SlateCore.dll!UnknownFunction []
[2018.12.12-06.52.12:786][938]LogWindows: Error: [Callstack] 0x00007ff9ba6c590d UE4Editor-SlateCore.dll!UnknownFunction []
[2018.12.12-06.52.12:786][938]LogWindows: Error: [Callstack] 0x00007ff9ba6c590d UE4Editor-SlateCore.dll!UnknownFunction []
[2018.12.12-06.52.12:786][938]LogWindows: Error: [Callstack] 0x00007ff9ba6c590d UE4Editor-SlateCore.dll!UnknownFunction []
[2018.12.12-06.52.12:786][938]LogWindows: Error: [Callstack] 0x00007ff9ba6c590d UE4Editor-SlateCore.dll!UnknownFunction []
[2018.12.12-06.52.12:786][938]LogWindows: Error: [Callstack] 0x00007ff9ba6c590d UE4Editor-SlateCore.dll!UnknownFunction []
[2018.12.12-06.52.12:786][938]LogWindows: Error: [Callstack] 0x00007ff9ba6c590d UE4Editor-SlateCore.dll!UnknownFunction []
[2018.12.12-06.52.12:786][938]LogWindows: Error: [Callstack] 0x00007ff9ba6c590d UE4Editor-SlateCore.dll!UnknownFunction []
[2018.12.12-06.52.12:786][938]LogWindows: Error: [Callstack] 0x00007ff9ba6c590d UE4Editor-SlateCore.dll!UnknownFunction []
[2018.12.12-06.52.12:786][938]LogWindows: Error: [Callstack] 0x00007ff9ba6c590d UE4Editor-SlateCore.dll!UnknownFunction []
[2018.12.12-06.52.12:786][938]LogWindows: Error: [Callstack] 0x00007ff9ba6c590d UE4Editor-SlateCore.dll!UnknownFunction []
[2018.12.12-06.52.12:786][938]LogWindows: Error: [Callstack] 0x00007ff9ba6c590d UE4Editor-SlateCore.dll!UnknownFunction []
[2018.12.12-06.52.12:787][938]LogWindows: Error: [Callstack] 0x00007ff9ba6c590d UE4Editor-SlateCore.dll!UnknownFunction []
[2018.12.12-06.52.12:787][938]LogWindows: Error: [Callstack] 0x00007ff9ba9726ac UE4Editor-Slate.dll!UnknownFunction []
[2018.12.12-06.52.12:787][938]LogWindows: Error: [Callstack] 0x00007ff9ba93d28b UE4Editor-Slate.dll!UnknownFunction []
[2018.12.12-06.52.12:787][938]LogWindows: Error: [Callstack] 0x00007ff9ba9730a5 UE4Editor-Slate.dll!UnknownFunction []
[2018.12.12-06.52.12:787][938]LogWindows: Error: [Callstack] 0x00007ff9ba93e7cf UE4Editor-Slate.dll!UnknownFunction []
[2018.12.12-06.52.12:787][938]LogWindows: Error: [Callstack] 0x00007ff9ba99f010 UE4Editor-Slate.dll!UnknownFunction []
[2018.12.12-06.52.12:787][938]LogWindows: Error: [Callstack] 0x00007ff9ba99dd17 UE4Editor-Slate.dll!UnknownFunction []
[2018.12.12-06.52.12:787][938]LogWindows: Error: [Callstack] 0x00007ff76a4a6aa7 UE4Editor.exe!UnknownFunction []
[2018.12.12-06.52.12:787][938]LogWindows: Error: [Callstack] 0x00007ff76a4b5b3c UE4Editor.exe!UnknownFunction []
[2018.12.12-06.52.12:787][938]LogWindows: Error: [Callstack] 0x00007ff76a4b5bba UE4Editor.exe!UnknownFunction []
[2018.12.12-06.52.12:787][938]LogWindows: Error: [Callstack] 0x00007ff76a4c3dac UE4Editor.exe!UnknownFunction []
[2018.12.12-06.52.12:787][938]LogWindows: Error: [Callstack] 0x00007ff76a4c5aaa UE4Editor.exe!UnknownFunction []
[2018.12.12-06.52.12:787][938]LogWindows: Error: [Callstack] 0x00007ffa1a3e3034 KERNEL32.DLL!UnknownFunction []
[2018.12.12-06.52.12:787][938]LogWindows: Error: [Callstack] 0x00007ffa1b5f1471 ntdll.dll!UnknownFunction []
[2018.12.12-06.52.12:787][938]LogWindows: Error: 
[2018.12.12-06.52.12:803][938]LogExit: Executing StaticShutdownAfterError
[2018.12.12-06.52.12:807][938]LogWindows: FPlatformMisc::RequestExit(1)
[2018.12.12-06.52.12:813][938]Log file closed, 12/12/18 01:52:12
