Log file open, 12/05/18 13:58:27
LogWindows: Failed to load 'aqProf.dll' (GetLastError=126)
LogWindows: File 'aqProf.dll' does not exist
LogWindows: Failed to load 'VtuneApi.dll' (GetLastError=126)
LogWindows: File 'VtuneApi.dll' does not exist
LogWindows: Failed to load 'VtuneApi32e.dll' (GetLastError=126)
LogWindows: File 'VtuneApi32e.dll' does not exist
LogInit: Display: Running engine for game: TeamSadMen
LogPlatformFile: Not using cached read wrapper
LogTaskGraph: Started task graph with 5 named threads and 23 total threads with 3 sets of task threads.
LogStats: Stats thread started at 0.286301
LogD3D11RHI: Loaded GFSDK_Aftermath_Lib.x64.dll
LogICUInternationalization: Display: ICU TimeZone Detection - Raw Offset: -5:00, Platform Override: ''
LogPluginManager: Mounting plugin Paper2D
LogPluginManager: Mounting plugin AISupport
LogPluginManager: Mounting plugin LightPropagationVolume
LogPluginManager: Mounting plugin CLionSourceCodeAccess
LogPluginManager: Mounting plugin CodeLiteSourceCodeAccess
LogPluginManager: Mounting plugin GitSourceControl
LogPluginManager: Mounting plugin KDevelopSourceCodeAccess
LogPluginManager: Mounting plugin NullSourceCodeAccess
LogPluginManager: Mounting plugin PerforceSourceControl
LogPluginManager: Mounting plugin SubversionSourceControl
LogPluginManager: Mounting plugin UObjectPlugin
LogPluginManager: Mounting plugin VisualStudioCodeSourceCodeAccess
LogPluginManager: Mounting plugin VisualStudioSourceCodeAccess
LogPluginManager: Mounting plugin XCodeSourceCodeAccess
LogPluginManager: Mounting plugin AssetManagerEditor
LogPluginManager: Mounting plugin CryptoKeys
LogPluginManager: Mounting plugin DataValidation
LogPluginManager: Mounting plugin FacialAnimation
LogPluginManager: Mounting plugin GameplayTagsEditor
LogPluginManager: Mounting plugin MacGraphicsSwitching
LogPluginManager: Mounting plugin MeshEditor
LogPluginManager: Mounting plugin MobileLauncherProfileWizard
LogPluginManager: Mounting plugin PluginBrowser
LogPluginManager: Mounting plugin SpeedTreeImporter
LogPluginManager: Mounting plugin DatasmithContent
LogPluginManager: Mounting plugin AlembicImporter
LogPluginManager: Mounting plugin AppleImageUtils
LogPluginManager: Mounting plugin AppleVision
LogPluginManager: Mounting plugin BackChannel
LogPluginManager: Mounting plugin CharacterAI
LogPluginManager: Mounting plugin GeometryCache
LogPluginManager: Mounting plugin HTML5Networking
LogPluginManager: Mounting plugin ProxyLODPlugin
LogPluginManager: Mounting plugin MagicLeap
LogPluginManager: Mounting plugin MagicLeapEmulator
LogPluginManager: Mounting plugin MagicLeapMedia
LogPluginManager: Mounting plugin AndroidMedia
LogPluginManager: Mounting plugin AvfMedia
LogPluginManager: Mounting plugin ImgMedia
LogPluginManager: Mounting plugin LinearTimecode
LogPluginManager: Mounting plugin MediaCompositing
LogPluginManager: Mounting plugin MediaPlayerEditor
LogPluginManager: Mounting plugin WmfMedia
LogPluginManager: Mounting plugin TcpMessaging
LogPluginManager: Mounting plugin UdpMessaging
LogPluginManager: Mounting plugin ActorSequence
LogPluginManager: Mounting plugin LevelSequenceEditor
LogPluginManager: Mounting plugin MatineeToLevelSequence
LogPluginManager: Mounting plugin NetcodeUnitTest
LogPluginManager: Mounting plugin NUTUnrealEngine4
LogPluginManager: Mounting plugin OnlineSubsystemGooglePlay
LogPluginManager: Mounting plugin OnlineSubsystemIOS
LogPluginManager: Mounting plugin OnlineSubsystem
LogPluginManager: Mounting plugin OnlineSubsystemNull
LogPluginManager: Mounting plugin OnlineSubsystemUtils
LogPluginManager: Mounting plugin LauncherChunkInstaller
LogPluginManager: Mounting plugin AndroidDeviceProfileSelector
LogPluginManager: Mounting plugin AndroidMoviePlayer
LogPluginManager: Mounting plugin AndroidPermission
LogPluginManager: Mounting plugin AppleMoviePlayer
LogPluginManager: Mounting plugin ArchVisCharacter
LogPluginManager: Mounting plugin AudioCapture
LogPluginManager: Mounting plugin CableComponent
LogPluginManager: Mounting plugin CustomMeshComponent
LogPluginManager: Mounting plugin EditableMesh
LogPluginManager: Mounting plugin ExampleDeviceProfileSelector
LogPluginManager: Mounting plugin GoogleCloudMessaging
LogPluginManager: Mounting plugin ImmediatePhysics
LogPluginManager: Mounting plugin IOSDeviceProfileSelector
LogPluginManager: Mounting plugin LinuxDeviceProfileSelector
LogPluginManager: Mounting plugin LocationServicesBPLibrary
LogPluginManager: Mounting plugin MobilePatchingUtils
LogPluginManager: Mounting plugin OculusVR
LogPluginManager: Plugin shader directory ../../../Engine/Plugins/Runtime/Oculus/OculusVR/Shaders found
LogPluginManager: Mapping shader source directory ../../../Engine/Plugins/Runtime/Oculus/OculusVR/Shaders to virtual directory /Plugin/OculusVR
LogPluginManager: Mounting plugin PhysXVehicles
LogPluginManager: Mounting plugin ProceduralMeshComponent
LogPluginManager: Mounting plugin RuntimePhysXCooking
LogPluginManager: Mounting plugin SteamVR
LogPluginManager: Mounting plugin WindowsMoviePlayer
LogStreaming: Display: Took  0.127s to configure plugins.
LogInit: Using libcurl 7.55.1-DEV
LogInit:  - built for x86_64-pc-win32
LogInit:  - supports SSL with OpenSSL/1.0.2h
LogInit:  - supports HTTP deflate (compression) using libz 1.2.8
LogInit:  - other features:
LogInit:      CURL_VERSION_SSL
LogInit:      CURL_VERSION_LIBZ
LogInit:      CURL_VERSION_IPV6
LogInit:      CURL_VERSION_ASYNCHDNS
LogInit:      CURL_VERSION_LARGEFILE
LogInit:      CURL_VERSION_IDN
LogInit:  CurlRequestOptions (configurable via config and command line):
LogInit:  - bVerifyPeer = false  - Libcurl will NOT verify peer certificate
LogInit:  - bUseHttpProxy = false  - Libcurl will NOT use HTTP proxy
LogInit:  - bDontReuseConnections = false  - Libcurl will reuse connections
LogInit:  - CertBundlePath = nullptr  - Libcurl will use whatever was configured at build time.
LogInit:  - MaxHostConnections = 16  - Libcurl will limit the number of connections to a host
LogInit:  - LocalHostAddr = Default
LogInit:  - BufferSize = 65536
LogInit: WinSock: version 1.1 (2.2), MaxSocks=32767, MaxUdp=65467
LogInit: Build: ++UE4+Release-4.20-CL-4369336
LogInit: Engine Version: 4.20.3-4369336+++UE4+Release-4.20
LogInit: Compatible Engine Version: 4.20.0-4212847+++UE4+Release-4.20
LogInit: Net CL: 4212847
LogInit: OS: Windows 10 (), CPU: Intel(R) Core(TM) i7-6700HQ CPU @ 2.60GHz, GPU: Intel(R) HD Graphics 530
LogInit: Compiled (64-bit): Sep 17 2018 12:26:19
LogInit: Compiled with Visual C++: 19.13.26129.00
LogInit: Build Configuration: Development
LogInit: Branch Name: ++UE4+Release-4.20
LogInit: Command Line:  
LogInit: Base Directory: C:/Program Files/Epic Games/UE_4.20/Engine/Binaries/Win64/
LogInit: Installed Engine Build: 1
LogDevObjectVersion: Number of dev versions registered: 20
LogDevObjectVersion:   Dev-Blueprints (B0D832E4-1F89-4F0D-ACCF-7EB736FD4AA2): 10
LogDevObjectVersion:   Dev-Build (E1C64328-A22C-4D53-A36C-8E866417BD8C): 0
LogDevObjectVersion:   Dev-Core (375EC13C-06E4-48FB-B500-84F0262A717E): 2
LogDevObjectVersion:   Dev-Editor (E4B068ED-F494-42E9-A231-DA0B2E46BB41): 24
LogDevObjectVersion:   Dev-Framework (CFFC743F-43B0-4480-9391-14DF171D2073): 34
LogDevObjectVersion:   Dev-Mobile (B02B49B5-BB20-44E9-A304-32B752E40360): 2
LogDevObjectVersion:   Dev-Networking (A4E4105C-59A1-49B5-A7C5-40C4547EDFEE): 0
LogDevObjectVersion:   Dev-Online (39C831C9-5AE6-47DC-9A44-9C173E1C8E7C): 0
LogDevObjectVersion:   Dev-Physics (78F01B33-EBEA-4F98-B9B4-84EACCB95AA2): 0
LogDevObjectVersion:   Dev-Platform (6631380F-2D4D-43E0-8009-CF276956A95A): 0
LogDevObjectVersion:   Dev-Rendering (12F88B9F-8875-4AFC-A67C-D90C383ABD29): 26
LogDevObjectVersion:   Dev-Sequencer (7B5AE74C-D270-4C10-A958-57980B212A5A): 9
LogDevObjectVersion:   Dev-VR (D7296918-1DD6-4BDD-9DE2-64A83CC13884): 2
LogDevObjectVersion:   Dev-LoadTimes (C2A15278-BFE7-4AFE-6C17-90FF531DF755): 1
LogDevObjectVersion:   Private-Geometry (6EACA3D4-40EC-4CC1-B786-8BED09428FC5): 3
LogDevObjectVersion:   Dev-AnimPhys (29E575DD-E0A3-4627-9D10-D276232CDCEA): 17
LogDevObjectVersion:   Dev-ReflectionCapture (6B266CEC-1EC7-4B8F-A30B-E4D90942FC07): 1
LogDevObjectVersion:   Dev-Automation (0DF73D61-A23F-47EA-B727-89E90C41499A): 1
LogDevObjectVersion:   FortniteMain (601D1886-AC64-4F84-AA16-D3DE0DEAC7D6): 12
LogDevObjectVersion:   Dev-Enterprise (9DFFBCD6-494F-0158-E221-12823C92A888): 1
LogStreaming: Display: Took  0.002s to delete old logs.
LogInit: Presizing for max 8388607 objects, including 0 objects not considered by GC, pre-allocating 0 bytes for permanent pool.
LogInit: Object subsystem initialized
[2018.12.05-18.58.27:342][  0]LogInit: Selected Device Profile: [Windows]
[2018.12.05-18.58.27:342][  0]LogInit: Applying CVar settings loaded from the selected device profile: [Windows]
[2018.12.05-18.58.27:358][  0]LogHAL: Display: Platform has ~ 16 GB [16964771840 / 17179869184 / 16], which maps to Larger [LargestMinGB=32, LargerMinGB=12, DefaultMinGB=8, SmallerMinGB=6, SmallestMinGB=0)
[2018.12.05-18.58.27:358][  0]LogInit: Setting Device Profile CVar: [[r.Vulkan.UseRealUBs:1]]
[2018.12.05-18.58.27:358][  0]LogInit: Going up to parent DeviceProfile []
[2018.12.05-18.58.27:358][  0]LogInit: Computer: DESKTOP-HIBAT0Q
[2018.12.05-18.58.27:358][  0]LogInit: User: kubok
[2018.12.05-18.58.27:358][  0]LogInit: CPU Page size=4096, Cores=4
[2018.12.05-18.58.27:358][  0]LogInit: High frequency timer resolution =2.531255 MHz
[2018.12.05-18.58.27:359][  0]LogMemory: Memory total: Physical=15.8GB (16GB approx)
[2018.12.05-18.58.27:359][  0]LogMemory: Platform Memory Stats for Windows
[2018.12.05-18.58.27:359][  0]LogMemory: Process Physical Memory: 99.70 MB used, 99.70 MB peak
[2018.12.05-18.58.27:359][  0]LogMemory: Process Virtual Memory: 90.95 MB used, 90.95 MB peak
[2018.12.05-18.58.27:359][  0]LogMemory: Physical Memory: 5335.37 MB used,  10843.50 MB free, 16178.87 MB total
[2018.12.05-18.58.27:359][  0]LogMemory: Virtual Memory: 4640.40 MB used,  10843.50 MB free, 134217728.00 MB total
[2018.12.05-18.58.27:384][  0]LogInit: Using OS detected language (en-US).
[2018.12.05-18.58.27:384][  0]LogInit: Using OS detected locale (en-US).
[2018.12.05-18.58.27:385][  0]LogTextLocalizationManager: No specific localization for 'en-US' exists, so the 'en' localization will be used.
[2018.12.05-18.58.27:767][  0]LogStreaming: Display: Took  0.383s to InitEngineTextLocalization.
[2018.12.05-18.58.27:767][  0]LogInit: Setting process to per monitor DPI aware
[2018.12.05-18.58.27:814][  0]LogSlate: New Slate User Created.  User Index 0, Is Virtual User: 0
[2018.12.05-18.58.27:814][  0]LogSlate: Slate User Registered.  User Index 0, Is Virtual User: 0
[2018.12.05-18.58.28:054][  0]LogHMD: Failed to initialize OpenVR with code 110
[2018.12.05-18.58.28:054][  0]LogD3D11RHI: D3D11 adapters:
[2018.12.05-18.58.28:125][  0]LogD3D11RHI:    0. 'NVIDIA GeForce GTX 960M' (Feature Level 11_0)
[2018.12.05-18.58.28:125][  0]LogD3D11RHI:       2010/0/8089 MB DedicatedVideo/DedicatedSystem/SharedSystem, Outputs:1, VendorId:0x10de
[2018.12.05-18.58.28:135][  0]LogD3D11RHI:    1. 'Intel(R) HD Graphics 530' (Feature Level 11_0)
[2018.12.05-18.58.28:135][  0]LogD3D11RHI:       128/0/8089 MB DedicatedVideo/DedicatedSystem/SharedSystem, Outputs:0, VendorId:0x8086
[2018.12.05-18.58.28:137][  0]LogD3D11RHI:    2. 'Microsoft Basic Render Driver' (Feature Level 11_0)
[2018.12.05-18.58.28:137][  0]LogD3D11RHI:       0/0/8089 MB DedicatedVideo/DedicatedSystem/SharedSystem, Outputs:0, VendorId:0x1414
[2018.12.05-18.58.28:137][  0]LogD3D11RHI: Chosen D3D11 Adapter: 0
[2018.12.05-18.58.28:175][  0]LogD3D11RHI: Creating new Direct3DDevice
[2018.12.05-18.58.28:175][  0]LogD3D11RHI:     GPU DeviceId: 0x139b (for the marketing name, search the web for "GPU Device Id")
[2018.12.05-18.58.28:175][  0]LogWindows: EnumDisplayDevices:
[2018.12.05-18.58.28:175][  0]LogWindows:    0. 'Intel(R) HD Graphics 530' (P:1 D:1)
[2018.12.05-18.58.28:175][  0]LogWindows:    1. 'Intel(R) HD Graphics 530' (P:0 D:0)
[2018.12.05-18.58.28:176][  0]LogWindows:    2. 'Intel(R) HD Graphics 530' (P:0 D:0)
[2018.12.05-18.58.28:176][  0]LogWindows: DebugString: PrimaryIsNotTheChoosenAdapter PrimaryIsNotTheChoosenAdapter PrimaryIsNotTheChoosenAdapter FoundDriverCount:0 
[2018.12.05-18.58.28:176][  0]LogD3D11RHI:     Adapter Name: NVIDIA GeForce GTX 960M
[2018.12.05-18.58.28:176][  0]LogD3D11RHI:   Driver Version: Unknown (internal:Unknown, unified:Unknown)
[2018.12.05-18.58.28:176][  0]LogD3D11RHI:      Driver Date: Unknown
[2018.12.05-18.58.28:176][  0]LogRHI: Texture pool is 1407 MB (70% of 2010 MB)
[2018.12.05-18.58.28:224][  0]LogD3D11RHI: Async texture creation enabled
[2018.12.05-18.58.28:259][  0]LogD3D11RHI: GPU Timing Frequency: 1000.000000 (Debug: 2 2)
[2018.12.05-18.58.28:259][  0]LogShaderCompilers: Guid format shader working directory is -2 characters bigger than the processId version (../../../../../../Git Hub/TeamSadMen/TeamSadMen/Intermediate/Shaders/WorkingDirectory/15880/).
[2018.12.05-18.58.28:260][  0]LogShaderCompilers: Cleaned the shader compiler working directory 'C:/Users/kubok/AppData/Local/Temp/UnrealShaderWorkingDir/E85505BB43A4D2ADFFC9DC944B2801F8/'.
[2018.12.05-18.58.28:553][  0]LogTemp: Display: Loaded TP AllDesktopTargetPlatform
[2018.12.05-18.58.28:567][  0]LogTemp: Display: Loaded TP MacClientTargetPlatform
[2018.12.05-18.58.28:579][  0]LogTemp: Display: Loaded TP MacNoEditorTargetPlatform
[2018.12.05-18.58.28:593][  0]LogTemp: Display: Loaded TP MacServerTargetPlatform
[2018.12.05-18.58.28:607][  0]LogTemp: Display: Loaded TP MacTargetPlatform
[2018.12.05-18.58.28:620][  0]LogTemp: Display: Loaded TP WindowsClientTargetPlatform
[2018.12.05-18.58.28:634][  0]LogTemp: Display: Loaded TP WindowsNoEditorTargetPlatform
[2018.12.05-18.58.28:647][  0]LogTemp: Display: Loaded TP WindowsServerTargetPlatform
[2018.12.05-18.58.28:654][  0]LogTemp: Display: Loaded TP WindowsTargetPlatform
[2018.12.05-18.58.28:731][  0]LogTemp: Display: Loaded TP AndroidTargetPlatform
[2018.12.05-18.58.28:731][  0]LogTemp: Display: Loaded TP AndroidTargetPlatform
[2018.12.05-18.58.28:731][  0]LogTemp: Display: Loaded TP AndroidTargetPlatform
[2018.12.05-18.58.28:731][  0]LogTemp: Display: Loaded TP AndroidTargetPlatform
[2018.12.05-18.58.28:731][  0]LogTemp: Display: Loaded TP AndroidTargetPlatform
[2018.12.05-18.58.28:731][  0]LogTemp: Display: Loaded TP AndroidTargetPlatform
[2018.12.05-18.58.28:731][  0]LogTemp: Display: Loaded TP AndroidTargetPlatform
[2018.12.05-18.58.28:731][  0]LogTemp: Display: Loaded TP AndroidTargetPlatform
[2018.12.05-18.58.28:731][  0]LogTemp: Display: Loaded TP AndroidTargetPlatform
[2018.12.05-18.58.28:731][  0]LogTemp: Display: Loaded TP AndroidTargetPlatform
[2018.12.05-18.58.28:731][  0]LogTemp: Display: Loaded TP AndroidTargetPlatform
[2018.12.05-18.58.28:731][  0]LogTemp: Display: Loaded TP AndroidTargetPlatform
[2018.12.05-18.58.28:731][  0]LogTemp: Display: Loaded TP AndroidTargetPlatform
[2018.12.05-18.58.28:731][  0]LogTemp: Display: Loaded TP AndroidTargetPlatform
[2018.12.05-18.58.28:731][  0]LogTemp: Display: Loaded TP AndroidTargetPlatform
[2018.12.05-18.58.28:731][  0]LogTemp: Display: Loaded TP AndroidTargetPlatform
[2018.12.05-18.58.28:731][  0]LogTemp: Display: Loaded TP AndroidTargetPlatform
[2018.12.05-18.58.28:731][  0]LogTemp: Display: Loaded TP AndroidTargetPlatform
[2018.12.05-18.58.28:733][  0]LogTemp: Display: Loaded TP HTML5TargetPlatform
[2018.12.05-18.58.28:793][  0]LogTemp: Display: Loaded TP IOSTargetPlatform
[2018.12.05-18.58.28:793][  0]LogTemp: Display: Loaded TP IOSTargetPlatform
[2018.12.05-18.58.28:818][  0]LogTemp: Display: Loaded TP TVOSTargetPlatform
[2018.12.05-18.58.28:818][  0]LogTemp: Display: Loaded TP TVOSTargetPlatform
[2018.12.05-18.58.28:830][  0]LogTemp: Display: Loaded TP LinuxClientTargetPlatform
[2018.12.05-18.58.28:844][  0]LogTemp: Display: Loaded TP LinuxNoEditorTargetPlatform
[2018.12.05-18.58.28:857][  0]LogTemp: Display: Loaded TP LinuxServerTargetPlatform
[2018.12.05-18.58.28:870][  0]LogTemp: Display: Loaded TP LinuxTargetPlatform
[2018.12.05-18.58.28:879][  0]LogTemp: Display: Loaded TP LuminTargetPlatform
[2018.12.05-18.58.28:879][  0]LogTargetPlatformManager: Display: Building Assets For Windows
[2018.12.05-18.58.28:943][  0]LogXGEController: Cleaning working directory: C:/Users/kubok/AppData/Local/Temp/UnrealXGEWorkingDir/
[2018.12.05-18.58.28:944][  0]LogXGEController: Cannot use XGE Controller as Incredibuild is not installed on this machine.
[2018.12.05-18.58.28:944][  0]LogShaderCompilers: Cannot use XGE Shader Compiler as Incredibuild is not installed on this machine.
[2018.12.05-18.58.28:944][  0]LogShaderCompilers: Display: Using Local Shader Compiler.
[2018.12.05-18.58.29:813][  0]LogDerivedDataCache: Display: Max Cache Size: 512 MB
[2018.12.05-18.58.29:876][  0]LogDerivedDataCache: Loaded boot cache 0.06s 71MB C:/Users/kubok/AppData/Local/UnrealEngine/4.20/DerivedDataCache/Boot.ddc.
[2018.12.05-18.58.29:877][  0]LogDerivedDataCache: Display: Loaded Boot cache: C:/Users/kubok/AppData/Local/UnrealEngine/4.20/DerivedDataCache/Boot.ddc
[2018.12.05-18.58.29:877][  0]LogDerivedDataCache: FDerivedDataBackendGraph:  Pak pak cache file ../../../../../../Git Hub/TeamSadMen/TeamSadMen/DerivedDataCache/DDC.ddp not found, will not use a pak cache.
[2018.12.05-18.58.29:877][  0]LogDerivedDataCache: Unable to find inner node Pak for hierarchical cache Hierarchy.
[2018.12.05-18.58.29:877][  0]LogDerivedDataCache: FDerivedDataBackendGraph:  CompressedPak pak cache file ../../../../../../Git Hub/TeamSadMen/TeamSadMen/DerivedDataCache/Compressed.ddp not found, will not use a pak cache.
[2018.12.05-18.58.29:877][  0]LogDerivedDataCache: Unable to find inner node CompressedPak for hierarchical cache Hierarchy.
[2018.12.05-18.58.29:894][  0]LogDerivedDataCache: Display: Pak cache opened for reading ../../../Engine/DerivedDataCache/Compressed.ddp.
[2018.12.05-18.58.29:907][  0]LogDerivedDataCache: Using Local data cache path C:/Users/kubok/AppData/Local/UnrealEngine/Common/DerivedDataCache: Writable
[2018.12.05-18.58.29:907][  0]LogDerivedDataCache: Shared data cache path not found in *engine.ini, will not use an Shared cache.
[2018.12.05-18.58.29:907][  0]LogDerivedDataCache: Unable to find inner node Shared for hierarchical cache Hierarchy.
[2018.12.05-18.58.29:930][  0]LogMaterial: Verifying Global Shaders for PCD3D_SM5
[2018.12.05-18.58.29:932][  0]LogSlate: Using FreeType 2.6.0
[2018.12.05-18.58.29:933][  0]LogSlate: SlateFontServices - WITH_FREETYPE: 1, WITH_HARFBUZZ: 1
[2018.12.05-18.58.30:016][  0]LogAssetRegistry: FAssetRegistry took 0.0261 seconds to start up
[2018.12.05-18.58.30:344][  0]LogInit: Selected Device Profile: [Windows]
[2018.12.05-18.58.30:488][  0]LogSimplygon: Simplygon DLL not present - disabling.
[2018.12.05-18.58.30:491][  0]LogMeshReduction: Using SimplygonSwarm for distributed automatic mesh merging
[2018.12.05-18.58.30:491][  0]LogMeshReduction: Using ProxyLODMeshReduction for automatic mesh merging
[2018.12.05-18.58.30:491][  0]LogMeshReduction: Using QuadricMeshReduction for automatic static mesh reduction
[2018.12.05-18.58.30:491][  0]LogMeshReduction: No automatic skeletal mesh reduction module available
[2018.12.05-18.58.30:512][  0]LogNetVersion: TeamSadMen 1.0.0, NetCL: 4212847, EngineNetVer: 5, GameNetVer: 0 (Checksum: 1220547581)
[2018.12.05-18.58.31:135][  0]LogPackageLocalizationCache: Processed 11 localized package path(s) for 2 prioritized culture(s) in 0.162230 seconds
[2018.12.05-18.58.31:141][  0]LogUObjectArray: 38425 objects as part of root set at end of initial load.
[2018.12.05-18.58.31:141][  0]LogUObjectAllocator: 6690872 out of 0 bytes used by permanent object pool.
[2018.12.05-18.58.31:141][  0]LogUObjectArray: CloseDisregardForGC: 0/0 objects in disregard for GC pool
[2018.12.05-18.58.32:109][  0]LogTcpMessaging: Initializing TcpMessaging bridge
[2018.12.05-18.58.32:122][  0]LogUdpMessaging: Initializing bridge on interface 0.0.0.0:0 to multicast group 230.0.0.1:6666.
[2018.12.05-18.58.32:271][  0]SourceControl: Source control is disabled
[2018.12.05-18.58.32:272][  0]SourceControl: Source control is disabled
[2018.12.05-18.58.32:274][  0]SourceControl: Source control is disabled
[2018.12.05-18.58.32:275][  0]SourceControl: Source control is disabled
[2018.12.05-18.58.32:439][  0]LogAndroidPermission: UAndroidPermissionCallbackProxy::GetInstance
[2018.12.05-18.58.32:507][  0]LogOcInput: OculusInput pre-init called
[2018.12.05-18.58.32:572][  0]LogEngine: Initializing Engine...
[2018.12.05-18.58.32:573][  0]LogHMD: Failed to initialize OpenVR with code 110
[2018.12.05-18.58.32:574][  0]LogStats: UGameplayTagsManager::ConstructGameplayTagTree: ImportINI prefixes -  0.000 s
[2018.12.05-18.58.32:574][  0]LogStats: UGameplayTagsManager::ConstructGameplayTagTree: Construct from data asset -  0.000 s
[2018.12.05-18.58.32:574][  0]LogStats: UGameplayTagsManager::ConstructGameplayTagTree: ImportINI -  0.000 s
[2018.12.05-18.58.32:574][  0]LogStats: UGameplayTagsManager::ConstructGameplayTagTree: GameplayTagTreeChangedEvent.Broadcast -  0.000 s
[2018.12.05-18.58.32:824][  0]LogInit: Initializing FReadOnlyCVARCache
[2018.12.05-18.58.32:840][  0]LogAIModule: Creating AISystem for world Untitled
[2018.12.05-18.58.32:854][  0]LogInit: XAudio2 using 'Speakers / Headphones (Realtek Audio)' : 2 channels at 48 kHz using 32 bits per sample (channel mask 0x3)
[2018.12.05-18.58.33:023][  0]LogInit: FAudioDevice initialized.
[2018.12.05-18.58.33:023][  0]LogNetVersion: Set ProjectVersion to 1.0.0.0. Version Checksum will be recalculated on next use.
[2018.12.05-18.58.33:087][  0]LogDerivedDataCache: Saved boot cache 0.06s 71MB C:/Users/kubok/AppData/Local/UnrealEngine/4.20/DerivedDataCache/Boot.ddc.
[2018.12.05-18.58.33:123][  0]LogInit: Texture streaming: Enabled
[2018.12.05-18.58.33:140][  0]LogEngineSessionManager: EngineSessionManager initialized
[2018.12.05-18.58.33:155][  0]LogInit: Transaction tracking system initialized
[2018.12.05-18.58.33:180][  0]BlueprintLog: New page: Editor Load
[2018.12.05-18.58.33:266][  0]LocalizationService: Localization service is disabled
[2018.12.05-18.58.33:544][  0]LogCook: Display: Max memory allowance for cook 16384mb min free memory 0mb
[2018.12.05-18.58.33:544][  0]LogCook: Display: Mobile HDR setting 1
[2018.12.05-18.58.33:544][  0]LogGameplayTags: Display: UGameplayTagsManager::DoneAddingNativeTags. DelegateIsBound: 0
[2018.12.05-18.58.33:544][  0]LogStats: UGameplayTagsManager::ConstructGameplayTagTree: ImportINI prefixes -  0.000 s
[2018.12.05-18.58.33:544][  0]LogStats: UGameplayTagsManager::ConstructGameplayTagTree: Construct from data asset -  0.000 s
[2018.12.05-18.58.33:544][  0]LogStats: UGameplayTagsManager::ConstructGameplayTagTree: ImportINI -  0.000 s
[2018.12.05-18.58.33:544][  0]LogStats: UGameplayTagsManager::ConstructGameplayTagTree: GameplayTagTreeChangedEvent.Broadcast -  0.000 s
[2018.12.05-18.58.33:668][  0]LogFileCache: Scanning file cache for directory 'C:/Git Hub/TeamSadMen/TeamSadMen/Content/' took 0.02s
[2018.12.05-18.58.33:668][  0]SourceControl: Source control is disabled
[2018.12.05-18.58.33:668][  0]Cmd: MAP LOAD FILE="../../../../../../Git Hub/TeamSadMen/TeamSadMen/Content/FirstPersonBP/Maps/FirstPersonExampleMap.umap" TEMPLATE=0 SHOWPROGRESS=1 FEATURELEVEL=3
[2018.12.05-18.58.33:668][  0]LightingResults: New page: Lighting Build
[2018.12.05-18.58.33:671][  0]MapCheck: New page: Map Check
[2018.12.05-18.58.33:671][  0]LightingResults: New page: Lighting Build
[2018.12.05-18.58.34:212][  0]LogAIModule: Creating AISystem for world FirstPersonExampleMap
[2018.12.05-18.58.34:226][  0]LogEditorServer: Finished looking for orphan Actors (0.000 secs)
[2018.12.05-18.58.34:251][  0]Cmd: MAP CHECKDEP NOCLEARLOG
[2018.12.05-18.58.34:328][  0]MapCheck: Map check complete: 0 Error(s), 0 Warning(s), took 78.325ms to complete.
[2018.12.05-18.58.34:328][  0]LogFileHelpers: Loading map 'FirstPersonExampleMap' took 0.661
[2018.12.05-18.58.34:440][  0]LogSlate: Updating window title bar state: overlay mode, drag disabled, window buttons hidden, title bar hidden
[2018.12.05-18.58.34:449][  0]LogSlate: Updating window title bar state: overlay mode, drag disabled, window buttons hidden, title bar hidden
[2018.12.05-18.58.34:458][  0]LogSlate: Updating window title bar state: overlay mode, drag disabled, window buttons hidden, title bar hidden
[2018.12.05-18.58.34:466][  0]LogSlate: Updating window title bar state: overlay mode, drag disabled, window buttons hidden, title bar hidden
[2018.12.05-18.58.34:473][  0]LogCollectionManager: Loaded 0 collections in 0.002167 seconds
[2018.12.05-18.58.34:514][  0]LogFileCache: Scanning file cache for directory 'C:/Git Hub/TeamSadMen/TeamSadMen/Saved/Collections/' took 0.01s
[2018.12.05-18.58.34:514][  0]LogFileCache: Scanning file cache for directory 'C:/Git Hub/TeamSadMen/TeamSadMen/Content/Developers/kubok/Collections/' took 0.01s
[2018.12.05-18.58.34:514][  0]LogFileCache: Scanning file cache for directory 'C:/Git Hub/TeamSadMen/TeamSadMen/Content/Collections/' took 0.01s
[2018.12.05-18.58.34:514][  0]LogCollectionManager: Rebuilt the GUID cache for 0 collections in 0.000000 seconds
[2018.12.05-18.58.34:525][  0]LogContentBrowser: Native class hierarchy populated in 0.0111 seconds. Added 2572 classes and 603 folders.
[2018.12.05-18.58.34:532][  0]LogContentBrowser: Native class hierarchy updated for 'WidgetCarousel' in 0.0002 seconds. Added 0 classes and 0 folders.
[2018.12.05-18.58.34:575][  0]LogContentBrowser: Native class hierarchy updated for 'AddContentDialog' in 0.0002 seconds. Added 0 classes and 0 folders.
[2018.12.05-18.58.34:579][  0]LogContentBrowser: Native class hierarchy updated for 'SceneOutliner' in 0.0002 seconds. Added 1 classes and 2 folders.
[2018.12.05-18.58.34:595][  0]LogSlate: Took 0.000179 seconds to synchronously load lazily loaded font '../../../Engine/Content/Slate/Fonts/Roboto-Regular.ttf' (155K)
[2018.12.05-18.58.34:598][  0]LogSlate: Took 0.000224 seconds to synchronously load lazily loaded font '../../../Engine/Content/Slate/Fonts/Roboto-Bold.ttf' (160K)
[2018.12.05-18.58.34:604][  0]LogSlate: Took 0.000416 seconds to synchronously load lazily loaded font '../../../Engine/Content/Editor/Slate/Fonts/FontAwesome.ttf' (139K)
[2018.12.05-18.58.34:697][  0]LogRenderer: Reallocating scene render targets to support 960x428 Format 10 NumSamples 1 (Frame:1).
[2018.12.05-18.58.34:841][  0]LogContentBrowser: Native class hierarchy updated for 'HierarchicalLODOutliner' in 0.0006 seconds. Added 0 classes and 0 folders.
[2018.12.05-18.58.34:842][  0]LogLoad: (Engine Initialization) Total time: 9.20 seconds
[2018.12.05-18.58.34:842][  0]LogLoad: (Engine Initialization) Total Blueprint compile time: 0.00 seconds
[2018.12.05-18.58.34:869][  0]LogWindowsTextInputMethodSystem: Display: IME system now deactivated.
[2018.12.05-18.58.34:892][  0]LogContentStreaming: Texture pool size now 1000 MB
[2018.12.05-18.58.34:910][  0]LogSlate: Took 0.000292 seconds to synchronously load lazily loaded font '../../../Engine/Content/Slate/Fonts/Roboto-Light.ttf' (167K)
[2018.12.05-18.58.35:175][  1]LogAssetRegistry: Asset discovery search completed in 5.1811 seconds
[2018.12.05-18.58.35:178][  1]LogCollectionManager: Rebuilt the object cache for 0 collections in 0.000000 seconds (found 0 objects)
[2018.12.05-18.58.35:178][  1]LogCollectionManager: Fixed up redirectors for 0 collections in 0.000058 seconds (updated 0 objects)
[2018.12.05-18.59.38:782][871]LogSlate: FSceneViewport::OnFocusLost() reason 0
[2018.12.05-19.01.46:730][218]LogSlate: Took 0.000260 seconds to synchronously load lazily loaded font '../../../Engine/Content/Slate/Fonts/Roboto-Light.ttf' (167K)
[2018.12.05-19.01.47:039][218]LogAIModule: Creating AISystem for world PizzaPlace
[2018.12.05-19.01.47:061][218]LogAssetEditorManager: Opening Asset editor for World /Game/FirstPersonBP/Maps/PizzaPlace.PizzaPlace
[2018.12.05-19.01.47:090][218]Cmd: MAP LOAD FILE="../../../../../../Git Hub/TeamSadMen/TeamSadMen/Content/FirstPersonBP/Maps/PizzaPlace.umap" TEMPLATE=0 SHOWPROGRESS=1 FEATURELEVEL=3
[2018.12.05-19.01.47:090][218]LightingResults: New page: Lighting Build
[2018.12.05-19.01.47:091][218]LoadErrors: New page: Loading map: PizzaPlace.umap
[2018.12.05-19.01.47:092][218]MapCheck: New page: Map Check
[2018.12.05-19.01.47:092][218]LightingResults: New page: Lighting Build
[2018.12.05-19.01.47:139][218]LogEditorServer: Finished looking for orphan Actors (0.000 secs)
[2018.12.05-19.01.47:198][218]Cmd: MAP CHECKDEP NOCLEARLOG
[2018.12.05-19.01.47:303][218]MapCheck: Map check complete: 0 Error(s), 0 Warning(s), took 104.513ms to complete.
[2018.12.05-19.01.47:305][218]LogFileHelpers: Loading map 'PizzaPlace' took 0.215
[2018.12.05-19.01.53:999][483]LogEditorViewport: Clicking on Actor (LMB): StaticMeshActor (red_pepper)
[2018.12.05-19.01.55:621][547]LogSlate: FSceneViewport::OnFocusLost() reason 0
[2018.12.05-19.02.16:802][758]LogEditorFactories: Performing atomic reimport of [C:/Git Hub/TeamSadMen/TeamSadMen/Import/overhead_lamp.fbx]
[2018.12.05-19.02.16:850][758]LogFbx: Loading FBX Scene from C:/Git Hub/TeamSadMen/TeamSadMen/Import/overhead_lamp.fbx
[2018.12.05-19.02.16:856][758]LogFbx: FBX Scene Loaded Succesfully
[2018.12.05-19.02.16:870][758]LogFbx: Warning: Triangulating static mesh pCylinder1
[2018.12.05-19.02.16:903][758]LogStaticMesh: Building static mesh overhead_lamp...
[2018.12.05-19.02.16:913][758]LogStaticMesh: Built static mesh [0.01s] /Game/overhead_lamp.overhead_lamp
[2018.12.05-19.02.16:926][758]LogEditorFactories: -- imported successfully
[2018.12.05-19.02.16:945][758]LogEditorFactories: Performing atomic reimport of [C:/Git Hub/TeamSadMen/TeamSadMen/Import/bowl.fbx]
[2018.12.05-19.02.16:981][758]LogFbx: Loading FBX Scene from C:/Git Hub/TeamSadMen/TeamSadMen/Import/bowl.fbx
[2018.12.05-19.02.16:988][758]LogFbx: FBX Scene Loaded Succesfully
[2018.12.05-19.02.16:993][758]LogFbx: Warning: Triangulating static mesh bowl
[2018.12.05-19.02.17:014][758]LogStaticMesh: Building static mesh bowl...
[2018.12.05-19.02.17:020][758]LogStaticMesh: Built static mesh [0.01s] /Game/bowl.bowl
[2018.12.05-19.02.17:032][758]LogEditorFactories: -- imported successfully
[2018.12.05-19.02.17:044][758]LogEditorFactories: Performing atomic reimport of [C:/Git Hub/TeamSadMen/TeamSadMen/Import/oven.fbx]
[2018.12.05-19.02.17:089][758]LogFbx: Loading FBX Scene from C:/Git Hub/TeamSadMen/TeamSadMen/Import/oven.fbx
[2018.12.05-19.02.17:097][758]LogFbx: FBX Scene Loaded Succesfully
[2018.12.05-19.02.17:110][758]LogFbx: Warning: Triangulating static mesh pCylinder3
[2018.12.05-19.02.17:166][758]LogStaticMesh: Building static mesh oven...
[2018.12.05-19.02.17:176][758]LogStaticMesh: Built static mesh [0.01s] /Game/oven.oven
[2018.12.05-19.02.17:200][758]LogEditorFactories: -- imported successfully
[2018.12.05-19.02.17:252][758]LogFactory: FactoryCreateFile: StaticMesh with FbxFactory (0 0 C:\Git Hub\TeamSadMen\TeamSadMen\Import\pepperoni.fbx)
[2018.12.05-19.02.17:307][758]LogFbx: Loading FBX Scene from C:\Git Hub\TeamSadMen\TeamSadMen\Import\pepperoni.fbx
[2018.12.05-19.02.17:314][758]LogFbx: FBX Scene Loaded Succesfully
[2018.12.05-19.02.20:602][758]LogSlate: Window 'FBX Import Options' being destroyed
[2018.12.05-19.02.20:779][758]LogFbx: Warning: Triangulating static mesh pepperoni
[2018.12.05-19.02.20:832][758]LogStaticMesh: Building static mesh pepperoni...
[2018.12.05-19.02.20:845][758]LogStaticMesh: Built static mesh [0.01s] /Game/pepperoni.pepperoni
[2018.12.05-19.02.20:871][758]LogFactory: FactoryCreateFile: StaticMesh with FbxFactory (0 0 C:\Git Hub\TeamSadMen\TeamSadMen\Import\pineapple.fbx)
[2018.12.05-19.02.20:892][758]LogFbx: Loading FBX Scene from C:\Git Hub\TeamSadMen\TeamSadMen\Import\pineapple.fbx
[2018.12.05-19.02.20:901][758]LogFbx: FBX Scene Loaded Succesfully
[2018.12.05-19.02.20:903][758]LogFbx: Warning: Triangulating static mesh pCube1
[2018.12.05-19.02.20:918][758]LogStaticMesh: Building static mesh pineapple...
[2018.12.05-19.02.20:924][758]LogStaticMesh: Built static mesh [0.01s] /Game/pineapple.pineapple
[2018.12.05-19.02.20:947][758]LogFactory: FactoryCreateFile: StaticMesh with FbxFactory (0 0 C:\Git Hub\TeamSadMen\TeamSadMen\Import\red_pepper.fbx)
[2018.12.05-19.02.20:967][758]LogFbx: Loading FBX Scene from C:\Git Hub\TeamSadMen\TeamSadMen\Import\red_pepper.fbx
[2018.12.05-19.02.20:974][758]LogFbx: FBX Scene Loaded Succesfully
[2018.12.05-19.02.20:977][758]LogFbx: Warning: Triangulating static mesh red_pepper
[2018.12.05-19.02.21:018][758]LogStaticMesh: Building static mesh red_pepper...
[2018.12.05-19.02.21:032][758]LogStaticMesh: Built static mesh [0.01s] /Game/red_pepper.red_pepper
[2018.12.05-19.02.21:057][758]LogFactory: FactoryCreateFile: StaticMesh with FbxFactory (0 0 C:\Git Hub\TeamSadMen\TeamSadMen\Import\tomato.fbx)
[2018.12.05-19.02.21:075][758]LogFbx: Loading FBX Scene from C:\Git Hub\TeamSadMen\TeamSadMen\Import\tomato.fbx
[2018.12.05-19.02.21:083][758]LogFbx: FBX Scene Loaded Succesfully
[2018.12.05-19.02.21:086][758]LogFbx: Warning: Triangulating static mesh tomato
[2018.12.05-19.02.21:140][758]LogStaticMesh: Building static mesh tomato...
[2018.12.05-19.02.21:156][758]LogStaticMesh: Built static mesh [0.02s] /Game/tomato.tomato
[2018.12.05-19.02.21:194][758]LogFactory: FactoryCreateFile: StaticMesh with FbxFactory (0 0 C:\Git Hub\TeamSadMen\TeamSadMen\Import\dough.fbx)
[2018.12.05-19.02.21:209][758]LogFbx: Loading FBX Scene from C:\Git Hub\TeamSadMen\TeamSadMen\Import\dough.fbx
[2018.12.05-19.02.21:216][758]LogFbx: FBX Scene Loaded Succesfully
[2018.12.05-19.02.21:218][758]LogFbx: Warning: Triangulating static mesh pCube1
[2018.12.05-19.02.21:264][758]LogStaticMesh: Building static mesh dough...
[2018.12.05-19.02.21:277][758]LogStaticMesh: Built static mesh [0.01s] /Game/dough.dough
[2018.12.05-19.02.21:302][758]LogFactory: FactoryCreateFile: StaticMesh with FbxFactory (0 0 C:\Git Hub\TeamSadMen\TeamSadMen\Import\green_pepper.fbx)
[2018.12.05-19.02.21:323][758]LogFbx: Loading FBX Scene from C:\Git Hub\TeamSadMen\TeamSadMen\Import\green_pepper.fbx
[2018.12.05-19.02.21:329][758]LogFbx: FBX Scene Loaded Succesfully
[2018.12.05-19.02.21:332][758]LogFbx: Warning: Triangulating static mesh green_pepper
[2018.12.05-19.02.21:381][758]LogStaticMesh: Building static mesh green_pepper...
[2018.12.05-19.02.21:399][758]LogStaticMesh: Built static mesh [0.02s] /Game/green_pepper.green_pepper
[2018.12.05-19.02.25:122][892]LogActorFactory: Actor Factory created dough
[2018.12.05-19.02.25:134][892]LogActorFactory: Actor Factory created green_pepper
[2018.12.05-19.02.25:135][892]LogActorFactory: Actor Factory created pepperoni
[2018.12.05-19.02.25:135][892]LogActorFactory: Actor Factory created pineapple
[2018.12.05-19.02.25:135][892]LogActorFactory: Actor Factory created red_pepper
[2018.12.05-19.02.25:136][892]LogActorFactory: Actor Factory created tomato
[2018.12.05-19.02.27:188][989]LogActorFactory: Actor Factory created dough
[2018.12.05-19.02.27:208][989]LogActorFactory: Actor Factory created green_pepper
[2018.12.05-19.02.27:227][989]LogActorFactory: Actor Factory created pepperoni
[2018.12.05-19.02.27:247][989]LogActorFactory: Actor Factory created pineapple
[2018.12.05-19.02.27:265][989]LogActorFactory: Actor Factory created red_pepper
[2018.12.05-19.02.27:284][989]LogActorFactory: Actor Factory created tomato
[2018.12.05-19.02.29:623][ 60]Cmd: DELETE
[2018.12.05-19.02.29:623][ 60]Cmd: ACTOR DELETE
[2018.12.05-19.02.29:632][ 60]LogEditorActor: Deleted Actor: StaticMeshActor
[2018.12.05-19.02.29:633][ 60]LogEditorActor: Deleted Actor: StaticMeshActor
[2018.12.05-19.02.29:633][ 60]LogEditorActor: Deleted Actor: StaticMeshActor
[2018.12.05-19.02.29:633][ 60]LogEditorActor: Deleted Actor: StaticMeshActor
[2018.12.05-19.02.29:634][ 60]LogEditorActor: Deleted Actor: StaticMeshActor
[2018.12.05-19.02.29:634][ 60]LogEditorActor: Deleted Actor: StaticMeshActor
[2018.12.05-19.02.29:660][ 60]LogEditorActor: Deleted 6 Actors (0.036 secs)
[2018.12.05-19.02.30:802][100]LogSlate: FSceneViewport::OnFocusLost() reason 0
[2018.12.05-19.02.31:982][144]LogActorFactory: Actor Factory created green_pepper
[2018.12.05-19.02.32:723][177]LogActorFactory: Actor Factory created green_pepper
[2018.12.05-19.02.35:577][311]Cmd: DELETE
[2018.12.05-19.02.35:577][311]Cmd: ACTOR DELETE
[2018.12.05-19.02.35:583][311]LogEditorActor: Deleted Actor: StaticMeshActor
[2018.12.05-19.02.35:611][311]LogEditorActor: Deleted 1 Actors (0.034 secs)
[2018.12.05-19.02.37:543][392]LogSlate: FSceneViewport::OnFocusLost() reason 0
[2018.12.05-19.02.38:103][417]LogActorFactory: Actor Factory created pepperoni
[2018.12.05-19.02.39:224][473]LogActorFactory: Actor Factory created pepperoni
[2018.12.05-19.02.39:888][505]Cmd: DELETE
[2018.12.05-19.02.39:888][505]Cmd: ACTOR DELETE
[2018.12.05-19.02.39:895][505]LogEditorActor: Deleted Actor: StaticMeshActor
[2018.12.05-19.02.39:928][505]LogEditorActor: Deleted 1 Actors (0.039 secs)
[2018.12.05-19.02.40:936][554]LogSlate: FSceneViewport::OnFocusLost() reason 0
[2018.12.05-19.02.41:102][562]LogActorFactory: Actor Factory created pineapple
[2018.12.05-19.02.42:105][612]LogActorFactory: Actor Factory created pineapple
[2018.12.05-19.02.44:734][734]Cmd: DELETE
[2018.12.05-19.02.44:734][734]Cmd: ACTOR DELETE
[2018.12.05-19.02.44:740][734]LogEditorActor: Deleted Actor: StaticMeshActor
[2018.12.05-19.02.44:765][734]LogEditorActor: Deleted 1 Actors (0.031 secs)
[2018.12.05-19.02.45:798][776]LogSlate: FSceneViewport::OnFocusLost() reason 0
[2018.12.05-19.02.46:009][787]LogActorFactory: Actor Factory created red_pepper
[2018.12.05-19.02.46:740][817]LogActorFactory: Actor Factory created red_pepper
[2018.12.05-19.02.47:466][848]Cmd: DELETE
[2018.12.05-19.02.47:466][848]Cmd: ACTOR DELETE
[2018.12.05-19.02.47:472][848]LogEditorActor: Deleted Actor: StaticMeshActor
[2018.12.05-19.02.47:495][848]LogEditorActor: Deleted 1 Actors (0.030 secs)
[2018.12.05-19.02.48:653][894]LogSlate: FSceneViewport::OnFocusLost() reason 0
[2018.12.05-19.02.53:487][116]LogSlate: FSceneViewport::OnFocusLost() reason 0
[2018.12.05-19.02.53:603][120]LogActorFactory: Actor Factory created tomato
[2018.12.05-19.02.54:149][148]LogActorFactory: Actor Factory created tomato
[2018.12.05-19.02.56:173][256]Cmd: DELETE
[2018.12.05-19.02.56:173][256]Cmd: ACTOR DELETE
[2018.12.05-19.02.56:180][256]LogEditorActor: Deleted Actor: StaticMeshActor
[2018.12.05-19.02.56:206][256]LogEditorActor: Deleted 1 Actors (0.034 secs)
[2018.12.05-19.03.01:595][462]LogSlate: FSceneViewport::OnFocusLost() reason 0
[2018.12.05-19.03.01:706][466]LogActorFactory: Actor Factory created bowl
[2018.12.05-19.03.02:273][495]LogActorFactory: Actor Factory created bowl
[2018.12.05-19.03.02:639][513]Cmd: DELETE
[2018.12.05-19.03.02:639][513]Cmd: ACTOR DELETE
[2018.12.05-19.03.02:645][513]LogEditorActor: Deleted Actor: StaticMeshActor
[2018.12.05-19.03.02:673][513]LogEditorActor: Deleted 1 Actors (0.034 secs)
[2018.12.05-19.03.03:514][560]LogSlate: FSceneViewport::OnFocusLost() reason 2
[2018.12.05-19.03.04:006][560]LogSavePackage: Moving '../../../../../../Git Hub/TeamSadMen/TeamSadMen/Saved/PizzaPlace9E5104494E0411A7F24F329778961142.tmp' to '../../../../../../Git Hub/TeamSadMen/TeamSadMen/Content/FirstPersonBP/Maps/PizzaPlace.umap'
[2018.12.05-19.03.04:067][560]Cmd: OBJ SAVEPACKAGE PACKAGE="/Game/FirstPersonBP/Maps/PizzaPlace_BuiltData" FILE="../../../../../../Git Hub/TeamSadMen/TeamSadMen/Content/FirstPersonBP/Maps/PizzaPlace_BuiltData.uasset" SILENT=true
[2018.12.05-19.03.04:472][560]LogSavePackage: Moving '../../../../../../Git Hub/TeamSadMen/TeamSadMen/Saved/PizzaPlace_BuiltData27DCCEEC4973C5BEF049C587FB6D4D84.tmp' to '../../../../../../Git Hub/TeamSadMen/TeamSadMen/Content/FirstPersonBP/Maps/PizzaPlace_BuiltData.uasset'
[2018.12.05-19.03.10:006][778]LogSavePackage: Moving '../../../../../../Git Hub/TeamSadMen/TeamSadMen/Saved/PizzaPlaceCB0A7BD44E5F13192CEF55A43A801EF3.tmp' to '../../../../../../Git Hub/TeamSadMen/TeamSadMen/Content/FirstPersonBP/Maps/PizzaPlace.umap'
[2018.12.05-19.03.10:049][778]Cmd: OBJ SAVEPACKAGE PACKAGE="/Game/FirstPersonBP/Maps/PizzaPlace_BuiltData" FILE="../../../../../../Git Hub/TeamSadMen/TeamSadMen/Content/FirstPersonBP/Maps/PizzaPlace_BuiltData.uasset" SILENT=true
[2018.12.05-19.03.10:251][778]LogSavePackage: Moving '../../../../../../Git Hub/TeamSadMen/TeamSadMen/Saved/PizzaPlace_BuiltData7AF1DF84465D1D867E2C8A84D190BCDA.tmp' to '../../../../../../Git Hub/TeamSadMen/TeamSadMen/Content/FirstPersonBP/Maps/PizzaPlace_BuiltData.uasset'
[2018.12.05-19.03.18:179][209]Cmd: OBJ SAVEPACKAGE PACKAGE="/Game/bowl" FILE="../../../../../../Git Hub/TeamSadMen/TeamSadMen/Content/bowl.uasset" SILENT=true
[2018.12.05-19.03.18:217][209]LogSavePackage: Moving '../../../../../../Git Hub/TeamSadMen/TeamSadMen/Saved/bowlD9DE2F364044D9D054710E91DBBB16F2.tmp' to '../../../../../../Git Hub/TeamSadMen/TeamSadMen/Content/bowl.uasset'
[2018.12.05-19.03.18:243][209]Cmd: OBJ SAVEPACKAGE PACKAGE="/Game/oven" FILE="../../../../../../Git Hub/TeamSadMen/TeamSadMen/Content/oven.uasset" SILENT=true
[2018.12.05-19.03.18:278][209]LogSavePackage: Moving '../../../../../../Git Hub/TeamSadMen/TeamSadMen/Saved/oven8710E74E4F4405AC82CDBC8BA935EB5C.tmp' to '../../../../../../Git Hub/TeamSadMen/TeamSadMen/Content/oven.uasset'
[2018.12.05-19.03.18:303][209]Cmd: OBJ SAVEPACKAGE PACKAGE="/Game/overhead_lamp" FILE="../../../../../../Git Hub/TeamSadMen/TeamSadMen/Content/overhead_lamp.uasset" SILENT=true
[2018.12.05-19.03.18:337][209]LogSavePackage: Moving '../../../../../../Git Hub/TeamSadMen/TeamSadMen/Saved/overhead_lampE60BE91A488D21C1FADC609661E5013B.tmp' to '../../../../../../Git Hub/TeamSadMen/TeamSadMen/Content/overhead_lamp.uasset'
[2018.12.05-19.03.18:365][209]Cmd: OBJ SAVEPACKAGE PACKAGE="/Game/pepperoni" FILE="../../../../../../Git Hub/TeamSadMen/TeamSadMen/Content/pepperoni.uasset" SILENT=true
[2018.12.05-19.03.18:386][209]LogSavePackage: Moving '../../../../../../Git Hub/TeamSadMen/TeamSadMen/Saved/pepperoni1855E0DA4968157FAE9346BD29529507.tmp' to '../../../../../../Git Hub/TeamSadMen/TeamSadMen/Content/pepperoni.uasset'
[2018.12.05-19.03.18:410][209]Cmd: OBJ SAVEPACKAGE PACKAGE="/Game/pineapple" FILE="../../../../../../Git Hub/TeamSadMen/TeamSadMen/Content/pineapple.uasset" SILENT=true
[2018.12.05-19.03.18:433][209]LogSavePackage: Moving '../../../../../../Git Hub/TeamSadMen/TeamSadMen/Saved/pineapple91FCDA8B498C21D3760358A7DF828F04.tmp' to '../../../../../../Git Hub/TeamSadMen/TeamSadMen/Content/pineapple.uasset'
[2018.12.05-19.03.18:457][209]Cmd: OBJ SAVEPACKAGE PACKAGE="/Game/red_pepper" FILE="../../../../../../Git Hub/TeamSadMen/TeamSadMen/Content/red_pepper.uasset" SILENT=true
[2018.12.05-19.03.18:478][209]LogSavePackage: Moving '../../../../../../Git Hub/TeamSadMen/TeamSadMen/Saved/red_pepper206123014CDC266D8B8B43B1BFFA2DCF.tmp' to '../../../../../../Git Hub/TeamSadMen/TeamSadMen/Content/red_pepper.uasset'
[2018.12.05-19.03.18:503][209]Cmd: OBJ SAVEPACKAGE PACKAGE="/Game/tomato" FILE="../../../../../../Git Hub/TeamSadMen/TeamSadMen/Content/tomato.uasset" SILENT=true
[2018.12.05-19.03.18:525][209]LogSavePackage: Moving '../../../../../../Git Hub/TeamSadMen/TeamSadMen/Saved/tomatoCFBF17904A2D22071FD0C8A847083142.tmp' to '../../../../../../Git Hub/TeamSadMen/TeamSadMen/Content/tomato.uasset'
[2018.12.05-19.03.18:549][209]Cmd: OBJ SAVEPACKAGE PACKAGE="/Game/dough" FILE="../../../../../../Git Hub/TeamSadMen/TeamSadMen/Content/dough.uasset" SILENT=true
[2018.12.05-19.03.18:572][209]LogSavePackage: Moving '../../../../../../Git Hub/TeamSadMen/TeamSadMen/Saved/doughBE8375514B5416FF1B6969B67A616F75.tmp' to '../../../../../../Git Hub/TeamSadMen/TeamSadMen/Content/dough.uasset'
[2018.12.05-19.03.18:594][209]Cmd: OBJ SAVEPACKAGE PACKAGE="/Game/green_pepper" FILE="../../../../../../Git Hub/TeamSadMen/TeamSadMen/Content/green_pepper.uasset" SILENT=true
[2018.12.05-19.03.18:616][209]LogSavePackage: Moving '../../../../../../Git Hub/TeamSadMen/TeamSadMen/Saved/green_pepper9F6F909946C296A2BF40BAAC45609680.tmp' to '../../../../../../Git Hub/TeamSadMen/TeamSadMen/Content/green_pepper.uasset'
[2018.12.05-19.03.21:023][333]LogAssetEditorManager: Opening Asset editor for StaticMesh /Game/bowl.bowl
[2018.12.05-19.03.21:632][333]LogRenderer: Reallocating scene render targets to support 1144x708 Format 10 NumSamples 1 (Frame:1).
[2018.12.05-19.03.21:632][333]LogSlate: Took 0.000278 seconds to synchronously load lazily loaded font '../../../Engine/Content/Slate/Fonts/Roboto-Italic.ttf' (157K)
[2018.12.05-19.03.28:043][711]LogSlate: FSceneViewport::OnFocusLost() reason 0
[2018.12.05-19.03.43:701][649]LogSlate: FSceneViewport::OnFocusLost() reason 0
[2018.12.05-19.03.43:837][656]Cmd: OBJ SAVEPACKAGE PACKAGE="/Game/bowl" FILE="../../../../../../Git Hub/TeamSadMen/TeamSadMen/Content/bowl.uasset" SILENT=true
[2018.12.05-19.03.43:860][656]LogSavePackage: Moving '../../../../../../Git Hub/TeamSadMen/TeamSadMen/Saved/bowlD284A6C14EB7D595BA3EFABDA5C8F21F.tmp' to '../../../../../../Git Hub/TeamSadMen/TeamSadMen/Content/bowl.uasset'
[2018.12.05-19.03.48:032][873]LogEditorViewport: Clicking on Actor (LMB): StaticMeshActor (bowl5)
[2018.12.05-19.03.48:499][896]LogEditorViewport: Clicking on Actor (context menu): StaticMeshActor (bowl5)
[2018.12.05-19.03.48:551][896]LogSlate: FSceneViewport::OnFocusLost() reason 2
[2018.12.05-19.03.49:869][975]LogSlate: FSceneViewport::OnFocusLost() reason 5
[2018.12.05-19.03.49:879][975]LogAssetEditorManager: Opening Asset editor for StaticMesh /Game/bowl.bowl
[2018.12.05-19.03.54:684][214]LogSlate: FSceneViewport::OnFocusLost() reason 2
[2018.12.05-19.03.57:027][354]LogSlate: FSceneViewport::OnFocusLost() reason 0
[2018.12.05-19.03.59:925][480]LogEditorViewport: Clicking on Actor (LMB): StaticMeshActor (tomato)
[2018.12.05-19.04.05:986][776]LogSlate: FSceneViewport::OnFocusLost() reason 0
[2018.12.05-19.04.06:961][827]LogTemp: Repeating last play command: Selected Viewport
[2018.12.05-19.04.06:984][827]LogBlueprintUserMessages: Early PlayInEditor Detection: Level '/Game/FirstPersonBP/Maps/PizzaPlace.PizzaPlace:PersistentLevel' has LevelScriptBlueprint '/Game/FirstPersonBP/Maps/PizzaPlace.PizzaPlace:PersistentLevel.PizzaPlace' with GeneratedClass '/Game/FirstPersonBP/Maps/PizzaPlace.PizzaPlace_C' with ClassGeneratedBy '/Game/FirstPersonBP/Maps/PizzaPlace.PizzaPlace:PersistentLevel.PizzaPlace'
[2018.12.05-19.04.06:984][827]LogPlayLevel: PlayLevel: No blueprints needed recompiling
[2018.12.05-19.04.06:998][827]PIE: New page: PIE session: PizzaPlace (Dec 5, 2018, 9:04:06 AM)
[2018.12.05-19.04.06:998][827]LogPlayLevel: Creating play world package: /Game/FirstPersonBP/Maps/UEDPIE_0_PizzaPlace
[2018.12.05-19.04.07:025][827]LogPlayLevel: PIE: StaticDuplicateObject took: (0.027850s)
[2018.12.05-19.04.07:026][827]LogAIModule: Creating AISystem for world PizzaPlace
[2018.12.05-19.04.07:027][827]LogPlayLevel: PIE: World Init took: (0.001129s)
[2018.12.05-19.04.07:027][827]LogPlayLevel: PIE: Created PIE world by copying editor world from /Game/FirstPersonBP/Maps/PizzaPlace.PizzaPlace to /Game/FirstPersonBP/Maps/UEDPIE_0_PizzaPlace.PizzaPlace (0.029220s)
[2018.12.05-19.04.07:069][827]LogInit: XAudio2 using 'Speakers / Headphones (Realtek Audio)' : 2 channels at 48 kHz using 32 bits per sample (channel mask 0x3)
[2018.12.05-19.04.07:099][827]LogInit: FAudioDevice initialized.
[2018.12.05-19.04.07:146][827]LogLoad: Game class is 'FirstPersonGameMode_C'
[2018.12.05-19.04.07:152][827]LogWorld: Bringing World /Game/FirstPersonBP/Maps/UEDPIE_0_PizzaPlace.PizzaPlace up for play (max tick rate 60) at 2018.12.05-14.04.07
[2018.12.05-19.04.07:153][827]LogWorld: Bringing up level for play took: 0.004754
[2018.12.05-19.04.07:171][827]LogContentBrowser: Native class hierarchy updated for 'MovieSceneCapture' in 0.0003 seconds. Added 10 classes and 0 folders.
[2018.12.05-19.04.07:172][827]PIE: Play in editor start time for /Game/FirstPersonBP/Maps/UEDPIE_0_PizzaPlace 0.68
[2018.12.05-19.04.07:172][827]LogBlueprintUserMessages: Late PlayInEditor Detection: Level '/Game/FirstPersonBP/Maps/PizzaPlace.PizzaPlace:PersistentLevel' has LevelScriptBlueprint '/Game/FirstPersonBP/Maps/PizzaPlace.PizzaPlace:PersistentLevel.PizzaPlace' with GeneratedClass '/Game/FirstPersonBP/Maps/PizzaPlace.PizzaPlace_C' with ClassGeneratedBy '/Game/FirstPersonBP/Maps/PizzaPlace.PizzaPlace:PersistentLevel.PizzaPlace'
[2018.12.05-19.04.14:280][116]LogBlueprintUserMessages: Early EndPlayMap Detection: Level '/Game/FirstPersonBP/Maps/PizzaPlace.PizzaPlace:PersistentLevel' has LevelScriptBlueprint '/Game/FirstPersonBP/Maps/PizzaPlace.PizzaPlace:PersistentLevel.PizzaPlace' with GeneratedClass '/Game/FirstPersonBP/Maps/PizzaPlace.PizzaPlace_C' with ClassGeneratedBy '/Game/FirstPersonBP/Maps/PizzaPlace.PizzaPlace:PersistentLevel.PizzaPlace'
[2018.12.05-19.04.14:282][116]LogSlate: Updating window title bar state: overlay mode, drag disabled, window buttons hidden, title bar hidden
[2018.12.05-19.04.14:337][116]LogPlayLevel: Display: Shutting down PIE online subsystems
[2018.12.05-19.04.14:338][116]LogBlueprintUserMessages: Late EndPlayMap Detection: Level '/Game/FirstPersonBP/Maps/PizzaPlace.PizzaPlace:PersistentLevel' has LevelScriptBlueprint '/Game/FirstPersonBP/Maps/PizzaPlace.PizzaPlace:PersistentLevel.PizzaPlace' with GeneratedClass '/Game/FirstPersonBP/Maps/PizzaPlace.PizzaPlace_C' with ClassGeneratedBy '/Game/FirstPersonBP/Maps/PizzaPlace.PizzaPlace:PersistentLevel.PizzaPlace'
[2018.12.05-19.04.14:364][116]LogSlate: Updating window title bar state: overlay mode, drag disabled, window buttons hidden, title bar hidden
[2018.12.05-19.04.14:406][117]LogPlayLevel: Display: Destroying online subsystem :Context_5
[2018.12.05-19.04.20:828][433]LogSlate: FSceneViewport::OnFocusLost() reason 0
[2018.12.05-19.04.20:901][437]LogTemp: Repeating last play command: Selected Viewport
[2018.12.05-19.04.20:929][437]LogBlueprintUserMessages: Early PlayInEditor Detection: Level '/Game/FirstPersonBP/Maps/PizzaPlace.PizzaPlace:PersistentLevel' has LevelScriptBlueprint '/Game/FirstPersonBP/Maps/PizzaPlace.PizzaPlace:PersistentLevel.PizzaPlace' with GeneratedClass '/Game/FirstPersonBP/Maps/PizzaPlace.PizzaPlace_C' with ClassGeneratedBy '/Game/FirstPersonBP/Maps/PizzaPlace.PizzaPlace:PersistentLevel.PizzaPlace'
[2018.12.05-19.04.20:929][437]LogPlayLevel: PlayLevel: No blueprints needed recompiling
[2018.12.05-19.04.20:929][437]PIE: New page: PIE session: PizzaPlace (Dec 5, 2018, 9:04:20 AM)
[2018.12.05-19.04.20:929][437]LogPlayLevel: Creating play world package: /Game/FirstPersonBP/Maps/UEDPIE_0_PizzaPlace
[2018.12.05-19.04.20:966][437]LogPlayLevel: PIE: StaticDuplicateObject took: (0.036306s)
[2018.12.05-19.04.20:967][437]LogAIModule: Creating AISystem for world PizzaPlace
[2018.12.05-19.04.20:968][437]LogPlayLevel: PIE: World Init took: (0.002267s)
[2018.12.05-19.04.20:968][437]LogPlayLevel: PIE: Created PIE world by copying editor world from /Game/FirstPersonBP/Maps/PizzaPlace.PizzaPlace to /Game/FirstPersonBP/Maps/UEDPIE_0_PizzaPlace.PizzaPlace (0.039038s)
[2018.12.05-19.04.21:015][437]LogInit: XAudio2 using 'Speakers / Headphones (Realtek Audio)' : 2 channels at 48 kHz using 32 bits per sample (channel mask 0x3)
[2018.12.05-19.04.21:051][437]LogInit: FAudioDevice initialized.
[2018.12.05-19.04.21:082][437]LogLoad: Game class is 'FirstPersonGameMode_C'
[2018.12.05-19.04.21:088][437]LogWorld: Bringing World /Game/FirstPersonBP/Maps/UEDPIE_0_PizzaPlace.PizzaPlace up for play (max tick rate 60) at 2018.12.05-14.04.21
[2018.12.05-19.04.21:088][437]LogWorld: Bringing up level for play took: 0.005499
[2018.12.05-19.04.21:102][437]PIE: Play in editor start time for /Game/FirstPersonBP/Maps/UEDPIE_0_PizzaPlace 0.61
[2018.12.05-19.04.21:102][437]LogBlueprintUserMessages: Late PlayInEditor Detection: Level '/Game/FirstPersonBP/Maps/PizzaPlace.PizzaPlace:PersistentLevel' has LevelScriptBlueprint '/Game/FirstPersonBP/Maps/PizzaPlace.PizzaPlace:PersistentLevel.PizzaPlace' with GeneratedClass '/Game/FirstPersonBP/Maps/PizzaPlace.PizzaPlace_C' with ClassGeneratedBy '/Game/FirstPersonBP/Maps/PizzaPlace.PizzaPlace:PersistentLevel.PizzaPlace'
[2018.12.05-19.04.28:719][780]LogCharacterMovement: FirstPersonCharacter_C_1 is stuck and failed to move! Velocity: X=136.02 Y=-347.42 Z=0.00 Location: X=1767.73 Y=-665.26 Z=197.12 Normal: X=-0.23 Y=0.91 Z=-0.35 PenetrationDepth:6.950 Actor:pizza_41 Component:StaticMeshComponent0 BoneName:None (0 other events since notify)
[2018.12.05-19.04.30:446][875]LogBlueprintUserMessages: Early EndPlayMap Detection: Level '/Game/FirstPersonBP/Maps/PizzaPlace.PizzaPlace:PersistentLevel' has LevelScriptBlueprint '/Game/FirstPersonBP/Maps/PizzaPlace.PizzaPlace:PersistentLevel.PizzaPlace' with GeneratedClass '/Game/FirstPersonBP/Maps/PizzaPlace.PizzaPlace_C' with ClassGeneratedBy '/Game/FirstPersonBP/Maps/PizzaPlace.PizzaPlace:PersistentLevel.PizzaPlace'
[2018.12.05-19.04.30:446][875]LogSlate: Updating window title bar state: overlay mode, drag disabled, window buttons hidden, title bar hidden
[2018.12.05-19.04.30:496][875]LogPlayLevel: Display: Shutting down PIE online subsystems
[2018.12.05-19.04.30:497][875]LogBlueprintUserMessages: Late EndPlayMap Detection: Level '/Game/FirstPersonBP/Maps/PizzaPlace.PizzaPlace:PersistentLevel' has LevelScriptBlueprint '/Game/FirstPersonBP/Maps/PizzaPlace.PizzaPlace:PersistentLevel.PizzaPlace' with GeneratedClass '/Game/FirstPersonBP/Maps/PizzaPlace.PizzaPlace_C' with ClassGeneratedBy '/Game/FirstPersonBP/Maps/PizzaPlace.PizzaPlace:PersistentLevel.PizzaPlace'
[2018.12.05-19.04.30:535][875]LogSlate: Updating window title bar state: overlay mode, drag disabled, window buttons hidden, title bar hidden
[2018.12.05-19.04.30:576][876]LogPlayLevel: Display: Destroying online subsystem :Context_6
[2018.12.05-19.04.32:066][946]LogSlate: FSceneViewport::OnFocusLost() reason 0
[2018.12.05-19.04.33:428][ 15]LogAssetEditorManager: Opening Asset editor for StaticMesh /Game/oven.oven
[2018.12.05-19.04.41:621][472]LogSlate: FSceneViewport::OnFocusLost() reason 0
[2018.12.05-19.04.51:338][ 53]LogSlate: FSceneViewport::OnFocusLost() reason 0
[2018.12.05-19.05.08:989][110]LogSlate: FSceneViewport::OnFocusLost() reason 0
[2018.12.05-19.05.22:785][937]LogSlate: FSceneViewport::OnFocusLost() reason 2
[2018.12.05-19.05.22:800][937]Cmd: OBJ SAVEPACKAGE PACKAGE="/Game/oven" FILE="../../../../../../Git Hub/TeamSadMen/TeamSadMen/Content/oven.uasset" SILENT=true
[2018.12.05-19.05.22:832][937]LogSavePackage: Moving '../../../../../../Git Hub/TeamSadMen/TeamSadMen/Saved/ovenB6D3D624475CBAFCC4DDF998AE583EAA.tmp' to '../../../../../../Git Hub/TeamSadMen/TeamSadMen/Content/oven.uasset'
[2018.12.05-19.05.24:118][  1]LogTemp: Repeating last play command: Selected Viewport
[2018.12.05-19.05.24:148][  1]LogBlueprintUserMessages: Early PlayInEditor Detection: Level '/Game/FirstPersonBP/Maps/PizzaPlace.PizzaPlace:PersistentLevel' has LevelScriptBlueprint '/Game/FirstPersonBP/Maps/PizzaPlace.PizzaPlace:PersistentLevel.PizzaPlace' with GeneratedClass '/Game/FirstPersonBP/Maps/PizzaPlace.PizzaPlace_C' with ClassGeneratedBy '/Game/FirstPersonBP/Maps/PizzaPlace.PizzaPlace:PersistentLevel.PizzaPlace'
[2018.12.05-19.05.24:148][  1]LogPlayLevel: PlayLevel: No blueprints needed recompiling
[2018.12.05-19.05.24:148][  1]PIE: New page: PIE session: PizzaPlace (Dec 5, 2018, 9:05:24 AM)
[2018.12.05-19.05.24:148][  1]LogPlayLevel: Creating play world package: /Game/FirstPersonBP/Maps/UEDPIE_0_PizzaPlace
[2018.12.05-19.05.24:183][  1]LogPlayLevel: PIE: StaticDuplicateObject took: (0.034279s)
[2018.12.05-19.05.24:184][  1]LogAIModule: Creating AISystem for world PizzaPlace
[2018.12.05-19.05.24:184][  1]LogPlayLevel: PIE: World Init took: (0.001261s)
[2018.12.05-19.05.24:184][  1]LogPlayLevel: PIE: Created PIE world by copying editor world from /Game/FirstPersonBP/Maps/PizzaPlace.PizzaPlace to /Game/FirstPersonBP/Maps/UEDPIE_0_PizzaPlace.PizzaPlace (0.035758s)
[2018.12.05-19.05.24:229][  1]LogInit: XAudio2 using 'Speakers / Headphones (Realtek Audio)' : 2 channels at 48 kHz using 32 bits per sample (channel mask 0x3)
[2018.12.05-19.05.24:264][  1]LogInit: FAudioDevice initialized.
[2018.12.05-19.05.24:294][  1]LogLoad: Game class is 'FirstPersonGameMode_C'
[2018.12.05-19.05.24:301][  1]LogWorld: Bringing World /Game/FirstPersonBP/Maps/UEDPIE_0_PizzaPlace.PizzaPlace up for play (max tick rate 60) at 2018.12.05-14.05.24
[2018.12.05-19.05.24:302][  1]LogWorld: Bringing up level for play took: 0.005199
[2018.12.05-19.05.24:315][  1]PIE: Play in editor start time for /Game/FirstPersonBP/Maps/UEDPIE_0_PizzaPlace -0.177
[2018.12.05-19.05.24:316][  1]LogBlueprintUserMessages: Late PlayInEditor Detection: Level '/Game/FirstPersonBP/Maps/PizzaPlace.PizzaPlace:PersistentLevel' has LevelScriptBlueprint '/Game/FirstPersonBP/Maps/PizzaPlace.PizzaPlace:PersistentLevel.PizzaPlace' with GeneratedClass '/Game/FirstPersonBP/Maps/PizzaPlace.PizzaPlace_C' with ClassGeneratedBy '/Game/FirstPersonBP/Maps/PizzaPlace.PizzaPlace:PersistentLevel.PizzaPlace'
[2018.12.05-19.05.32:329][369]LogBlueprintUserMessages: Early EndPlayMap Detection: Level '/Game/FirstPersonBP/Maps/PizzaPlace.PizzaPlace:PersistentLevel' has LevelScriptBlueprint '/Game/FirstPersonBP/Maps/PizzaPlace.PizzaPlace:PersistentLevel.PizzaPlace' with GeneratedClass '/Game/FirstPersonBP/Maps/PizzaPlace.PizzaPlace_C' with ClassGeneratedBy '/Game/FirstPersonBP/Maps/PizzaPlace.PizzaPlace:PersistentLevel.PizzaPlace'
[2018.12.05-19.05.32:329][369]LogSlate: Updating window title bar state: overlay mode, drag disabled, window buttons hidden, title bar hidden
[2018.12.05-19.05.32:375][369]LogPlayLevel: Display: Shutting down PIE online subsystems
[2018.12.05-19.05.32:375][369]LogBlueprintUserMessages: Late EndPlayMap Detection: Level '/Game/FirstPersonBP/Maps/PizzaPlace.PizzaPlace:PersistentLevel' has LevelScriptBlueprint '/Game/FirstPersonBP/Maps/PizzaPlace.PizzaPlace:PersistentLevel.PizzaPlace' with GeneratedClass '/Game/FirstPersonBP/Maps/PizzaPlace.PizzaPlace_C' with ClassGeneratedBy '/Game/FirstPersonBP/Maps/PizzaPlace.PizzaPlace:PersistentLevel.PizzaPlace'
[2018.12.05-19.05.32:424][369]LogSlate: Updating window title bar state: overlay mode, drag disabled, window buttons hidden, title bar hidden
[2018.12.05-19.05.32:576][370]LogPlayLevel: Display: Destroying online subsystem :Context_8
[2018.12.05-19.05.34:629][452]LogSlate: FSceneViewport::OnFocusLost() reason 2
[2018.12.05-19.05.36:106][514]LogSlate: FSceneViewport::OnFocusLost() reason 2
[2018.12.05-19.05.36:663][514]LogSavePackage: Moving '../../../../../../Git Hub/TeamSadMen/TeamSadMen/Saved/PizzaPlace9935B0324A53D010CB626095AF4AED6A.tmp' to '../../../../../../Git Hub/TeamSadMen/TeamSadMen/Content/FirstPersonBP/Maps/PizzaPlace.umap'
[2018.12.05-19.05.36:703][514]LogFileHelpers: Saving map 'PizzaPlace' took 0.582
[2018.12.05-19.05.52:831][994]LogSlate: FSceneViewport::OnFocusLost() reason 0
[2018.12.05-19.07.03:899][642]LogSlate: Window 'TeamSadMen - Unreal Editor' being destroyed
[2018.12.05-19.07.03:901][642]LogWindowsTextInputMethodSystem: Display: IME system now deactivated.
[2018.12.05-19.07.04:127][643]Cmd: QUIT_EDITOR
[2018.12.05-19.07.04:641][643]LogExit: Preparing to exit.
[2018.12.05-19.07.05:415][643]LogExit: Editor shut down
[2018.12.05-19.07.05:416][643]LogExit: Transaction tracking system shut down
[2018.12.05-19.07.06:117][643]LogExit: Object subsystem successfully closed.
[2018.12.05-19.07.06:138][643]LogShaderCompilers: Display: Shaders left to compile 0
[2018.12.05-19.07.06:142][643]LogD3D11RHI: Shutdown
[2018.12.05-19.07.06:142][643]LogD3D11RHI: CleanupD3DDevice
[2018.12.05-19.07.06:146][643]LogD3D11RHI: ~FD3D11DynamicRHI
[2018.12.05-19.07.06:169][643]LogModuleManager: Shutting down and abandoning module MovieSceneCapture (618)
[2018.12.05-19.07.06:169][643]LogModuleManager: Shutting down and abandoning module Voice (616)
[2018.12.05-19.07.06:169][643]LogModuleManager: Shutting down and abandoning module StaticMeshEditor (614)
[2018.12.05-19.07.06:169][643]LogModuleManager: Shutting down and abandoning module MeshBuilder (612)
[2018.12.05-19.07.06:169][643]LogModuleManager: Shutting down and abandoning module HierarchicalLODOutliner (610)
[2018.12.05-19.07.06:169][643]LogModuleManager: Shutting down and abandoning module SceneOutliner (608)
[2018.12.05-19.07.06:169][643]LogModuleManager: Shutting down and abandoning module AddContentDialog (606)
[2018.12.05-19.07.06:170][643]LogModuleManager: Shutting down and abandoning module WidgetCarousel (605)
[2018.12.05-19.07.06:170][643]LogModuleManager: Shutting down and abandoning module EditorWidgets (602)
[2018.12.05-19.07.06:170][643]LogModuleManager: Shutting down and abandoning module CollectionManager (600)
[2018.12.05-19.07.06:170][643]LogModuleManager: Shutting down and abandoning module StatsViewer (598)
[2018.12.05-19.07.06:170][643]LogModuleManager: Shutting down and abandoning module FoliageEdit (596)
[2018.12.05-19.07.06:170][643]LogModuleManager: Shutting down and abandoning module LandscapeEditor (594)
[2018.12.05-19.07.06:170][643]LogModuleManager: Shutting down and abandoning module MeshPaintMode (592)
[2018.12.05-19.07.06:170][643]LogModuleManager: Shutting down and abandoning module SceneDepthPickerMode (590)
[2018.12.05-19.07.06:170][643]LogModuleManager: Shutting down and abandoning module ActorPickerMode (588)
[2018.12.05-19.07.06:170][643]LogModuleManager: Shutting down and abandoning module GeometryMode (586)
[2018.12.05-19.07.06:170][643]LogModuleManager: Shutting down and abandoning module TextureAlignMode (584)
[2018.12.05-19.07.06:170][643]LogModuleManager: Shutting down and abandoning module BspMode (582)
[2018.12.05-19.07.06:170][643]LogModuleManager: Shutting down and abandoning module PIEPreviewDeviceProfileSelector (580)
[2018.12.05-19.07.06:170][643]LogModuleManager: Shutting down and abandoning module SequenceRecorderSections (578)
[2018.12.05-19.07.06:170][643]LogModuleManager: Shutting down and abandoning module AutomationWorker (576)
[2018.12.05-19.07.06:170][643]LogModuleManager: Shutting down and abandoning module AudioCaptureEditor (574)
[2018.12.05-19.07.06:171][643]LogModuleManager: Shutting down and abandoning module SequenceRecorder (573)
[2018.12.05-19.07.06:171][643]LogModuleManager: Shutting down and abandoning module MatineeToLevelSequence (570)
[2018.12.05-19.07.06:171][643]LogModuleManager: Shutting down and abandoning module LevelSequenceEditor (568)
[2018.12.05-19.07.06:171][643]LogModuleManager: Shutting down and abandoning module PlacementMode (567)
[2018.12.05-19.07.06:171][643]LogModuleManager: Shutting down and abandoning module MaterialEditor (566)
[2018.12.05-19.07.06:171][643]LogModuleManager: Shutting down and abandoning module WmfMediaFactory (562)
[2018.12.05-19.07.06:171][643]LogModuleManager: Shutting down and abandoning module WmfMediaEditor (560)
[2018.12.05-19.07.06:171][643]LogModuleManager: Shutting down and abandoning module MediaPlayerEditor (558)
[2018.12.05-19.07.06:171][643]LogModuleManager: Shutting down and abandoning module OpenExrWrapper (556)
[2018.12.05-19.07.06:171][643]LogModuleManager: Shutting down and abandoning module ImgMediaFactory (554)
[2018.12.05-19.07.06:171][643]LogModuleManager: Shutting down and abandoning module ImgMediaEditor (552)
[2018.12.05-19.07.06:171][643]LogModuleManager: Shutting down and abandoning module AvfMediaFactory (550)
[2018.12.05-19.07.06:171][643]LogModuleManager: Shutting down and abandoning module AvfMediaEditor (548)
[2018.12.05-19.07.06:171][643]LogModuleManager: Shutting down and abandoning module AndroidMediaFactory (546)
[2018.12.05-19.07.06:171][643]LogModuleManager: Shutting down and abandoning module AndroidMediaEditor (544)
[2018.12.05-19.07.06:171][643]LogModuleManager: Shutting down and abandoning module MagicLeapCameraPreviewFactory (542)
[2018.12.05-19.07.06:171][643]LogModuleManager: Shutting down and abandoning module MagicLeapMediaFactory (540)
[2018.12.05-19.07.06:171][643]LogModuleManager: Shutting down and abandoning module MagicLeapMediaEditor (538)
[2018.12.05-19.07.06:171][643]LogModuleManager: Shutting down and abandoning module CharacterAI (536)
[2018.12.05-19.07.06:171][643]LogModuleManager: Shutting down and abandoning module SmartSnapping (534)
[2018.12.05-19.07.06:171][643]LogModuleManager: Shutting down and abandoning module SessionServices (532)
[2018.12.05-19.07.06:171][643]LogModuleManager: Shutting down and abandoning module ViewportSnapping (530)
[2018.12.05-19.07.06:171][643]LogModuleManager: Shutting down and abandoning module ViewportInteraction (528)
[2018.12.05-19.07.06:171][643]LogModuleManager: Shutting down and abandoning module ClothPainter (526)
[2018.12.05-19.07.06:171][643]LogModuleManager: Shutting down and abandoning module SkeletalMeshEditor (525)
[2018.12.05-19.07.06:171][643]LogModuleManager: Shutting down and abandoning module LogVisualizer (522)
[2018.12.05-19.07.06:171][643]LogModuleManager: Shutting down and abandoning module IntroTutorials (520)
[2018.12.05-19.07.06:171][643]LogModuleManager: Shutting down and abandoning module GameProjectGeneration (519)
[2018.12.05-19.07.06:171][643]LogModuleManager: Shutting down and abandoning module LuminPlatformEditor (516)
[2018.12.05-19.07.06:171][643]LogModuleManager: Shutting down and abandoning module IOSPlatformEditor (514)
[2018.12.05-19.07.06:171][643]LogModuleManager: Shutting down and abandoning module HTML5PlatformEditor (512)
[2018.12.05-19.07.06:171][643]LogModuleManager: Shutting down and abandoning module AndroidPlatformEditor (510)
[2018.12.05-19.07.06:172][643]LogModuleManager: Shutting down and abandoning module AndroidDeviceDetection (509)
[2018.12.05-19.07.06:603][643]LogModuleManager: Shutting down and abandoning module WindowsPlatformEditor (506)
[2018.12.05-19.07.06:603][643]LogModuleManager: Shutting down and abandoning module LuminRuntimeSettings (504)
[2018.12.05-19.07.06:603][643]LogModuleManager: Shutting down and abandoning module IOSRuntimeSettings (502)
[2018.12.05-19.07.06:603][643]LogModuleManager: Shutting down and abandoning module AndroidRuntimeSettings (500)
[2018.12.05-19.07.06:603][643]LogModuleManager: Shutting down and abandoning module InputBindingEditor (498)
[2018.12.05-19.07.06:603][643]LogModuleManager: Shutting down and abandoning module MergeActors (496)
[2018.12.05-19.07.06:603][643]LogModuleManager: Shutting down and abandoning module LocalizationDashboard (494)
[2018.12.05-19.07.06:603][643]LogModuleManager: Shutting down and abandoning module LocalizationService (493)
[2018.12.05-19.07.06:603][643]LogModuleManager: Shutting down and abandoning module HardwareTargeting (490)
[2018.12.05-19.07.06:603][643]LogModuleManager: Shutting down and abandoning module DeviceProfileEditor (488)
[2018.12.05-19.07.06:603][643]LogModuleManager: Shutting down and abandoning module UndoHistory (486)
[2018.12.05-19.07.06:603][643]LogModuleManager: Shutting down and abandoning module XmlParser (484)
[2018.12.05-19.07.06:603][643]LogModuleManager: Shutting down and abandoning module Blutility (482)
[2018.12.05-19.07.06:603][643]LogModuleManager: Shutting down and abandoning module ProjectSettingsViewer (480)
[2018.12.05-19.07.06:603][643]LogModuleManager: Shutting down and abandoning module ProjectTargetPlatformEditor (479)
[2018.12.05-19.07.06:603][643]LogModuleManager: Shutting down and abandoning module EditorSettingsViewer (476)
[2018.12.05-19.07.06:603][643]LogModuleManager: Shutting down and abandoning module SettingsEditor (474)
[2018.12.05-19.07.06:603][643]LogModuleManager: Shutting down and abandoning module ProjectLauncher (472)
[2018.12.05-19.07.06:603][643]LogModuleManager: Shutting down and abandoning module SessionFrontend (470)
[2018.12.05-19.07.06:603][643]LogModuleManager: Shutting down and abandoning module ProfilerClient (468)
[2018.12.05-19.07.06:603][643]LogModuleManager: Shutting down and abandoning module DeviceManager (466)
[2018.12.05-19.07.06:603][643]LogModuleManager: Shutting down and abandoning module TargetDeviceServices (465)
[2018.12.05-19.07.06:656][643]LogModuleManager: Shutting down and abandoning module AutomationController (462)
[2018.12.05-19.07.06:656][643]LogModuleManager: Shutting down and abandoning module AutomationWindow (460)
[2018.12.05-19.07.06:656][643]LogModuleManager: Shutting down and abandoning module Layers (458)
[2018.12.05-19.07.06:656][643]LogModuleManager: Shutting down and abandoning module ComponentVisualizers (456)
[2018.12.05-19.07.06:656][643]LogModuleManager: Shutting down and abandoning module DetailCustomizations (454)
[2018.12.05-19.07.06:656][643]LogModuleManager: Shutting down and abandoning module PackagesDialog (452)
[2018.12.05-19.07.06:656][643]LogModuleManager: Shutting down and abandoning module Persona (450)
[2018.12.05-19.07.06:656][643]LogModuleManager: Shutting down and abandoning module AdvancedPreviewScene (449)
[2018.12.05-19.07.06:656][643]LogModuleManager: Shutting down and abandoning module AnimGraph (447)
[2018.12.05-19.07.06:656][643]LogModuleManager: Shutting down and abandoning module Kismet (444)
[2018.12.05-19.07.06:656][643]LogModuleManager: Shutting down and abandoning module GraphEditor (442)
[2018.12.05-19.07.06:657][643]LogModuleManager: Shutting down and abandoning module ClassViewer (440)
[2018.12.05-19.07.06:657][643]LogModuleManager: Shutting down and abandoning module Toolbox (438)
[2018.12.05-19.07.06:657][643]LogModuleManager: Shutting down and abandoning module ModuleUI (436)
[2018.12.05-19.07.06:657][643]LogModuleManager: Shutting down and abandoning module MovieSceneTools (434)
[2018.12.05-19.07.06:657][643]LogModuleManager: Shutting down and abandoning module OutputLog (432)
[2018.12.05-19.07.06:657][643]LogModuleManager: Shutting down and abandoning module GammaUI (430)
[2018.12.05-19.07.06:657][643]LogModuleManager: Shutting down and abandoning module Documentation (428)
[2018.12.05-19.07.06:657][643]LogModuleManager: Shutting down and abandoning module MovieSceneTracks (426)
[2018.12.05-19.07.06:657][643]LogModuleManager: Shutting down and abandoning module MovieScene (424)
[2018.12.05-19.07.06:657][643]LogModuleManager: Shutting down and abandoning module StreamingPauseRendering (422)
[2018.12.05-19.07.06:657][643]LogModuleManager: Shutting down and abandoning module LauncherPlatform (420)
[2018.12.05-19.07.06:657][643]LogModuleManager: Shutting down and abandoning module AnalyticsET (418)
[2018.12.05-19.07.06:657][643]LogModuleManager: Shutting down and abandoning module PortalServices (416)
[2018.12.05-19.07.06:657][643]LogModuleManager: Shutting down and abandoning module PortalRpc (414)
[2018.12.05-19.07.06:657][643]LogModuleManager: Shutting down and abandoning module MessagingRpc (412)
[2018.12.05-19.07.06:657][643]LogModuleManager: Shutting down and abandoning module AIModule (410)
[2018.12.05-19.07.06:657][643]LogModuleManager: Shutting down and abandoning module GameplayDebugger (409)
[2018.12.05-19.07.06:657][643]LogModuleManager: Shutting down and abandoning module AITestSuite (407)
[2018.12.05-19.07.06:657][643]LogModuleManager: Shutting down and abandoning module NavigationSystem (405)
[2018.12.05-19.07.06:657][643]LogModuleManager: Shutting down and abandoning module DesktopPlatform (402)
[2018.12.05-19.07.06:657][643]LogModuleManager: Shutting down and abandoning module ProfilerService (400)
[2018.12.05-19.07.06:758][643]LogModuleManager: Shutting down and abandoning module TaskGraph (398)
[2018.12.05-19.07.06:758][643]LogModuleManager: Shutting down and abandoning module SteamVRController (396)
[2018.12.05-19.07.06:758][643]LogModuleManager: Shutting down and abandoning module ProceduralMeshComponentEditor (394)
[2018.12.05-19.07.06:758][643]LogModuleManager: Shutting down and abandoning module ProceduralMeshComponent (392)
[2018.12.05-19.07.06:758][643]LogModuleManager: Shutting down and abandoning module OculusInput (390)
[2018.12.05-19.07.06:758][643]LogModuleManager: Shutting down and abandoning module MobilePatchingUtils (388)
[2018.12.05-19.07.06:758][643]LogModuleManager: Shutting down and abandoning module EditableMesh (386)
[2018.12.05-19.07.06:759][643]LogModuleManager: Shutting down and abandoning module CustomMeshComponent (384)
[2018.12.05-19.07.06:759][643]LogModuleManager: Shutting down and abandoning module CableComponent (382)
[2018.12.05-19.07.06:759][643]LogModuleManager: Shutting down and abandoning module AudioCapture (380)
[2018.12.05-19.07.06:759][643]LogModuleManager: Shutting down and abandoning module ArchVisCharacter (378)
[2018.12.05-19.07.06:759][643]LogModuleManager: Shutting down and abandoning module AndroidPermission (376)
[2018.12.05-19.07.06:759][643]LogModuleManager: Shutting down and abandoning module NUTUnrealEngine4 (374)
[2018.12.05-19.07.06:759][643]LogModuleManager: Shutting down and abandoning module NetcodeUnitTest (372)
[2018.12.05-19.07.06:759][643]LogModuleManager: Shutting down and abandoning module MediaCompositingEditor (370)
[2018.12.05-19.07.06:759][643]LogModuleManager: Shutting down and abandoning module MediaCompositing (368)
[2018.12.05-19.07.06:759][643]LogModuleManager: Shutting down and abandoning module LinearTimecode (366)
[2018.12.05-19.07.06:759][643]LogModuleManager: Shutting down and abandoning module ImgMedia (364)
[2018.12.05-19.07.06:763][643]LogModuleManager: Shutting down and abandoning module HTML5Networking (362)
[2018.12.05-19.07.06:763][643]LogModuleManager: Shutting down and abandoning module GeometryCacheTracks (360)
[2018.12.05-19.07.06:763][643]LogModuleManager: Shutting down and abandoning module GeometryCacheSequencer (358)
[2018.12.05-19.07.06:763][643]LogModuleManager: Shutting down and abandoning module BackChannel (356)
[2018.12.05-19.07.06:763][643]LogModuleManager: Shutting down and abandoning module AppleVision (354)
[2018.12.05-19.07.06:763][643]LogModuleManager: Shutting down and abandoning module AppleImageUtils (352)
[2018.12.05-19.07.06:763][643]LogModuleManager: Shutting down and abandoning module AlembicImporter (350)
[2018.12.05-19.07.06:763][643]LogModuleManager: Shutting down and abandoning module AlembicLibrary (349)
[2018.12.05-19.07.06:763][643]LogModuleManager: Shutting down and abandoning module GeometryCache (348)
[2018.12.05-19.07.06:763][643]LogModuleManager: Shutting down and abandoning module GeometryCacheEd (347)
[2018.12.05-19.07.06:763][643]LogModuleManager: Shutting down and abandoning module DatasmithContentEditor (342)
[2018.12.05-19.07.06:763][643]LogModuleManager: Shutting down and abandoning module DatasmithContent (340)
[2018.12.05-19.07.06:764][643]LogModuleManager: Shutting down and abandoning module SpeedTreeImporter (338)
[2018.12.05-19.07.06:764][643]LogModuleManager: Shutting down and abandoning module PluginBrowser (336)
[2018.12.05-19.07.06:764][643]LogModuleManager: Shutting down and abandoning module MobileLauncherProfileWizard (334)
[2018.12.05-19.07.06:764][643]LogModuleManager: Shutting down and abandoning module PolygonModeling (332)
[2018.12.05-19.07.06:764][643]LogModuleManager: Shutting down and abandoning module MeshEditor (330)
[2018.12.05-19.07.06:764][643]LogModuleManager: Shutting down and abandoning module CryptoKeysOpenSSL (328)
[2018.12.05-19.07.06:764][643]LogModuleManager: Shutting down and abandoning module CryptoKeys (326)
[2018.12.05-19.07.06:764][643]LogModuleManager: Shutting down and abandoning module VisualStudioSourceCodeAccess (324)
[2018.12.05-19.07.06:764][643]LogModuleManager: Shutting down and abandoning module VisualStudioCodeSourceCodeAccess (322)
[2018.12.05-19.07.06:764][643]LogModuleManager: Shutting down and abandoning module UObjectPlugin (320)
[2018.12.05-19.07.06:764][643]LogModuleManager: Shutting down and abandoning module SubversionSourceControl (318)
[2018.12.05-19.07.06:764][643]LogModuleManager: Shutting down and abandoning module PerforceSourceControl (316)
[2018.12.05-19.07.06:764][643]LogModuleManager: Shutting down and abandoning module GitSourceControl (314)
[2018.12.05-19.07.06:764][643]LogModuleManager: Shutting down and abandoning module SourceControl (313)
[2018.12.05-19.07.06:764][643]LogModuleManager: Shutting down and abandoning module CLionSourceCodeAccess (310)
[2018.12.05-19.07.06:764][643]LogModuleManager: Shutting down and abandoning module LightPropagationVolumeEditor (308)
[2018.12.05-19.07.06:764][643]LogModuleManager: Shutting down and abandoning module PaperTiledImporter (306)
[2018.12.05-19.07.06:764][643]LogModuleManager: Shutting down and abandoning module PaperSpriteSheetImporter (304)
[2018.12.05-19.07.06:764][643]LogModuleManager: Shutting down and abandoning module Paper2DEditor (302)
[2018.12.05-19.07.06:764][643]LogModuleManager: Shutting down and abandoning module MeshPaint (301)
[2018.12.05-19.07.06:764][643]LogModuleManager: Shutting down and abandoning module RuntimePhysXCooking (298)
[2018.12.05-19.07.06:764][643]LogModuleManager: Shutting down and abandoning module PhysXVehiclesEditor (296)
[2018.12.05-19.07.06:764][643]LogModuleManager: Shutting down and abandoning module PhysXVehicles (294)
[2018.12.05-19.07.06:764][643]LogModuleManager: Shutting down and abandoning module OculusEditor (292)
[2018.12.05-19.07.06:765][643]LogModuleManager: Shutting down and abandoning module LocationServicesBPLibrary (290)
[2018.12.05-19.07.06:765][643]LogModuleManager: Shutting down and abandoning module ImmediatePhysicsEditor (288)
[2018.12.05-19.07.06:765][643]LogModuleManager: Shutting down and abandoning module ImmediatePhysics (286)
[2018.12.05-19.07.06:765][643]LogModuleManager: Shutting down and abandoning module ActorSequence (284)
[2018.12.05-19.07.06:765][643]LogModuleManager: Shutting down and abandoning module UdpMessaging (282)
[2018.12.05-19.07.06:865][643]LogModuleManager: Shutting down and abandoning module TcpMessaging (280)
[2018.12.05-19.07.06:966][643]LogModuleManager: Shutting down and abandoning module MagicLeapAudio (278)
[2018.12.05-19.07.06:966][643]LogModuleManager: Shutting down and abandoning module GameplayTagsEditor (276)
[2018.12.05-19.07.06:966][643]LogModuleManager: Shutting down and abandoning module FacialAnimationEditor (274)
[2018.12.05-19.07.06:966][643]LogModuleManager: Shutting down and abandoning module FacialAnimation (272)
[2018.12.05-19.07.06:966][643]LogModuleManager: Shutting down and abandoning module DataValidation (270)
[2018.12.05-19.07.06:966][643]LogModuleManager: Shutting down and abandoning module AssetManagerEditor (268)
[2018.12.05-19.07.06:966][643]LogModuleManager: Shutting down and abandoning module LevelEditor (267)
[2018.12.05-19.07.06:967][643]LogModuleManager: Shutting down and abandoning module PixelInspectorModule (266)
[2018.12.05-19.07.06:967][643]LogModuleManager: Shutting down and abandoning module CommonMenuExtensions (264)
[2018.12.05-19.07.06:967][643]LogModuleManager: Shutting down and abandoning module MainFrame (262)
[2018.12.05-19.07.06:967][643]LogModuleManager: Shutting down and abandoning module HotReload (261)
[2018.12.05-19.07.06:967][643]LogModuleManager: Shutting down and abandoning module ContentBrowser (257)
[2018.12.05-19.07.06:969][643]LogModuleManager: Shutting down and abandoning module TreeMap (255)
[2018.12.05-19.07.06:969][643]LogModuleManager: Shutting down and abandoning module LightPropagationVolumeRuntime (252)
[2018.12.05-19.07.06:969][643]LogModuleManager: Shutting down and abandoning module AISupportModule (250)
[2018.12.05-19.07.06:969][643]LogModuleManager: Shutting down and abandoning module Paper2D (248)
[2018.12.05-19.07.06:969][643]LogModuleManager: Shutting down and abandoning module WindowsMoviePlayer (246)
[2018.12.05-19.07.06:969][643]LogModuleManager: Shutting down and abandoning module WmfMedia (244)
[2018.12.05-19.07.06:970][643]LogModuleManager: Shutting down and abandoning module Media (243)
[2018.12.05-19.07.06:976][643]LogModuleManager: Shutting down and abandoning module PacketHandler (240)
[2018.12.05-19.07.06:976][643]LogModuleManager: Shutting down and abandoning module ClothingSystemEditor (238)
[2018.12.05-19.07.06:976][643]LogModuleManager: Shutting down and abandoning module ClothingSystemRuntime (236)
[2018.12.05-19.07.06:976][643]LogModuleManager: Shutting down and abandoning module MediaAssets (234)
[2018.12.05-19.07.06:977][643]LogModuleManager: Shutting down and abandoning module Overlay (232)
[2018.12.05-19.07.06:977][643]LogModuleManager: Shutting down and abandoning module OverlayEditor (231)
[2018.12.05-19.07.06:977][643]LogModuleManager: Shutting down and abandoning module VREditor (228)
[2018.12.05-19.07.06:977][643]LogModuleManager: Shutting down and abandoning module StringTableEditor (226)
[2018.12.05-19.07.06:977][643]LogModuleManager: Shutting down and abandoning module GameplayTasksEditor (224)
[2018.12.05-19.07.06:977][643]LogModuleManager: Shutting down and abandoning module BehaviorTreeEditor (222)
[2018.12.05-19.07.06:977][643]LogModuleManager: Shutting down and abandoning module FunctionalTesting (220)
[2018.12.05-19.07.06:977][643]LogModuleManager: Shutting down and abandoning module CollisionAnalyzer (218)
[2018.12.05-19.07.06:977][643]LogModuleManager: Shutting down and abandoning module WorkspaceMenuStructure (217)
[2018.12.05-19.07.06:977][643]LogModuleManager: Shutting down and abandoning module UMG (214)
[2018.12.05-19.07.06:977][643]LogModuleManager: Shutting down and abandoning module UMGEditor (213)
[2018.12.05-19.07.06:977][643]LogModuleManager: Shutting down and abandoning module Sequencer (212)
[2018.12.05-19.07.06:977][643]LogModuleManager: Shutting down and abandoning module MessageLog (209)
[2018.12.05-19.07.06:977][643]LogModuleManager: Shutting down and abandoning module SlateReflector (204)
[2018.12.05-19.07.06:977][643]LogModuleManager: Shutting down and abandoning module Slate (202)
[2018.12.05-19.07.06:977][643]LogModuleManager: Shutting down and abandoning module EditorStyle (200)
[2018.12.05-19.07.06:979][643]LogModuleManager: Shutting down and abandoning module MRMesh (198)
[2018.12.05-19.07.06:979][643]LogModuleManager: Shutting down and abandoning module SourceCodeAccess (196)
[2018.12.05-19.07.06:979][643]LogModuleManager: Shutting down and abandoning module HeadMountedDisplay (194)
[2018.12.05-19.07.06:979][643]LogModuleManager: Shutting down and abandoning module XAudio2 (192)
[2018.12.05-19.07.06:979][643]LogModuleManager: Shutting down and abandoning module Networking (190)
[2018.12.05-19.07.06:979][643]LogModuleManager: Shutting down and abandoning module Core (188)
[2018.12.05-19.07.06:979][643]LogModuleManager: Shutting down and abandoning module LevelSequence (186)
[2018.12.05-19.07.06:979][643]LogModuleManager: Shutting down and abandoning module KismetCompiler (184)
[2018.12.05-19.07.06:979][643]LogModuleManager: Shutting down and abandoning module MeshUtilities (182)
[2018.12.05-19.07.06:979][643]LogModuleManager: Shutting down and abandoning module MeshMergeUtilities (181)
[2018.12.05-19.07.06:979][643]LogModuleManager: Shutting down and abandoning module MeshReductionInterface (180)
[2018.12.05-19.07.06:979][643]LogModuleManager: Shutting down and abandoning module SimplygonSwarm (179)
[2018.12.05-19.07.06:979][643]LogModuleManager: Shutting down and abandoning module ProxyLODMeshReduction (177)
[2018.12.05-19.07.06:979][643]LogModuleManager: Shutting down and abandoning module SimplygonMeshReduction (175)
[2018.12.05-19.07.06:979][643]LogModuleManager: Shutting down and abandoning module QuadricMeshReduction (173)
[2018.12.05-19.07.06:979][643]LogModuleManager: Shutting down and abandoning module MaterialBaking (169)
[2018.12.05-19.07.06:979][643]LogModuleManager: Shutting down and abandoning module DirectoryWatcher (165)
[2018.12.05-19.07.06:979][643]LogModuleManager: Shutting down and abandoning module DerivedDataCache (162)
[2018.12.05-19.07.07:004][643]LogDerivedDataCache: Shutdown
[2018.12.05-19.07.07:004][643]LogModuleManager: Shutting down and abandoning module XGEController (160)
[2018.12.05-19.07.07:004][643]LogXGEController: Cleaning working directory: C:/Users/kubok/AppData/Local/Temp/UnrealXGEWorkingDir/
[2018.12.05-19.07.07:004][643]LogModuleManager: Shutting down and abandoning module TargetPlatform (158)
[2018.12.05-19.07.07:004][643]LogModuleManager: Shutting down and abandoning module VulkanShaderFormat (157)
[2018.12.05-19.07.07:004][643]LogModuleManager: Shutting down and abandoning module ShaderFormatVectorVM (155)
[2018.12.05-19.07.07:004][643]LogModuleManager: Shutting down and abandoning module ShaderFormatOpenGL (153)
[2018.12.05-19.07.07:004][643]LogModuleManager: Shutting down and abandoning module ShaderFormatD3D (151)
[2018.12.05-19.07.07:004][643]LogModuleManager: Shutting down and abandoning module MetalShaderFormat (149)
[2018.12.05-19.07.07:004][643]LogModuleManager: Shutting down and abandoning module TextureFormatUncompressed (147)
[2018.12.05-19.07.07:004][643]LogModuleManager: Shutting down and abandoning module TextureFormatPVR (145)
[2018.12.05-19.07.07:004][643]LogModuleManager: Shutting down and abandoning module TextureFormatDXT (143)
[2018.12.05-19.07.07:004][643]LogModuleManager: Shutting down and abandoning module TextureFormatIntelISPCTexComp (141)
[2018.12.05-19.07.07:004][643]LogModuleManager: Shutting down and abandoning module TextureFormatASTC (139)
[2018.12.05-19.07.07:004][643]LogModuleManager: Shutting down and abandoning module ImageWrapper (138)
[2018.12.05-19.07.07:004][643]LogModuleManager: Shutting down and abandoning module TextureFormatAndroid (135)
[2018.12.05-19.07.07:004][643]LogModuleManager: Shutting down and abandoning module AudioFormatOpus (133)
[2018.12.05-19.07.07:004][643]LogModuleManager: Shutting down and abandoning module AudioFormatOgg (131)
[2018.12.05-19.07.07:004][643]LogModuleManager: Shutting down and abandoning module AudioFormatADPCM (129)
[2018.12.05-19.07.07:004][643]LogModuleManager: Shutting down and abandoning module LuminTargetPlatform (127)
[2018.12.05-19.07.07:004][643]LogModuleManager: Shutting down and abandoning module LinuxTargetPlatform (125)
[2018.12.05-19.07.07:004][643]LogModuleManager: Shutting down and abandoning module LinuxServerTargetPlatform (123)
[2018.12.05-19.07.07:004][643]LogModuleManager: Shutting down and abandoning module LinuxNoEditorTargetPlatform (121)
[2018.12.05-19.07.07:004][643]LogModuleManager: Shutting down and abandoning module LinuxClientTargetPlatform (119)
[2018.12.05-19.07.07:004][643]LogModuleManager: Shutting down and abandoning module TVOSTargetPlatform (117)
[2018.12.05-19.07.07:005][643]LogModuleManager: Shutting down and abandoning module Messaging (115)
[2018.12.05-19.07.07:005][643]LogModuleManager: Shutting down and abandoning module IOSTargetPlatform (113)
[2018.12.05-19.07.07:005][643]LogModuleManager: Shutting down and abandoning module HTML5TargetPlatform (111)
[2018.12.05-19.07.07:006][643]LogModuleManager: Shutting down and abandoning module AndroidTargetPlatform (109)
[2018.12.05-19.07.07:011][643]LogModuleManager: Shutting down and abandoning module WindowsTargetPlatform (107)
[2018.12.05-19.07.07:011][643]LogModuleManager: Shutting down and abandoning module WindowsServerTargetPlatform (105)
[2018.12.05-19.07.07:011][643]LogModuleManager: Shutting down and abandoning module WindowsNoEditorTargetPlatform (103)
[2018.12.05-19.07.07:011][643]LogModuleManager: Shutting down and abandoning module WindowsClientTargetPlatform (101)
[2018.12.05-19.07.07:011][643]LogModuleManager: Shutting down and abandoning module MacTargetPlatform (99)
[2018.12.05-19.07.07:011][643]LogModuleManager: Shutting down and abandoning module MacServerTargetPlatform (97)
[2018.12.05-19.07.07:011][643]LogModuleManager: Shutting down and abandoning module MacNoEditorTargetPlatform (95)
[2018.12.05-19.07.07:011][643]LogModuleManager: Shutting down and abandoning module MacClientTargetPlatform (93)
[2018.12.05-19.07.07:011][643]LogModuleManager: Shutting down and abandoning module AllDesktopTargetPlatform (91)
[2018.12.05-19.07.07:011][643]LogModuleManager: Shutting down and abandoning module InputCore (88)
[2018.12.05-19.07.07:011][643]LogModuleManager: Shutting down and abandoning module Settings (86)
[2018.12.05-19.07.07:011][643]LogModuleManager: Shutting down and abandoning module PhysXCooking (84)
[2018.12.05-19.07.07:011][643]LogModuleManager: Shutting down and abandoning module SteamVR (82)
[2018.12.05-19.07.07:011][643]LogModuleManager: Shutting down and abandoning module OculusHMD (80)
[2018.12.05-19.07.07:011][643]LogModuleManager: Shutting down and abandoning module ExampleDeviceProfileSelector (78)
[2018.12.05-19.07.07:011][643]LogModuleManager: Shutting down and abandoning module LauncherChunkInstaller (76)
[2018.12.05-19.07.07:011][643]LogModuleManager: Shutting down and abandoning module OnlineBlueprintSupport (74)
[2018.12.05-19.07.07:011][643]LogModuleManager: Shutting down and abandoning module OnlineSubsystem (70)
[2018.12.05-19.07.07:012][643]LogModuleManager: Shutting down and abandoning module XMPP (65)
[2018.12.05-19.07.07:012][643]LogModuleManager: Shutting down and abandoning module WebSockets (64)
[2018.12.05-19.07.07:031][643]LogModuleManager: Shutting down and abandoning module HTTP (61)
[2018.12.05-19.07.07:031][643]LogHttp: Display: Http module shutting down, but needs to wait on 1 outstanding Http requests:
[2018.12.05-19.07.07:031][643]LogHttp: Display: 	verb=[POST] url=[https://datarouter.ol.epicgames.com/datarouter/api/v1/public/data?SessionID=%7B63196D3B-4A14-473F-5E1B-FA8B6C91A896%7D&AppID=UEEditor.Rocket.Release&AppVersion=4.20.3-4369336%2B%2B%2BUE4%2BRelease-4.20&UserID=324ec0084dbef8438fffe5b8f7c64b97%7C0403635c1a57492d91b01d30c7d284ff%7C08e5cffc-2cd6-4bf4-a1a1-356897907582&AppEnvironment=datacollector-binary&UploadType=eteventstream] status=Processing
[2018.12.05-19.07.07:044][643]LogModuleManager: Shutting down and abandoning module SSL (60)
[2018.12.05-19.07.07:045][643]LogModuleManager: Shutting down and abandoning module MagicLeapEmulator (56)
[2018.12.05-19.07.07:045][643]LogModuleManager: Shutting down and abandoning module MagicLeapPrivileges (54)
[2018.12.05-19.07.07:045][643]LogModuleManager: Shutting down and abandoning module MagicLeapIdentity (52)
[2018.12.05-19.07.07:045][643]LogModuleManager: Shutting down and abandoning module MagicLeapHelperVulkan (50)
[2018.12.05-19.07.07:045][643]LogModuleManager: Shutting down and abandoning module MagicLeapHelperOpenGL (48)
[2018.12.05-19.07.07:045][643]LogModuleManager: Shutting down and abandoning module MagicLeapSecureStorage (46)
[2018.12.05-19.07.07:045][643]LogModuleManager: Shutting down and abandoning module MagicLeapGestures (44)
[2018.12.05-19.07.07:045][643]LogModuleManager: Shutting down and abandoning module MagicLeapEyeTracker (42)
[2018.12.05-19.07.07:045][643]LogModuleManager: Shutting down and abandoning module MagicLeapController (40)
[2018.12.05-19.07.07:045][643]LogSlate: Slate User Destroyed.  User Index 0, Is Virtual User: 0
[2018.12.05-19.07.07:045][643]LogModuleManager: Shutting down and abandoning module MagicLeap (38)
[2018.12.05-19.07.07:045][643]LogModuleManager: Shutting down and abandoning module AnimationModifiers (36)
[2018.12.05-19.07.07:045][643]LogModuleManager: Shutting down and abandoning module PropertyEditor (35)
[2018.12.05-19.07.07:045][643]LogModuleManager: Shutting down and abandoning module AudioEditor (32)
[2018.12.05-19.07.07:045][643]LogModuleManager: Shutting down and abandoning module TextureCompressor (30)
[2018.12.05-19.07.07:046][643]LogModuleManager: Shutting down and abandoning module ShaderCore (28)
[2018.12.05-19.07.07:046][643]LogModuleManager: Shutting down and abandoning module Landscape (26)
[2018.12.05-19.07.07:046][643]LogModuleManager: Shutting down and abandoning module SlateRHIRenderer (24)
[2018.12.05-19.07.07:046][643]LogModuleManager: Shutting down and abandoning module OpenGLDrv (22)
[2018.12.05-19.07.07:046][643]LogModuleManager: Shutting down and abandoning module D3D11RHI (20)
[2018.12.05-19.07.07:046][643]LogModuleManager: Shutting down and abandoning module AnimGraphRuntime (18)
[2018.12.05-19.07.07:046][643]LogModuleManager: Shutting down and abandoning module Renderer (16)
[2018.12.05-19.07.07:046][643]LogModuleManager: Shutting down and abandoning module Engine (14)
[2018.12.05-19.07.07:046][643]LogModuleManager: Shutting down and abandoning module CoreUObject (12)
[2018.12.05-19.07.07:046][643]LogModuleManager: Shutting down and abandoning module NetworkFile (10)
[2018.12.05-19.07.07:046][643]LogModuleManager: Shutting down and abandoning module CookedIterativeFile (8)
[2018.12.05-19.07.07:046][643]LogModuleManager: Shutting down and abandoning module StreamingFile (6)
[2018.12.05-19.07.07:046][643]LogModuleManager: Shutting down and abandoning module SandboxFile (4)
[2018.12.05-19.07.07:046][643]LogModuleManager: Shutting down and abandoning module PakFile (2)
[2018.12.05-19.07.07:055][643]LogExit: Exiting.
[2018.12.05-19.07.07:064][643]Log file closed, 12/05/18 14:07:07
