Log file open, 12/05/18 13:55:10
LogWindows: Failed to load 'aqProf.dll' (GetLastError=126)
LogWindows: File 'aqProf.dll' does not exist
LogWindows: Failed to load 'VtuneApi.dll' (GetLastError=126)
LogWindows: File 'VtuneApi.dll' does not exist
LogWindows: Failed to load 'VtuneApi32e.dll' (GetLastError=126)
LogWindows: File 'VtuneApi32e.dll' does not exist
LogInit: Display: Running engine for game: TeamSadMen
LogPlatformFile: Not using cached read wrapper
LogTaskGraph: Started task graph with 5 named threads and 23 total threads with 3 sets of task threads.
LogStats: Stats thread started at 0.291905
LogD3D11RHI: Loaded GFSDK_Aftermath_Lib.x64.dll
LogICUInternationalization: Display: ICU TimeZone Detection - Raw Offset: -5:00, Platform Override: ''
LogPluginManager: Mounting plugin Paper2D
LogPluginManager: Mounting plugin AISupport
LogPluginManager: Mounting plugin LightPropagationVolume
LogPluginManager: Mounting plugin CLionSourceCodeAccess
LogPluginManager: Mounting plugin CodeLiteSourceCodeAccess
LogPluginManager: Mounting plugin GitSourceControl
LogPluginManager: Mounting plugin KDevelopSourceCodeAccess
LogPluginManager: Mounting plugin NullSourceCodeAccess
LogPluginManager: Mounting plugin PerforceSourceControl
LogPluginManager: Mounting plugin SubversionSourceControl
LogPluginManager: Mounting plugin UObjectPlugin
LogPluginManager: Mounting plugin VisualStudioCodeSourceCodeAccess
LogPluginManager: Mounting plugin VisualStudioSourceCodeAccess
LogPluginManager: Mounting plugin XCodeSourceCodeAccess
LogPluginManager: Mounting plugin AssetManagerEditor
LogPluginManager: Mounting plugin CryptoKeys
LogPluginManager: Mounting plugin DataValidation
LogPluginManager: Mounting plugin FacialAnimation
LogPluginManager: Mounting plugin GameplayTagsEditor
LogPluginManager: Mounting plugin MacGraphicsSwitching
LogPluginManager: Mounting plugin MeshEditor
LogPluginManager: Mounting plugin MobileLauncherProfileWizard
LogPluginManager: Mounting plugin PluginBrowser
LogPluginManager: Mounting plugin SpeedTreeImporter
LogPluginManager: Mounting plugin DatasmithContent
LogPluginManager: Mounting plugin AlembicImporter
LogPluginManager: Mounting plugin AppleImageUtils
LogPluginManager: Mounting plugin AppleVision
LogPluginManager: Mounting plugin BackChannel
LogPluginManager: Mounting plugin CharacterAI
LogPluginManager: Mounting plugin GeometryCache
LogPluginManager: Mounting plugin HTML5Networking
LogPluginManager: Mounting plugin ProxyLODPlugin
LogPluginManager: Mounting plugin MagicLeap
LogPluginManager: Mounting plugin MagicLeapEmulator
LogPluginManager: Mounting plugin MagicLeapMedia
LogPluginManager: Mounting plugin AndroidMedia
LogPluginManager: Mounting plugin AvfMedia
LogPluginManager: Mounting plugin ImgMedia
LogPluginManager: Mounting plugin LinearTimecode
LogPluginManager: Mounting plugin MediaCompositing
LogPluginManager: Mounting plugin MediaPlayerEditor
LogPluginManager: Mounting plugin WmfMedia
LogPluginManager: Mounting plugin TcpMessaging
LogPluginManager: Mounting plugin UdpMessaging
LogPluginManager: Mounting plugin ActorSequence
LogPluginManager: Mounting plugin LevelSequenceEditor
LogPluginManager: Mounting plugin MatineeToLevelSequence
LogPluginManager: Mounting plugin NetcodeUnitTest
LogPluginManager: Mounting plugin NUTUnrealEngine4
LogPluginManager: Mounting plugin OnlineSubsystemGooglePlay
LogPluginManager: Mounting plugin OnlineSubsystemIOS
LogPluginManager: Mounting plugin OnlineSubsystem
LogPluginManager: Mounting plugin OnlineSubsystemNull
LogPluginManager: Mounting plugin OnlineSubsystemUtils
LogPluginManager: Mounting plugin LauncherChunkInstaller
LogPluginManager: Mounting plugin AndroidDeviceProfileSelector
LogPluginManager: Mounting plugin AndroidMoviePlayer
LogPluginManager: Mounting plugin AndroidPermission
LogPluginManager: Mounting plugin AppleMoviePlayer
LogPluginManager: Mounting plugin ArchVisCharacter
LogPluginManager: Mounting plugin AudioCapture
LogPluginManager: Mounting plugin CableComponent
LogPluginManager: Mounting plugin CustomMeshComponent
LogPluginManager: Mounting plugin EditableMesh
LogPluginManager: Mounting plugin ExampleDeviceProfileSelector
LogPluginManager: Mounting plugin GoogleCloudMessaging
LogPluginManager: Mounting plugin ImmediatePhysics
LogPluginManager: Mounting plugin IOSDeviceProfileSelector
LogPluginManager: Mounting plugin LinuxDeviceProfileSelector
LogPluginManager: Mounting plugin LocationServicesBPLibrary
LogPluginManager: Mounting plugin MobilePatchingUtils
LogPluginManager: Mounting plugin OculusVR
LogPluginManager: Plugin shader directory ../../../Engine/Plugins/Runtime/Oculus/OculusVR/Shaders found
LogPluginManager: Mapping shader source directory ../../../Engine/Plugins/Runtime/Oculus/OculusVR/Shaders to virtual directory /Plugin/OculusVR
LogPluginManager: Mounting plugin PhysXVehicles
LogPluginManager: Mounting plugin ProceduralMeshComponent
LogPluginManager: Mounting plugin RuntimePhysXCooking
LogPluginManager: Mounting plugin SteamVR
LogPluginManager: Mounting plugin WindowsMoviePlayer
LogStreaming: Display: Took  0.141s to configure plugins.
LogInit: Using libcurl 7.55.1-DEV
LogInit:  - built for x86_64-pc-win32
LogInit:  - supports SSL with OpenSSL/1.0.2h
LogInit:  - supports HTTP deflate (compression) using libz 1.2.8
LogInit:  - other features:
LogInit:      CURL_VERSION_SSL
LogInit:      CURL_VERSION_LIBZ
LogInit:      CURL_VERSION_IPV6
LogInit:      CURL_VERSION_ASYNCHDNS
LogInit:      CURL_VERSION_LARGEFILE
LogInit:      CURL_VERSION_IDN
LogInit:  CurlRequestOptions (configurable via config and command line):
LogInit:  - bVerifyPeer = false  - Libcurl will NOT verify peer certificate
LogInit:  - bUseHttpProxy = false  - Libcurl will NOT use HTTP proxy
LogInit:  - bDontReuseConnections = false  - Libcurl will reuse connections
LogInit:  - CertBundlePath = nullptr  - Libcurl will use whatever was configured at build time.
LogInit:  - MaxHostConnections = 16  - Libcurl will limit the number of connections to a host
LogInit:  - LocalHostAddr = Default
LogInit:  - BufferSize = 65536
LogInit: WinSock: version 1.1 (2.2), MaxSocks=32767, MaxUdp=65467
LogInit: Build: ++UE4+Release-4.20-CL-4369336
LogInit: Engine Version: 4.20.3-4369336+++UE4+Release-4.20
LogInit: Compatible Engine Version: 4.20.0-4212847+++UE4+Release-4.20
LogInit: Net CL: 4212847
LogInit: OS: Windows 10 (), CPU: Intel(R) Core(TM) i7-6700HQ CPU @ 2.60GHz, GPU: Intel(R) HD Graphics 530
LogInit: Compiled (64-bit): Sep 17 2018 12:26:19
LogInit: Compiled with Visual C++: 19.13.26129.00
LogInit: Build Configuration: Development
LogInit: Branch Name: ++UE4+Release-4.20
LogInit: Command Line:  
LogInit: Base Directory: C:/Program Files/Epic Games/UE_4.20/Engine/Binaries/Win64/
LogInit: Installed Engine Build: 1
LogDevObjectVersion: Number of dev versions registered: 20
LogDevObjectVersion:   Dev-Blueprints (B0D832E4-1F89-4F0D-ACCF-7EB736FD4AA2): 10
LogDevObjectVersion:   Dev-Build (E1C64328-A22C-4D53-A36C-8E866417BD8C): 0
LogDevObjectVersion:   Dev-Core (375EC13C-06E4-48FB-B500-84F0262A717E): 2
LogDevObjectVersion:   Dev-Editor (E4B068ED-F494-42E9-A231-DA0B2E46BB41): 24
LogDevObjectVersion:   Dev-Framework (CFFC743F-43B0-4480-9391-14DF171D2073): 34
LogDevObjectVersion:   Dev-Mobile (B02B49B5-BB20-44E9-A304-32B752E40360): 2
LogDevObjectVersion:   Dev-Networking (A4E4105C-59A1-49B5-A7C5-40C4547EDFEE): 0
LogDevObjectVersion:   Dev-Online (39C831C9-5AE6-47DC-9A44-9C173E1C8E7C): 0
LogDevObjectVersion:   Dev-Physics (78F01B33-EBEA-4F98-B9B4-84EACCB95AA2): 0
LogDevObjectVersion:   Dev-Platform (6631380F-2D4D-43E0-8009-CF276956A95A): 0
LogDevObjectVersion:   Dev-Rendering (12F88B9F-8875-4AFC-A67C-D90C383ABD29): 26
LogDevObjectVersion:   Dev-Sequencer (7B5AE74C-D270-4C10-A958-57980B212A5A): 9
LogDevObjectVersion:   Dev-VR (D7296918-1DD6-4BDD-9DE2-64A83CC13884): 2
LogDevObjectVersion:   Dev-LoadTimes (C2A15278-BFE7-4AFE-6C17-90FF531DF755): 1
LogDevObjectVersion:   Private-Geometry (6EACA3D4-40EC-4CC1-B786-8BED09428FC5): 3
LogDevObjectVersion:   Dev-AnimPhys (29E575DD-E0A3-4627-9D10-D276232CDCEA): 17
LogDevObjectVersion:   Dev-ReflectionCapture (6B266CEC-1EC7-4B8F-A30B-E4D90942FC07): 1
LogDevObjectVersion:   Dev-Automation (0DF73D61-A23F-47EA-B727-89E90C41499A): 1
LogDevObjectVersion:   FortniteMain (601D1886-AC64-4F84-AA16-D3DE0DEAC7D6): 12
LogDevObjectVersion:   Dev-Enterprise (9DFFBCD6-494F-0158-E221-12823C92A888): 1
LogStreaming: Display: Took  0.002s to delete old logs.
LogInit: Presizing for max 8388607 objects, including 0 objects not considered by GC, pre-allocating 0 bytes for permanent pool.
LogInit: Object subsystem initialized
[2018.12.05-18.55.11:083][  0]LogInit: Selected Device Profile: [Windows]
[2018.12.05-18.55.11:083][  0]LogInit: Applying CVar settings loaded from the selected device profile: [Windows]
[2018.12.05-18.55.11:101][  0]LogHAL: Display: Platform has ~ 16 GB [16964771840 / 17179869184 / 16], which maps to Larger [LargestMinGB=32, LargerMinGB=12, DefaultMinGB=8, SmallerMinGB=6, SmallestMinGB=0)
[2018.12.05-18.55.11:101][  0]LogInit: Setting Device Profile CVar: [[r.Vulkan.UseRealUBs:1]]
[2018.12.05-18.55.11:101][  0]LogInit: Going up to parent DeviceProfile []
[2018.12.05-18.55.11:101][  0]LogInit: Computer: DESKTOP-HIBAT0Q
[2018.12.05-18.55.11:101][  0]LogInit: User: kubok
[2018.12.05-18.55.11:101][  0]LogInit: CPU Page size=4096, Cores=4
[2018.12.05-18.55.11:101][  0]LogInit: High frequency timer resolution =2.531255 MHz
[2018.12.05-18.55.11:101][  0]LogMemory: Memory total: Physical=15.8GB (16GB approx)
[2018.12.05-18.55.11:101][  0]LogMemory: Platform Memory Stats for Windows
[2018.12.05-18.55.11:101][  0]LogMemory: Process Physical Memory: 100.06 MB used, 100.06 MB peak
[2018.12.05-18.55.11:101][  0]LogMemory: Process Virtual Memory: 91.22 MB used, 91.22 MB peak
[2018.12.05-18.55.11:101][  0]LogMemory: Physical Memory: 5413.46 MB used,  10765.41 MB free, 16178.87 MB total
[2018.12.05-18.55.11:101][  0]LogMemory: Virtual Memory: 4640.40 MB used,  10765.41 MB free, 134217728.00 MB total
[2018.12.05-18.55.11:127][  0]LogInit: Using OS detected language (en-US).
[2018.12.05-18.55.11:127][  0]LogInit: Using OS detected locale (en-US).
[2018.12.05-18.55.11:127][  0]LogTextLocalizationManager: No specific localization for 'en-US' exists, so the 'en' localization will be used.
[2018.12.05-18.55.11:530][  0]LogStreaming: Display: Took  0.403s to InitEngineTextLocalization.
[2018.12.05-18.55.11:530][  0]LogInit: Setting process to per monitor DPI aware
[2018.12.05-18.55.11:578][  0]LogSlate: New Slate User Created.  User Index 0, Is Virtual User: 0
[2018.12.05-18.55.11:579][  0]LogSlate: Slate User Registered.  User Index 0, Is Virtual User: 0
[2018.12.05-18.55.11:839][  0]LogHMD: Failed to initialize OpenVR with code 110
[2018.12.05-18.55.11:839][  0]LogD3D11RHI: D3D11 adapters:
[2018.12.05-18.55.11:918][  0]LogD3D11RHI:    0. 'NVIDIA GeForce GTX 960M' (Feature Level 11_0)
[2018.12.05-18.55.11:918][  0]LogD3D11RHI:       2010/0/8089 MB DedicatedVideo/DedicatedSystem/SharedSystem, Outputs:1, VendorId:0x10de
[2018.12.05-18.55.11:927][  0]LogD3D11RHI:    1. 'Intel(R) HD Graphics 530' (Feature Level 11_0)
[2018.12.05-18.55.11:927][  0]LogD3D11RHI:       128/0/8089 MB DedicatedVideo/DedicatedSystem/SharedSystem, Outputs:0, VendorId:0x8086
[2018.12.05-18.55.11:929][  0]LogD3D11RHI:    2. 'Microsoft Basic Render Driver' (Feature Level 11_0)
[2018.12.05-18.55.11:929][  0]LogD3D11RHI:       0/0/8089 MB DedicatedVideo/DedicatedSystem/SharedSystem, Outputs:0, VendorId:0x1414
[2018.12.05-18.55.11:929][  0]LogD3D11RHI: Chosen D3D11 Adapter: 0
[2018.12.05-18.55.11:971][  0]LogD3D11RHI: Creating new Direct3DDevice
[2018.12.05-18.55.11:971][  0]LogD3D11RHI:     GPU DeviceId: 0x139b (for the marketing name, search the web for "GPU Device Id")
[2018.12.05-18.55.11:971][  0]LogWindows: EnumDisplayDevices:
[2018.12.05-18.55.11:972][  0]LogWindows:    0. 'Intel(R) HD Graphics 530' (P:1 D:1)
[2018.12.05-18.55.11:972][  0]LogWindows:    1. 'Intel(R) HD Graphics 530' (P:0 D:0)
[2018.12.05-18.55.11:972][  0]LogWindows:    2. 'Intel(R) HD Graphics 530' (P:0 D:0)
[2018.12.05-18.55.11:972][  0]LogWindows: DebugString: PrimaryIsNotTheChoosenAdapter PrimaryIsNotTheChoosenAdapter PrimaryIsNotTheChoosenAdapter FoundDriverCount:0 
[2018.12.05-18.55.11:972][  0]LogD3D11RHI:     Adapter Name: NVIDIA GeForce GTX 960M
[2018.12.05-18.55.11:972][  0]LogD3D11RHI:   Driver Version: Unknown (internal:Unknown, unified:Unknown)
[2018.12.05-18.55.11:972][  0]LogD3D11RHI:      Driver Date: Unknown
[2018.12.05-18.55.11:972][  0]LogRHI: Texture pool is 1407 MB (70% of 2010 MB)
[2018.12.05-18.55.12:021][  0]LogD3D11RHI: Async texture creation enabled
[2018.12.05-18.55.12:063][  0]LogD3D11RHI: GPU Timing Frequency: 1000.000000 (Debug: 2 2)
[2018.12.05-18.55.12:063][  0]LogShaderCompilers: Guid format shader working directory is -1 characters bigger than the processId version (../../../../../../Git Hub/TeamSadMen/TeamSadMen/Intermediate/Shaders/WorkingDirectory/8996/).
[2018.12.05-18.55.12:064][  0]LogShaderCompilers: Cleaned the shader compiler working directory 'C:/Users/kubok/AppData/Local/Temp/UnrealShaderWorkingDir/F1D9F3B24482A7D792100EB91B18406F/'.
[2018.12.05-18.55.12:369][  0]LogTemp: Display: Loaded TP AllDesktopTargetPlatform
[2018.12.05-18.55.12:383][  0]LogTemp: Display: Loaded TP MacClientTargetPlatform
[2018.12.05-18.55.12:396][  0]LogTemp: Display: Loaded TP MacNoEditorTargetPlatform
[2018.12.05-18.55.12:410][  0]LogTemp: Display: Loaded TP MacServerTargetPlatform
[2018.12.05-18.55.12:425][  0]LogTemp: Display: Loaded TP MacTargetPlatform
[2018.12.05-18.55.12:439][  0]LogTemp: Display: Loaded TP WindowsClientTargetPlatform
[2018.12.05-18.55.12:454][  0]LogTemp: Display: Loaded TP WindowsNoEditorTargetPlatform
[2018.12.05-18.55.12:468][  0]LogTemp: Display: Loaded TP WindowsServerTargetPlatform
[2018.12.05-18.55.12:475][  0]LogTemp: Display: Loaded TP WindowsTargetPlatform
[2018.12.05-18.55.12:559][  0]LogTemp: Display: Loaded TP AndroidTargetPlatform
[2018.12.05-18.55.12:559][  0]LogTemp: Display: Loaded TP AndroidTargetPlatform
[2018.12.05-18.55.12:559][  0]LogTemp: Display: Loaded TP AndroidTargetPlatform
[2018.12.05-18.55.12:559][  0]LogTemp: Display: Loaded TP AndroidTargetPlatform
[2018.12.05-18.55.12:559][  0]LogTemp: Display: Loaded TP AndroidTargetPlatform
[2018.12.05-18.55.12:559][  0]LogTemp: Display: Loaded TP AndroidTargetPlatform
[2018.12.05-18.55.12:559][  0]LogTemp: Display: Loaded TP AndroidTargetPlatform
[2018.12.05-18.55.12:559][  0]LogTemp: Display: Loaded TP AndroidTargetPlatform
[2018.12.05-18.55.12:559][  0]LogTemp: Display: Loaded TP AndroidTargetPlatform
[2018.12.05-18.55.12:559][  0]LogTemp: Display: Loaded TP AndroidTargetPlatform
[2018.12.05-18.55.12:559][  0]LogTemp: Display: Loaded TP AndroidTargetPlatform
[2018.12.05-18.55.12:559][  0]LogTemp: Display: Loaded TP AndroidTargetPlatform
[2018.12.05-18.55.12:559][  0]LogTemp: Display: Loaded TP AndroidTargetPlatform
[2018.12.05-18.55.12:559][  0]LogTemp: Display: Loaded TP AndroidTargetPlatform
[2018.12.05-18.55.12:559][  0]LogTemp: Display: Loaded TP AndroidTargetPlatform
[2018.12.05-18.55.12:559][  0]LogTemp: Display: Loaded TP AndroidTargetPlatform
[2018.12.05-18.55.12:559][  0]LogTemp: Display: Loaded TP AndroidTargetPlatform
[2018.12.05-18.55.12:559][  0]LogTemp: Display: Loaded TP AndroidTargetPlatform
[2018.12.05-18.55.12:561][  0]LogTemp: Display: Loaded TP HTML5TargetPlatform
[2018.12.05-18.55.12:623][  0]LogTemp: Display: Loaded TP IOSTargetPlatform
[2018.12.05-18.55.12:623][  0]LogTemp: Display: Loaded TP IOSTargetPlatform
[2018.12.05-18.55.12:647][  0]LogTemp: Display: Loaded TP TVOSTargetPlatform
[2018.12.05-18.55.12:647][  0]LogTemp: Display: Loaded TP TVOSTargetPlatform
[2018.12.05-18.55.12:660][  0]LogTemp: Display: Loaded TP LinuxClientTargetPlatform
[2018.12.05-18.55.12:673][  0]LogTemp: Display: Loaded TP LinuxNoEditorTargetPlatform
[2018.12.05-18.55.12:685][  0]LogTemp: Display: Loaded TP LinuxServerTargetPlatform
[2018.12.05-18.55.12:698][  0]LogTemp: Display: Loaded TP LinuxTargetPlatform
[2018.12.05-18.55.12:707][  0]LogTemp: Display: Loaded TP LuminTargetPlatform
[2018.12.05-18.55.12:707][  0]LogTargetPlatformManager: Display: Building Assets For Windows
[2018.12.05-18.55.12:770][  0]LogXGEController: Cleaning working directory: C:/Users/kubok/AppData/Local/Temp/UnrealXGEWorkingDir/
[2018.12.05-18.55.12:770][  0]LogXGEController: Cannot use XGE Controller as Incredibuild is not installed on this machine.
[2018.12.05-18.55.12:770][  0]LogShaderCompilers: Cannot use XGE Shader Compiler as Incredibuild is not installed on this machine.
[2018.12.05-18.55.12:770][  0]LogShaderCompilers: Display: Using Local Shader Compiler.
[2018.12.05-18.55.13:619][  0]LogDerivedDataCache: Display: Max Cache Size: 512 MB
[2018.12.05-18.55.13:676][  0]LogDerivedDataCache: Loaded boot cache 0.06s 71MB C:/Users/kubok/AppData/Local/UnrealEngine/4.20/DerivedDataCache/Boot.ddc.
[2018.12.05-18.55.13:677][  0]LogDerivedDataCache: Display: Loaded Boot cache: C:/Users/kubok/AppData/Local/UnrealEngine/4.20/DerivedDataCache/Boot.ddc
[2018.12.05-18.55.13:677][  0]LogDerivedDataCache: FDerivedDataBackendGraph:  Pak pak cache file ../../../../../../Git Hub/TeamSadMen/TeamSadMen/DerivedDataCache/DDC.ddp not found, will not use a pak cache.
[2018.12.05-18.55.13:677][  0]LogDerivedDataCache: Unable to find inner node Pak for hierarchical cache Hierarchy.
[2018.12.05-18.55.13:677][  0]LogDerivedDataCache: FDerivedDataBackendGraph:  CompressedPak pak cache file ../../../../../../Git Hub/TeamSadMen/TeamSadMen/DerivedDataCache/Compressed.ddp not found, will not use a pak cache.
[2018.12.05-18.55.13:677][  0]LogDerivedDataCache: Unable to find inner node CompressedPak for hierarchical cache Hierarchy.
[2018.12.05-18.55.13:691][  0]LogDerivedDataCache: Display: Pak cache opened for reading ../../../Engine/DerivedDataCache/Compressed.ddp.
[2018.12.05-18.55.13:704][  0]LogDerivedDataCache: Using Local data cache path C:/Users/kubok/AppData/Local/UnrealEngine/Common/DerivedDataCache: Writable
[2018.12.05-18.55.13:704][  0]LogDerivedDataCache: Shared data cache path not found in *engine.ini, will not use an Shared cache.
[2018.12.05-18.55.13:704][  0]LogDerivedDataCache: Unable to find inner node Shared for hierarchical cache Hierarchy.
[2018.12.05-18.55.13:723][  0]LogMaterial: Verifying Global Shaders for PCD3D_SM5
[2018.12.05-18.55.13:725][  0]LogSlate: Using FreeType 2.6.0
[2018.12.05-18.55.13:725][  0]LogSlate: SlateFontServices - WITH_FREETYPE: 1, WITH_HARFBUZZ: 1
[2018.12.05-18.55.13:807][  0]LogAssetRegistry: FAssetRegistry took 0.0269 seconds to start up
[2018.12.05-18.55.14:159][  0]LogInit: Selected Device Profile: [Windows]
[2018.12.05-18.55.14:296][  0]LogSimplygon: Simplygon DLL not present - disabling.
[2018.12.05-18.55.14:300][  0]LogMeshReduction: Using SimplygonSwarm for distributed automatic mesh merging
[2018.12.05-18.55.14:300][  0]LogMeshReduction: Using ProxyLODMeshReduction for automatic mesh merging
[2018.12.05-18.55.14:300][  0]LogMeshReduction: Using QuadricMeshReduction for automatic static mesh reduction
[2018.12.05-18.55.14:300][  0]LogMeshReduction: No automatic skeletal mesh reduction module available
[2018.12.05-18.55.14:323][  0]LogNetVersion: TeamSadMen 1.0.0, NetCL: 4212847, EngineNetVer: 5, GameNetVer: 0 (Checksum: 1220547581)
[2018.12.05-18.55.14:947][  0]LogPackageLocalizationCache: Processed 11 localized package path(s) for 2 prioritized culture(s) in 0.173680 seconds
[2018.12.05-18.55.14:955][  0]LogUObjectArray: 38425 objects as part of root set at end of initial load.
[2018.12.05-18.55.14:955][  0]LogUObjectAllocator: 6690872 out of 0 bytes used by permanent object pool.
[2018.12.05-18.55.14:955][  0]LogUObjectArray: CloseDisregardForGC: 0/0 objects in disregard for GC pool
[2018.12.05-18.55.15:937][  0]LogTcpMessaging: Initializing TcpMessaging bridge
[2018.12.05-18.55.15:951][  0]LogUdpMessaging: Initializing bridge on interface 0.0.0.0:0 to multicast group 230.0.0.1:6666.
[2018.12.05-18.55.16:103][  0]SourceControl: Source control is disabled
[2018.12.05-18.55.16:103][  0]SourceControl: Source control is disabled
[2018.12.05-18.55.16:105][  0]SourceControl: Source control is disabled
[2018.12.05-18.55.16:106][  0]SourceControl: Source control is disabled
[2018.12.05-18.55.16:268][  0]LogAndroidPermission: UAndroidPermissionCallbackProxy::GetInstance
[2018.12.05-18.55.16:333][  0]LogOcInput: OculusInput pre-init called
[2018.12.05-18.55.16:397][  0]LogEngine: Initializing Engine...
[2018.12.05-18.55.16:397][  0]LogHMD: Failed to initialize OpenVR with code 110
[2018.12.05-18.55.16:399][  0]LogStats: UGameplayTagsManager::ConstructGameplayTagTree: ImportINI prefixes -  0.000 s
[2018.12.05-18.55.16:399][  0]LogStats: UGameplayTagsManager::ConstructGameplayTagTree: Construct from data asset -  0.000 s
[2018.12.05-18.55.16:399][  0]LogStats: UGameplayTagsManager::ConstructGameplayTagTree: ImportINI -  0.000 s
[2018.12.05-18.55.16:399][  0]LogStats: UGameplayTagsManager::ConstructGameplayTagTree: GameplayTagTreeChangedEvent.Broadcast -  0.000 s
[2018.12.05-18.55.16:663][  0]LogInit: Initializing FReadOnlyCVARCache
[2018.12.05-18.55.16:676][  0]LogAIModule: Creating AISystem for world Untitled
[2018.12.05-18.55.16:689][  0]LogInit: XAudio2 using 'Speakers / Headphones (Realtek Audio)' : 2 channels at 48 kHz using 32 bits per sample (channel mask 0x3)
[2018.12.05-18.55.16:848][  0]LogInit: FAudioDevice initialized.
[2018.12.05-18.55.16:848][  0]LogNetVersion: Set ProjectVersion to 1.0.0.0. Version Checksum will be recalculated on next use.
[2018.12.05-18.55.16:897][  0]LogDerivedDataCache: Saved boot cache 0.05s 71MB C:/Users/kubok/AppData/Local/UnrealEngine/4.20/DerivedDataCache/Boot.ddc.
[2018.12.05-18.55.16:907][  0]LogInit: Texture streaming: Enabled
[2018.12.05-18.55.16:926][  0]LogEngineSessionManager: EngineSessionManager initialized
[2018.12.05-18.55.16:943][  0]LogInit: Transaction tracking system initialized
[2018.12.05-18.55.16:969][  0]BlueprintLog: New page: Editor Load
[2018.12.05-18.55.17:055][  0]LocalizationService: Localization service is disabled
[2018.12.05-18.55.17:337][  0]LogCook: Display: Max memory allowance for cook 16384mb min free memory 0mb
[2018.12.05-18.55.17:337][  0]LogCook: Display: Mobile HDR setting 1
[2018.12.05-18.55.17:337][  0]LogGameplayTags: Display: UGameplayTagsManager::DoneAddingNativeTags. DelegateIsBound: 0
[2018.12.05-18.55.17:337][  0]LogStats: UGameplayTagsManager::ConstructGameplayTagTree: ImportINI prefixes -  0.000 s
[2018.12.05-18.55.17:337][  0]LogStats: UGameplayTagsManager::ConstructGameplayTagTree: Construct from data asset -  0.000 s
[2018.12.05-18.55.17:337][  0]LogStats: UGameplayTagsManager::ConstructGameplayTagTree: ImportINI -  0.000 s
[2018.12.05-18.55.17:337][  0]LogStats: UGameplayTagsManager::ConstructGameplayTagTree: GameplayTagTreeChangedEvent.Broadcast -  0.000 s
[2018.12.05-18.55.17:469][  0]LogFileCache: Scanning file cache for directory 'C:/Git Hub/TeamSadMen/TeamSadMen/Content/' took 0.02s
[2018.12.05-18.55.17:469][  0]SourceControl: Source control is disabled
[2018.12.05-18.55.17:470][  0]Cmd: MAP LOAD FILE="../../../../../../Git Hub/TeamSadMen/TeamSadMen/Content/FirstPersonBP/Maps/FirstPersonExampleMap.umap" TEMPLATE=0 SHOWPROGRESS=1 FEATURELEVEL=3
[2018.12.05-18.55.17:470][  0]LightingResults: New page: Lighting Build
[2018.12.05-18.55.17:473][  0]MapCheck: New page: Map Check
[2018.12.05-18.55.17:473][  0]LightingResults: New page: Lighting Build
[2018.12.05-18.55.18:043][  0]LogAIModule: Creating AISystem for world FirstPersonExampleMap
[2018.12.05-18.55.18:058][  0]LogEditorServer: Finished looking for orphan Actors (0.000 secs)
[2018.12.05-18.55.18:085][  0]Cmd: MAP CHECKDEP NOCLEARLOG
[2018.12.05-18.55.18:166][  0]MapCheck: Map check complete: 0 Error(s), 0 Warning(s), took 80.803ms to complete.
[2018.12.05-18.55.18:166][  0]LogFileHelpers: Loading map 'FirstPersonExampleMap' took 0.697
[2018.12.05-18.55.18:278][  0]LogSlate: Updating window title bar state: overlay mode, drag disabled, window buttons hidden, title bar hidden
[2018.12.05-18.55.18:287][  0]LogSlate: Updating window title bar state: overlay mode, drag disabled, window buttons hidden, title bar hidden
[2018.12.05-18.55.18:297][  0]LogSlate: Updating window title bar state: overlay mode, drag disabled, window buttons hidden, title bar hidden
[2018.12.05-18.55.18:304][  0]LogSlate: Updating window title bar state: overlay mode, drag disabled, window buttons hidden, title bar hidden
[2018.12.05-18.55.18:311][  0]LogCollectionManager: Loaded 0 collections in 0.001568 seconds
[2018.12.05-18.55.18:352][  0]LogFileCache: Scanning file cache for directory 'C:/Git Hub/TeamSadMen/TeamSadMen/Saved/Collections/' took 0.01s
[2018.12.05-18.55.18:352][  0]LogFileCache: Scanning file cache for directory 'C:/Git Hub/TeamSadMen/TeamSadMen/Content/Developers/kubok/Collections/' took 0.01s
[2018.12.05-18.55.18:352][  0]LogFileCache: Scanning file cache for directory 'C:/Git Hub/TeamSadMen/TeamSadMen/Content/Collections/' took 0.01s
[2018.12.05-18.55.18:352][  0]LogCollectionManager: Rebuilt the GUID cache for 0 collections in 0.000000 seconds
[2018.12.05-18.55.18:363][  0]LogContentBrowser: Native class hierarchy populated in 0.0105 seconds. Added 2572 classes and 603 folders.
[2018.12.05-18.55.18:370][  0]LogContentBrowser: Native class hierarchy updated for 'WidgetCarousel' in 0.0002 seconds. Added 0 classes and 0 folders.
[2018.12.05-18.55.18:416][  0]LogContentBrowser: Native class hierarchy updated for 'AddContentDialog' in 0.0002 seconds. Added 0 classes and 0 folders.
[2018.12.05-18.55.18:422][  0]LogContentBrowser: Native class hierarchy updated for 'SceneOutliner' in 0.0003 seconds. Added 1 classes and 2 folders.
[2018.12.05-18.55.18:439][  0]LogSlate: Took 0.000412 seconds to synchronously load lazily loaded font '../../../Engine/Content/Slate/Fonts/Roboto-Regular.ttf' (155K)
[2018.12.05-18.55.18:442][  0]LogSlate: Took 0.000184 seconds to synchronously load lazily loaded font '../../../Engine/Content/Slate/Fonts/Roboto-Bold.ttf' (160K)
[2018.12.05-18.55.18:449][  0]LogSlate: Took 0.000222 seconds to synchronously load lazily loaded font '../../../Engine/Content/Editor/Slate/Fonts/FontAwesome.ttf' (139K)
[2018.12.05-18.55.18:542][  0]LogRenderer: Reallocating scene render targets to support 960x428 Format 10 NumSamples 1 (Frame:1).
[2018.12.05-18.55.18:709][  0]LogContentBrowser: Native class hierarchy updated for 'HierarchicalLODOutliner' in 0.0003 seconds. Added 0 classes and 0 folders.
[2018.12.05-18.55.18:709][  0]LogLoad: (Engine Initialization) Total time: 9.46 seconds
[2018.12.05-18.55.18:709][  0]LogLoad: (Engine Initialization) Total Blueprint compile time: 0.00 seconds
[2018.12.05-18.55.18:730][  0]LogWindowsTextInputMethodSystem: Display: IME system now deactivated.
[2018.12.05-18.55.18:750][  0]LogContentStreaming: Texture pool size now 1000 MB
[2018.12.05-18.55.18:767][  0]LogSlate: Took 0.000165 seconds to synchronously load lazily loaded font '../../../Engine/Content/Slate/Fonts/Roboto-Light.ttf' (167K)
[2018.12.05-18.55.18:795][  1]LogAssetRegistry: Asset discovery search completed in 5.0108 seconds
[2018.12.05-18.55.18:796][  1]LogCollectionManager: Rebuilt the object cache for 0 collections in 0.000000 seconds (found 0 objects)
[2018.12.05-18.55.18:796][  1]LogCollectionManager: Fixed up redirectors for 0 collections in 0.000047 seconds (updated 0 objects)
[2018.12.05-18.55.20:381][ 83]LogSlate: FSceneViewport::OnFocusLost() reason 0
[2018.12.05-18.55.23:637][278]LogSlate: Took 0.000214 seconds to synchronously load lazily loaded font '../../../Engine/Content/Slate/Fonts/Roboto-Light.ttf' (167K)
[2018.12.05-18.55.23:953][278]LogAIModule: Creating AISystem for world PizzaPlace
[2018.12.05-18.55.23:977][278]LogAssetEditorManager: Opening Asset editor for World /Game/FirstPersonBP/Maps/PizzaPlace.PizzaPlace
[2018.12.05-18.55.24:001][278]Cmd: MAP LOAD FILE="../../../../../../Git Hub/TeamSadMen/TeamSadMen/Content/FirstPersonBP/Maps/PizzaPlace.umap" TEMPLATE=0 SHOWPROGRESS=1 FEATURELEVEL=3
[2018.12.05-18.55.24:001][278]LightingResults: New page: Lighting Build
[2018.12.05-18.55.24:002][278]LoadErrors: New page: Loading map: PizzaPlace.umap
[2018.12.05-18.55.24:003][278]MapCheck: New page: Map Check
[2018.12.05-18.55.24:003][278]LightingResults: New page: Lighting Build
[2018.12.05-18.55.24:051][278]LogEditorServer: Finished looking for orphan Actors (0.000 secs)
[2018.12.05-18.55.24:111][278]Cmd: MAP CHECKDEP NOCLEARLOG
[2018.12.05-18.55.24:210][278]MapCheck: Map check complete: 0 Error(s), 0 Warning(s), took 99.723ms to complete.
[2018.12.05-18.55.24:211][278]LogFileHelpers: Loading map 'PizzaPlace' took 0.211
[2018.12.05-18.55.26:964][378]LogSlate: FSceneViewport::OnFocusLost() reason 0
[2018.12.05-18.55.57:906][995]LogFactory: FactoryCreateFile: DataTable with ReimportDataTableFactory (0 1 C:\Git Hub\TeamSadMen\TeamSadMen\Import\Textures\bowl/bowl.json)
[2018.12.05-18.55.57:914][995]LogSlate: FSceneViewport::OnFocusLost() reason 2
[2018.12.05-18.56.16:047][995]LogSlate: Window 'DataTable Options' being destroyed
[2018.12.05-18.56.17:747][995]LogSlate: Window 'Message' being destroyed
[2018.12.05-18.56.17:753][995]LogAssetTools: Warning: Failed to import 'C:\Git Hub\TeamSadMen\TeamSadMen\Import\Textures\bowl/bowl.json'. Failed to create asset '/Game/bowl/bowl'.
Please see Output Log for details.
[2018.12.05-18.56.17:756][995]LogFactory: FactoryCreateFile: Texture with ReimportTextureFactory (0 0 C:\Git Hub\TeamSadMen\TeamSadMen\Import\Textures\bowl/bowl_lambert1_BaseColor.png)
[2018.12.05-18.56.17:781][995]LogTexture: Display: Building textures: bowl_lambert1_BaseColor (AutoDXT, 1024X1024)
[2018.12.05-18.56.17:854][995]LogFactory: FactoryCreateFile: Texture with ReimportTextureFactory (0 0 C:\Git Hub\TeamSadMen\TeamSadMen\Import\Textures\bowl/bowl_lambert1_Normal.png)
[2018.12.05-18.56.17:901][995]LogTexture: Display: Building textures: bowl_lambert1_Normal (BC5, 1024X1024)
[2018.12.05-18.56.17:966][995]LogFactory: FactoryCreateFile: Texture with ReimportTextureFactory (0 0 C:\Git Hub\TeamSadMen\TeamSadMen\Import\Textures\bowl/bowl_lambert1_OcclusionRoughnessMetallic.png)
[2018.12.05-18.56.17:994][995]LogTexture: Display: Building textures: bowl_lambert1_OcclusionRoughnessMetallic (AutoDXT, 1024X1024)
[2018.12.05-18.56.28:466][295]LogFactory: FactoryCreateFile: DataTable with ReimportDataTableFactory (0 1 C:\Git Hub\TeamSadMen\TeamSadMen\Import\Textures\dough/dough.json)
[2018.12.05-18.56.30:847][295]LogSlate: Window 'DataTable Options' being destroyed
[2018.12.05-18.56.32:210][295]LogSlate: Window 'Message' being destroyed
[2018.12.05-18.56.32:215][295]LogAssetTools: Warning: Failed to import 'C:\Git Hub\TeamSadMen\TeamSadMen\Import\Textures\dough/dough.json'. Failed to create asset '/Game/dough/dough'.
Please see Output Log for details.
[2018.12.05-18.56.32:217][295]LogFactory: FactoryCreateFile: Texture with ReimportTextureFactory (0 0 C:\Git Hub\TeamSadMen\TeamSadMen\Import\Textures\dough/dough_lambert1_BaseColor.png)
[2018.12.05-18.56.32:243][295]LogTexture: Display: Building textures: dough_lambert1_BaseColor (AutoDXT, 1024X1024)
[2018.12.05-18.56.32:310][295]LogFactory: FactoryCreateFile: Texture with ReimportTextureFactory (0 0 C:\Git Hub\TeamSadMen\TeamSadMen\Import\Textures\dough/dough_lambert1_Normal.png)
[2018.12.05-18.56.32:359][295]LogTexture: Display: Building textures: dough_lambert1_Normal (BC5, 1024X1024)
[2018.12.05-18.56.32:428][295]LogFactory: FactoryCreateFile: Texture with ReimportTextureFactory (0 0 C:\Git Hub\TeamSadMen\TeamSadMen\Import\Textures\dough/dough_lambert1_OcclusionRoughnessMetallic.png)
[2018.12.05-18.56.32:446][295]LogTexture: Display: Building textures: dough_lambert1_OcclusionRoughnessMetallic (AutoDXT, 1024X1024)
[2018.12.05-18.56.48:131][673]LogFactory: FactoryCreateFile: DataTable with ReimportDataTableFactory (0 1 C:\Git Hub\TeamSadMen\TeamSadMen\Import\Textures\green_pepper/green_pepper.json)
[2018.12.05-18.56.49:786][673]LogSlate: Window 'DataTable Options' being destroyed
[2018.12.05-18.56.51:190][673]LogSlate: Window 'Message' being destroyed
[2018.12.05-18.56.51:196][673]LogAssetTools: Warning: Failed to import 'C:\Git Hub\TeamSadMen\TeamSadMen\Import\Textures\green_pepper/green_pepper.json'. Failed to create asset '/Game/green_pepper/green_pepper'.
Please see Output Log for details.
[2018.12.05-18.56.51:200][673]LogFactory: FactoryCreateFile: Texture with ReimportTextureFactory (0 0 C:\Git Hub\TeamSadMen\TeamSadMen\Import\Textures\green_pepper/green_pepper_lambert1_BaseColor.png)
[2018.12.05-18.56.51:227][673]LogTexture: Display: Building textures: green_pepper_lambert1_BaseColor (AutoDXT, 1024X1024)
[2018.12.05-18.56.51:383][673]LogFactory: FactoryCreateFile: Texture with ReimportTextureFactory (0 0 C:\Git Hub\TeamSadMen\TeamSadMen\Import\Textures\green_pepper/green_pepper_lambert1_Normal.png)
[2018.12.05-18.56.51:428][673]LogTexture: Display: Building textures: green_pepper_lambert1_Normal (BC5, 1024X1024)
[2018.12.05-18.56.51:495][673]LogFactory: FactoryCreateFile: Texture with ReimportTextureFactory (0 0 C:\Git Hub\TeamSadMen\TeamSadMen\Import\Textures\green_pepper/green_pepper_lambert1_OcclusionRoughnessMetallic.png)
[2018.12.05-18.56.51:525][673]LogTexture: Display: Building textures: green_pepper_lambert1_OcclusionRoughnessMetallic (AutoDXT, 1024X1024)
[2018.12.05-18.56.57:091][762]LogFactory: FactoryCreateFile: DataTable with ReimportDataTableFactory (0 1 C:\Git Hub\TeamSadMen\TeamSadMen\Import\Textures\pineapple/pineapple.json)
[2018.12.05-18.56.58:301][762]LogSlate: Window 'DataTable Options' being destroyed
[2018.12.05-18.57.00:992][762]LogSlate: Window 'Message' being destroyed
[2018.12.05-18.57.00:997][762]LogAssetTools: Warning: Failed to import 'C:\Git Hub\TeamSadMen\TeamSadMen\Import\Textures\pineapple/pineapple.json'. Failed to create asset '/Game/green_pepper/pineapple/pineapple'.
Please see Output Log for details.
[2018.12.05-18.57.00:999][762]LogFactory: FactoryCreateFile: Texture with ReimportTextureFactory (0 0 C:\Git Hub\TeamSadMen\TeamSadMen\Import\Textures\pineapple/pineapple_lambert1_BaseColor.png)
[2018.12.05-18.57.01:026][762]LogTexture: Display: Building textures: pineapple_lambert1_BaseColor (AutoDXT, 1024X1024)
[2018.12.05-18.57.01:092][762]LogFactory: FactoryCreateFile: Texture with ReimportTextureFactory (0 0 C:\Git Hub\TeamSadMen\TeamSadMen\Import\Textures\pineapple/pineapple_lambert1_Normal.png)
[2018.12.05-18.57.01:145][762]LogTexture: Display: Building textures: pineapple_lambert1_Normal (BC5, 1024X1024)
[2018.12.05-18.57.01:215][762]LogFactory: FactoryCreateFile: Texture with ReimportTextureFactory (0 0 C:\Git Hub\TeamSadMen\TeamSadMen\Import\Textures\pineapple/pineapple_lambert1_OcclusionRoughnessMetallic.png)
[2018.12.05-18.57.01:240][762]LogTexture: Display: Building textures: pineapple_lambert1_OcclusionRoughnessMetallic (AutoDXT, 1024X1024)
[2018.12.05-18.57.01:303][762]LogFactory: FactoryCreateFile: DataTable with ReimportDataTableFactory (0 1 C:\Git Hub\TeamSadMen\TeamSadMen\Import\Textures\red_pepper/red_pepper.json)
[2018.12.05-18.57.02:369][762]LogSlate: Window 'DataTable Options' being destroyed
[2018.12.05-18.57.03:015][762]LogSlate: Window 'Message' being destroyed
[2018.12.05-18.57.03:022][762]LogAssetTools: Warning: Failed to import 'C:\Git Hub\TeamSadMen\TeamSadMen\Import\Textures\red_pepper/red_pepper.json'. Failed to create asset '/Game/green_pepper/red_pepper/red_pepper'.
Please see Output Log for details.
[2018.12.05-18.57.03:027][762]LogFactory: FactoryCreateFile: Texture with ReimportTextureFactory (0 0 C:\Git Hub\TeamSadMen\TeamSadMen\Import\Textures\red_pepper/red_pepper_lambert1_BaseColor.png)
[2018.12.05-18.57.03:055][762]LogTexture: Display: Building textures: red_pepper_lambert1_BaseColor (AutoDXT, 1024X1024)
[2018.12.05-18.57.03:237][762]LogFactory: FactoryCreateFile: Texture with ReimportTextureFactory (0 0 C:\Git Hub\TeamSadMen\TeamSadMen\Import\Textures\red_pepper/red_pepper_lambert1_Normal.png)
[2018.12.05-18.57.03:278][762]LogTexture: Display: Building textures: red_pepper_lambert1_Normal (BC5, 1024X1024)
[2018.12.05-18.57.03:343][762]LogFactory: FactoryCreateFile: Texture with ReimportTextureFactory (0 0 C:\Git Hub\TeamSadMen\TeamSadMen\Import\Textures\red_pepper/red_pepper_lambert1_OcclusionRoughnessMetallic.png)
[2018.12.05-18.57.03:371][762]LogTexture: Display: Building textures: red_pepper_lambert1_OcclusionRoughnessMetallic (AutoDXT, 1024X1024)
[2018.12.05-18.57.03:475][762]LogFactory: FactoryCreateFile: DataTable with ReimportDataTableFactory (0 1 C:\Git Hub\TeamSadMen\TeamSadMen\Import\Textures\tomato/tomato.json)
[2018.12.05-18.57.04:391][762]LogSlate: Window 'DataTable Options' being destroyed
[2018.12.05-18.57.05:064][762]LogSlate: Window 'Message' being destroyed
[2018.12.05-18.57.05:071][762]LogAssetTools: Warning: Failed to import 'C:\Git Hub\TeamSadMen\TeamSadMen\Import\Textures\tomato/tomato.json'. Failed to create asset '/Game/green_pepper/tomato/tomato'.
Please see Output Log for details.
[2018.12.05-18.57.05:074][762]LogFactory: FactoryCreateFile: Texture with ReimportTextureFactory (0 0 C:\Git Hub\TeamSadMen\TeamSadMen\Import\Textures\tomato/tomato_lambert1_BaseColor.png)
[2018.12.05-18.57.05:100][762]LogTexture: Display: Building textures: tomato_lambert1_BaseColor (AutoDXT, 1024X1024)
[2018.12.05-18.57.05:160][762]LogFactory: FactoryCreateFile: Texture with ReimportTextureFactory (0 0 C:\Git Hub\TeamSadMen\TeamSadMen\Import\Textures\tomato/tomato_lambert1_Normal.png)
[2018.12.05-18.57.05:209][762]LogTexture: Display: Building textures: tomato_lambert1_Normal (BC5, 1024X1024)
[2018.12.05-18.57.05:275][762]LogFactory: FactoryCreateFile: Texture with ReimportTextureFactory (0 0 C:\Git Hub\TeamSadMen\TeamSadMen\Import\Textures\tomato/tomato_lambert1_OcclusionRoughnessMetallic.png)
[2018.12.05-18.57.05:300][762]LogTexture: Display: Building textures: tomato_lambert1_OcclusionRoughnessMetallic (AutoDXT, 1024X1024)
[2018.12.05-18.57.05:375][762]LogFactory: FactoryCreateFile: DataTable with ReimportDataTableFactory (0 1 C:\Git Hub\TeamSadMen\TeamSadMen\Import\Textures\oven/oven.json)
[2018.12.05-18.57.06:622][762]LogSlate: Window 'DataTable Options' being destroyed
[2018.12.05-18.57.07:463][762]LogSlate: Window 'Message' being destroyed
[2018.12.05-18.57.07:465][762]LogAssetTools: Warning: Failed to import 'C:\Git Hub\TeamSadMen\TeamSadMen\Import\Textures\oven/oven.json'. Failed to create asset '/Game/green_pepper/oven/oven'.
Please see Output Log for details.
[2018.12.05-18.57.07:471][762]LogFactory: FactoryCreateFile: Texture with ReimportTextureFactory (0 0 C:\Git Hub\TeamSadMen\TeamSadMen\Import\Textures\oven/oven_lambert1_BaseColor.png)
[2018.12.05-18.57.07:512][762]LogTexture: Display: Building textures: oven_lambert1_BaseColor (AutoDXT, 1024X1024)
[2018.12.05-18.57.07:793][762]LogFactory: FactoryCreateFile: Texture with ReimportTextureFactory (0 0 C:\Git Hub\TeamSadMen\TeamSadMen\Import\Textures\oven/oven_lambert1_Normal.png)
[2018.12.05-18.57.07:843][762]LogTexture: Display: Building textures: oven_lambert1_Normal (BC5, 1024X1024)
[2018.12.05-18.57.07:916][762]LogFactory: FactoryCreateFile: Texture with ReimportTextureFactory (0 0 C:\Git Hub\TeamSadMen\TeamSadMen\Import\Textures\oven/oven_lambert1_OcclusionRoughnessMetallic.png)
[2018.12.05-18.57.07:952][762]LogTexture: Display: Building textures: oven_lambert1_OcclusionRoughnessMetallic (AutoDXT, 1024X1024)
[2018.12.05-18.57.08:134][762]LogFactory: FactoryCreateFile: DataTable with ReimportDataTableFactory (0 1 C:\Git Hub\TeamSadMen\TeamSadMen\Import\Textures\pepperoni/pepperoni.json)
[2018.12.05-18.57.08:894][762]LogSlate: Window 'DataTable Options' being destroyed
[2018.12.05-18.57.09:555][762]LogSlate: Window 'Message' being destroyed
[2018.12.05-18.57.09:563][762]LogAssetTools: Warning: Failed to import 'C:\Git Hub\TeamSadMen\TeamSadMen\Import\Textures\pepperoni/pepperoni.json'. Failed to create asset '/Game/green_pepper/pepperoni/pepperoni'.
Please see Output Log for details.
[2018.12.05-18.57.09:568][762]LogFactory: FactoryCreateFile: Texture with ReimportTextureFactory (0 0 C:\Git Hub\TeamSadMen\TeamSadMen\Import\Textures\pepperoni/pepperoni_lambert1_BaseColor.png)
[2018.12.05-18.57.09:597][762]LogTexture: Display: Building textures: pepperoni_lambert1_BaseColor (AutoDXT, 1024X1024)
[2018.12.05-18.57.09:941][762]LogFactory: FactoryCreateFile: Texture with ReimportTextureFactory (0 0 C:\Git Hub\TeamSadMen\TeamSadMen\Import\Textures\pepperoni/pepperoni_lambert1_Normal.png)
[2018.12.05-18.57.09:989][762]LogTexture: Display: Building textures: pepperoni_lambert1_Normal (BC5, 1024X1024)
[2018.12.05-18.57.10:056][762]LogFactory: FactoryCreateFile: Texture with ReimportTextureFactory (0 0 C:\Git Hub\TeamSadMen\TeamSadMen\Import\Textures\pepperoni/pepperoni_lambert1_OcclusionRoughnessMetallic.png)
[2018.12.05-18.57.10:085][762]LogTexture: Display: Building textures: pepperoni_lambert1_OcclusionRoughnessMetallic (AutoDXT, 1024X1024)
[2018.12.05-18.57.18:577][ 85]LogTexture: Display: Building textures: pepperoni_lambert1_Normal (AutoDXT, 1024X1024)
[2018.12.05-18.58.04:776][523]LogSlate: Window 'Save Content' being destroyed
[2018.12.05-18.58.04:823][523]Cmd: OBJ SAVEPACKAGE PACKAGE="/Game/bowl/bowl_lambert1_BaseColor" FILE="../../../../../../Git Hub/TeamSadMen/TeamSadMen/Content/bowl/bowl_lambert1_BaseColor.uasset" SILENT=true
[2018.12.05-18.58.04:875][523]LogSavePackage: Moving '../../../../../../Git Hub/TeamSadMen/TeamSadMen/Saved/bowl_lambert1_BaseColor4820B0F74FF9C5CFF23E509B8F3F3D1A.tmp' to '../../../../../../Git Hub/TeamSadMen/TeamSadMen/Content/bowl/bowl_lambert1_BaseColor.uasset'
[2018.12.05-18.58.04:894][523]Cmd: OBJ SAVEPACKAGE PACKAGE="/Game/bowl/bowl_lambert1_Normal" FILE="../../../../../../Git Hub/TeamSadMen/TeamSadMen/Content/bowl/bowl_lambert1_Normal.uasset" SILENT=true
[2018.12.05-18.58.05:055][523]LogSavePackage: Moving '../../../../../../Git Hub/TeamSadMen/TeamSadMen/Saved/bowl_lambert1_Normal39BE9E1A4524A0E72DE6E1BFE702A412.tmp' to '../../../../../../Git Hub/TeamSadMen/TeamSadMen/Content/bowl/bowl_lambert1_Normal.uasset'
[2018.12.05-18.58.05:131][523]LogSavePackage: Moving '../../../../../../Git Hub/TeamSadMen/TeamSadMen/Saved/bowl_lambert1_OcclusionRoughnessDB0788C34C27CAF6E6D352A70C4EDECE.tmp' to '../../../../../../Git Hub/TeamSadMen/TeamSadMen/Content/bowl/bowl_lambert1_OcclusionRoughnessMetallic.uasset'
[2018.12.05-18.58.05:151][523]Cmd: OBJ SAVEPACKAGE PACKAGE="/Game/dough/dough_lambert1_BaseColor" FILE="../../../../../../Git Hub/TeamSadMen/TeamSadMen/Content/dough/dough_lambert1_BaseColor.uasset" SILENT=true
[2018.12.05-18.58.05:208][523]LogSavePackage: Moving '../../../../../../Git Hub/TeamSadMen/TeamSadMen/Saved/dough_lambert1_BaseColor6326CF3C4E7449CF46AECC84FD5203DD.tmp' to '../../../../../../Git Hub/TeamSadMen/TeamSadMen/Content/dough/dough_lambert1_BaseColor.uasset'
[2018.12.05-18.58.05:227][523]Cmd: OBJ SAVEPACKAGE PACKAGE="/Game/dough/dough_lambert1_Normal" FILE="../../../../../../Git Hub/TeamSadMen/TeamSadMen/Content/dough/dough_lambert1_Normal.uasset" SILENT=true
[2018.12.05-18.58.05:401][523]LogSavePackage: Moving '../../../../../../Git Hub/TeamSadMen/TeamSadMen/Saved/dough_lambert1_Normal1D1744EC42C32CE671EB769D4E8A727B.tmp' to '../../../../../../Git Hub/TeamSadMen/TeamSadMen/Content/dough/dough_lambert1_Normal.uasset'
[2018.12.05-18.58.05:483][523]LogSavePackage: Moving '../../../../../../Git Hub/TeamSadMen/TeamSadMen/Saved/dough_lambert1_OcclusionRoughnes706A740748C4FAB9CC97138F63675CC7.tmp' to '../../../../../../Git Hub/TeamSadMen/TeamSadMen/Content/dough/dough_lambert1_OcclusionRoughnessMetallic.uasset'
[2018.12.05-18.58.05:611][523]LogSavePackage: Moving '../../../../../../Git Hub/TeamSadMen/TeamSadMen/Saved/green_pepper_lambert1_BaseColor11B259D0433EB3F2EA105FA8BAE3E0B6.tmp' to '../../../../../../Git Hub/TeamSadMen/TeamSadMen/Content/green_pepper/green_pepper_lambert1_BaseColor.uasset'
[2018.12.05-18.58.05:634][523]Cmd: OBJ SAVEPACKAGE PACKAGE="/Game/green_pepper/green_pepper_lambert1_Normal" FILE="../../../../../../Git Hub/TeamSadMen/TeamSadMen/Content/green_pepper/green_pepper_lambert1_Normal.uasset" SILENT=true
[2018.12.05-18.58.05:794][523]LogSavePackage: Moving '../../../../../../Git Hub/TeamSadMen/TeamSadMen/Saved/green_pepper_lambert1_Normal4CCAF8D74ECBBF832BA248A552FA67E6.tmp' to '../../../../../../Git Hub/TeamSadMen/TeamSadMen/Content/green_pepper/green_pepper_lambert1_Normal.uasset'
[2018.12.05-18.58.05:897][523]LogSavePackage: Moving '../../../../../../Git Hub/TeamSadMen/TeamSadMen/Saved/green_pepper_lambert1_OcclusionRF80E5848450100F4D1A84DB62C76FB0E.tmp' to '../../../../../../Git Hub/TeamSadMen/TeamSadMen/Content/green_pepper/green_pepper_lambert1_OcclusionRoughnessMetallic.uasset'
[2018.12.05-18.58.05:916][523]Cmd: OBJ SAVEPACKAGE PACKAGE="/Game/green_pepper/oven/oven_lambert1_BaseColor" FILE="../../../../../../Git Hub/TeamSadMen/TeamSadMen/Content/green_pepper/oven/oven_lambert1_BaseColor.uasset" SILENT=true
[2018.12.05-18.58.06:075][523]LogSavePackage: Moving '../../../../../../Git Hub/TeamSadMen/TeamSadMen/Saved/oven_lambert1_BaseColor02DBA1FF44C4F0F7A3F5A58B9FB4B0DC.tmp' to '../../../../../../Git Hub/TeamSadMen/TeamSadMen/Content/green_pepper/oven/oven_lambert1_BaseColor.uasset'
[2018.12.05-18.58.06:096][523]Cmd: OBJ SAVEPACKAGE PACKAGE="/Game/green_pepper/oven/oven_lambert1_Normal" FILE="../../../../../../Git Hub/TeamSadMen/TeamSadMen/Content/green_pepper/oven/oven_lambert1_Normal.uasset" SILENT=true
[2018.12.05-18.58.06:265][523]LogSavePackage: Moving '../../../../../../Git Hub/TeamSadMen/TeamSadMen/Saved/oven_lambert1_Normal54648F774088825D463C66AD8B7B0BCE.tmp' to '../../../../../../Git Hub/TeamSadMen/TeamSadMen/Content/green_pepper/oven/oven_lambert1_Normal.uasset'
[2018.12.05-18.58.06:396][523]LogSavePackage: Moving '../../../../../../Git Hub/TeamSadMen/TeamSadMen/Saved/oven_lambert1_OcclusionRoughnessD0C2970449CC7D20E108BDB298812139.tmp' to '../../../../../../Git Hub/TeamSadMen/TeamSadMen/Content/green_pepper/oven/oven_lambert1_OcclusionRoughnessMetallic.uasset'
[2018.12.05-18.58.06:580][523]LogSavePackage: Moving '../../../../../../Git Hub/TeamSadMen/TeamSadMen/Saved/pepperoni_lambert1_BaseColor525090AB45EE29662BA2D08CEE93FD31.tmp' to '../../../../../../Git Hub/TeamSadMen/TeamSadMen/Content/green_pepper/pepperoni/pepperoni_lambert1_BaseColor.uasset'
[2018.12.05-18.58.06:753][523]LogSavePackage: Moving '../../../../../../Git Hub/TeamSadMen/TeamSadMen/Saved/pepperoni_lambert1_Normal3193FEB44E4D6C77220F3CBC5B9ADA97.tmp' to '../../../../../../Git Hub/TeamSadMen/TeamSadMen/Content/green_pepper/pepperoni/pepperoni_lambert1_Normal.uasset'
[2018.12.05-18.58.06:939][523]LogSavePackage: Moving '../../../../../../Git Hub/TeamSadMen/TeamSadMen/Saved/pepperoni_lambert1_OcclusionRoug8EE217AB47BBA3D02F3A3FB7E5605715.tmp' to '../../../../../../Git Hub/TeamSadMen/TeamSadMen/Content/green_pepper/pepperoni/pepperoni_lambert1_OcclusionRoughnessMetallic.uasset'
[2018.12.05-18.58.07:015][523]LogSavePackage: Moving '../../../../../../Git Hub/TeamSadMen/TeamSadMen/Saved/pineapple_lambert1_BaseColor33E37ECC45DD9593B072129A628D52AF.tmp' to '../../../../../../Git Hub/TeamSadMen/TeamSadMen/Content/green_pepper/pineapple/pineapple_lambert1_BaseColor.uasset'
[2018.12.05-18.58.07:226][523]LogSavePackage: Moving '../../../../../../Git Hub/TeamSadMen/TeamSadMen/Saved/pineapple_lambert1_Normal7FEA3BA844D14C3B859FCBBBCB633890.tmp' to '../../../../../../Git Hub/TeamSadMen/TeamSadMen/Content/green_pepper/pineapple/pineapple_lambert1_Normal.uasset'
[2018.12.05-18.58.07:301][523]LogSavePackage: Moving '../../../../../../Git Hub/TeamSadMen/TeamSadMen/Saved/pineapple_lambert1_OcclusionRougF49F204E40A1B2D3AD9B2E947E7887E6.tmp' to '../../../../../../Git Hub/TeamSadMen/TeamSadMen/Content/green_pepper/pineapple/pineapple_lambert1_OcclusionRoughnessMetallic.uasset'
[2018.12.05-18.58.07:420][523]LogSavePackage: Moving '../../../../../../Git Hub/TeamSadMen/TeamSadMen/Saved/red_pepper_lambert1_BaseColorB87025024323DD55C16B3793D16F2813.tmp' to '../../../../../../Git Hub/TeamSadMen/TeamSadMen/Content/green_pepper/red_pepper/red_pepper_lambert1_BaseColor.uasset'
[2018.12.05-18.58.07:610][523]LogSavePackage: Moving '../../../../../../Git Hub/TeamSadMen/TeamSadMen/Saved/red_pepper_lambert1_NormalFD53297044F772F4CFAB30A940C6DCED.tmp' to '../../../../../../Git Hub/TeamSadMen/TeamSadMen/Content/green_pepper/red_pepper/red_pepper_lambert1_Normal.uasset'
[2018.12.05-18.58.07:722][523]LogSavePackage: Moving '../../../../../../Git Hub/TeamSadMen/TeamSadMen/Saved/red_pepper_lambert1_OcclusionRou545B78C24025E32DB356CF922435C41C.tmp' to '../../../../../../Git Hub/TeamSadMen/TeamSadMen/Content/green_pepper/red_pepper/red_pepper_lambert1_OcclusionRoughnessMetallic.uasset'
[2018.12.05-18.58.07:797][523]LogSavePackage: Moving '../../../../../../Git Hub/TeamSadMen/TeamSadMen/Saved/tomato_lambert1_BaseColorDB63468442D3BD3583CF47B02EF3B38D.tmp' to '../../../../../../Git Hub/TeamSadMen/TeamSadMen/Content/green_pepper/tomato/tomato_lambert1_BaseColor.uasset'
[2018.12.05-18.58.07:817][523]Cmd: OBJ SAVEPACKAGE PACKAGE="/Game/green_pepper/tomato/tomato_lambert1_Normal" FILE="../../../../../../Git Hub/TeamSadMen/TeamSadMen/Content/green_pepper/tomato/tomato_lambert1_Normal.uasset" SILENT=true
[2018.12.05-18.58.07:983][523]LogSavePackage: Moving '../../../../../../Git Hub/TeamSadMen/TeamSadMen/Saved/tomato_lambert1_NormalF40B1D79448D298BA4C012A2350F0D6B.tmp' to '../../../../../../Git Hub/TeamSadMen/TeamSadMen/Content/green_pepper/tomato/tomato_lambert1_Normal.uasset'
[2018.12.05-18.58.08:062][523]LogSavePackage: Moving '../../../../../../Git Hub/TeamSadMen/TeamSadMen/Saved/tomato_lambert1_OcclusionRoughne9C47BE0F424EB90D61CEB1A6162F9C01.tmp' to '../../../../../../Git Hub/TeamSadMen/TeamSadMen/Content/green_pepper/tomato/tomato_lambert1_OcclusionRoughnessMetallic.uasset'
[2018.12.05-18.58.08:160][523]LogSlate: Window 'TeamSadMen - Unreal Editor' being destroyed
[2018.12.05-18.58.08:161][523]LogWindowsTextInputMethodSystem: Display: IME system now deactivated.
[2018.12.05-18.58.08:353][524]Cmd: QUIT_EDITOR
[2018.12.05-18.58.08:400][524]LogExit: Preparing to exit.
[2018.12.05-18.58.09:069][524]LogExit: Editor shut down
[2018.12.05-18.58.09:069][524]LogExit: Transaction tracking system shut down
[2018.12.05-18.58.09:477][524]LogExit: Object subsystem successfully closed.
[2018.12.05-18.58.09:499][524]LogShaderCompilers: Display: Shaders left to compile 0
[2018.12.05-18.58.09:503][524]LogD3D11RHI: Shutdown
[2018.12.05-18.58.09:503][524]LogD3D11RHI: CleanupD3DDevice
[2018.12.05-18.58.09:508][524]LogD3D11RHI: ~FD3D11DynamicRHI
[2018.12.05-18.58.09:530][524]LogModuleManager: Shutting down and abandoning module HierarchicalLODOutliner (610)
[2018.12.05-18.58.09:530][524]LogModuleManager: Shutting down and abandoning module SceneOutliner (608)
[2018.12.05-18.58.09:530][524]LogModuleManager: Shutting down and abandoning module AddContentDialog (606)
[2018.12.05-18.58.09:530][524]LogModuleManager: Shutting down and abandoning module WidgetCarousel (605)
[2018.12.05-18.58.09:530][524]LogModuleManager: Shutting down and abandoning module EditorWidgets (602)
[2018.12.05-18.58.09:530][524]LogModuleManager: Shutting down and abandoning module CollectionManager (600)
[2018.12.05-18.58.09:531][524]LogModuleManager: Shutting down and abandoning module StatsViewer (598)
[2018.12.05-18.58.09:531][524]LogModuleManager: Shutting down and abandoning module FoliageEdit (596)
[2018.12.05-18.58.09:531][524]LogModuleManager: Shutting down and abandoning module LandscapeEditor (594)
[2018.12.05-18.58.09:531][524]LogModuleManager: Shutting down and abandoning module MeshPaintMode (592)
[2018.12.05-18.58.09:531][524]LogModuleManager: Shutting down and abandoning module SceneDepthPickerMode (590)
[2018.12.05-18.58.09:531][524]LogModuleManager: Shutting down and abandoning module ActorPickerMode (588)
[2018.12.05-18.58.09:531][524]LogModuleManager: Shutting down and abandoning module GeometryMode (586)
[2018.12.05-18.58.09:531][524]LogModuleManager: Shutting down and abandoning module TextureAlignMode (584)
[2018.12.05-18.58.09:531][524]LogModuleManager: Shutting down and abandoning module BspMode (582)
[2018.12.05-18.58.09:531][524]LogModuleManager: Shutting down and abandoning module PIEPreviewDeviceProfileSelector (580)
[2018.12.05-18.58.09:531][524]LogModuleManager: Shutting down and abandoning module SequenceRecorderSections (578)
[2018.12.05-18.58.09:531][524]LogModuleManager: Shutting down and abandoning module AutomationWorker (576)
[2018.12.05-18.58.09:531][524]LogModuleManager: Shutting down and abandoning module AudioCaptureEditor (574)
[2018.12.05-18.58.09:531][524]LogModuleManager: Shutting down and abandoning module SequenceRecorder (573)
[2018.12.05-18.58.09:531][524]LogModuleManager: Shutting down and abandoning module MatineeToLevelSequence (570)
[2018.12.05-18.58.09:531][524]LogModuleManager: Shutting down and abandoning module LevelSequenceEditor (568)
[2018.12.05-18.58.09:531][524]LogModuleManager: Shutting down and abandoning module PlacementMode (567)
[2018.12.05-18.58.09:531][524]LogModuleManager: Shutting down and abandoning module MaterialEditor (566)
[2018.12.05-18.58.09:531][524]LogModuleManager: Shutting down and abandoning module WmfMediaFactory (562)
[2018.12.05-18.58.09:531][524]LogModuleManager: Shutting down and abandoning module WmfMediaEditor (560)
[2018.12.05-18.58.09:531][524]LogModuleManager: Shutting down and abandoning module MediaPlayerEditor (558)
[2018.12.05-18.58.09:531][524]LogModuleManager: Shutting down and abandoning module OpenExrWrapper (556)
[2018.12.05-18.58.09:531][524]LogModuleManager: Shutting down and abandoning module ImgMediaFactory (554)
[2018.12.05-18.58.09:531][524]LogModuleManager: Shutting down and abandoning module ImgMediaEditor (552)
[2018.12.05-18.58.09:531][524]LogModuleManager: Shutting down and abandoning module AvfMediaFactory (550)
[2018.12.05-18.58.09:531][524]LogModuleManager: Shutting down and abandoning module AvfMediaEditor (548)
[2018.12.05-18.58.09:531][524]LogModuleManager: Shutting down and abandoning module AndroidMediaFactory (546)
[2018.12.05-18.58.09:531][524]LogModuleManager: Shutting down and abandoning module AndroidMediaEditor (544)
[2018.12.05-18.58.09:531][524]LogModuleManager: Shutting down and abandoning module MagicLeapCameraPreviewFactory (542)
[2018.12.05-18.58.09:531][524]LogModuleManager: Shutting down and abandoning module MagicLeapMediaFactory (540)
[2018.12.05-18.58.09:531][524]LogModuleManager: Shutting down and abandoning module MagicLeapMediaEditor (538)
[2018.12.05-18.58.09:531][524]LogModuleManager: Shutting down and abandoning module CharacterAI (536)
[2018.12.05-18.58.09:531][524]LogModuleManager: Shutting down and abandoning module SmartSnapping (534)
[2018.12.05-18.58.09:531][524]LogModuleManager: Shutting down and abandoning module SessionServices (532)
[2018.12.05-18.58.09:531][524]LogModuleManager: Shutting down and abandoning module ViewportSnapping (530)
[2018.12.05-18.58.09:531][524]LogModuleManager: Shutting down and abandoning module ViewportInteraction (528)
[2018.12.05-18.58.09:532][524]LogModuleManager: Shutting down and abandoning module ClothPainter (526)
[2018.12.05-18.58.09:532][524]LogModuleManager: Shutting down and abandoning module SkeletalMeshEditor (525)
[2018.12.05-18.58.09:532][524]LogModuleManager: Shutting down and abandoning module LogVisualizer (522)
[2018.12.05-18.58.09:532][524]LogModuleManager: Shutting down and abandoning module IntroTutorials (520)
[2018.12.05-18.58.09:532][524]LogModuleManager: Shutting down and abandoning module GameProjectGeneration (519)
[2018.12.05-18.58.09:532][524]LogModuleManager: Shutting down and abandoning module LuminPlatformEditor (516)
[2018.12.05-18.58.09:532][524]LogModuleManager: Shutting down and abandoning module IOSPlatformEditor (514)
[2018.12.05-18.58.09:532][524]LogModuleManager: Shutting down and abandoning module HTML5PlatformEditor (512)
[2018.12.05-18.58.09:532][524]LogModuleManager: Shutting down and abandoning module AndroidPlatformEditor (510)
[2018.12.05-18.58.09:532][524]LogModuleManager: Shutting down and abandoning module AndroidDeviceDetection (509)
[2018.12.05-18.58.10:195][524]LogModuleManager: Shutting down and abandoning module WindowsPlatformEditor (506)
[2018.12.05-18.58.10:195][524]LogModuleManager: Shutting down and abandoning module LuminRuntimeSettings (504)
[2018.12.05-18.58.10:195][524]LogModuleManager: Shutting down and abandoning module IOSRuntimeSettings (502)
[2018.12.05-18.58.10:195][524]LogModuleManager: Shutting down and abandoning module AndroidRuntimeSettings (500)
[2018.12.05-18.58.10:195][524]LogModuleManager: Shutting down and abandoning module InputBindingEditor (498)
[2018.12.05-18.58.10:195][524]LogModuleManager: Shutting down and abandoning module MergeActors (496)
[2018.12.05-18.58.10:195][524]LogModuleManager: Shutting down and abandoning module LocalizationDashboard (494)
[2018.12.05-18.58.10:195][524]LogModuleManager: Shutting down and abandoning module LocalizationService (493)
[2018.12.05-18.58.10:195][524]LogModuleManager: Shutting down and abandoning module HardwareTargeting (490)
[2018.12.05-18.58.10:196][524]LogModuleManager: Shutting down and abandoning module DeviceProfileEditor (488)
[2018.12.05-18.58.10:196][524]LogModuleManager: Shutting down and abandoning module UndoHistory (486)
[2018.12.05-18.58.10:196][524]LogModuleManager: Shutting down and abandoning module XmlParser (484)
[2018.12.05-18.58.10:196][524]LogModuleManager: Shutting down and abandoning module Blutility (482)
[2018.12.05-18.58.10:196][524]LogModuleManager: Shutting down and abandoning module ProjectSettingsViewer (480)
[2018.12.05-18.58.10:196][524]LogModuleManager: Shutting down and abandoning module ProjectTargetPlatformEditor (479)
[2018.12.05-18.58.10:196][524]LogModuleManager: Shutting down and abandoning module EditorSettingsViewer (476)
[2018.12.05-18.58.10:196][524]LogModuleManager: Shutting down and abandoning module SettingsEditor (474)
[2018.12.05-18.58.10:196][524]LogModuleManager: Shutting down and abandoning module ProjectLauncher (472)
[2018.12.05-18.58.10:196][524]LogModuleManager: Shutting down and abandoning module SessionFrontend (470)
[2018.12.05-18.58.10:196][524]LogModuleManager: Shutting down and abandoning module ProfilerClient (468)
[2018.12.05-18.58.10:196][524]LogModuleManager: Shutting down and abandoning module DeviceManager (466)
[2018.12.05-18.58.10:196][524]LogModuleManager: Shutting down and abandoning module TargetDeviceServices (465)
[2018.12.05-18.58.10:249][524]LogModuleManager: Shutting down and abandoning module AutomationController (462)
[2018.12.05-18.58.10:249][524]LogModuleManager: Shutting down and abandoning module AutomationWindow (460)
[2018.12.05-18.58.10:249][524]LogModuleManager: Shutting down and abandoning module Layers (458)
[2018.12.05-18.58.10:249][524]LogModuleManager: Shutting down and abandoning module ComponentVisualizers (456)
[2018.12.05-18.58.10:249][524]LogModuleManager: Shutting down and abandoning module DetailCustomizations (454)
[2018.12.05-18.58.10:249][524]LogModuleManager: Shutting down and abandoning module PackagesDialog (452)
[2018.12.05-18.58.10:249][524]LogModuleManager: Shutting down and abandoning module Persona (450)
[2018.12.05-18.58.10:249][524]LogModuleManager: Shutting down and abandoning module AdvancedPreviewScene (449)
[2018.12.05-18.58.10:249][524]LogModuleManager: Shutting down and abandoning module AnimGraph (447)
[2018.12.05-18.58.10:249][524]LogModuleManager: Shutting down and abandoning module Kismet (444)
[2018.12.05-18.58.10:249][524]LogModuleManager: Shutting down and abandoning module GraphEditor (442)
[2018.12.05-18.58.10:250][524]LogModuleManager: Shutting down and abandoning module ClassViewer (440)
[2018.12.05-18.58.10:250][524]LogModuleManager: Shutting down and abandoning module Toolbox (438)
[2018.12.05-18.58.10:250][524]LogModuleManager: Shutting down and abandoning module ModuleUI (436)
[2018.12.05-18.58.10:250][524]LogModuleManager: Shutting down and abandoning module MovieSceneTools (434)
[2018.12.05-18.58.10:250][524]LogModuleManager: Shutting down and abandoning module OutputLog (432)
[2018.12.05-18.58.10:250][524]LogModuleManager: Shutting down and abandoning module GammaUI (430)
[2018.12.05-18.58.10:250][524]LogModuleManager: Shutting down and abandoning module Documentation (428)
[2018.12.05-18.58.10:250][524]LogModuleManager: Shutting down and abandoning module MovieSceneTracks (426)
[2018.12.05-18.58.10:250][524]LogModuleManager: Shutting down and abandoning module MovieScene (424)
[2018.12.05-18.58.10:250][524]LogModuleManager: Shutting down and abandoning module StreamingPauseRendering (422)
[2018.12.05-18.58.10:250][524]LogModuleManager: Shutting down and abandoning module LauncherPlatform (420)
[2018.12.05-18.58.10:250][524]LogModuleManager: Shutting down and abandoning module AnalyticsET (418)
[2018.12.05-18.58.10:250][524]LogModuleManager: Shutting down and abandoning module PortalServices (416)
[2018.12.05-18.58.10:250][524]LogModuleManager: Shutting down and abandoning module PortalRpc (414)
[2018.12.05-18.58.10:250][524]LogModuleManager: Shutting down and abandoning module MessagingRpc (412)
[2018.12.05-18.58.10:250][524]LogModuleManager: Shutting down and abandoning module AIModule (410)
[2018.12.05-18.58.10:250][524]LogModuleManager: Shutting down and abandoning module GameplayDebugger (409)
[2018.12.05-18.58.10:250][524]LogModuleManager: Shutting down and abandoning module AITestSuite (407)
[2018.12.05-18.58.10:250][524]LogModuleManager: Shutting down and abandoning module NavigationSystem (405)
[2018.12.05-18.58.10:250][524]LogModuleManager: Shutting down and abandoning module DesktopPlatform (402)
[2018.12.05-18.58.10:250][524]LogModuleManager: Shutting down and abandoning module ProfilerService (400)
[2018.12.05-18.58.10:433][524]LogModuleManager: Shutting down and abandoning module TaskGraph (398)
[2018.12.05-18.58.10:433][524]LogModuleManager: Shutting down and abandoning module SteamVRController (396)
[2018.12.05-18.58.10:433][524]LogModuleManager: Shutting down and abandoning module ProceduralMeshComponentEditor (394)
[2018.12.05-18.58.10:433][524]LogModuleManager: Shutting down and abandoning module ProceduralMeshComponent (392)
[2018.12.05-18.58.10:434][524]LogModuleManager: Shutting down and abandoning module OculusInput (390)
[2018.12.05-18.58.10:434][524]LogModuleManager: Shutting down and abandoning module MobilePatchingUtils (388)
[2018.12.05-18.58.10:434][524]LogModuleManager: Shutting down and abandoning module EditableMesh (386)
[2018.12.05-18.58.10:434][524]LogModuleManager: Shutting down and abandoning module CustomMeshComponent (384)
[2018.12.05-18.58.10:434][524]LogModuleManager: Shutting down and abandoning module CableComponent (382)
[2018.12.05-18.58.10:434][524]LogModuleManager: Shutting down and abandoning module AudioCapture (380)
[2018.12.05-18.58.10:434][524]LogModuleManager: Shutting down and abandoning module ArchVisCharacter (378)
[2018.12.05-18.58.10:434][524]LogModuleManager: Shutting down and abandoning module AndroidPermission (376)
[2018.12.05-18.58.10:434][524]LogModuleManager: Shutting down and abandoning module NUTUnrealEngine4 (374)
[2018.12.05-18.58.10:434][524]LogModuleManager: Shutting down and abandoning module NetcodeUnitTest (372)
[2018.12.05-18.58.10:434][524]LogModuleManager: Shutting down and abandoning module MediaCompositingEditor (370)
[2018.12.05-18.58.10:434][524]LogModuleManager: Shutting down and abandoning module MediaCompositing (368)
[2018.12.05-18.58.10:434][524]LogModuleManager: Shutting down and abandoning module LinearTimecode (366)
[2018.12.05-18.58.10:434][524]LogModuleManager: Shutting down and abandoning module ImgMedia (364)
[2018.12.05-18.58.10:438][524]LogModuleManager: Shutting down and abandoning module HTML5Networking (362)
[2018.12.05-18.58.10:438][524]LogModuleManager: Shutting down and abandoning module GeometryCacheTracks (360)
[2018.12.05-18.58.10:438][524]LogModuleManager: Shutting down and abandoning module GeometryCacheSequencer (358)
[2018.12.05-18.58.10:438][524]LogModuleManager: Shutting down and abandoning module BackChannel (356)
[2018.12.05-18.58.10:438][524]LogModuleManager: Shutting down and abandoning module AppleVision (354)
[2018.12.05-18.58.10:438][524]LogModuleManager: Shutting down and abandoning module AppleImageUtils (352)
[2018.12.05-18.58.10:438][524]LogModuleManager: Shutting down and abandoning module AlembicImporter (350)
[2018.12.05-18.58.10:438][524]LogModuleManager: Shutting down and abandoning module AlembicLibrary (349)
[2018.12.05-18.58.10:438][524]LogModuleManager: Shutting down and abandoning module GeometryCache (348)
[2018.12.05-18.58.10:438][524]LogModuleManager: Shutting down and abandoning module GeometryCacheEd (347)
[2018.12.05-18.58.10:438][524]LogModuleManager: Shutting down and abandoning module DatasmithContentEditor (342)
[2018.12.05-18.58.10:438][524]LogModuleManager: Shutting down and abandoning module DatasmithContent (340)
[2018.12.05-18.58.10:439][524]LogModuleManager: Shutting down and abandoning module SpeedTreeImporter (338)
[2018.12.05-18.58.10:439][524]LogModuleManager: Shutting down and abandoning module PluginBrowser (336)
[2018.12.05-18.58.10:439][524]LogModuleManager: Shutting down and abandoning module MobileLauncherProfileWizard (334)
[2018.12.05-18.58.10:439][524]LogModuleManager: Shutting down and abandoning module PolygonModeling (332)
[2018.12.05-18.58.10:439][524]LogModuleManager: Shutting down and abandoning module MeshEditor (330)
[2018.12.05-18.58.10:439][524]LogModuleManager: Shutting down and abandoning module CryptoKeysOpenSSL (328)
[2018.12.05-18.58.10:439][524]LogModuleManager: Shutting down and abandoning module CryptoKeys (326)
[2018.12.05-18.58.10:439][524]LogModuleManager: Shutting down and abandoning module VisualStudioSourceCodeAccess (324)
[2018.12.05-18.58.10:439][524]LogModuleManager: Shutting down and abandoning module VisualStudioCodeSourceCodeAccess (322)
[2018.12.05-18.58.10:439][524]LogModuleManager: Shutting down and abandoning module UObjectPlugin (320)
[2018.12.05-18.58.10:439][524]LogModuleManager: Shutting down and abandoning module SubversionSourceControl (318)
[2018.12.05-18.58.10:439][524]LogModuleManager: Shutting down and abandoning module PerforceSourceControl (316)
[2018.12.05-18.58.10:439][524]LogModuleManager: Shutting down and abandoning module GitSourceControl (314)
[2018.12.05-18.58.10:439][524]LogModuleManager: Shutting down and abandoning module SourceControl (313)
[2018.12.05-18.58.10:439][524]LogModuleManager: Shutting down and abandoning module CLionSourceCodeAccess (310)
[2018.12.05-18.58.10:439][524]LogModuleManager: Shutting down and abandoning module LightPropagationVolumeEditor (308)
[2018.12.05-18.58.10:439][524]LogModuleManager: Shutting down and abandoning module PaperTiledImporter (306)
[2018.12.05-18.58.10:439][524]LogModuleManager: Shutting down and abandoning module PaperSpriteSheetImporter (304)
[2018.12.05-18.58.10:439][524]LogModuleManager: Shutting down and abandoning module Paper2DEditor (302)
[2018.12.05-18.58.10:439][524]LogModuleManager: Shutting down and abandoning module MeshPaint (301)
[2018.12.05-18.58.10:439][524]LogModuleManager: Shutting down and abandoning module RuntimePhysXCooking (298)
[2018.12.05-18.58.10:439][524]LogModuleManager: Shutting down and abandoning module PhysXVehiclesEditor (296)
[2018.12.05-18.58.10:439][524]LogModuleManager: Shutting down and abandoning module PhysXVehicles (294)
[2018.12.05-18.58.10:439][524]LogModuleManager: Shutting down and abandoning module OculusEditor (292)
[2018.12.05-18.58.10:439][524]LogModuleManager: Shutting down and abandoning module LocationServicesBPLibrary (290)
[2018.12.05-18.58.10:439][524]LogModuleManager: Shutting down and abandoning module ImmediatePhysicsEditor (288)
[2018.12.05-18.58.10:439][524]LogModuleManager: Shutting down and abandoning module ImmediatePhysics (286)
[2018.12.05-18.58.10:439][524]LogModuleManager: Shutting down and abandoning module ActorSequence (284)
[2018.12.05-18.58.10:439][524]LogModuleManager: Shutting down and abandoning module UdpMessaging (282)
[2018.12.05-18.58.10:540][524]LogModuleManager: Shutting down and abandoning module TcpMessaging (280)
[2018.12.05-18.58.10:641][524]LogModuleManager: Shutting down and abandoning module MagicLeapAudio (278)
[2018.12.05-18.58.10:641][524]LogModuleManager: Shutting down and abandoning module GameplayTagsEditor (276)
[2018.12.05-18.58.10:641][524]LogModuleManager: Shutting down and abandoning module FacialAnimationEditor (274)
[2018.12.05-18.58.10:641][524]LogModuleManager: Shutting down and abandoning module FacialAnimation (272)
[2018.12.05-18.58.10:641][524]LogModuleManager: Shutting down and abandoning module DataValidation (270)
[2018.12.05-18.58.10:641][524]LogModuleManager: Shutting down and abandoning module AssetManagerEditor (268)
[2018.12.05-18.58.10:641][524]LogModuleManager: Shutting down and abandoning module LevelEditor (267)
[2018.12.05-18.58.10:641][524]LogModuleManager: Shutting down and abandoning module PixelInspectorModule (266)
[2018.12.05-18.58.10:641][524]LogModuleManager: Shutting down and abandoning module CommonMenuExtensions (264)
[2018.12.05-18.58.10:642][524]LogModuleManager: Shutting down and abandoning module MainFrame (262)
[2018.12.05-18.58.10:642][524]LogModuleManager: Shutting down and abandoning module HotReload (261)
[2018.12.05-18.58.10:642][524]LogModuleManager: Shutting down and abandoning module ContentBrowser (257)
[2018.12.05-18.58.10:643][524]LogModuleManager: Shutting down and abandoning module TreeMap (255)
[2018.12.05-18.58.10:643][524]LogModuleManager: Shutting down and abandoning module LightPropagationVolumeRuntime (252)
[2018.12.05-18.58.10:643][524]LogModuleManager: Shutting down and abandoning module AISupportModule (250)
[2018.12.05-18.58.10:643][524]LogModuleManager: Shutting down and abandoning module Paper2D (248)
[2018.12.05-18.58.10:643][524]LogModuleManager: Shutting down and abandoning module WindowsMoviePlayer (246)
[2018.12.05-18.58.10:643][524]LogModuleManager: Shutting down and abandoning module WmfMedia (244)
[2018.12.05-18.58.10:645][524]LogModuleManager: Shutting down and abandoning module Media (243)
[2018.12.05-18.58.10:651][524]LogModuleManager: Shutting down and abandoning module PacketHandler (240)
[2018.12.05-18.58.10:651][524]LogModuleManager: Shutting down and abandoning module ClothingSystemEditor (238)
[2018.12.05-18.58.10:651][524]LogModuleManager: Shutting down and abandoning module ClothingSystemRuntime (236)
[2018.12.05-18.58.10:651][524]LogModuleManager: Shutting down and abandoning module MediaAssets (234)
[2018.12.05-18.58.10:651][524]LogModuleManager: Shutting down and abandoning module Overlay (232)
[2018.12.05-18.58.10:651][524]LogModuleManager: Shutting down and abandoning module OverlayEditor (231)
[2018.12.05-18.58.10:652][524]LogModuleManager: Shutting down and abandoning module VREditor (228)
[2018.12.05-18.58.10:652][524]LogModuleManager: Shutting down and abandoning module StringTableEditor (226)
[2018.12.05-18.58.10:652][524]LogModuleManager: Shutting down and abandoning module GameplayTasksEditor (224)
[2018.12.05-18.58.10:652][524]LogModuleManager: Shutting down and abandoning module BehaviorTreeEditor (222)
[2018.12.05-18.58.10:652][524]LogModuleManager: Shutting down and abandoning module FunctionalTesting (220)
[2018.12.05-18.58.10:652][524]LogModuleManager: Shutting down and abandoning module CollisionAnalyzer (218)
[2018.12.05-18.58.10:652][524]LogModuleManager: Shutting down and abandoning module WorkspaceMenuStructure (217)
[2018.12.05-18.58.10:652][524]LogModuleManager: Shutting down and abandoning module UMG (214)
[2018.12.05-18.58.10:652][524]LogModuleManager: Shutting down and abandoning module UMGEditor (213)
[2018.12.05-18.58.10:652][524]LogModuleManager: Shutting down and abandoning module Sequencer (212)
[2018.12.05-18.58.10:652][524]LogModuleManager: Shutting down and abandoning module MessageLog (209)
[2018.12.05-18.58.10:652][524]LogModuleManager: Shutting down and abandoning module SlateReflector (204)
[2018.12.05-18.58.10:652][524]LogModuleManager: Shutting down and abandoning module Slate (202)
[2018.12.05-18.58.10:652][524]LogModuleManager: Shutting down and abandoning module EditorStyle (200)
[2018.12.05-18.58.10:653][524]LogModuleManager: Shutting down and abandoning module MRMesh (198)
[2018.12.05-18.58.10:653][524]LogModuleManager: Shutting down and abandoning module SourceCodeAccess (196)
[2018.12.05-18.58.10:653][524]LogModuleManager: Shutting down and abandoning module HeadMountedDisplay (194)
[2018.12.05-18.58.10:653][524]LogModuleManager: Shutting down and abandoning module XAudio2 (192)
[2018.12.05-18.58.10:653][524]LogModuleManager: Shutting down and abandoning module Networking (190)
[2018.12.05-18.58.10:653][524]LogModuleManager: Shutting down and abandoning module Core (188)
[2018.12.05-18.58.10:653][524]LogModuleManager: Shutting down and abandoning module LevelSequence (186)
[2018.12.05-18.58.10:654][524]LogModuleManager: Shutting down and abandoning module KismetCompiler (184)
[2018.12.05-18.58.10:654][524]LogModuleManager: Shutting down and abandoning module MeshUtilities (182)
[2018.12.05-18.58.10:654][524]LogModuleManager: Shutting down and abandoning module MeshMergeUtilities (181)
[2018.12.05-18.58.10:654][524]LogModuleManager: Shutting down and abandoning module MeshReductionInterface (180)
[2018.12.05-18.58.10:654][524]LogModuleManager: Shutting down and abandoning module SimplygonSwarm (179)
[2018.12.05-18.58.10:654][524]LogModuleManager: Shutting down and abandoning module ProxyLODMeshReduction (177)
[2018.12.05-18.58.10:654][524]LogModuleManager: Shutting down and abandoning module SimplygonMeshReduction (175)
[2018.12.05-18.58.10:654][524]LogModuleManager: Shutting down and abandoning module QuadricMeshReduction (173)
[2018.12.05-18.58.10:654][524]LogModuleManager: Shutting down and abandoning module MaterialBaking (169)
[2018.12.05-18.58.10:654][524]LogModuleManager: Shutting down and abandoning module DirectoryWatcher (165)
[2018.12.05-18.58.10:655][524]LogModuleManager: Shutting down and abandoning module DerivedDataCache (162)
[2018.12.05-18.58.10:676][524]LogDerivedDataCache: Shutdown
[2018.12.05-18.58.10:676][524]LogModuleManager: Shutting down and abandoning module XGEController (160)
[2018.12.05-18.58.10:677][524]LogXGEController: Cleaning working directory: C:/Users/kubok/AppData/Local/Temp/UnrealXGEWorkingDir/
[2018.12.05-18.58.10:677][524]LogModuleManager: Shutting down and abandoning module TargetPlatform (158)
[2018.12.05-18.58.10:677][524]LogModuleManager: Shutting down and abandoning module VulkanShaderFormat (157)
[2018.12.05-18.58.10:677][524]LogModuleManager: Shutting down and abandoning module ShaderFormatVectorVM (155)
[2018.12.05-18.58.10:677][524]LogModuleManager: Shutting down and abandoning module ShaderFormatOpenGL (153)
[2018.12.05-18.58.10:677][524]LogModuleManager: Shutting down and abandoning module ShaderFormatD3D (151)
[2018.12.05-18.58.10:677][524]LogModuleManager: Shutting down and abandoning module MetalShaderFormat (149)
[2018.12.05-18.58.10:677][524]LogModuleManager: Shutting down and abandoning module TextureFormatUncompressed (147)
[2018.12.05-18.58.10:677][524]LogModuleManager: Shutting down and abandoning module TextureFormatPVR (145)
[2018.12.05-18.58.10:677][524]LogModuleManager: Shutting down and abandoning module TextureFormatDXT (143)
[2018.12.05-18.58.10:677][524]LogModuleManager: Shutting down and abandoning module TextureFormatIntelISPCTexComp (141)
[2018.12.05-18.58.10:677][524]LogModuleManager: Shutting down and abandoning module TextureFormatASTC (139)
[2018.12.05-18.58.10:677][524]LogModuleManager: Shutting down and abandoning module ImageWrapper (138)
[2018.12.05-18.58.10:677][524]LogModuleManager: Shutting down and abandoning module TextureFormatAndroid (135)
[2018.12.05-18.58.10:677][524]LogModuleManager: Shutting down and abandoning module AudioFormatOpus (133)
[2018.12.05-18.58.10:677][524]LogModuleManager: Shutting down and abandoning module AudioFormatOgg (131)
[2018.12.05-18.58.10:677][524]LogModuleManager: Shutting down and abandoning module AudioFormatADPCM (129)
[2018.12.05-18.58.10:677][524]LogModuleManager: Shutting down and abandoning module LuminTargetPlatform (127)
[2018.12.05-18.58.10:677][524]LogModuleManager: Shutting down and abandoning module LinuxTargetPlatform (125)
[2018.12.05-18.58.10:677][524]LogModuleManager: Shutting down and abandoning module LinuxServerTargetPlatform (123)
[2018.12.05-18.58.10:677][524]LogModuleManager: Shutting down and abandoning module LinuxNoEditorTargetPlatform (121)
[2018.12.05-18.58.10:677][524]LogModuleManager: Shutting down and abandoning module LinuxClientTargetPlatform (119)
[2018.12.05-18.58.10:677][524]LogModuleManager: Shutting down and abandoning module TVOSTargetPlatform (117)
[2018.12.05-18.58.10:678][524]LogModuleManager: Shutting down and abandoning module Messaging (115)
[2018.12.05-18.58.10:678][524]LogModuleManager: Shutting down and abandoning module IOSTargetPlatform (113)
[2018.12.05-18.58.10:679][524]LogModuleManager: Shutting down and abandoning module HTML5TargetPlatform (111)
[2018.12.05-18.58.10:679][524]LogModuleManager: Shutting down and abandoning module AndroidTargetPlatform (109)
[2018.12.05-18.58.10:684][524]LogModuleManager: Shutting down and abandoning module WindowsTargetPlatform (107)
[2018.12.05-18.58.10:684][524]LogModuleManager: Shutting down and abandoning module WindowsServerTargetPlatform (105)
[2018.12.05-18.58.10:684][524]LogModuleManager: Shutting down and abandoning module WindowsNoEditorTargetPlatform (103)
[2018.12.05-18.58.10:684][524]LogModuleManager: Shutting down and abandoning module WindowsClientTargetPlatform (101)
[2018.12.05-18.58.10:684][524]LogModuleManager: Shutting down and abandoning module MacTargetPlatform (99)
[2018.12.05-18.58.10:684][524]LogModuleManager: Shutting down and abandoning module MacServerTargetPlatform (97)
[2018.12.05-18.58.10:684][524]LogModuleManager: Shutting down and abandoning module MacNoEditorTargetPlatform (95)
[2018.12.05-18.58.10:684][524]LogModuleManager: Shutting down and abandoning module MacClientTargetPlatform (93)
[2018.12.05-18.58.10:684][524]LogModuleManager: Shutting down and abandoning module AllDesktopTargetPlatform (91)
[2018.12.05-18.58.10:684][524]LogModuleManager: Shutting down and abandoning module InputCore (88)
[2018.12.05-18.58.10:684][524]LogModuleManager: Shutting down and abandoning module Settings (86)
[2018.12.05-18.58.10:684][524]LogModuleManager: Shutting down and abandoning module PhysXCooking (84)
[2018.12.05-18.58.10:684][524]LogModuleManager: Shutting down and abandoning module SteamVR (82)
[2018.12.05-18.58.10:684][524]LogModuleManager: Shutting down and abandoning module OculusHMD (80)
[2018.12.05-18.58.10:684][524]LogModuleManager: Shutting down and abandoning module ExampleDeviceProfileSelector (78)
[2018.12.05-18.58.10:684][524]LogModuleManager: Shutting down and abandoning module LauncherChunkInstaller (76)
[2018.12.05-18.58.10:684][524]LogModuleManager: Shutting down and abandoning module OnlineBlueprintSupport (74)
[2018.12.05-18.58.10:684][524]LogModuleManager: Shutting down and abandoning module OnlineSubsystem (70)
[2018.12.05-18.58.10:685][524]LogModuleManager: Shutting down and abandoning module XMPP (65)
[2018.12.05-18.58.10:685][524]LogModuleManager: Shutting down and abandoning module WebSockets (64)
[2018.12.05-18.58.10:718][524]LogModuleManager: Shutting down and abandoning module HTTP (61)
[2018.12.05-18.58.10:718][524]LogHttp: Display: Http module shutting down, but needs to wait on 1 outstanding Http requests:
[2018.12.05-18.58.10:718][524]LogHttp: Display: 	verb=[POST] url=[https://datarouter.ol.epicgames.com/datarouter/api/v1/public/data?SessionID=%7BD509D5E3-4F69-9C5C-6554-FDAC572EC8EE%7D&AppID=UEEditor.Rocket.Release&AppVersion=4.20.3-4369336%2B%2B%2BUE4%2BRelease-4.20&UserID=324ec0084dbef8438fffe5b8f7c64b97%7C0403635c1a57492d91b01d30c7d284ff%7C08e5cffc-2cd6-4bf4-a1a1-356897907582&AppEnvironment=datacollector-binary&UploadType=eteventstream] status=Processing
[2018.12.05-18.58.10:722][524]LogModuleManager: Shutting down and abandoning module SSL (60)
[2018.12.05-18.58.10:722][524]LogModuleManager: Shutting down and abandoning module MagicLeapEmulator (56)
[2018.12.05-18.58.10:723][524]LogModuleManager: Shutting down and abandoning module MagicLeapPrivileges (54)
[2018.12.05-18.58.10:723][524]LogModuleManager: Shutting down and abandoning module MagicLeapIdentity (52)
[2018.12.05-18.58.10:723][524]LogModuleManager: Shutting down and abandoning module MagicLeapHelperVulkan (50)
[2018.12.05-18.58.10:723][524]LogModuleManager: Shutting down and abandoning module MagicLeapHelperOpenGL (48)
[2018.12.05-18.58.10:723][524]LogModuleManager: Shutting down and abandoning module MagicLeapSecureStorage (46)
[2018.12.05-18.58.10:723][524]LogModuleManager: Shutting down and abandoning module MagicLeapGestures (44)
[2018.12.05-18.58.10:723][524]LogModuleManager: Shutting down and abandoning module MagicLeapEyeTracker (42)
[2018.12.05-18.58.10:723][524]LogModuleManager: Shutting down and abandoning module MagicLeapController (40)
[2018.12.05-18.58.10:723][524]LogSlate: Slate User Destroyed.  User Index 0, Is Virtual User: 0
[2018.12.05-18.58.10:723][524]LogModuleManager: Shutting down and abandoning module MagicLeap (38)
[2018.12.05-18.58.10:723][524]LogModuleManager: Shutting down and abandoning module AnimationModifiers (36)
[2018.12.05-18.58.10:723][524]LogModuleManager: Shutting down and abandoning module PropertyEditor (35)
[2018.12.05-18.58.10:723][524]LogModuleManager: Shutting down and abandoning module AudioEditor (32)
[2018.12.05-18.58.10:723][524]LogModuleManager: Shutting down and abandoning module TextureCompressor (30)
[2018.12.05-18.58.10:723][524]LogModuleManager: Shutting down and abandoning module ShaderCore (28)
[2018.12.05-18.58.10:723][524]LogModuleManager: Shutting down and abandoning module Landscape (26)
[2018.12.05-18.58.10:723][524]LogModuleManager: Shutting down and abandoning module SlateRHIRenderer (24)
[2018.12.05-18.58.10:723][524]LogModuleManager: Shutting down and abandoning module OpenGLDrv (22)
[2018.12.05-18.58.10:723][524]LogModuleManager: Shutting down and abandoning module D3D11RHI (20)
[2018.12.05-18.58.10:723][524]LogModuleManager: Shutting down and abandoning module AnimGraphRuntime (18)
[2018.12.05-18.58.10:723][524]LogModuleManager: Shutting down and abandoning module Renderer (16)
[2018.12.05-18.58.10:723][524]LogModuleManager: Shutting down and abandoning module Engine (14)
[2018.12.05-18.58.10:723][524]LogModuleManager: Shutting down and abandoning module CoreUObject (12)
[2018.12.05-18.58.10:723][524]LogModuleManager: Shutting down and abandoning module NetworkFile (10)
[2018.12.05-18.58.10:723][524]LogModuleManager: Shutting down and abandoning module CookedIterativeFile (8)
[2018.12.05-18.58.10:723][524]LogModuleManager: Shutting down and abandoning module StreamingFile (6)
[2018.12.05-18.58.10:723][524]LogModuleManager: Shutting down and abandoning module SandboxFile (4)
[2018.12.05-18.58.10:723][524]LogModuleManager: Shutting down and abandoning module PakFile (2)
[2018.12.05-18.58.10:741][524]LogExit: Exiting.
[2018.12.05-18.58.10:752][524]Log file closed, 12/05/18 13:58:10
