Log file open, 12/05/18 13:18:00
LogWindows: Failed to load 'aqProf.dll' (GetLastError=126)
LogWindows: File 'aqProf.dll' does not exist
LogWindows: Failed to load 'VtuneApi.dll' (GetLastError=126)
LogWindows: File 'VtuneApi.dll' does not exist
LogWindows: Failed to load 'VtuneApi32e.dll' (GetLastError=126)
LogWindows: File 'VtuneApi32e.dll' does not exist
LogInit: Display: Running engine for game: TeamSadMen
LogPlatformFile: Not using cached read wrapper
LogTaskGraph: Started task graph with 5 named threads and 23 total threads with 3 sets of task threads.
LogStats: Stats thread started at 0.288762
LogD3D11RHI: Loaded GFSDK_Aftermath_Lib.x64.dll
LogICUInternationalization: Display: ICU TimeZone Detection - Raw Offset: -5:00, Platform Override: ''
LogPluginManager: Mounting plugin Paper2D
LogPluginManager: Mounting plugin AISupport
LogPluginManager: Mounting plugin LightPropagationVolume
LogPluginManager: Mounting plugin CLionSourceCodeAccess
LogPluginManager: Mounting plugin CodeLiteSourceCodeAccess
LogPluginManager: Mounting plugin GitSourceControl
LogPluginManager: Mounting plugin KDevelopSourceCodeAccess
LogPluginManager: Mounting plugin NullSourceCodeAccess
LogPluginManager: Mounting plugin PerforceSourceControl
LogPluginManager: Mounting plugin SubversionSourceControl
LogPluginManager: Mounting plugin UObjectPlugin
LogPluginManager: Mounting plugin VisualStudioCodeSourceCodeAccess
LogPluginManager: Mounting plugin VisualStudioSourceCodeAccess
LogPluginManager: Mounting plugin XCodeSourceCodeAccess
LogPluginManager: Mounting plugin AssetManagerEditor
LogPluginManager: Mounting plugin CryptoKeys
LogPluginManager: Mounting plugin DataValidation
LogPluginManager: Mounting plugin FacialAnimation
LogPluginManager: Mounting plugin GameplayTagsEditor
LogPluginManager: Mounting plugin MacGraphicsSwitching
LogPluginManager: Mounting plugin MeshEditor
LogPluginManager: Mounting plugin MobileLauncherProfileWizard
LogPluginManager: Mounting plugin PluginBrowser
LogPluginManager: Mounting plugin SpeedTreeImporter
LogPluginManager: Mounting plugin DatasmithContent
LogPluginManager: Mounting plugin AlembicImporter
LogPluginManager: Mounting plugin AppleImageUtils
LogPluginManager: Mounting plugin AppleVision
LogPluginManager: Mounting plugin BackChannel
LogPluginManager: Mounting plugin CharacterAI
LogPluginManager: Mounting plugin GeometryCache
LogPluginManager: Mounting plugin HTML5Networking
LogPluginManager: Mounting plugin ProxyLODPlugin
LogPluginManager: Mounting plugin MagicLeap
LogPluginManager: Mounting plugin MagicLeapEmulator
LogPluginManager: Mounting plugin MagicLeapMedia
LogPluginManager: Mounting plugin AndroidMedia
LogPluginManager: Mounting plugin AvfMedia
LogPluginManager: Mounting plugin ImgMedia
LogPluginManager: Mounting plugin LinearTimecode
LogPluginManager: Mounting plugin MediaCompositing
LogPluginManager: Mounting plugin MediaPlayerEditor
LogPluginManager: Mounting plugin WmfMedia
LogPluginManager: Mounting plugin TcpMessaging
LogPluginManager: Mounting plugin UdpMessaging
LogPluginManager: Mounting plugin ActorSequence
LogPluginManager: Mounting plugin LevelSequenceEditor
LogPluginManager: Mounting plugin MatineeToLevelSequence
LogPluginManager: Mounting plugin NetcodeUnitTest
LogPluginManager: Mounting plugin NUTUnrealEngine4
LogPluginManager: Mounting plugin OnlineSubsystemGooglePlay
LogPluginManager: Mounting plugin OnlineSubsystemIOS
LogPluginManager: Mounting plugin OnlineSubsystem
LogPluginManager: Mounting plugin OnlineSubsystemNull
LogPluginManager: Mounting plugin OnlineSubsystemUtils
LogPluginManager: Mounting plugin LauncherChunkInstaller
LogPluginManager: Mounting plugin AndroidDeviceProfileSelector
LogPluginManager: Mounting plugin AndroidMoviePlayer
LogPluginManager: Mounting plugin AndroidPermission
LogPluginManager: Mounting plugin AppleMoviePlayer
LogPluginManager: Mounting plugin ArchVisCharacter
LogPluginManager: Mounting plugin AudioCapture
LogPluginManager: Mounting plugin CableComponent
LogPluginManager: Mounting plugin CustomMeshComponent
LogPluginManager: Mounting plugin EditableMesh
LogPluginManager: Mounting plugin ExampleDeviceProfileSelector
LogPluginManager: Mounting plugin GoogleCloudMessaging
LogPluginManager: Mounting plugin ImmediatePhysics
LogPluginManager: Mounting plugin IOSDeviceProfileSelector
LogPluginManager: Mounting plugin LinuxDeviceProfileSelector
LogPluginManager: Mounting plugin LocationServicesBPLibrary
LogPluginManager: Mounting plugin MobilePatchingUtils
LogPluginManager: Mounting plugin OculusVR
LogPluginManager: Plugin shader directory ../../../Engine/Plugins/Runtime/Oculus/OculusVR/Shaders found
LogPluginManager: Mapping shader source directory ../../../Engine/Plugins/Runtime/Oculus/OculusVR/Shaders to virtual directory /Plugin/OculusVR
LogPluginManager: Mounting plugin PhysXVehicles
LogPluginManager: Mounting plugin ProceduralMeshComponent
LogPluginManager: Mounting plugin RuntimePhysXCooking
LogPluginManager: Mounting plugin SteamVR
LogPluginManager: Mounting plugin WindowsMoviePlayer
LogStreaming: Display: Took  0.142s to configure plugins.
LogInit: Using libcurl 7.55.1-DEV
LogInit:  - built for x86_64-pc-win32
LogInit:  - supports SSL with OpenSSL/1.0.2h
LogInit:  - supports HTTP deflate (compression) using libz 1.2.8
LogInit:  - other features:
LogInit:      CURL_VERSION_SSL
LogInit:      CURL_VERSION_LIBZ
LogInit:      CURL_VERSION_IPV6
LogInit:      CURL_VERSION_ASYNCHDNS
LogInit:      CURL_VERSION_LARGEFILE
LogInit:      CURL_VERSION_IDN
LogInit:  CurlRequestOptions (configurable via config and command line):
LogInit:  - bVerifyPeer = false  - Libcurl will NOT verify peer certificate
LogInit:  - bUseHttpProxy = false  - Libcurl will NOT use HTTP proxy
LogInit:  - bDontReuseConnections = false  - Libcurl will reuse connections
LogInit:  - CertBundlePath = nullptr  - Libcurl will use whatever was configured at build time.
LogInit:  - MaxHostConnections = 16  - Libcurl will limit the number of connections to a host
LogInit:  - LocalHostAddr = Default
LogInit:  - BufferSize = 65536
LogInit: WinSock: version 1.1 (2.2), MaxSocks=32767, MaxUdp=65467
LogInit: Build: ++UE4+Release-4.20-CL-4369336
LogInit: Engine Version: 4.20.3-4369336+++UE4+Release-4.20
LogInit: Compatible Engine Version: 4.20.0-4212847+++UE4+Release-4.20
LogInit: Net CL: 4212847
LogInit: OS: Windows 10 (), CPU: Intel(R) Core(TM) i7-6700HQ CPU @ 2.60GHz, GPU: Intel(R) HD Graphics 530
LogInit: Compiled (64-bit): Sep 17 2018 12:26:19
LogInit: Compiled with Visual C++: 19.13.26129.00
LogInit: Build Configuration: Development
LogInit: Branch Name: ++UE4+Release-4.20
LogInit: Command Line:  
LogInit: Base Directory: C:/Program Files/Epic Games/UE_4.20/Engine/Binaries/Win64/
LogInit: Installed Engine Build: 1
LogDevObjectVersion: Number of dev versions registered: 20
LogDevObjectVersion:   Dev-Blueprints (B0D832E4-1F89-4F0D-ACCF-7EB736FD4AA2): 10
LogDevObjectVersion:   Dev-Build (E1C64328-A22C-4D53-A36C-8E866417BD8C): 0
LogDevObjectVersion:   Dev-Core (375EC13C-06E4-48FB-B500-84F0262A717E): 2
LogDevObjectVersion:   Dev-Editor (E4B068ED-F494-42E9-A231-DA0B2E46BB41): 24
LogDevObjectVersion:   Dev-Framework (CFFC743F-43B0-4480-9391-14DF171D2073): 34
LogDevObjectVersion:   Dev-Mobile (B02B49B5-BB20-44E9-A304-32B752E40360): 2
LogDevObjectVersion:   Dev-Networking (A4E4105C-59A1-49B5-A7C5-40C4547EDFEE): 0
LogDevObjectVersion:   Dev-Online (39C831C9-5AE6-47DC-9A44-9C173E1C8E7C): 0
LogDevObjectVersion:   Dev-Physics (78F01B33-EBEA-4F98-B9B4-84EACCB95AA2): 0
LogDevObjectVersion:   Dev-Platform (6631380F-2D4D-43E0-8009-CF276956A95A): 0
LogDevObjectVersion:   Dev-Rendering (12F88B9F-8875-4AFC-A67C-D90C383ABD29): 26
LogDevObjectVersion:   Dev-Sequencer (7B5AE74C-D270-4C10-A958-57980B212A5A): 9
LogDevObjectVersion:   Dev-VR (D7296918-1DD6-4BDD-9DE2-64A83CC13884): 2
LogDevObjectVersion:   Dev-LoadTimes (C2A15278-BFE7-4AFE-6C17-90FF531DF755): 1
LogDevObjectVersion:   Private-Geometry (6EACA3D4-40EC-4CC1-B786-8BED09428FC5): 3
LogDevObjectVersion:   Dev-AnimPhys (29E575DD-E0A3-4627-9D10-D276232CDCEA): 17
LogDevObjectVersion:   Dev-ReflectionCapture (6B266CEC-1EC7-4B8F-A30B-E4D90942FC07): 1
LogDevObjectVersion:   Dev-Automation (0DF73D61-A23F-47EA-B727-89E90C41499A): 1
LogDevObjectVersion:   FortniteMain (601D1886-AC64-4F84-AA16-D3DE0DEAC7D6): 12
LogDevObjectVersion:   Dev-Enterprise (9DFFBCD6-494F-0158-E221-12823C92A888): 1
LogStreaming: Display: Took  0.001s to delete old logs.
LogInit: Presizing for max 8388607 objects, including 0 objects not considered by GC, pre-allocating 0 bytes for permanent pool.
LogInit: Object subsystem initialized
[2018.12.05-18.18.00:467][  0]LogInit: Selected Device Profile: [Windows]
[2018.12.05-18.18.00:467][  0]LogInit: Applying CVar settings loaded from the selected device profile: [Windows]
[2018.12.05-18.18.00:483][  0]LogHAL: Display: Platform has ~ 16 GB [16964771840 / 17179869184 / 16], which maps to Larger [LargestMinGB=32, LargerMinGB=12, DefaultMinGB=8, SmallerMinGB=6, SmallestMinGB=0)
[2018.12.05-18.18.00:483][  0]LogInit: Setting Device Profile CVar: [[r.Vulkan.UseRealUBs:1]]
[2018.12.05-18.18.00:483][  0]LogInit: Going up to parent DeviceProfile []
[2018.12.05-18.18.00:484][  0]LogInit: Computer: DESKTOP-HIBAT0Q
[2018.12.05-18.18.00:484][  0]LogInit: User: kubok
[2018.12.05-18.18.00:484][  0]LogInit: CPU Page size=4096, Cores=4
[2018.12.05-18.18.00:484][  0]LogInit: High frequency timer resolution =2.531255 MHz
[2018.12.05-18.18.00:484][  0]LogMemory: Memory total: Physical=15.8GB (16GB approx)
[2018.12.05-18.18.00:484][  0]LogMemory: Platform Memory Stats for Windows
[2018.12.05-18.18.00:484][  0]LogMemory: Process Physical Memory: 99.83 MB used, 99.83 MB peak
[2018.12.05-18.18.00:484][  0]LogMemory: Process Virtual Memory: 91.08 MB used, 91.08 MB peak
[2018.12.05-18.18.00:484][  0]LogMemory: Physical Memory: 5056.16 MB used,  11122.70 MB free, 16178.87 MB total
[2018.12.05-18.18.00:484][  0]LogMemory: Virtual Memory: 4640.40 MB used,  11122.70 MB free, 134217728.00 MB total
[2018.12.05-18.18.00:505][  0]LogInit: Using OS detected language (en-US).
[2018.12.05-18.18.00:506][  0]LogInit: Using OS detected locale (en-US).
[2018.12.05-18.18.00:506][  0]LogTextLocalizationManager: No specific localization for 'en-US' exists, so the 'en' localization will be used.
[2018.12.05-18.18.00:890][  0]LogStreaming: Display: Took  0.384s to InitEngineTextLocalization.
[2018.12.05-18.18.00:890][  0]LogInit: Setting process to per monitor DPI aware
[2018.12.05-18.18.00:933][  0]LogSlate: New Slate User Created.  User Index 0, Is Virtual User: 0
[2018.12.05-18.18.00:933][  0]LogSlate: Slate User Registered.  User Index 0, Is Virtual User: 0
[2018.12.05-18.18.01:168][  0]LogHMD: Failed to initialize OpenVR with code 110
[2018.12.05-18.18.01:168][  0]LogD3D11RHI: D3D11 adapters:
[2018.12.05-18.18.01:239][  0]LogD3D11RHI:    0. 'NVIDIA GeForce GTX 960M' (Feature Level 11_0)
[2018.12.05-18.18.01:239][  0]LogD3D11RHI:       2010/0/8089 MB DedicatedVideo/DedicatedSystem/SharedSystem, Outputs:1, VendorId:0x10de
[2018.12.05-18.18.01:249][  0]LogD3D11RHI:    1. 'Intel(R) HD Graphics 530' (Feature Level 11_0)
[2018.12.05-18.18.01:249][  0]LogD3D11RHI:       128/0/8089 MB DedicatedVideo/DedicatedSystem/SharedSystem, Outputs:0, VendorId:0x8086
[2018.12.05-18.18.01:251][  0]LogD3D11RHI:    2. 'Microsoft Basic Render Driver' (Feature Level 11_0)
[2018.12.05-18.18.01:251][  0]LogD3D11RHI:       0/0/8089 MB DedicatedVideo/DedicatedSystem/SharedSystem, Outputs:0, VendorId:0x1414
[2018.12.05-18.18.01:251][  0]LogD3D11RHI: Chosen D3D11 Adapter: 0
[2018.12.05-18.18.01:290][  0]LogD3D11RHI: Creating new Direct3DDevice
[2018.12.05-18.18.01:290][  0]LogD3D11RHI:     GPU DeviceId: 0x139b (for the marketing name, search the web for "GPU Device Id")
[2018.12.05-18.18.01:291][  0]LogWindows: EnumDisplayDevices:
[2018.12.05-18.18.01:291][  0]LogWindows:    0. 'Intel(R) HD Graphics 530' (P:1 D:1)
[2018.12.05-18.18.01:291][  0]LogWindows:    1. 'Intel(R) HD Graphics 530' (P:0 D:0)
[2018.12.05-18.18.01:292][  0]LogWindows:    2. 'Intel(R) HD Graphics 530' (P:0 D:0)
[2018.12.05-18.18.01:292][  0]LogWindows: DebugString: PrimaryIsNotTheChoosenAdapter PrimaryIsNotTheChoosenAdapter PrimaryIsNotTheChoosenAdapter FoundDriverCount:0 
[2018.12.05-18.18.01:292][  0]LogD3D11RHI:     Adapter Name: NVIDIA GeForce GTX 960M
[2018.12.05-18.18.01:292][  0]LogD3D11RHI:   Driver Version: Unknown (internal:Unknown, unified:Unknown)
[2018.12.05-18.18.01:292][  0]LogD3D11RHI:      Driver Date: Unknown
[2018.12.05-18.18.01:292][  0]LogRHI: Texture pool is 1407 MB (70% of 2010 MB)
[2018.12.05-18.18.01:341][  0]LogD3D11RHI: Async texture creation enabled
[2018.12.05-18.18.01:380][  0]LogD3D11RHI: GPU Timing Frequency: 1000.000000 (Debug: 2 2)
[2018.12.05-18.18.01:380][  0]LogShaderCompilers: Guid format shader working directory is -2 characters bigger than the processId version (../../../../../../Git Hub/TeamSadMen/TeamSadMen/Intermediate/Shaders/WorkingDirectory/17228/).
[2018.12.05-18.18.01:381][  0]LogShaderCompilers: Cleaned the shader compiler working directory 'C:/Users/kubok/AppData/Local/Temp/UnrealShaderWorkingDir/042AEADE4B8A61F3F3395D8364DB60C2/'.
[2018.12.05-18.18.01:696][  0]LogTemp: Display: Loaded TP AllDesktopTargetPlatform
[2018.12.05-18.18.01:710][  0]LogTemp: Display: Loaded TP MacClientTargetPlatform
[2018.12.05-18.18.01:723][  0]LogTemp: Display: Loaded TP MacNoEditorTargetPlatform
[2018.12.05-18.18.01:744][  0]LogTemp: Display: Loaded TP MacServerTargetPlatform
[2018.12.05-18.18.01:758][  0]LogTemp: Display: Loaded TP MacTargetPlatform
[2018.12.05-18.18.01:772][  0]LogTemp: Display: Loaded TP WindowsClientTargetPlatform
[2018.12.05-18.18.01:787][  0]LogTemp: Display: Loaded TP WindowsNoEditorTargetPlatform
[2018.12.05-18.18.01:801][  0]LogTemp: Display: Loaded TP WindowsServerTargetPlatform
[2018.12.05-18.18.01:808][  0]LogTemp: Display: Loaded TP WindowsTargetPlatform
[2018.12.05-18.18.01:890][  0]LogTemp: Display: Loaded TP AndroidTargetPlatform
[2018.12.05-18.18.01:890][  0]LogTemp: Display: Loaded TP AndroidTargetPlatform
[2018.12.05-18.18.01:890][  0]LogTemp: Display: Loaded TP AndroidTargetPlatform
[2018.12.05-18.18.01:890][  0]LogTemp: Display: Loaded TP AndroidTargetPlatform
[2018.12.05-18.18.01:890][  0]LogTemp: Display: Loaded TP AndroidTargetPlatform
[2018.12.05-18.18.01:890][  0]LogTemp: Display: Loaded TP AndroidTargetPlatform
[2018.12.05-18.18.01:890][  0]LogTemp: Display: Loaded TP AndroidTargetPlatform
[2018.12.05-18.18.01:890][  0]LogTemp: Display: Loaded TP AndroidTargetPlatform
[2018.12.05-18.18.01:890][  0]LogTemp: Display: Loaded TP AndroidTargetPlatform
[2018.12.05-18.18.01:890][  0]LogTemp: Display: Loaded TP AndroidTargetPlatform
[2018.12.05-18.18.01:890][  0]LogTemp: Display: Loaded TP AndroidTargetPlatform
[2018.12.05-18.18.01:890][  0]LogTemp: Display: Loaded TP AndroidTargetPlatform
[2018.12.05-18.18.01:890][  0]LogTemp: Display: Loaded TP AndroidTargetPlatform
[2018.12.05-18.18.01:890][  0]LogTemp: Display: Loaded TP AndroidTargetPlatform
[2018.12.05-18.18.01:890][  0]LogTemp: Display: Loaded TP AndroidTargetPlatform
[2018.12.05-18.18.01:890][  0]LogTemp: Display: Loaded TP AndroidTargetPlatform
[2018.12.05-18.18.01:890][  0]LogTemp: Display: Loaded TP AndroidTargetPlatform
[2018.12.05-18.18.01:890][  0]LogTemp: Display: Loaded TP AndroidTargetPlatform
[2018.12.05-18.18.01:892][  0]LogTemp: Display: Loaded TP HTML5TargetPlatform
[2018.12.05-18.18.01:959][  0]LogTemp: Display: Loaded TP IOSTargetPlatform
[2018.12.05-18.18.01:959][  0]LogTemp: Display: Loaded TP IOSTargetPlatform
[2018.12.05-18.18.01:983][  0]LogTemp: Display: Loaded TP TVOSTargetPlatform
[2018.12.05-18.18.01:983][  0]LogTemp: Display: Loaded TP TVOSTargetPlatform
[2018.12.05-18.18.01:996][  0]LogTemp: Display: Loaded TP LinuxClientTargetPlatform
[2018.12.05-18.18.02:012][  0]LogTemp: Display: Loaded TP LinuxNoEditorTargetPlatform
[2018.12.05-18.18.02:025][  0]LogTemp: Display: Loaded TP LinuxServerTargetPlatform
[2018.12.05-18.18.02:038][  0]LogTemp: Display: Loaded TP LinuxTargetPlatform
[2018.12.05-18.18.02:047][  0]LogTemp: Display: Loaded TP LuminTargetPlatform
[2018.12.05-18.18.02:047][  0]LogTargetPlatformManager: Display: Building Assets For Windows
[2018.12.05-18.18.02:109][  0]LogXGEController: Cleaning working directory: C:/Users/kubok/AppData/Local/Temp/UnrealXGEWorkingDir/
[2018.12.05-18.18.02:109][  0]LogXGEController: Cannot use XGE Controller as Incredibuild is not installed on this machine.
[2018.12.05-18.18.02:109][  0]LogShaderCompilers: Cannot use XGE Shader Compiler as Incredibuild is not installed on this machine.
[2018.12.05-18.18.02:109][  0]LogShaderCompilers: Display: Using Local Shader Compiler.
[2018.12.05-18.18.02:876][  0]LogDerivedDataCache: Display: Max Cache Size: 512 MB
[2018.12.05-18.18.02:937][  0]LogDerivedDataCache: Loaded boot cache 0.06s 71MB C:/Users/kubok/AppData/Local/UnrealEngine/4.20/DerivedDataCache/Boot.ddc.
[2018.12.05-18.18.02:938][  0]LogDerivedDataCache: Display: Loaded Boot cache: C:/Users/kubok/AppData/Local/UnrealEngine/4.20/DerivedDataCache/Boot.ddc
[2018.12.05-18.18.02:938][  0]LogDerivedDataCache: FDerivedDataBackendGraph:  Pak pak cache file ../../../../../../Git Hub/TeamSadMen/TeamSadMen/DerivedDataCache/DDC.ddp not found, will not use a pak cache.
[2018.12.05-18.18.02:938][  0]LogDerivedDataCache: Unable to find inner node Pak for hierarchical cache Hierarchy.
[2018.12.05-18.18.02:938][  0]LogDerivedDataCache: FDerivedDataBackendGraph:  CompressedPak pak cache file ../../../../../../Git Hub/TeamSadMen/TeamSadMen/DerivedDataCache/Compressed.ddp not found, will not use a pak cache.
[2018.12.05-18.18.02:938][  0]LogDerivedDataCache: Unable to find inner node CompressedPak for hierarchical cache Hierarchy.
[2018.12.05-18.18.02:952][  0]LogDerivedDataCache: Display: Pak cache opened for reading ../../../Engine/DerivedDataCache/Compressed.ddp.
[2018.12.05-18.18.02:965][  0]LogDerivedDataCache: Using Local data cache path C:/Users/kubok/AppData/Local/UnrealEngine/Common/DerivedDataCache: Writable
[2018.12.05-18.18.02:965][  0]LogDerivedDataCache: Shared data cache path not found in *engine.ini, will not use an Shared cache.
[2018.12.05-18.18.02:965][  0]LogDerivedDataCache: Unable to find inner node Shared for hierarchical cache Hierarchy.
[2018.12.05-18.18.02:984][  0]LogMaterial: Verifying Global Shaders for PCD3D_SM5
[2018.12.05-18.18.02:986][  0]LogSlate: Using FreeType 2.6.0
[2018.12.05-18.18.02:986][  0]LogSlate: SlateFontServices - WITH_FREETYPE: 1, WITH_HARFBUZZ: 1
[2018.12.05-18.18.03:062][  0]LogAssetRegistry: FAssetRegistry took 0.0258 seconds to start up
[2018.12.05-18.18.03:416][  0]LogInit: Selected Device Profile: [Windows]
[2018.12.05-18.18.03:569][  0]LogSimplygon: Simplygon DLL not present - disabling.
[2018.12.05-18.18.03:574][  0]LogMeshReduction: Using SimplygonSwarm for distributed automatic mesh merging
[2018.12.05-18.18.03:574][  0]LogMeshReduction: Using ProxyLODMeshReduction for automatic mesh merging
[2018.12.05-18.18.03:574][  0]LogMeshReduction: Using QuadricMeshReduction for automatic static mesh reduction
[2018.12.05-18.18.03:574][  0]LogMeshReduction: No automatic skeletal mesh reduction module available
[2018.12.05-18.18.03:592][  0]LogNetVersion: TeamSadMen 1.0.0, NetCL: 4212847, EngineNetVer: 5, GameNetVer: 0 (Checksum: 1220547581)
[2018.12.05-18.18.04:213][  0]LogPackageLocalizationCache: Processed 11 localized package path(s) for 2 prioritized culture(s) in 0.155756 seconds
[2018.12.05-18.18.04:218][  0]LogUObjectArray: 38425 objects as part of root set at end of initial load.
[2018.12.05-18.18.04:219][  0]LogUObjectAllocator: 6690864 out of 0 bytes used by permanent object pool.
[2018.12.05-18.18.04:219][  0]LogUObjectArray: CloseDisregardForGC: 0/0 objects in disregard for GC pool
[2018.12.05-18.18.05:143][  0]LogTcpMessaging: Initializing TcpMessaging bridge
[2018.12.05-18.18.05:157][  0]LogUdpMessaging: Initializing bridge on interface 0.0.0.0:0 to multicast group 230.0.0.1:6666.
[2018.12.05-18.18.05:316][  0]SourceControl: Source control is disabled
[2018.12.05-18.18.05:316][  0]SourceControl: Source control is disabled
[2018.12.05-18.18.05:317][  0]SourceControl: Source control is disabled
[2018.12.05-18.18.05:318][  0]SourceControl: Source control is disabled
[2018.12.05-18.18.05:495][  0]LogAndroidPermission: UAndroidPermissionCallbackProxy::GetInstance
[2018.12.05-18.18.05:568][  0]LogOcInput: OculusInput pre-init called
[2018.12.05-18.18.05:644][  0]LogEngine: Initializing Engine...
[2018.12.05-18.18.05:645][  0]LogHMD: Failed to initialize OpenVR with code 110
[2018.12.05-18.18.05:647][  0]LogStats: UGameplayTagsManager::ConstructGameplayTagTree: ImportINI prefixes -  0.000 s
[2018.12.05-18.18.05:647][  0]LogStats: UGameplayTagsManager::ConstructGameplayTagTree: Construct from data asset -  0.000 s
[2018.12.05-18.18.05:647][  0]LogStats: UGameplayTagsManager::ConstructGameplayTagTree: ImportINI -  0.000 s
[2018.12.05-18.18.05:647][  0]LogStats: UGameplayTagsManager::ConstructGameplayTagTree: GameplayTagTreeChangedEvent.Broadcast -  0.000 s
[2018.12.05-18.18.05:905][  0]LogInit: Initializing FReadOnlyCVARCache
[2018.12.05-18.18.05:920][  0]LogAIModule: Creating AISystem for world Untitled
[2018.12.05-18.18.05:949][  0]LogInit: XAudio2 using 'Speakers / Headphones (Realtek Audio)' : 2 channels at 48 kHz using 32 bits per sample (channel mask 0x3)
[2018.12.05-18.18.06:121][  0]LogInit: FAudioDevice initialized.
[2018.12.05-18.18.06:121][  0]LogNetVersion: Set ProjectVersion to 1.0.0.0. Version Checksum will be recalculated on next use.
[2018.12.05-18.18.06:171][  0]LogDerivedDataCache: Saved boot cache 0.05s 71MB C:/Users/kubok/AppData/Local/UnrealEngine/4.20/DerivedDataCache/Boot.ddc.
[2018.12.05-18.18.06:185][  0]LogInit: Texture streaming: Enabled
[2018.12.05-18.18.06:201][  0]LogEngineSessionManager: EngineSessionManager initialized
[2018.12.05-18.18.06:216][  0]LogInit: Transaction tracking system initialized
[2018.12.05-18.18.06:238][  0]BlueprintLog: New page: Editor Load
[2018.12.05-18.18.06:319][  0]LocalizationService: Localization service is disabled
[2018.12.05-18.18.06:603][  0]LogCook: Display: Max memory allowance for cook 16384mb min free memory 0mb
[2018.12.05-18.18.06:603][  0]LogCook: Display: Mobile HDR setting 1
[2018.12.05-18.18.06:603][  0]LogGameplayTags: Display: UGameplayTagsManager::DoneAddingNativeTags. DelegateIsBound: 0
[2018.12.05-18.18.06:603][  0]LogStats: UGameplayTagsManager::ConstructGameplayTagTree: ImportINI prefixes -  0.000 s
[2018.12.05-18.18.06:603][  0]LogStats: UGameplayTagsManager::ConstructGameplayTagTree: Construct from data asset -  0.000 s
[2018.12.05-18.18.06:603][  0]LogStats: UGameplayTagsManager::ConstructGameplayTagTree: ImportINI -  0.000 s
[2018.12.05-18.18.06:603][  0]LogStats: UGameplayTagsManager::ConstructGameplayTagTree: GameplayTagTreeChangedEvent.Broadcast -  0.000 s
[2018.12.05-18.18.06:727][  0]LogFileCache: Scanning file cache for directory 'C:/Git Hub/TeamSadMen/TeamSadMen/Content/' took 0.02s
[2018.12.05-18.18.06:727][  0]SourceControl: Source control is disabled
[2018.12.05-18.18.06:728][  0]Cmd: MAP LOAD FILE="../../../../../../Git Hub/TeamSadMen/TeamSadMen/Content/FirstPersonBP/Maps/FirstPersonExampleMap.umap" TEMPLATE=0 SHOWPROGRESS=1 FEATURELEVEL=3
[2018.12.05-18.18.06:728][  0]LightingResults: New page: Lighting Build
[2018.12.05-18.18.06:731][  0]MapCheck: New page: Map Check
[2018.12.05-18.18.06:731][  0]LightingResults: New page: Lighting Build
[2018.12.05-18.18.07:273][  0]LogAIModule: Creating AISystem for world FirstPersonExampleMap
[2018.12.05-18.18.07:287][  0]LogEditorServer: Finished looking for orphan Actors (0.000 secs)
[2018.12.05-18.18.07:320][  0]Cmd: MAP CHECKDEP NOCLEARLOG
[2018.12.05-18.18.07:413][  0]MapCheck: Map check complete: 0 Error(s), 0 Warning(s), took 92.948ms to complete.
[2018.12.05-18.18.07:414][  0]LogFileHelpers: Loading map 'FirstPersonExampleMap' took 0.685
[2018.12.05-18.18.07:523][  0]LogSlate: Updating window title bar state: overlay mode, drag disabled, window buttons hidden, title bar hidden
[2018.12.05-18.18.07:533][  0]LogSlate: Updating window title bar state: overlay mode, drag disabled, window buttons hidden, title bar hidden
[2018.12.05-18.18.07:543][  0]LogSlate: Updating window title bar state: overlay mode, drag disabled, window buttons hidden, title bar hidden
[2018.12.05-18.18.07:552][  0]LogSlate: Updating window title bar state: overlay mode, drag disabled, window buttons hidden, title bar hidden
[2018.12.05-18.18.07:559][  0]LogCollectionManager: Loaded 0 collections in 0.001597 seconds
[2018.12.05-18.18.07:601][  0]LogFileCache: Scanning file cache for directory 'C:/Git Hub/TeamSadMen/TeamSadMen/Saved/Collections/' took 0.01s
[2018.12.05-18.18.07:601][  0]LogFileCache: Scanning file cache for directory 'C:/Git Hub/TeamSadMen/TeamSadMen/Content/Developers/kubok/Collections/' took 0.01s
[2018.12.05-18.18.07:601][  0]LogFileCache: Scanning file cache for directory 'C:/Git Hub/TeamSadMen/TeamSadMen/Content/Collections/' took 0.01s
[2018.12.05-18.18.07:601][  0]LogCollectionManager: Rebuilt the GUID cache for 0 collections in 0.000000 seconds
[2018.12.05-18.18.07:617][  0]LogContentBrowser: Native class hierarchy populated in 0.0154 seconds. Added 2572 classes and 603 folders.
[2018.12.05-18.18.07:623][  0]LogContentBrowser: Native class hierarchy updated for 'WidgetCarousel' in 0.0003 seconds. Added 0 classes and 0 folders.
[2018.12.05-18.18.07:674][  0]LogContentBrowser: Native class hierarchy updated for 'AddContentDialog' in 0.0002 seconds. Added 0 classes and 0 folders.
[2018.12.05-18.18.07:679][  0]LogContentBrowser: Native class hierarchy updated for 'SceneOutliner' in 0.0003 seconds. Added 1 classes and 2 folders.
[2018.12.05-18.18.07:697][  0]LogSlate: Took 0.000226 seconds to synchronously load lazily loaded font '../../../Engine/Content/Slate/Fonts/Roboto-Regular.ttf' (155K)
[2018.12.05-18.18.07:700][  0]LogSlate: Took 0.000252 seconds to synchronously load lazily loaded font '../../../Engine/Content/Slate/Fonts/Roboto-Bold.ttf' (160K)
[2018.12.05-18.18.07:708][  0]LogSlate: Took 0.000218 seconds to synchronously load lazily loaded font '../../../Engine/Content/Editor/Slate/Fonts/FontAwesome.ttf' (139K)
[2018.12.05-18.18.07:810][  0]LogRenderer: Reallocating scene render targets to support 960x428 Format 10 NumSamples 1 (Frame:1).
[2018.12.05-18.18.07:965][  0]LogContentBrowser: Native class hierarchy updated for 'HierarchicalLODOutliner' in 0.0003 seconds. Added 0 classes and 0 folders.
[2018.12.05-18.18.07:965][  0]LogLoad: (Engine Initialization) Total time: 9.32 seconds
[2018.12.05-18.18.07:965][  0]LogLoad: (Engine Initialization) Total Blueprint compile time: 0.00 seconds
[2018.12.05-18.18.07:985][  0]LogWindowsTextInputMethodSystem: Display: IME system now deactivated.
[2018.12.05-18.18.08:006][  0]LogContentStreaming: Texture pool size now 1000 MB
[2018.12.05-18.18.08:026][  0]LogSlate: Took 0.000222 seconds to synchronously load lazily loaded font '../../../Engine/Content/Slate/Fonts/Roboto-Light.ttf' (167K)
[2018.12.05-18.18.08:056][  1]LogAssetRegistry: Asset discovery search completed in 5.0157 seconds
[2018.12.05-18.18.08:058][  1]LogCollectionManager: Rebuilt the object cache for 0 collections in 0.000000 seconds (found 0 objects)
[2018.12.05-18.18.08:059][  1]LogCollectionManager: Fixed up redirectors for 0 collections in 0.000064 seconds (updated 0 objects)
[2018.12.05-18.18.10:673][146]LogSlate: FSceneViewport::OnFocusLost() reason 0
[2018.12.05-18.18.12:282][242]LogSlate: Took 0.000269 seconds to synchronously load lazily loaded font '../../../Engine/Content/Slate/Fonts/Roboto-Light.ttf' (167K)
[2018.12.05-18.18.12:579][242]LogAIModule: Creating AISystem for world PizzaPlace
[2018.12.05-18.18.12:604][242]LogAssetEditorManager: Opening Asset editor for World /Game/FirstPersonBP/Maps/PizzaPlace.PizzaPlace
[2018.12.05-18.18.12:639][242]Cmd: MAP LOAD FILE="../../../../../../Git Hub/TeamSadMen/TeamSadMen/Content/FirstPersonBP/Maps/PizzaPlace.umap" TEMPLATE=0 SHOWPROGRESS=1 FEATURELEVEL=3
[2018.12.05-18.18.12:639][242]LightingResults: New page: Lighting Build
[2018.12.05-18.18.12:639][242]LoadErrors: New page: Loading map: PizzaPlace.umap
[2018.12.05-18.18.12:640][242]MapCheck: New page: Map Check
[2018.12.05-18.18.12:640][242]LightingResults: New page: Lighting Build
[2018.12.05-18.18.12:690][242]LogEditorServer: Finished looking for orphan Actors (0.000 secs)
[2018.12.05-18.18.12:747][242]Cmd: MAP CHECKDEP NOCLEARLOG
[2018.12.05-18.18.12:841][242]MapCheck: Map check complete: 0 Error(s), 0 Warning(s), took 94.568ms to complete.
[2018.12.05-18.18.12:843][242]LogFileHelpers: Loading map 'PizzaPlace' took 0.206
[2018.12.05-18.18.31:006][681]LogAssetEditorManager: Opening Asset editor for MaterialParameterCollection /Game/Materials/ColorBlind_MatParam_Collection.ColorBlind_MatParam_Collection
[2018.12.05-18.18.39:259][946]LogSlate: Window 'ColorBlind_MatParam_Collection - Generic Asset Editor' being destroyed
[2018.12.05-18.21.26:746][985]Cmd: OBJ SAVEPACKAGE PACKAGE="/Game/Materials/ColorBlind_MatParam_Collection" FILE="../../../../../../Git Hub/TeamSadMen/TeamSadMen/Content/Materials/ColorBlind_MatParam_Collection.uasset" SILENT=true
[2018.12.05-18.21.26:766][985]LogSavePackage: Moving '../../../../../../Git Hub/TeamSadMen/TeamSadMen/Saved/ColorBlind_MatParam_Collection0E4006D04774867CC04F70939F013BC4.tmp' to '../../../../../../Git Hub/TeamSadMen/TeamSadMen/Content/Materials/ColorBlind_MatParam_Collection.uasset'
[2018.12.05-18.21.57:599][257]LogAssetEditorManager: Opening Asset editor for Blueprint /Game/FirstPersonBP/Blueprints/FirstPersonCharacter.FirstPersonCharacter
[2018.12.05-18.21.58:333][257]LogContentBrowser: Native class hierarchy updated for 'BlueprintGraph' in 0.0006 seconds. Added 116 classes and 0 folders.
[2018.12.05-18.21.59:265][257]LogSlate: Took 0.006225 seconds to synchronously load lazily loaded font '../../../Engine/Content/Slate/Fonts/Roboto-BoldCondensed.ttf' (158K)
[2018.12.05-18.21.59:525][258]LogSlate: Took 0.000194 seconds to synchronously load lazily loaded font '../../../Engine/Content/Slate/Fonts/Roboto-Italic.ttf' (157K)
[2018.12.05-18.22.01:921][398]LogRenderer: Reallocating scene render targets to support 960x540 Format 10 NumSamples 1 (Frame:1).
[2018.12.05-18.23.12:327][929]LogMaterial: Display: Missing cached shader map for material ColorBlind_PostProcess_Mat, compiling. 
[2018.12.05-18.23.12:368][929]LogShaderCompilers: Display: Shaders left to compile 8
[2018.12.05-18.23.12:381][929]LogMaterial: Display: Missing cached shader map for material Material_0, compiling. 
[2018.12.05-18.23.12:386][929]LogShaderCompilers: Display: Shaders left to compile 5
[2018.12.05-18.23.29:702][168]BlueprintLog: New page: Compile FirstPersonCharacter
[2018.12.05-18.23.34:327][271]LogSavePackage: Moving '../../../../../../Git Hub/TeamSadMen/TeamSadMen/Saved/FirstPersonCharacter783DDBFA4607CAD6975D2BB22CB4D3F8.tmp' to '../../../../../../Git Hub/TeamSadMen/TeamSadMen/Content/FirstPersonBP/Blueprints/FirstPersonCharacter.uasset'
[2018.12.05-18.23.51:044][451]LogTemp: Repeating last play command: Selected Viewport
[2018.12.05-18.23.51:073][451]LogBlueprintUserMessages: Early PlayInEditor Detection: Level '/Game/FirstPersonBP/Maps/PizzaPlace.PizzaPlace:PersistentLevel' has LevelScriptBlueprint '/Game/FirstPersonBP/Maps/PizzaPlace.PizzaPlace:PersistentLevel.PizzaPlace' with GeneratedClass '/Game/FirstPersonBP/Maps/PizzaPlace.PizzaPlace_C' with ClassGeneratedBy '/Game/FirstPersonBP/Maps/PizzaPlace.PizzaPlace:PersistentLevel.PizzaPlace'
[2018.12.05-18.23.51:073][451]LogPlayLevel: PlayLevel: No blueprints needed recompiling
[2018.12.05-18.23.51:085][451]PIE: New page: PIE session: PizzaPlace (Dec 5, 2018, 8:23:51 AM)
[2018.12.05-18.23.51:085][451]LogPlayLevel: Creating play world package: /Game/FirstPersonBP/Maps/UEDPIE_0_PizzaPlace
[2018.12.05-18.23.51:120][451]LogPlayLevel: PIE: StaticDuplicateObject took: (0.034905s)
[2018.12.05-18.23.51:122][451]LogAIModule: Creating AISystem for world PizzaPlace
[2018.12.05-18.23.51:122][451]LogPlayLevel: PIE: World Init took: (0.001595s)
[2018.12.05-18.23.51:122][451]LogPlayLevel: PIE: Created PIE world by copying editor world from /Game/FirstPersonBP/Maps/PizzaPlace.PizzaPlace to /Game/FirstPersonBP/Maps/UEDPIE_0_PizzaPlace.PizzaPlace (0.036775s)
[2018.12.05-18.23.51:182][451]LogInit: XAudio2 using 'Speakers / Headphones (Realtek Audio)' : 2 channels at 48 kHz using 32 bits per sample (channel mask 0x3)
[2018.12.05-18.23.51:206][451]LogInit: FAudioDevice initialized.
[2018.12.05-18.23.51:248][451]LogLoad: Game class is 'FirstPersonGameMode_C'
[2018.12.05-18.23.51:254][451]LogWorld: Bringing World /Game/FirstPersonBP/Maps/UEDPIE_0_PizzaPlace.PizzaPlace up for play (max tick rate 60) at 2018.12.05-13.23.51
[2018.12.05-18.23.51:254][451]LogWorld: Bringing up level for play took: 0.004206
[2018.12.05-18.23.51:271][451]LogContentBrowser: Native class hierarchy updated for 'MovieSceneCapture' in 0.0003 seconds. Added 10 classes and 0 folders.
[2018.12.05-18.23.51:272][451]PIE: Play in editor start time for /Game/FirstPersonBP/Maps/UEDPIE_0_PizzaPlace 0.78
[2018.12.05-18.23.51:272][451]LogBlueprintUserMessages: Late PlayInEditor Detection: Level '/Game/FirstPersonBP/Maps/PizzaPlace.PizzaPlace:PersistentLevel' has LevelScriptBlueprint '/Game/FirstPersonBP/Maps/PizzaPlace.PizzaPlace:PersistentLevel.PizzaPlace' with GeneratedClass '/Game/FirstPersonBP/Maps/PizzaPlace.PizzaPlace_C' with ClassGeneratedBy '/Game/FirstPersonBP/Maps/PizzaPlace.PizzaPlace:PersistentLevel.PizzaPlace'
[2018.12.05-18.24.14:837][385]LogBlueprintUserMessages: Early EndPlayMap Detection: Level '/Game/FirstPersonBP/Maps/PizzaPlace.PizzaPlace:PersistentLevel' has LevelScriptBlueprint '/Game/FirstPersonBP/Maps/PizzaPlace.PizzaPlace:PersistentLevel.PizzaPlace' with GeneratedClass '/Game/FirstPersonBP/Maps/PizzaPlace.PizzaPlace_C' with ClassGeneratedBy '/Game/FirstPersonBP/Maps/PizzaPlace.PizzaPlace:PersistentLevel.PizzaPlace'
[2018.12.05-18.24.14:837][385]LogSlate: Updating window title bar state: overlay mode, drag disabled, window buttons hidden, title bar hidden
[2018.12.05-18.24.14:892][385]LogPlayLevel: Display: Shutting down PIE online subsystems
[2018.12.05-18.24.14:892][385]LogBlueprintUserMessages: Late EndPlayMap Detection: Level '/Game/FirstPersonBP/Maps/PizzaPlace.PizzaPlace:PersistentLevel' has LevelScriptBlueprint '/Game/FirstPersonBP/Maps/PizzaPlace.PizzaPlace:PersistentLevel.PizzaPlace' with GeneratedClass '/Game/FirstPersonBP/Maps/PizzaPlace.PizzaPlace_C' with ClassGeneratedBy '/Game/FirstPersonBP/Maps/PizzaPlace.PizzaPlace:PersistentLevel.PizzaPlace'
[2018.12.05-18.24.14:926][385]LogSlate: Updating window title bar state: overlay mode, drag disabled, window buttons hidden, title bar hidden
[2018.12.05-18.24.14:972][386]LogPlayLevel: Display: Destroying online subsystem :Context_6
[2018.12.05-18.24.17:003][457]LogSlate: FSceneViewport::OnFocusLost() reason 0
[2018.12.05-18.24.17:202][462]LogAssetEditorManager: Opening Asset editor for MaterialParameterCollection /Game/Materials/ColorBlind_MatParam_Collection.ColorBlind_MatParam_Collection
[2018.12.05-18.24.20:448][649]Cmd: OBJ SAVEPACKAGE PACKAGE="/Game/Materials/ColorBlind_MatParam_Collection" FILE="../../../../../../Git Hub/TeamSadMen/TeamSadMen/Content/Materials/ColorBlind_MatParam_Collection.uasset" SILENT=true
[2018.12.05-18.24.20:464][649]LogSavePackage: Moving '../../../../../../Git Hub/TeamSadMen/TeamSadMen/Saved/ColorBlind_MatParam_CollectionF3FAD03E4B8D0FD695CC9AB82E799E0A.tmp' to '../../../../../../Git Hub/TeamSadMen/TeamSadMen/Content/Materials/ColorBlind_MatParam_Collection.uasset'
[2018.12.05-18.24.22:090][722]LogTemp: Repeating last play command: Selected Viewport
[2018.12.05-18.24.22:110][722]LogBlueprintUserMessages: Early PlayInEditor Detection: Level '/Game/FirstPersonBP/Maps/PizzaPlace.PizzaPlace:PersistentLevel' has LevelScriptBlueprint '/Game/FirstPersonBP/Maps/PizzaPlace.PizzaPlace:PersistentLevel.PizzaPlace' with GeneratedClass '/Game/FirstPersonBP/Maps/PizzaPlace.PizzaPlace_C' with ClassGeneratedBy '/Game/FirstPersonBP/Maps/PizzaPlace.PizzaPlace:PersistentLevel.PizzaPlace'
[2018.12.05-18.24.22:110][722]LogPlayLevel: PlayLevel: No blueprints needed recompiling
[2018.12.05-18.24.22:110][722]PIE: New page: PIE session: PizzaPlace (Dec 5, 2018, 8:24:22 AM)
[2018.12.05-18.24.22:110][722]LogPlayLevel: Creating play world package: /Game/FirstPersonBP/Maps/UEDPIE_0_PizzaPlace
[2018.12.05-18.24.22:134][722]LogPlayLevel: PIE: StaticDuplicateObject took: (0.024826s)
[2018.12.05-18.24.22:135][722]LogAIModule: Creating AISystem for world PizzaPlace
[2018.12.05-18.24.22:135][722]LogPlayLevel: PIE: World Init took: (0.001159s)
[2018.12.05-18.24.22:136][722]LogPlayLevel: PIE: Created PIE world by copying editor world from /Game/FirstPersonBP/Maps/PizzaPlace.PizzaPlace to /Game/FirstPersonBP/Maps/UEDPIE_0_PizzaPlace.PizzaPlace (0.026313s)
[2018.12.05-18.24.22:169][722]LogInit: XAudio2 using 'Speakers / Headphones (Realtek Audio)' : 2 channels at 48 kHz using 32 bits per sample (channel mask 0x3)
[2018.12.05-18.24.22:193][722]LogInit: FAudioDevice initialized.
[2018.12.05-18.24.22:224][722]LogLoad: Game class is 'FirstPersonGameMode_C'
[2018.12.05-18.24.22:229][722]LogWorld: Bringing World /Game/FirstPersonBP/Maps/UEDPIE_0_PizzaPlace.PizzaPlace up for play (max tick rate 60) at 2018.12.05-13.24.22
[2018.12.05-18.24.22:230][722]LogWorld: Bringing up level for play took: 0.004040
[2018.12.05-18.24.22:243][722]PIE: Play in editor start time for /Game/FirstPersonBP/Maps/UEDPIE_0_PizzaPlace -0.249
[2018.12.05-18.24.22:243][722]LogBlueprintUserMessages: Late PlayInEditor Detection: Level '/Game/FirstPersonBP/Maps/PizzaPlace.PizzaPlace:PersistentLevel' has LevelScriptBlueprint '/Game/FirstPersonBP/Maps/PizzaPlace.PizzaPlace:PersistentLevel.PizzaPlace' with GeneratedClass '/Game/FirstPersonBP/Maps/PizzaPlace.PizzaPlace_C' with ClassGeneratedBy '/Game/FirstPersonBP/Maps/PizzaPlace.PizzaPlace:PersistentLevel.PizzaPlace'
[2018.12.05-18.24.23:127][755]LogBlueprintUserMessages: Early EndPlayMap Detection: Level '/Game/FirstPersonBP/Maps/PizzaPlace.PizzaPlace:PersistentLevel' has LevelScriptBlueprint '/Game/FirstPersonBP/Maps/PizzaPlace.PizzaPlace:PersistentLevel.PizzaPlace' with GeneratedClass '/Game/FirstPersonBP/Maps/PizzaPlace.PizzaPlace_C' with ClassGeneratedBy '/Game/FirstPersonBP/Maps/PizzaPlace.PizzaPlace:PersistentLevel.PizzaPlace'
[2018.12.05-18.24.23:127][755]LogSlate: Updating window title bar state: overlay mode, drag disabled, window buttons hidden, title bar hidden
[2018.12.05-18.24.23:184][755]LogPlayLevel: Display: Shutting down PIE online subsystems
[2018.12.05-18.24.23:184][755]LogBlueprintUserMessages: Late EndPlayMap Detection: Level '/Game/FirstPersonBP/Maps/PizzaPlace.PizzaPlace:PersistentLevel' has LevelScriptBlueprint '/Game/FirstPersonBP/Maps/PizzaPlace.PizzaPlace:PersistentLevel.PizzaPlace' with GeneratedClass '/Game/FirstPersonBP/Maps/PizzaPlace.PizzaPlace_C' with ClassGeneratedBy '/Game/FirstPersonBP/Maps/PizzaPlace.PizzaPlace:PersistentLevel.PizzaPlace'
[2018.12.05-18.24.23:212][755]LogSlate: Updating window title bar state: overlay mode, drag disabled, window buttons hidden, title bar hidden
[2018.12.05-18.24.23:256][756]LogPlayLevel: Display: Destroying online subsystem :Context_7
[2018.12.05-18.24.24:629][811]LogSlate: FSceneViewport::OnFocusLost() reason 0
[2018.12.05-18.24.29:451][ 93]Cmd: OBJ SAVEPACKAGE PACKAGE="/Game/Materials/ColorBlind_MatParam_Collection" FILE="../../../../../../Git Hub/TeamSadMen/TeamSadMen/Content/Materials/ColorBlind_MatParam_Collection.uasset" SILENT=true
[2018.12.05-18.24.29:466][ 93]LogSavePackage: Moving '../../../../../../Git Hub/TeamSadMen/TeamSadMen/Saved/ColorBlind_MatParam_Collection8724DF6946211F89C3F36F99EA815F8A.tmp' to '../../../../../../Git Hub/TeamSadMen/TeamSadMen/Content/Materials/ColorBlind_MatParam_Collection.uasset'
[2018.12.05-18.24.31:205][170]LogTemp: Repeating last play command: Selected Viewport
[2018.12.05-18.24.31:226][170]LogBlueprintUserMessages: Early PlayInEditor Detection: Level '/Game/FirstPersonBP/Maps/PizzaPlace.PizzaPlace:PersistentLevel' has LevelScriptBlueprint '/Game/FirstPersonBP/Maps/PizzaPlace.PizzaPlace:PersistentLevel.PizzaPlace' with GeneratedClass '/Game/FirstPersonBP/Maps/PizzaPlace.PizzaPlace_C' with ClassGeneratedBy '/Game/FirstPersonBP/Maps/PizzaPlace.PizzaPlace:PersistentLevel.PizzaPlace'
[2018.12.05-18.24.31:227][170]LogPlayLevel: PlayLevel: No blueprints needed recompiling
[2018.12.05-18.24.31:227][170]PIE: New page: PIE session: PizzaPlace (Dec 5, 2018, 8:24:31 AM)
[2018.12.05-18.24.31:227][170]LogPlayLevel: Creating play world package: /Game/FirstPersonBP/Maps/UEDPIE_0_PizzaPlace
[2018.12.05-18.24.31:254][170]LogPlayLevel: PIE: StaticDuplicateObject took: (0.027291s)
[2018.12.05-18.24.31:256][170]LogAIModule: Creating AISystem for world PizzaPlace
[2018.12.05-18.24.31:256][170]LogPlayLevel: PIE: World Init took: (0.001933s)
[2018.12.05-18.24.31:257][170]LogPlayLevel: PIE: Created PIE world by copying editor world from /Game/FirstPersonBP/Maps/PizzaPlace.PizzaPlace to /Game/FirstPersonBP/Maps/UEDPIE_0_PizzaPlace.PizzaPlace (0.029746s)
[2018.12.05-18.24.31:289][170]LogInit: XAudio2 using 'Speakers / Headphones (Realtek Audio)' : 2 channels at 48 kHz using 32 bits per sample (channel mask 0x3)
[2018.12.05-18.24.31:313][170]LogInit: FAudioDevice initialized.
[2018.12.05-18.24.31:346][170]LogLoad: Game class is 'FirstPersonGameMode_C'
[2018.12.05-18.24.31:351][170]LogWorld: Bringing World /Game/FirstPersonBP/Maps/UEDPIE_0_PizzaPlace.PizzaPlace up for play (max tick rate 60) at 2018.12.05-13.24.31
[2018.12.05-18.24.31:351][170]LogWorld: Bringing up level for play took: 0.003970
[2018.12.05-18.24.31:365][170]PIE: Play in editor start time for /Game/FirstPersonBP/Maps/UEDPIE_0_PizzaPlace 0.872
[2018.12.05-18.24.31:365][170]LogBlueprintUserMessages: Late PlayInEditor Detection: Level '/Game/FirstPersonBP/Maps/PizzaPlace.PizzaPlace:PersistentLevel' has LevelScriptBlueprint '/Game/FirstPersonBP/Maps/PizzaPlace.PizzaPlace:PersistentLevel.PizzaPlace' with GeneratedClass '/Game/FirstPersonBP/Maps/PizzaPlace.PizzaPlace_C' with ClassGeneratedBy '/Game/FirstPersonBP/Maps/PizzaPlace.PizzaPlace:PersistentLevel.PizzaPlace'
[2018.12.05-18.24.39:441][400]LogBlueprintUserMessages: Early EndPlayMap Detection: Level '/Game/FirstPersonBP/Maps/PizzaPlace.PizzaPlace:PersistentLevel' has LevelScriptBlueprint '/Game/FirstPersonBP/Maps/PizzaPlace.PizzaPlace:PersistentLevel.PizzaPlace' with GeneratedClass '/Game/FirstPersonBP/Maps/PizzaPlace.PizzaPlace_C' with ClassGeneratedBy '/Game/FirstPersonBP/Maps/PizzaPlace.PizzaPlace:PersistentLevel.PizzaPlace'
[2018.12.05-18.24.39:442][400]LogSlate: Updating window title bar state: overlay mode, drag disabled, window buttons hidden, title bar hidden
[2018.12.05-18.24.39:496][400]LogPlayLevel: Display: Shutting down PIE online subsystems
[2018.12.05-18.24.39:498][400]LogBlueprintUserMessages: Late EndPlayMap Detection: Level '/Game/FirstPersonBP/Maps/PizzaPlace.PizzaPlace:PersistentLevel' has LevelScriptBlueprint '/Game/FirstPersonBP/Maps/PizzaPlace.PizzaPlace:PersistentLevel.PizzaPlace' with GeneratedClass '/Game/FirstPersonBP/Maps/PizzaPlace.PizzaPlace_C' with ClassGeneratedBy '/Game/FirstPersonBP/Maps/PizzaPlace.PizzaPlace:PersistentLevel.PizzaPlace'
[2018.12.05-18.24.39:528][400]LogSlate: Updating window title bar state: overlay mode, drag disabled, window buttons hidden, title bar hidden
[2018.12.05-18.24.39:544][401]LogPlayLevel: Display: Destroying online subsystem :Context_8
[2018.12.05-18.24.40:661][447]LogSlate: FSceneViewport::OnFocusLost() reason 0
[2018.12.05-18.24.47:955][878]Cmd: OBJ SAVEPACKAGE PACKAGE="/Game/Materials/ColorBlind_MatParam_Collection" FILE="../../../../../../Git Hub/TeamSadMen/TeamSadMen/Content/Materials/ColorBlind_MatParam_Collection.uasset" SILENT=true
[2018.12.05-18.24.47:970][878]LogSavePackage: Moving '../../../../../../Git Hub/TeamSadMen/TeamSadMen/Saved/ColorBlind_MatParam_CollectionEEA2DAC74C1EBE30DC7667BD26F38759.tmp' to '../../../../../../Git Hub/TeamSadMen/TeamSadMen/Content/Materials/ColorBlind_MatParam_Collection.uasset'
[2018.12.05-18.24.49:285][940]LogTemp: Repeating last play command: Selected Viewport
[2018.12.05-18.24.49:307][940]LogBlueprintUserMessages: Early PlayInEditor Detection: Level '/Game/FirstPersonBP/Maps/PizzaPlace.PizzaPlace:PersistentLevel' has LevelScriptBlueprint '/Game/FirstPersonBP/Maps/PizzaPlace.PizzaPlace:PersistentLevel.PizzaPlace' with GeneratedClass '/Game/FirstPersonBP/Maps/PizzaPlace.PizzaPlace_C' with ClassGeneratedBy '/Game/FirstPersonBP/Maps/PizzaPlace.PizzaPlace:PersistentLevel.PizzaPlace'
[2018.12.05-18.24.49:307][940]LogPlayLevel: PlayLevel: No blueprints needed recompiling
[2018.12.05-18.24.49:307][940]PIE: New page: PIE session: PizzaPlace (Dec 5, 2018, 8:24:49 AM)
[2018.12.05-18.24.49:307][940]LogPlayLevel: Creating play world package: /Game/FirstPersonBP/Maps/UEDPIE_0_PizzaPlace
[2018.12.05-18.24.49:330][940]LogPlayLevel: PIE: StaticDuplicateObject took: (0.022743s)
[2018.12.05-18.24.49:331][940]LogAIModule: Creating AISystem for world PizzaPlace
[2018.12.05-18.24.49:331][940]LogPlayLevel: PIE: World Init took: (0.001257s)
[2018.12.05-18.24.49:331][940]LogPlayLevel: PIE: Created PIE world by copying editor world from /Game/FirstPersonBP/Maps/PizzaPlace.PizzaPlace to /Game/FirstPersonBP/Maps/UEDPIE_0_PizzaPlace.PizzaPlace (0.024329s)
[2018.12.05-18.24.49:366][940]LogInit: XAudio2 using 'Speakers / Headphones (Realtek Audio)' : 2 channels at 48 kHz using 32 bits per sample (channel mask 0x3)
[2018.12.05-18.24.49:393][940]LogInit: FAudioDevice initialized.
[2018.12.05-18.24.49:425][940]LogLoad: Game class is 'FirstPersonGameMode_C'
[2018.12.05-18.24.49:430][940]LogWorld: Bringing World /Game/FirstPersonBP/Maps/UEDPIE_0_PizzaPlace.PizzaPlace up for play (max tick rate 60) at 2018.12.05-13.24.49
[2018.12.05-18.24.49:431][940]LogWorld: Bringing up level for play took: 0.004071
[2018.12.05-18.24.49:444][940]PIE: Play in editor start time for /Game/FirstPersonBP/Maps/UEDPIE_0_PizzaPlace 0.951
[2018.12.05-18.24.49:444][940]LogBlueprintUserMessages: Late PlayInEditor Detection: Level '/Game/FirstPersonBP/Maps/PizzaPlace.PizzaPlace:PersistentLevel' has LevelScriptBlueprint '/Game/FirstPersonBP/Maps/PizzaPlace.PizzaPlace:PersistentLevel.PizzaPlace' with GeneratedClass '/Game/FirstPersonBP/Maps/PizzaPlace.PizzaPlace_C' with ClassGeneratedBy '/Game/FirstPersonBP/Maps/PizzaPlace.PizzaPlace:PersistentLevel.PizzaPlace'
[2018.12.05-18.24.52:700][ 67]LogBlueprintUserMessages: Early EndPlayMap Detection: Level '/Game/FirstPersonBP/Maps/PizzaPlace.PizzaPlace:PersistentLevel' has LevelScriptBlueprint '/Game/FirstPersonBP/Maps/PizzaPlace.PizzaPlace:PersistentLevel.PizzaPlace' with GeneratedClass '/Game/FirstPersonBP/Maps/PizzaPlace.PizzaPlace_C' with ClassGeneratedBy '/Game/FirstPersonBP/Maps/PizzaPlace.PizzaPlace:PersistentLevel.PizzaPlace'
[2018.12.05-18.24.52:701][ 67]LogSlate: Updating window title bar state: overlay mode, drag disabled, window buttons hidden, title bar hidden
[2018.12.05-18.24.52:756][ 67]LogPlayLevel: Display: Shutting down PIE online subsystems
[2018.12.05-18.24.52:756][ 67]LogBlueprintUserMessages: Late EndPlayMap Detection: Level '/Game/FirstPersonBP/Maps/PizzaPlace.PizzaPlace:PersistentLevel' has LevelScriptBlueprint '/Game/FirstPersonBP/Maps/PizzaPlace.PizzaPlace:PersistentLevel.PizzaPlace' with GeneratedClass '/Game/FirstPersonBP/Maps/PizzaPlace.PizzaPlace_C' with ClassGeneratedBy '/Game/FirstPersonBP/Maps/PizzaPlace.PizzaPlace:PersistentLevel.PizzaPlace'
[2018.12.05-18.24.52:789][ 67]LogSlate: Updating window title bar state: overlay mode, drag disabled, window buttons hidden, title bar hidden
[2018.12.05-18.24.52:833][ 68]LogPlayLevel: Display: Destroying online subsystem :Context_9
[2018.12.05-18.24.53:817][108]LogSlate: FSceneViewport::OnFocusLost() reason 0
[2018.12.05-18.24.59:306][430]Cmd: OBJ SAVEPACKAGE PACKAGE="/Game/Materials/ColorBlind_MatParam_Collection" FILE="../../../../../../Git Hub/TeamSadMen/TeamSadMen/Content/Materials/ColorBlind_MatParam_Collection.uasset" SILENT=true
[2018.12.05-18.24.59:323][430]LogSavePackage: Moving '../../../../../../Git Hub/TeamSadMen/TeamSadMen/Saved/ColorBlind_MatParam_CollectionBCF45ADB44BE667AC8B5A89BF9F999DD.tmp' to '../../../../../../Git Hub/TeamSadMen/TeamSadMen/Content/Materials/ColorBlind_MatParam_Collection.uasset'
[2018.12.05-18.25.03:467][607]LogTemp: Repeating last play command: Selected Viewport
[2018.12.05-18.25.03:490][607]LogBlueprintUserMessages: Early PlayInEditor Detection: Level '/Game/FirstPersonBP/Maps/PizzaPlace.PizzaPlace:PersistentLevel' has LevelScriptBlueprint '/Game/FirstPersonBP/Maps/PizzaPlace.PizzaPlace:PersistentLevel.PizzaPlace' with GeneratedClass '/Game/FirstPersonBP/Maps/PizzaPlace.PizzaPlace_C' with ClassGeneratedBy '/Game/FirstPersonBP/Maps/PizzaPlace.PizzaPlace:PersistentLevel.PizzaPlace'
[2018.12.05-18.25.03:490][607]LogPlayLevel: PlayLevel: No blueprints needed recompiling
[2018.12.05-18.25.03:490][607]PIE: New page: PIE session: PizzaPlace (Dec 5, 2018, 8:25:03 AM)
[2018.12.05-18.25.03:490][607]LogPlayLevel: Creating play world package: /Game/FirstPersonBP/Maps/UEDPIE_0_PizzaPlace
[2018.12.05-18.25.03:514][607]LogPlayLevel: PIE: StaticDuplicateObject took: (0.023392s)
[2018.12.05-18.25.03:514][607]LogAIModule: Creating AISystem for world PizzaPlace
[2018.12.05-18.25.03:515][607]LogPlayLevel: PIE: World Init took: (0.001063s)
[2018.12.05-18.25.03:515][607]LogPlayLevel: PIE: Created PIE world by copying editor world from /Game/FirstPersonBP/Maps/PizzaPlace.PizzaPlace to /Game/FirstPersonBP/Maps/UEDPIE_0_PizzaPlace.PizzaPlace (0.024675s)
[2018.12.05-18.25.03:552][607]LogInit: XAudio2 using 'Speakers / Headphones (Realtek Audio)' : 2 channels at 48 kHz using 32 bits per sample (channel mask 0x3)
[2018.12.05-18.25.03:581][607]LogInit: FAudioDevice initialized.
[2018.12.05-18.25.03:614][607]LogLoad: Game class is 'FirstPersonGameMode_C'
[2018.12.05-18.25.03:619][607]LogWorld: Bringing World /Game/FirstPersonBP/Maps/UEDPIE_0_PizzaPlace.PizzaPlace up for play (max tick rate 60) at 2018.12.05-13.25.03
[2018.12.05-18.25.03:620][607]LogWorld: Bringing up level for play took: 0.004312
[2018.12.05-18.25.03:632][607]PIE: Play in editor start time for /Game/FirstPersonBP/Maps/UEDPIE_0_PizzaPlace 1.139
[2018.12.05-18.25.03:632][607]LogBlueprintUserMessages: Late PlayInEditor Detection: Level '/Game/FirstPersonBP/Maps/PizzaPlace.PizzaPlace:PersistentLevel' has LevelScriptBlueprint '/Game/FirstPersonBP/Maps/PizzaPlace.PizzaPlace:PersistentLevel.PizzaPlace' with GeneratedClass '/Game/FirstPersonBP/Maps/PizzaPlace.PizzaPlace_C' with ClassGeneratedBy '/Game/FirstPersonBP/Maps/PizzaPlace.PizzaPlace:PersistentLevel.PizzaPlace'
[2018.12.05-18.25.06:823][731]LogBlueprintUserMessages: Early EndPlayMap Detection: Level '/Game/FirstPersonBP/Maps/PizzaPlace.PizzaPlace:PersistentLevel' has LevelScriptBlueprint '/Game/FirstPersonBP/Maps/PizzaPlace.PizzaPlace:PersistentLevel.PizzaPlace' with GeneratedClass '/Game/FirstPersonBP/Maps/PizzaPlace.PizzaPlace_C' with ClassGeneratedBy '/Game/FirstPersonBP/Maps/PizzaPlace.PizzaPlace:PersistentLevel.PizzaPlace'
[2018.12.05-18.25.06:824][731]LogSlate: Updating window title bar state: overlay mode, drag disabled, window buttons hidden, title bar hidden
[2018.12.05-18.25.06:881][731]LogPlayLevel: Display: Shutting down PIE online subsystems
[2018.12.05-18.25.06:881][731]LogBlueprintUserMessages: Late EndPlayMap Detection: Level '/Game/FirstPersonBP/Maps/PizzaPlace.PizzaPlace:PersistentLevel' has LevelScriptBlueprint '/Game/FirstPersonBP/Maps/PizzaPlace.PizzaPlace:PersistentLevel.PizzaPlace' with GeneratedClass '/Game/FirstPersonBP/Maps/PizzaPlace.PizzaPlace_C' with ClassGeneratedBy '/Game/FirstPersonBP/Maps/PizzaPlace.PizzaPlace:PersistentLevel.PizzaPlace'
[2018.12.05-18.25.06:916][731]LogSlate: Updating window title bar state: overlay mode, drag disabled, window buttons hidden, title bar hidden
[2018.12.05-18.25.06:961][732]LogPlayLevel: Display: Destroying online subsystem :Context_10
[2018.12.05-18.25.08:556][789]LogSlate: FSceneViewport::OnFocusLost() reason 0
[2018.12.05-18.25.42:652][891]LogSavePackage: Moving '../../../../../../Git Hub/TeamSadMen/TeamSadMen/Saved/PizzaPlaceCBD852D442B43AF7AF31FEAC184036CD.tmp' to '../../../../../../Git Hub/TeamSadMen/TeamSadMen/Content/FirstPersonBP/Maps/PizzaPlace.umap'
[2018.12.05-18.25.42:703][891]Cmd: OBJ SAVEPACKAGE PACKAGE="/Game/FirstPersonBP/Maps/PizzaPlace_BuiltData" FILE="../../../../../../Git Hub/TeamSadMen/TeamSadMen/Content/FirstPersonBP/Maps/PizzaPlace_BuiltData.uasset" SILENT=true
[2018.12.05-18.25.42:982][891]LogSavePackage: Moving '../../../../../../Git Hub/TeamSadMen/TeamSadMen/Saved/PizzaPlace_BuiltData4AC3539946CA14911DCD10932C8C9717.tmp' to '../../../../../../Git Hub/TeamSadMen/TeamSadMen/Content/FirstPersonBP/Maps/PizzaPlace_BuiltData.uasset'
[2018.12.05-18.25.48:793][101]LogSlate: FSceneViewport::OnFocusLost() reason 0
[2018.12.05-18.25.48:894][105]LogTemp: Repeating last play command: Selected Viewport
[2018.12.05-18.25.48:917][105]LogBlueprintUserMessages: Early PlayInEditor Detection: Level '/Game/FirstPersonBP/Maps/PizzaPlace.PizzaPlace:PersistentLevel' has LevelScriptBlueprint '/Game/FirstPersonBP/Maps/PizzaPlace.PizzaPlace:PersistentLevel.PizzaPlace' with GeneratedClass '/Game/FirstPersonBP/Maps/PizzaPlace.PizzaPlace_C' with ClassGeneratedBy '/Game/FirstPersonBP/Maps/PizzaPlace.PizzaPlace:PersistentLevel.PizzaPlace'
[2018.12.05-18.25.48:917][105]LogPlayLevel: PlayLevel: No blueprints needed recompiling
[2018.12.05-18.25.48:918][105]PIE: New page: PIE session: PizzaPlace (Dec 5, 2018, 8:25:48 AM)
[2018.12.05-18.25.48:918][105]LogPlayLevel: Creating play world package: /Game/FirstPersonBP/Maps/UEDPIE_0_PizzaPlace
[2018.12.05-18.25.48:951][105]LogPlayLevel: PIE: StaticDuplicateObject took: (0.033512s)
[2018.12.05-18.25.48:952][105]LogAIModule: Creating AISystem for world PizzaPlace
[2018.12.05-18.25.48:953][105]LogPlayLevel: PIE: World Init took: (0.001129s)
[2018.12.05-18.25.48:953][105]LogPlayLevel: PIE: Created PIE world by copying editor world from /Game/FirstPersonBP/Maps/PizzaPlace.PizzaPlace to /Game/FirstPersonBP/Maps/UEDPIE_0_PizzaPlace.PizzaPlace (0.034837s)
[2018.12.05-18.25.48:995][105]LogInit: XAudio2 using 'Speakers / Headphones (Realtek Audio)' : 2 channels at 48 kHz using 32 bits per sample (channel mask 0x3)
[2018.12.05-18.25.49:022][105]LogInit: FAudioDevice initialized.
[2018.12.05-18.25.49:060][105]LogLoad: Game class is 'FirstPersonGameMode_C'
[2018.12.05-18.25.49:068][105]LogWorld: Bringing World /Game/FirstPersonBP/Maps/UEDPIE_0_PizzaPlace.PizzaPlace up for play (max tick rate 60) at 2018.12.05-13.25.49
[2018.12.05-18.25.49:069][105]LogWorld: Bringing up level for play took: 0.007499
[2018.12.05-18.25.49:082][105]PIE: Play in editor start time for /Game/FirstPersonBP/Maps/UEDPIE_0_PizzaPlace 0.59
[2018.12.05-18.25.49:082][105]LogBlueprintUserMessages: Late PlayInEditor Detection: Level '/Game/FirstPersonBP/Maps/PizzaPlace.PizzaPlace:PersistentLevel' has LevelScriptBlueprint '/Game/FirstPersonBP/Maps/PizzaPlace.PizzaPlace:PersistentLevel.PizzaPlace' with GeneratedClass '/Game/FirstPersonBP/Maps/PizzaPlace.PizzaPlace_C' with ClassGeneratedBy '/Game/FirstPersonBP/Maps/PizzaPlace.PizzaPlace:PersistentLevel.PizzaPlace'
[2018.12.05-18.25.59:613][507]LogBlueprintUserMessages: Early EndPlayMap Detection: Level '/Game/FirstPersonBP/Maps/PizzaPlace.PizzaPlace:PersistentLevel' has LevelScriptBlueprint '/Game/FirstPersonBP/Maps/PizzaPlace.PizzaPlace:PersistentLevel.PizzaPlace' with GeneratedClass '/Game/FirstPersonBP/Maps/PizzaPlace.PizzaPlace_C' with ClassGeneratedBy '/Game/FirstPersonBP/Maps/PizzaPlace.PizzaPlace:PersistentLevel.PizzaPlace'
[2018.12.05-18.25.59:614][507]LogSlate: Updating window title bar state: overlay mode, drag disabled, window buttons hidden, title bar hidden
[2018.12.05-18.25.59:671][507]LogPlayLevel: Display: Shutting down PIE online subsystems
[2018.12.05-18.25.59:671][507]LogBlueprintUserMessages: Late EndPlayMap Detection: Level '/Game/FirstPersonBP/Maps/PizzaPlace.PizzaPlace:PersistentLevel' has LevelScriptBlueprint '/Game/FirstPersonBP/Maps/PizzaPlace.PizzaPlace:PersistentLevel.PizzaPlace' with GeneratedClass '/Game/FirstPersonBP/Maps/PizzaPlace.PizzaPlace_C' with ClassGeneratedBy '/Game/FirstPersonBP/Maps/PizzaPlace.PizzaPlace:PersistentLevel.PizzaPlace'
[2018.12.05-18.25.59:706][507]LogSlate: Updating window title bar state: overlay mode, drag disabled, window buttons hidden, title bar hidden
[2018.12.05-18.25.59:752][508]LogPlayLevel: Display: Destroying online subsystem :Context_11
[2018.12.05-18.26.00:352][533]LogSlate: FSceneViewport::OnFocusLost() reason 0
[2018.12.05-18.26.00:452][537]LogTemp: Repeating last play command: Selected Viewport
[2018.12.05-18.26.00:477][537]LogBlueprintUserMessages: Early PlayInEditor Detection: Level '/Game/FirstPersonBP/Maps/PizzaPlace.PizzaPlace:PersistentLevel' has LevelScriptBlueprint '/Game/FirstPersonBP/Maps/PizzaPlace.PizzaPlace:PersistentLevel.PizzaPlace' with GeneratedClass '/Game/FirstPersonBP/Maps/PizzaPlace.PizzaPlace_C' with ClassGeneratedBy '/Game/FirstPersonBP/Maps/PizzaPlace.PizzaPlace:PersistentLevel.PizzaPlace'
[2018.12.05-18.26.00:477][537]LogPlayLevel: PlayLevel: No blueprints needed recompiling
[2018.12.05-18.26.00:477][537]PIE: New page: PIE session: PizzaPlace (Dec 5, 2018, 8:26:00 AM)
[2018.12.05-18.26.00:477][537]LogPlayLevel: Creating play world package: /Game/FirstPersonBP/Maps/UEDPIE_0_PizzaPlace
[2018.12.05-18.26.00:503][537]LogPlayLevel: PIE: StaticDuplicateObject took: (0.025928s)
[2018.12.05-18.26.00:504][537]LogAIModule: Creating AISystem for world PizzaPlace
[2018.12.05-18.26.00:505][537]LogPlayLevel: PIE: World Init took: (0.001162s)
[2018.12.05-18.26.00:505][537]LogPlayLevel: PIE: Created PIE world by copying editor world from /Game/FirstPersonBP/Maps/PizzaPlace.PizzaPlace to /Game/FirstPersonBP/Maps/UEDPIE_0_PizzaPlace.PizzaPlace (0.027299s)
[2018.12.05-18.26.00:547][537]LogInit: XAudio2 using 'Speakers / Headphones (Realtek Audio)' : 2 channels at 48 kHz using 32 bits per sample (channel mask 0x3)
[2018.12.05-18.26.00:578][537]LogInit: FAudioDevice initialized.
[2018.12.05-18.26.00:611][537]LogLoad: Game class is 'FirstPersonGameMode_C'
[2018.12.05-18.26.00:617][537]LogWorld: Bringing World /Game/FirstPersonBP/Maps/UEDPIE_0_PizzaPlace.PizzaPlace up for play (max tick rate 60) at 2018.12.05-13.26.00
[2018.12.05-18.26.00:617][537]LogWorld: Bringing up level for play took: 0.004612
[2018.12.05-18.26.00:630][537]PIE: Play in editor start time for /Game/FirstPersonBP/Maps/UEDPIE_0_PizzaPlace 0.137
[2018.12.05-18.26.00:630][537]LogBlueprintUserMessages: Late PlayInEditor Detection: Level '/Game/FirstPersonBP/Maps/PizzaPlace.PizzaPlace:PersistentLevel' has LevelScriptBlueprint '/Game/FirstPersonBP/Maps/PizzaPlace.PizzaPlace:PersistentLevel.PizzaPlace' with GeneratedClass '/Game/FirstPersonBP/Maps/PizzaPlace.PizzaPlace_C' with ClassGeneratedBy '/Game/FirstPersonBP/Maps/PizzaPlace.PizzaPlace:PersistentLevel.PizzaPlace'
[2018.12.05-18.26.15:028][186]LogBlueprintUserMessages: Early EndPlayMap Detection: Level '/Game/FirstPersonBP/Maps/PizzaPlace.PizzaPlace:PersistentLevel' has LevelScriptBlueprint '/Game/FirstPersonBP/Maps/PizzaPlace.PizzaPlace:PersistentLevel.PizzaPlace' with GeneratedClass '/Game/FirstPersonBP/Maps/PizzaPlace.PizzaPlace_C' with ClassGeneratedBy '/Game/FirstPersonBP/Maps/PizzaPlace.PizzaPlace:PersistentLevel.PizzaPlace'
[2018.12.05-18.26.15:028][186]LogSlate: Updating window title bar state: overlay mode, drag disabled, window buttons hidden, title bar hidden
[2018.12.05-18.26.15:066][186]LogPlayLevel: Display: Shutting down PIE online subsystems
[2018.12.05-18.26.15:066][186]LogBlueprintUserMessages: Late EndPlayMap Detection: Level '/Game/FirstPersonBP/Maps/PizzaPlace.PizzaPlace:PersistentLevel' has LevelScriptBlueprint '/Game/FirstPersonBP/Maps/PizzaPlace.PizzaPlace:PersistentLevel.PizzaPlace' with GeneratedClass '/Game/FirstPersonBP/Maps/PizzaPlace.PizzaPlace_C' with ClassGeneratedBy '/Game/FirstPersonBP/Maps/PizzaPlace.PizzaPlace:PersistentLevel.PizzaPlace'
[2018.12.05-18.26.15:102][186]LogSlate: Updating window title bar state: overlay mode, drag disabled, window buttons hidden, title bar hidden
[2018.12.05-18.26.15:240][187]LogPlayLevel: Display: Destroying online subsystem :Context_12
[2018.12.05-18.26.19:732][402]LogSlate: FSceneViewport::OnFocusLost() reason 0
[2018.12.05-18.26.19:813][406]LogTemp: Repeating last play command: Selected Viewport
[2018.12.05-18.26.19:850][406]LogBlueprintUserMessages: Early PlayInEditor Detection: Level '/Game/FirstPersonBP/Maps/PizzaPlace.PizzaPlace:PersistentLevel' has LevelScriptBlueprint '/Game/FirstPersonBP/Maps/PizzaPlace.PizzaPlace:PersistentLevel.PizzaPlace' with GeneratedClass '/Game/FirstPersonBP/Maps/PizzaPlace.PizzaPlace_C' with ClassGeneratedBy '/Game/FirstPersonBP/Maps/PizzaPlace.PizzaPlace:PersistentLevel.PizzaPlace'
[2018.12.05-18.26.19:850][406]LogPlayLevel: PlayLevel: No blueprints needed recompiling
[2018.12.05-18.26.19:850][406]PIE: New page: PIE session: PizzaPlace (Dec 5, 2018, 8:26:19 AM)
[2018.12.05-18.26.19:850][406]LogPlayLevel: Creating play world package: /Game/FirstPersonBP/Maps/UEDPIE_0_PizzaPlace
[2018.12.05-18.26.19:894][406]LogPlayLevel: PIE: StaticDuplicateObject took: (0.044361s)
[2018.12.05-18.26.19:895][406]LogAIModule: Creating AISystem for world PizzaPlace
[2018.12.05-18.26.19:895][406]LogPlayLevel: PIE: World Init took: (0.001599s)
[2018.12.05-18.26.19:896][406]LogPlayLevel: PIE: Created PIE world by copying editor world from /Game/FirstPersonBP/Maps/PizzaPlace.PizzaPlace to /Game/FirstPersonBP/Maps/UEDPIE_0_PizzaPlace.PizzaPlace (0.046299s)
[2018.12.05-18.26.19:961][406]LogInit: XAudio2 using 'Speakers / Headphones (Realtek Audio)' : 2 channels at 48 kHz using 32 bits per sample (channel mask 0x3)
[2018.12.05-18.26.20:010][406]LogInit: FAudioDevice initialized.
[2018.12.05-18.26.20:045][406]LogLoad: Game class is 'FirstPersonGameMode_C'
[2018.12.05-18.26.20:053][406]LogWorld: Bringing World /Game/FirstPersonBP/Maps/UEDPIE_0_PizzaPlace.PizzaPlace up for play (max tick rate 60) at 2018.12.05-13.26.20
[2018.12.05-18.26.20:053][406]LogWorld: Bringing up level for play took: 0.006971
[2018.12.05-18.26.20:068][406]PIE: Play in editor start time for /Game/FirstPersonBP/Maps/UEDPIE_0_PizzaPlace -0.425
[2018.12.05-18.26.20:068][406]LogBlueprintUserMessages: Late PlayInEditor Detection: Level '/Game/FirstPersonBP/Maps/PizzaPlace.PizzaPlace:PersistentLevel' has LevelScriptBlueprint '/Game/FirstPersonBP/Maps/PizzaPlace.PizzaPlace:PersistentLevel.PizzaPlace' with GeneratedClass '/Game/FirstPersonBP/Maps/PizzaPlace.PizzaPlace_C' with ClassGeneratedBy '/Game/FirstPersonBP/Maps/PizzaPlace.PizzaPlace:PersistentLevel.PizzaPlace'
[2018.12.05-18.26.31:933][893]LogCharacterMovement: FirstPersonCharacter_C_1 is stuck and failed to move! Velocity: X=-318.19 Y=-35.26 Z=0.00 Location: X=1322.61 Y=-909.85 Z=282.19 Normal: X=0.14 Y=-0.76 Z=0.63 PenetrationDepth:6.064 Actor:pizza_41 Component:StaticMeshComponent0 BoneName:None (0 other events since notify)
[2018.12.05-18.26.34:951][ 21]LogBlueprintUserMessages: Early EndPlayMap Detection: Level '/Game/FirstPersonBP/Maps/PizzaPlace.PizzaPlace:PersistentLevel' has LevelScriptBlueprint '/Game/FirstPersonBP/Maps/PizzaPlace.PizzaPlace:PersistentLevel.PizzaPlace' with GeneratedClass '/Game/FirstPersonBP/Maps/PizzaPlace.PizzaPlace_C' with ClassGeneratedBy '/Game/FirstPersonBP/Maps/PizzaPlace.PizzaPlace:PersistentLevel.PizzaPlace'
[2018.12.05-18.26.34:952][ 21]LogSlate: Updating window title bar state: overlay mode, drag disabled, window buttons hidden, title bar hidden
[2018.12.05-18.26.35:012][ 21]LogPlayLevel: Display: Shutting down PIE online subsystems
[2018.12.05-18.26.35:012][ 21]LogBlueprintUserMessages: Late EndPlayMap Detection: Level '/Game/FirstPersonBP/Maps/PizzaPlace.PizzaPlace:PersistentLevel' has LevelScriptBlueprint '/Game/FirstPersonBP/Maps/PizzaPlace.PizzaPlace:PersistentLevel.PizzaPlace' with GeneratedClass '/Game/FirstPersonBP/Maps/PizzaPlace.PizzaPlace_C' with ClassGeneratedBy '/Game/FirstPersonBP/Maps/PizzaPlace.PizzaPlace:PersistentLevel.PizzaPlace'
[2018.12.05-18.26.35:100][ 21]LogSlate: Updating window title bar state: overlay mode, drag disabled, window buttons hidden, title bar hidden
[2018.12.05-18.26.35:325][ 22]LogPlayLevel: Display: Destroying online subsystem :Context_13
[2018.12.05-18.26.40:720][261]LogSlate: FSceneViewport::OnFocusLost() reason 0
