Log file open, 12/08/18 16:11:49
LogWindows: Failed to load 'aqProf.dll' (GetLastError=126)
LogWindows: File 'aqProf.dll' does not exist
LogWindows: Failed to load 'VSPerf140.dll' (GetLastError=126)
LogWindows: File 'VSPerf140.dll' does not exist
LogWindows: Failed to load 'VtuneApi.dll' (GetLastError=126)
LogWindows: File 'VtuneApi.dll' does not exist
LogWindows: Failed to load 'VtuneApi32e.dll' (GetLastError=126)
LogWindows: File 'VtuneApi32e.dll' does not exist
LogInit: Display: Running engine for game: TeamSadMen
LogPlatformFile: Not using cached read wrapper
LogTaskGraph: Started task graph with 5 named threads and 11 total threads with 3 sets of task threads.
LogStats: Stats thread started at 0.396694
LogD3D11RHI: Loaded GFSDK_Aftermath_Lib.x64.dll
LogICUInternationalization: Display: ICU TimeZone Detection - Raw Offset: -5:00, Platform Override: ''
LogPluginManager: Mounting plugin Paper2D
LogPluginManager: Mounting plugin AISupport
LogPluginManager: Mounting plugin LightPropagationVolume
LogPluginManager: Mounting plugin CLionSourceCodeAccess
LogPluginManager: Mounting plugin CodeLiteSourceCodeAccess
LogPluginManager: Mounting plugin GitSourceControl
LogPluginManager: Mounting plugin KDevelopSourceCodeAccess
LogPluginManager: Mounting plugin NullSourceCodeAccess
LogPluginManager: Mounting plugin PerforceSourceControl
LogPluginManager: Mounting plugin SubversionSourceControl
LogPluginManager: Mounting plugin UObjectPlugin
LogPluginManager: Mounting plugin VisualStudioCodeSourceCodeAccess
LogPluginManager: Mounting plugin VisualStudioSourceCodeAccess
LogPluginManager: Mounting plugin XCodeSourceCodeAccess
LogPluginManager: Mounting plugin AssetManagerEditor
LogPluginManager: Mounting plugin CryptoKeys
LogPluginManager: Mounting plugin DataValidation
LogPluginManager: Mounting plugin FacialAnimation
LogPluginManager: Mounting plugin GameplayTagsEditor
LogPluginManager: Mounting plugin MacGraphicsSwitching
LogPluginManager: Mounting plugin MeshEditor
LogPluginManager: Mounting plugin MobileLauncherProfileWizard
LogPluginManager: Mounting plugin PluginBrowser
LogPluginManager: Mounting plugin SpeedTreeImporter
LogPluginManager: Mounting plugin DatasmithContent
LogPluginManager: Mounting plugin AlembicImporter
LogPluginManager: Mounting plugin AppleImageUtils
LogPluginManager: Mounting plugin AppleVision
LogPluginManager: Mounting plugin BackChannel
LogPluginManager: Mounting plugin CharacterAI
LogPluginManager: Mounting plugin GeometryCache
LogPluginManager: Mounting plugin HTML5Networking
LogPluginManager: Mounting plugin ProxyLODPlugin
LogPluginManager: Mounting plugin MagicLeap
LogPluginManager: Mounting plugin MagicLeapEmulator
LogPluginManager: Mounting plugin MagicLeapMedia
LogPluginManager: Mounting plugin AndroidMedia
LogPluginManager: Mounting plugin AvfMedia
LogPluginManager: Mounting plugin ImgMedia
LogPluginManager: Mounting plugin LinearTimecode
LogPluginManager: Mounting plugin MediaCompositing
LogPluginManager: Mounting plugin MediaPlayerEditor
LogPluginManager: Mounting plugin WmfMedia
LogPluginManager: Mounting plugin TcpMessaging
LogPluginManager: Mounting plugin UdpMessaging
LogPluginManager: Mounting plugin ActorSequence
LogPluginManager: Mounting plugin LevelSequenceEditor
LogPluginManager: Mounting plugin MatineeToLevelSequence
LogPluginManager: Mounting plugin NetcodeUnitTest
LogPluginManager: Mounting plugin NUTUnrealEngine4
LogPluginManager: Mounting plugin OnlineSubsystemGooglePlay
LogPluginManager: Mounting plugin OnlineSubsystemIOS
LogPluginManager: Mounting plugin OnlineSubsystem
LogPluginManager: Mounting plugin OnlineSubsystemNull
LogPluginManager: Mounting plugin OnlineSubsystemUtils
LogPluginManager: Mounting plugin LauncherChunkInstaller
LogPluginManager: Mounting plugin AndroidDeviceProfileSelector
LogPluginManager: Mounting plugin AndroidMoviePlayer
LogPluginManager: Mounting plugin AndroidPermission
LogPluginManager: Mounting plugin AppleMoviePlayer
LogPluginManager: Mounting plugin ArchVisCharacter
LogPluginManager: Mounting plugin AudioCapture
LogPluginManager: Mounting plugin CableComponent
LogPluginManager: Mounting plugin CustomMeshComponent
LogPluginManager: Mounting plugin EditableMesh
LogPluginManager: Mounting plugin ExampleDeviceProfileSelector
LogPluginManager: Mounting plugin GoogleCloudMessaging
LogPluginManager: Mounting plugin ImmediatePhysics
LogPluginManager: Mounting plugin IOSDeviceProfileSelector
LogPluginManager: Mounting plugin LinuxDeviceProfileSelector
LogPluginManager: Mounting plugin LocationServicesBPLibrary
LogPluginManager: Mounting plugin MobilePatchingUtils
LogPluginManager: Mounting plugin OculusVR
LogPluginManager: Plugin shader directory ../../../Engine/Plugins/Runtime/Oculus/OculusVR/Shaders found
LogPluginManager: Mapping shader source directory ../../../Engine/Plugins/Runtime/Oculus/OculusVR/Shaders to virtual directory /Plugin/OculusVR
LogPluginManager: Mounting plugin PhysXVehicles
LogPluginManager: Mounting plugin ProceduralMeshComponent
LogPluginManager: Mounting plugin RuntimePhysXCooking
LogPluginManager: Mounting plugin SteamVR
LogPluginManager: Mounting plugin WindowsMoviePlayer
LogStreaming: Display: Took  0.314s to configure plugins.
LogInit: Using libcurl 7.55.1-DEV
LogInit:  - built for x86_64-pc-win32
LogInit:  - supports SSL with OpenSSL/1.0.2h
LogInit:  - supports HTTP deflate (compression) using libz 1.2.8
LogInit:  - other features:
LogInit:      CURL_VERSION_SSL
LogInit:      CURL_VERSION_LIBZ
LogInit:      CURL_VERSION_IPV6
LogInit:      CURL_VERSION_ASYNCHDNS
LogInit:      CURL_VERSION_LARGEFILE
LogInit:      CURL_VERSION_IDN
LogInit:  CurlRequestOptions (configurable via config and command line):
LogInit:  - bVerifyPeer = false  - Libcurl will NOT verify peer certificate
LogInit:  - bUseHttpProxy = false  - Libcurl will NOT use HTTP proxy
LogInit:  - bDontReuseConnections = false  - Libcurl will reuse connections
LogInit:  - CertBundlePath = nullptr  - Libcurl will use whatever was configured at build time.
LogInit:  - MaxHostConnections = 16  - Libcurl will limit the number of connections to a host
LogInit:  - LocalHostAddr = Default
LogInit:  - BufferSize = 65536
LogInit: WinSock: version 1.1 (2.2), MaxSocks=32767, MaxUdp=65467
LogInit: Build: ++UE4+Release-4.20-CL-4369336
LogInit: Engine Version: 4.20.3-4369336+++UE4+Release-4.20
LogInit: Compatible Engine Version: 4.20.0-4212847+++UE4+Release-4.20
LogInit: Net CL: 4212847
LogInit: OS: Windows 10 (), CPU: Intel(R) Core(TM) i7-6600U CPU @ 2.60GHz, GPU: Intel(R) HD Graphics 520
LogInit: Compiled (64-bit): Sep 17 2018 12:26:19
LogInit: Compiled with Visual C++: 19.13.26129.00
LogInit: Build Configuration: Development
LogInit: Branch Name: ++UE4+Release-4.20
LogInit: Command Line: -EpicPortal  -epicusername="BlueTinge" -epicuserid=215950167ed840aeb891af1096fa62dd -epiclocale=en-US
LogInit: Base Directory: C:/Program Files/Epic Games/UE_4.20/Engine/Binaries/Win64/
LogInit: Installed Engine Build: 1
LogDevObjectVersion: Number of dev versions registered: 20
LogDevObjectVersion:   Dev-Blueprints (B0D832E4-1F89-4F0D-ACCF-7EB736FD4AA2): 10
LogDevObjectVersion:   Dev-Build (E1C64328-A22C-4D53-A36C-8E866417BD8C): 0
LogDevObjectVersion:   Dev-Core (375EC13C-06E4-48FB-B500-84F0262A717E): 2
LogDevObjectVersion:   Dev-Editor (E4B068ED-F494-42E9-A231-DA0B2E46BB41): 24
LogDevObjectVersion:   Dev-Framework (CFFC743F-43B0-4480-9391-14DF171D2073): 34
LogDevObjectVersion:   Dev-Mobile (B02B49B5-BB20-44E9-A304-32B752E40360): 2
LogDevObjectVersion:   Dev-Networking (A4E4105C-59A1-49B5-A7C5-40C4547EDFEE): 0
LogDevObjectVersion:   Dev-Online (39C831C9-5AE6-47DC-9A44-9C173E1C8E7C): 0
LogDevObjectVersion:   Dev-Physics (78F01B33-EBEA-4F98-B9B4-84EACCB95AA2): 0
LogDevObjectVersion:   Dev-Platform (6631380F-2D4D-43E0-8009-CF276956A95A): 0
LogDevObjectVersion:   Dev-Rendering (12F88B9F-8875-4AFC-A67C-D90C383ABD29): 26
LogDevObjectVersion:   Dev-Sequencer (7B5AE74C-D270-4C10-A958-57980B212A5A): 9
LogDevObjectVersion:   Dev-VR (D7296918-1DD6-4BDD-9DE2-64A83CC13884): 2
LogDevObjectVersion:   Dev-LoadTimes (C2A15278-BFE7-4AFE-6C17-90FF531DF755): 1
LogDevObjectVersion:   Private-Geometry (6EACA3D4-40EC-4CC1-B786-8BED09428FC5): 3
LogDevObjectVersion:   Dev-AnimPhys (29E575DD-E0A3-4627-9D10-D276232CDCEA): 17
LogDevObjectVersion:   Dev-ReflectionCapture (6B266CEC-1EC7-4B8F-A30B-E4D90942FC07): 1
LogDevObjectVersion:   Dev-Automation (0DF73D61-A23F-47EA-B727-89E90C41499A): 1
LogDevObjectVersion:   FortniteMain (601D1886-AC64-4F84-AA16-D3DE0DEAC7D6): 12
LogDevObjectVersion:   Dev-Enterprise (9DFFBCD6-494F-0158-E221-12823C92A888): 1
LogStreaming: Display: Took  0.007s to delete old logs.
LogInit: Presizing for max 8388607 objects, including 0 objects not considered by GC, pre-allocating 0 bytes for permanent pool.
LogInit: Object subsystem initialized
[2018.12.08-21.11.50:192][  0]LogInit: Selected Device Profile: [Windows]
[2018.12.08-21.11.50:192][  0]LogInit: Applying CVar settings loaded from the selected device profile: [Windows]
[2018.12.08-21.11.50:222][  0]LogHAL: Display: Platform has ~ 8 GB [7960453120 / 8589934592 / 8], which maps to Default [LargestMinGB=32, LargerMinGB=12, DefaultMinGB=8, SmallerMinGB=6, SmallestMinGB=0)
[2018.12.08-21.11.50:222][  0]LogInit: Setting Device Profile CVar: [[r.Vulkan.UseRealUBs:1]]
[2018.12.08-21.11.50:222][  0]LogInit: Going up to parent DeviceProfile []
[2018.12.08-21.11.50:223][  0]LogInit: Computer: DESKTOP-T8OATV8
[2018.12.08-21.11.50:223][  0]LogInit: User: frankj6
[2018.12.08-21.11.50:223][  0]LogInit: CPU Page size=4096, Cores=2
[2018.12.08-21.11.50:223][  0]LogInit: High frequency timer resolution =2.742185 MHz
[2018.12.08-21.11.50:223][  0]LogMemory: Memory total: Physical=7.4GB (8GB approx)
[2018.12.08-21.11.50:223][  0]LogMemory: Platform Memory Stats for Windows
[2018.12.08-21.11.50:223][  0]LogMemory: Process Physical Memory: 99.91 MB used, 99.91 MB peak
[2018.12.08-21.11.50:223][  0]LogMemory: Process Virtual Memory: 88.78 MB used, 88.78 MB peak
[2018.12.08-21.11.50:224][  0]LogMemory: Physical Memory: 5198.71 MB used,  2392.96 MB free, 7591.68 MB total
[2018.12.08-21.11.50:224][  0]LogMemory: Virtual Memory: 4620.70 MB used,  2392.96 MB free, 134217728.00 MB total
[2018.12.08-21.11.50:257][  0]LogInit: Using OS detected language (en-US).
[2018.12.08-21.11.50:257][  0]LogInit: Using OS detected locale (en-US).
[2018.12.08-21.11.50:258][  0]LogTextLocalizationManager: No specific localization for 'en-US' exists, so the 'en' localization will be used.
[2018.12.08-21.11.50:989][  0]LogStreaming: Display: Took  0.733s to InitEngineTextLocalization.
[2018.12.08-21.11.50:989][  0]LogInit: Setting process to per monitor DPI aware
[2018.12.08-21.11.51:054][  0]LogSlate: New Slate User Created.  User Index 0, Is Virtual User: 0
[2018.12.08-21.11.51:054][  0]LogSlate: Slate User Registered.  User Index 0, Is Virtual User: 0
[2018.12.08-21.11.51:536][  0]LogHMD: Failed to initialize OpenVR with code 110
[2018.12.08-21.11.51:537][  0]LogD3D11RHI: D3D11 adapters:
[2018.12.08-21.11.51:575][  0]LogD3D11RHI:    0. 'Intel(R) HD Graphics 520' (Feature Level 11_0)
[2018.12.08-21.11.51:575][  0]LogD3D11RHI:       128/0/3795 MB DedicatedVideo/DedicatedSystem/SharedSystem, Outputs:1, VendorId:0x8086
[2018.12.08-21.11.51:578][  0]LogD3D11RHI:    1. 'Microsoft Basic Render Driver' (Feature Level 11_0)
[2018.12.08-21.11.51:579][  0]LogD3D11RHI:       0/0/3795 MB DedicatedVideo/DedicatedSystem/SharedSystem, Outputs:0, VendorId:0x1414
[2018.12.08-21.11.51:579][  0]LogD3D11RHI: Chosen D3D11 Adapter: 0
[2018.12.08-21.11.51:591][  0]LogD3D11RHI: Creating new Direct3DDevice
[2018.12.08-21.11.51:591][  0]LogD3D11RHI:     GPU DeviceId: 0x1916 (for the marketing name, search the web for "GPU Device Id")
[2018.12.08-21.11.51:591][  0]LogWindows: EnumDisplayDevices:
[2018.12.08-21.11.51:591][  0]LogWindows:    0. 'Intel(R) HD Graphics 520' (P:1 D:1)
[2018.12.08-21.11.51:592][  0]LogWindows:    1. 'Intel(R) HD Graphics 520' (P:0 D:0)
[2018.12.08-21.11.51:593][  0]LogWindows:    2. 'Intel(R) HD Graphics 520' (P:0 D:0)
[2018.12.08-21.11.51:594][  0]LogWindows: DebugString: FoundDriverCount:3 
[2018.12.08-21.11.51:594][  0]LogD3D11RHI:     Adapter Name: Intel(R) HD Graphics 520
[2018.12.08-21.11.51:594][  0]LogD3D11RHI:   Driver Version: 24.20.100.6170 (internal:24.20.100.6170, unified:24.20.100.6170)
[2018.12.08-21.11.51:594][  0]LogD3D11RHI:      Driver Date: 6-18-2018
[2018.12.08-21.11.51:594][  0]LogRHI: Texture pool is 1418 MB (70% of 2025 MB)
[2018.12.08-21.11.51:626][  0]LogD3D11RHI: Async texture creation enabled
[2018.12.08-21.11.51:638][  0]LogD3D11RHI: GPU Timing Frequency: 12.000048 (Debug: 2 0)
[2018.12.08-21.11.51:639][  0]LogShaderCompilers: Guid format shader working directory is -37 characters bigger than the processId version (../../../../../../Users/frankj6/Documents/GameDevOne/TeamSadMen/TeamSadMen/TeamSadMen/Intermediate/Shaders/WorkingDirectory/8600/).
[2018.12.08-21.11.51:640][  0]LogShaderCompilers: Cleaned the shader compiler working directory 'C:/Users/frankj6/AppData/Local/Temp/UnrealShaderWorkingDir/F10249B9434B562D6FD035B058C7912D/'.
[2018.12.08-21.11.52:329][  0]LogTemp: Display: Loaded TP AllDesktopTargetPlatform
[2018.12.08-21.11.52:368][  0]LogTemp: Display: Loaded TP MacClientTargetPlatform
[2018.12.08-21.11.52:400][  0]LogTemp: Display: Loaded TP MacNoEditorTargetPlatform
[2018.12.08-21.11.52:432][  0]LogTemp: Display: Loaded TP MacServerTargetPlatform
[2018.12.08-21.11.52:469][  0]LogTemp: Display: Loaded TP MacTargetPlatform
[2018.12.08-21.11.52:506][  0]LogTemp: Display: Loaded TP WindowsClientTargetPlatform
[2018.12.08-21.11.52:544][  0]LogTemp: Display: Loaded TP WindowsNoEditorTargetPlatform
[2018.12.08-21.11.52:583][  0]LogTemp: Display: Loaded TP WindowsServerTargetPlatform
[2018.12.08-21.11.52:599][  0]LogTemp: Display: Loaded TP WindowsTargetPlatform
[2018.12.08-21.11.52:822][  0]LogTemp: Display: Loaded TP AndroidTargetPlatform
[2018.12.08-21.11.52:823][  0]LogTemp: Display: Loaded TP AndroidTargetPlatform
[2018.12.08-21.11.52:823][  0]LogTemp: Display: Loaded TP AndroidTargetPlatform
[2018.12.08-21.11.52:823][  0]LogTemp: Display: Loaded TP AndroidTargetPlatform
[2018.12.08-21.11.52:823][  0]LogTemp: Display: Loaded TP AndroidTargetPlatform
[2018.12.08-21.11.52:823][  0]LogTemp: Display: Loaded TP AndroidTargetPlatform
[2018.12.08-21.11.52:823][  0]LogTemp: Display: Loaded TP AndroidTargetPlatform
[2018.12.08-21.11.52:823][  0]LogTemp: Display: Loaded TP AndroidTargetPlatform
[2018.12.08-21.11.52:823][  0]LogTemp: Display: Loaded TP AndroidTargetPlatform
[2018.12.08-21.11.52:823][  0]LogTemp: Display: Loaded TP AndroidTargetPlatform
[2018.12.08-21.11.52:823][  0]LogTemp: Display: Loaded TP AndroidTargetPlatform
[2018.12.08-21.11.52:823][  0]LogTemp: Display: Loaded TP AndroidTargetPlatform
[2018.12.08-21.11.52:823][  0]LogTemp: Display: Loaded TP AndroidTargetPlatform
[2018.12.08-21.11.52:823][  0]LogTemp: Display: Loaded TP AndroidTargetPlatform
[2018.12.08-21.11.52:823][  0]LogTemp: Display: Loaded TP AndroidTargetPlatform
[2018.12.08-21.11.52:823][  0]LogTemp: Display: Loaded TP AndroidTargetPlatform
[2018.12.08-21.11.52:823][  0]LogTemp: Display: Loaded TP AndroidTargetPlatform
[2018.12.08-21.11.52:823][  0]LogTemp: Display: Loaded TP AndroidTargetPlatform
[2018.12.08-21.11.52:826][  0]LogTemp: Display: Loaded TP HTML5TargetPlatform
[2018.12.08-21.11.52:934][  0]LogTemp: Display: Loaded TP IOSTargetPlatform
[2018.12.08-21.11.52:934][  0]LogTemp: Display: Loaded TP IOSTargetPlatform
[2018.12.08-21.11.52:990][  0]LogTemp: Display: Loaded TP TVOSTargetPlatform
[2018.12.08-21.11.52:990][  0]LogTemp: Display: Loaded TP TVOSTargetPlatform
[2018.12.08-21.11.53:019][  0]LogTemp: Display: Loaded TP LinuxClientTargetPlatform
[2018.12.08-21.11.53:046][  0]LogTemp: Display: Loaded TP LinuxNoEditorTargetPlatform
[2018.12.08-21.11.53:071][  0]LogTemp: Display: Loaded TP LinuxServerTargetPlatform
[2018.12.08-21.11.53:103][  0]LogTemp: Display: Loaded TP LinuxTargetPlatform
[2018.12.08-21.11.53:124][  0]LogTemp: Display: Loaded TP LuminTargetPlatform
[2018.12.08-21.11.53:124][  0]LogTargetPlatformManager: Display: Building Assets For Windows
[2018.12.08-21.11.53:243][  0]LogXGEController: Cannot use XGE Controller as Incredibuild is not installed on this machine.
[2018.12.08-21.11.53:243][  0]LogShaderCompilers: Cannot use XGE Shader Compiler as Incredibuild is not installed on this machine.
[2018.12.08-21.11.53:243][  0]LogShaderCompilers: Display: Using Local Shader Compiler.
[2018.12.08-21.11.54:734][  0]LogDerivedDataCache: Display: Max Cache Size: 512 MB
[2018.12.08-21.11.54:843][  0]LogDerivedDataCache: Loaded boot cache 0.11s 71MB C:/Users/frankj6/AppData/Local/UnrealEngine/4.20/DerivedDataCache/Boot.ddc.
[2018.12.08-21.11.54:844][  0]LogDerivedDataCache: Display: Loaded Boot cache: C:/Users/frankj6/AppData/Local/UnrealEngine/4.20/DerivedDataCache/Boot.ddc
[2018.12.08-21.11.54:844][  0]LogDerivedDataCache: FDerivedDataBackendGraph:  Pak pak cache file ../../../../../../Users/frankj6/Documents/GameDevOne/TeamSadMen/TeamSadMen/TeamSadMen/DerivedDataCache/DDC.ddp not found, will not use a pak cache.
[2018.12.08-21.11.54:844][  0]LogDerivedDataCache: Unable to find inner node Pak for hierarchical cache Hierarchy.
[2018.12.08-21.11.54:844][  0]LogDerivedDataCache: FDerivedDataBackendGraph:  CompressedPak pak cache file ../../../../../../Users/frankj6/Documents/GameDevOne/TeamSadMen/TeamSadMen/TeamSadMen/DerivedDataCache/Compressed.ddp not found, will not use a pak cache.
[2018.12.08-21.11.54:844][  0]LogDerivedDataCache: Unable to find inner node CompressedPak for hierarchical cache Hierarchy.
[2018.12.08-21.11.54:875][  0]LogDerivedDataCache: Display: Pak cache opened for reading ../../../Engine/DerivedDataCache/Compressed.ddp.
[2018.12.08-21.11.54:887][  0]LogDerivedDataCache: Using Local data cache path C:/Users/frankj6/AppData/Local/UnrealEngine/Common/DerivedDataCache: Writable
[2018.12.08-21.11.54:887][  0]LogDerivedDataCache: Shared data cache path not found in *engine.ini, will not use an Shared cache.
[2018.12.08-21.11.54:887][  0]LogDerivedDataCache: Unable to find inner node Shared for hierarchical cache Hierarchy.
[2018.12.08-21.11.54:934][  0]LogMaterial: Verifying Global Shaders for PCD3D_SM5
[2018.12.08-21.11.54:937][  0]LogSlate: Using FreeType 2.6.0
[2018.12.08-21.11.54:938][  0]LogSlate: SlateFontServices - WITH_FREETYPE: 1, WITH_HARFBUZZ: 1
[2018.12.08-21.11.55:059][  0]LogAssetRegistry: FAssetRegistry took 0.0316 seconds to start up
[2018.12.08-21.11.55:861][  0]LogInit: Selected Device Profile: [Windows]
[2018.12.08-21.11.56:127][  0]LogSimplygon: Simplygon DLL not present - disabling.
[2018.12.08-21.11.56:133][  0]LogMeshReduction: Using SimplygonSwarm for distributed automatic mesh merging
[2018.12.08-21.11.56:133][  0]LogMeshReduction: Using ProxyLODMeshReduction for automatic mesh merging
[2018.12.08-21.11.56:133][  0]LogMeshReduction: Using QuadricMeshReduction for automatic static mesh reduction
[2018.12.08-21.11.56:133][  0]LogMeshReduction: No automatic skeletal mesh reduction module available
[2018.12.08-21.11.56:161][  0]LogNetVersion: TeamSadMen 1.0.0, NetCL: 4212847, EngineNetVer: 5, GameNetVer: 0 (Checksum: 1220547581)
[2018.12.08-21.11.57:243][  0]LogPackageLocalizationCache: Processed 11 localized package path(s) for 2 prioritized culture(s) in 0.318345 seconds
[2018.12.08-21.11.57:259][  0]LogUObjectArray: 38425 objects as part of root set at end of initial load.
[2018.12.08-21.11.57:259][  0]LogUObjectAllocator: 6690864 out of 0 bytes used by permanent object pool.
[2018.12.08-21.11.57:259][  0]LogUObjectArray: CloseDisregardForGC: 0/0 objects in disregard for GC pool
[2018.12.08-21.11.59:269][  0]LogTcpMessaging: Initializing TcpMessaging bridge
[2018.12.08-21.11.59:284][  0]LogUdpMessaging: Initializing bridge on interface 0.0.0.0:0 to multicast group 230.0.0.1:6666.
[2018.12.08-21.11.59:570][  0]SourceControl: Source control is disabled
[2018.12.08-21.11.59:571][  0]SourceControl: Source control is disabled
[2018.12.08-21.11.59:573][  0]SourceControl: Source control is disabled
[2018.12.08-21.11.59:576][  0]SourceControl: Source control is disabled
[2018.12.08-21.11.59:845][  0]LogAndroidPermission: UAndroidPermissionCallbackProxy::GetInstance
[2018.12.08-21.11.59:970][  0]LogOcInput: OculusInput pre-init called
[2018.12.08-21.12.00:104][  0]LogEngine: Initializing Engine...
[2018.12.08-21.12.00:105][  0]LogHMD: Failed to initialize OpenVR with code 110
[2018.12.08-21.12.00:108][  0]LogStats: UGameplayTagsManager::ConstructGameplayTagTree: ImportINI prefixes -  0.000 s
[2018.12.08-21.12.00:108][  0]LogStats: UGameplayTagsManager::ConstructGameplayTagTree: Construct from data asset -  0.000 s
[2018.12.08-21.12.00:108][  0]LogStats: UGameplayTagsManager::ConstructGameplayTagTree: ImportINI -  0.000 s
[2018.12.08-21.12.00:108][  0]LogStats: UGameplayTagsManager::ConstructGameplayTagTree: GameplayTagTreeChangedEvent.Broadcast -  0.000 s
[2018.12.08-21.12.00:580][  0]LogInit: Initializing FReadOnlyCVARCache
[2018.12.08-21.12.00:612][  0]LogAIModule: Creating AISystem for world Untitled
[2018.12.08-21.12.00:983][  0]LogInit: XAudio2 using 'Speaker/HP (Realtek High Definition Audio)' : 2 channels at 48 kHz using 32 bits per sample (channel mask 0x3)
[2018.12.08-21.12.01:068][  0]LogInit: FAudioDevice initialized.
[2018.12.08-21.12.01:069][  0]LogNetVersion: Set ProjectVersion to 1.0.0.0. Version Checksum will be recalculated on next use.
[2018.12.08-21.12.01:187][  0]LogDerivedDataCache: Saved boot cache 0.12s 71MB C:/Users/frankj6/AppData/Local/UnrealEngine/4.20/DerivedDataCache/Boot.ddc.
[2018.12.08-21.12.01:205][  0]LogInit: Texture streaming: Enabled
[2018.12.08-21.12.01:250][  0]LogEngineSessionManager: EngineSessionManager initialized
[2018.12.08-21.12.01:281][  0]LogInit: Transaction tracking system initialized
[2018.12.08-21.12.01:339][  0]BlueprintLog: New page: Editor Load
[2018.12.08-21.12.01:524][  0]LocalizationService: Localization service is disabled
[2018.12.08-21.12.02:151][  0]LogCook: Display: Max memory allowance for cook 16384mb min free memory 0mb
[2018.12.08-21.12.02:152][  0]LogCook: Display: Mobile HDR setting 1
[2018.12.08-21.12.02:152][  0]LogGameplayTags: Display: UGameplayTagsManager::DoneAddingNativeTags. DelegateIsBound: 0
[2018.12.08-21.12.02:152][  0]LogStats: UGameplayTagsManager::ConstructGameplayTagTree: ImportINI prefixes -  0.000 s
[2018.12.08-21.12.02:152][  0]LogStats: UGameplayTagsManager::ConstructGameplayTagTree: Construct from data asset -  0.000 s
[2018.12.08-21.12.02:153][  0]LogStats: UGameplayTagsManager::ConstructGameplayTagTree: ImportINI -  0.000 s
[2018.12.08-21.12.02:153][  0]LogStats: UGameplayTagsManager::ConstructGameplayTagTree: GameplayTagTreeChangedEvent.Broadcast -  0.000 s
[2018.12.08-21.12.02:422][  0]LogFileCache: Scanning file cache for directory 'C:/Users/frankj6/Documents/GameDevOne/TeamSadMen/TeamSadMen/TeamSadMen/Content/' took 0.02s
[2018.12.08-21.12.02:422][  0]SourceControl: Source control is disabled
[2018.12.08-21.12.02:422][  0]Cmd: MAP LOAD FILE="../../../../../../Users/frankj6/Documents/GameDevOne/TeamSadMen/TeamSadMen/TeamSadMen/Content/FirstPersonBP/Maps/FirstPersonExampleMap.umap" TEMPLATE=0 SHOWPROGRESS=1 FEATURELEVEL=3
[2018.12.08-21.12.02:424][  0]LightingResults: New page: Lighting Build
[2018.12.08-21.12.02:430][  0]MapCheck: New page: Map Check
[2018.12.08-21.12.02:430][  0]LightingResults: New page: Lighting Build
[2018.12.08-21.12.03:797][  0]LogAIModule: Creating AISystem for world FirstPersonExampleMap
[2018.12.08-21.12.03:830][  0]LogEditorServer: Finished looking for orphan Actors (0.000 secs)
[2018.12.08-21.12.03:893][  0]Cmd: MAP CHECKDEP NOCLEARLOG
[2018.12.08-21.12.04:106][  0]MapCheck: Map check complete: 0 Error(s), 0 Warning(s), took 213.691ms to complete.
[2018.12.08-21.12.04:107][  0]LogFileHelpers: Loading map 'FirstPersonExampleMap' took 1.684
[2018.12.08-21.12.04:260][  0]LogSlate: Updating window title bar state: overlay mode, drag disabled, window buttons hidden, title bar hidden
[2018.12.08-21.12.04:277][  0]LogSlate: Updating window title bar state: overlay mode, drag disabled, window buttons hidden, title bar hidden
[2018.12.08-21.12.04:298][  0]LogSlate: Updating window title bar state: overlay mode, drag disabled, window buttons hidden, title bar hidden
[2018.12.08-21.12.04:318][  0]LogSlate: Updating window title bar state: overlay mode, drag disabled, window buttons hidden, title bar hidden
[2018.12.08-21.12.04:336][  0]LogCollectionManager: Loaded 0 collections in 0.007081 seconds
[2018.12.08-21.12.04:388][  0]LogFileCache: Scanning file cache for directory 'C:/Users/frankj6/Documents/GameDevOne/TeamSadMen/TeamSadMen/TeamSadMen/Saved/Collections/' took 0.01s
[2018.12.08-21.12.04:388][  0]LogFileCache: Scanning file cache for directory 'C:/Users/frankj6/Documents/GameDevOne/TeamSadMen/TeamSadMen/TeamSadMen/Content/Developers/frankj6/Collections/' took 0.01s
[2018.12.08-21.12.04:388][  0]LogFileCache: Scanning file cache for directory 'C:/Users/frankj6/Documents/GameDevOne/TeamSadMen/TeamSadMen/TeamSadMen/Content/Collections/' took 0.01s
[2018.12.08-21.12.04:388][  0]LogCollectionManager: Rebuilt the GUID cache for 0 collections in 0.000001 seconds
[2018.12.08-21.12.04:416][  0]LogContentBrowser: Native class hierarchy populated in 0.0275 seconds. Added 2572 classes and 603 folders.
[2018.12.08-21.12.04:429][  0]LogContentBrowser: Native class hierarchy updated for 'WidgetCarousel' in 0.0005 seconds. Added 0 classes and 0 folders.
[2018.12.08-21.12.04:520][  0]LogContentBrowser: Native class hierarchy updated for 'AddContentDialog' in 0.0004 seconds. Added 0 classes and 0 folders.
[2018.12.08-21.12.04:536][  0]LogContentBrowser: Native class hierarchy updated for 'SceneOutliner' in 0.0008 seconds. Added 1 classes and 2 folders.
[2018.12.08-21.12.04:709][  0]LogSlate: Took 0.000358 seconds to synchronously load lazily loaded font '../../../Engine/Content/Slate/Fonts/Roboto-Regular.ttf' (155K)
[2018.12.08-21.12.04:716][  0]LogSlate: Took 0.000522 seconds to synchronously load lazily loaded font '../../../Engine/Content/Slate/Fonts/Roboto-Bold.ttf' (160K)
[2018.12.08-21.12.04:740][  0]LogSlate: Took 0.000407 seconds to synchronously load lazily loaded font '../../../Engine/Content/Editor/Slate/Fonts/FontAwesome.ttf' (139K)
[2018.12.08-21.12.04:946][  0]LogRenderer: Reallocating scene render targets to support 964x436 Format 10 NumSamples 1 (Frame:1).
[2018.12.08-21.12.05:741][  0]LogContentBrowser: Native class hierarchy updated for 'HierarchicalLODOutliner' in 0.0005 seconds. Added 0 classes and 0 folders.
[2018.12.08-21.12.05:742][  0]LogLoad: (Engine Initialization) Total time: 18.90 seconds
[2018.12.08-21.12.05:742][  0]LogLoad: (Engine Initialization) Total Blueprint compile time: 0.00 seconds
[2018.12.08-21.12.05:766][  0]LogWindowsTextInputMethodSystem: Display: IME system now deactivated.
[2018.12.08-21.12.05:788][  0]LogContentStreaming: Texture pool size now 1000 MB
[2018.12.08-21.12.05:876][  0]LogSlate: Took 0.000415 seconds to synchronously load lazily loaded font '../../../Engine/Content/Slate/Fonts/Roboto-Light.ttf' (167K)
[2018.12.08-21.12.06:904][  4]LogAssetRegistry: Asset discovery search completed in 11.8670 seconds
[2018.12.08-21.12.06:909][  4]LogCollectionManager: Rebuilt the object cache for 0 collections in 0.000000 seconds (found 0 objects)
[2018.12.08-21.12.06:910][  4]LogCollectionManager: Fixed up redirectors for 0 collections in 0.000144 seconds (updated 0 objects)
[2018.12.08-21.13.05:914][400]LogSlate: FSceneViewport::OnFocusLost() reason 0
[2018.12.08-21.13.06:098][406]LogSlate: Took 0.000608 seconds to synchronously load lazily loaded font '../../../Engine/Content/Slate/Fonts/Roboto-Light.ttf' (167K)
[2018.12.08-21.13.06:481][406]LogAIModule: Creating AISystem for world BillTest
[2018.12.08-21.13.06:533][406]LogAssetEditorManager: Opening Asset editor for World /Game/FirstPersonBP/Maps/BillTest.BillTest
[2018.12.08-21.13.06:640][406]Cmd: MAP LOAD FILE="../../../../../../Users/frankj6/Documents/GameDevOne/TeamSadMen/TeamSadMen/TeamSadMen/Content/FirstPersonBP/Maps/BillTest.umap" TEMPLATE=0 SHOWPROGRESS=1 FEATURELEVEL=3
[2018.12.08-21.13.06:640][406]LightingResults: New page: Lighting Build
[2018.12.08-21.13.06:642][406]LoadErrors: New page: Loading map: BillTest.umap
[2018.12.08-21.13.06:644][406]MapCheck: New page: Map Check
[2018.12.08-21.13.06:644][406]LightingResults: New page: Lighting Build
[2018.12.08-21.13.06:897][406]LogEditorServer: Finished looking for orphan Actors (0.000 secs)
[2018.12.08-21.13.07:078][406]Cmd: MAP CHECKDEP NOCLEARLOG
[2018.12.08-21.13.07:450][406]MapCheck: Map check complete: 0 Error(s), 0 Warning(s), took 371.628ms to complete.
[2018.12.08-21.13.07:453][406]LogFileHelpers: Loading map 'BillTest' took 0.814
[2018.12.08-21.13.10:768][469]LogSavePackage: Moving '../../../../../../Users/frankj6/Documents/GameDevOne/TeamSadMen/TeamSadMen/TeamSadMen/Saved/BillTest26C5E8954F806AC8115C70AF884BF362.tmp' to '../../../../../../Users/frankj6/Documents/GameDevOne/TeamSadMen/TeamSadMen/TeamSadMen/Content/FirstPersonBP/Maps/BillTest.umap'
[2018.12.08-21.13.10:770][469]LogFileManager: Warning: DeleteFile was unable to delete '../../../../../../Users/frankj6/Documents/GameDevOne/TeamSadMen/TeamSadMen/TeamSadMen/Content/FirstPersonBP/Maps/BillTest.umap', retrying in .5s...
[2018.12.08-21.13.11:271][469]LogFileManager: Error: Error deleting file '../../../../../../Users/frankj6/Documents/GameDevOne/TeamSadMen/TeamSadMen/TeamSadMen/Content/FirstPersonBP/Maps/BillTest.umap'.
[2018.12.08-21.13.11:271][469]LogSavePackage: Error: Error saving '../../../../../../Users/frankj6/Documents/GameDevOne/TeamSadMen/TeamSadMen/TeamSadMen/Content/FirstPersonBP/Maps/BillTest.umap'
[2018.12.08-21.13.11:316][469]EditorErrors: New page: Save Output
[2018.12.08-21.13.11:316][469]EditorErrors: Warning: Error saving '../../../../../../Users/frankj6/Documents/GameDevOne/TeamSadMen/TeamSadMen/TeamSadMen/Content/FirstPersonBP/Maps/BillTest.umap'
[2018.12.08-21.13.17:173][631]LogSlate: Window 'Message Log' being destroyed
[2018.12.08-21.13.17:191][631]LogSlate: Window 'Message Log' being destroyed
[2018.12.08-21.13.45:656][916]LogSavePackage: Moving '../../../../../../Users/frankj6/Documents/GameDevOne/TeamSadMen/TeamSadMen/TeamSadMen/Saved/BillTest111DD31A46ECCC3AE55D1DAD63173162.tmp' to '../../../../../../Users/frankj6/Documents/GameDevOne/TeamSadMen/TeamSadMen/TeamSadMen/Content/FirstPersonBP/Maps/BillTest.umap'
[2018.12.08-21.13.45:657][916]LogFileManager: Warning: DeleteFile was unable to delete '../../../../../../Users/frankj6/Documents/GameDevOne/TeamSadMen/TeamSadMen/TeamSadMen/Content/FirstPersonBP/Maps/BillTest.umap', retrying in .5s...
[2018.12.08-21.13.46:159][916]LogFileManager: Error: Error deleting file '../../../../../../Users/frankj6/Documents/GameDevOne/TeamSadMen/TeamSadMen/TeamSadMen/Content/FirstPersonBP/Maps/BillTest.umap'.
[2018.12.08-21.13.46:159][916]LogSavePackage: Error: Error saving '../../../../../../Users/frankj6/Documents/GameDevOne/TeamSadMen/TeamSadMen/TeamSadMen/Content/FirstPersonBP/Maps/BillTest.umap'
[2018.12.08-21.13.46:202][916]EditorErrors: New page: Save Output
[2018.12.08-21.13.46:203][916]EditorErrors: Warning: Error saving '../../../../../../Users/frankj6/Documents/GameDevOne/TeamSadMen/TeamSadMen/TeamSadMen/Content/FirstPersonBP/Maps/BillTest.umap'
[2018.12.08-21.13.46:250][916]LogFileHelpers: Saving map 'BillTest' took 1.097
[2018.12.08-21.13.51:877][916]LogSlate: Window 'Message' being destroyed
[2018.12.08-21.13.52:524][916]LogSavePackage: Moving '../../../../../../Users/frankj6/Documents/GameDevOne/TeamSadMen/TeamSadMen/TeamSadMen/Saved/BillTest9ECC8340464A829882C7E2B8072BCE75.tmp' to '../../../../../../Users/frankj6/Documents/GameDevOne/TeamSadMen/TeamSadMen/TeamSadMen/Content/FirstPersonBP/Maps/BillTest.umap'
[2018.12.08-21.13.52:525][916]LogFileManager: Warning: DeleteFile was unable to delete '../../../../../../Users/frankj6/Documents/GameDevOne/TeamSadMen/TeamSadMen/TeamSadMen/Content/FirstPersonBP/Maps/BillTest.umap', retrying in .5s...
[2018.12.08-21.13.53:026][916]LogFileManager: Error: Error deleting file '../../../../../../Users/frankj6/Documents/GameDevOne/TeamSadMen/TeamSadMen/TeamSadMen/Content/FirstPersonBP/Maps/BillTest.umap'.
[2018.12.08-21.13.53:026][916]LogSavePackage: Error: Error saving '../../../../../../Users/frankj6/Documents/GameDevOne/TeamSadMen/TeamSadMen/TeamSadMen/Content/FirstPersonBP/Maps/BillTest.umap'
[2018.12.08-21.13.53:070][916]EditorErrors: New page: Save Output
[2018.12.08-21.13.53:070][916]EditorErrors: Warning: Error saving '../../../../../../Users/frankj6/Documents/GameDevOne/TeamSadMen/TeamSadMen/TeamSadMen/Content/FirstPersonBP/Maps/BillTest.umap'
[2018.12.08-21.13.53:087][916]LogFileHelpers: Saving map 'BillTest' took 1.206
[2018.12.08-21.13.56:156][916]LogSlate: Window 'Message' being destroyed
[2018.12.08-21.14.59:417][165]LogSlate: Window 'Message Log' being destroyed
[2018.12.08-21.14.59:428][165]LogSlate: Window 'Message Log' being destroyed
[2018.12.08-21.15.34:328][362]LogSavePackage: Moving '../../../../../../Users/frankj6/Documents/GameDevOne/TeamSadMen/TeamSadMen/TeamSadMen/Saved/BillTest02E2BD404506E319B45707903C2AFE44.tmp' to '../../../../../../Users/frankj6/Documents/GameDevOne/TeamSadMen/TeamSadMen/TeamSadMen/Content/FirstPersonBP/Maps/BillTest.umap'
[2018.12.08-21.15.34:330][362]LogFileManager: Warning: DeleteFile was unable to delete '../../../../../../Users/frankj6/Documents/GameDevOne/TeamSadMen/TeamSadMen/TeamSadMen/Content/FirstPersonBP/Maps/BillTest.umap', retrying in .5s...
[2018.12.08-21.15.34:831][362]LogFileManager: Error: Error deleting file '../../../../../../Users/frankj6/Documents/GameDevOne/TeamSadMen/TeamSadMen/TeamSadMen/Content/FirstPersonBP/Maps/BillTest.umap'.
[2018.12.08-21.15.34:835][362]LogSavePackage: Error: Error saving '../../../../../../Users/frankj6/Documents/GameDevOne/TeamSadMen/TeamSadMen/TeamSadMen/Content/FirstPersonBP/Maps/BillTest.umap'
[2018.12.08-21.15.34:918][362]EditorErrors: New page: Save Output
[2018.12.08-21.15.34:918][362]EditorErrors: Warning: Error saving '../../../../../../Users/frankj6/Documents/GameDevOne/TeamSadMen/TeamSadMen/TeamSadMen/Content/FirstPersonBP/Maps/BillTest.umap'
[2018.12.08-21.15.36:503][407]LogSlate: Window 'Message Log' being destroyed
[2018.12.08-21.15.36:514][407]LogSlate: Window 'Message Log' being destroyed
[2018.12.08-21.15.37:722][435]LogSlate: Window 'TeamSadMen - Unreal Editor' being destroyed
[2018.12.08-21.15.37:723][435]LogWindowsTextInputMethodSystem: Display: IME system now deactivated.
[2018.12.08-21.15.38:151][436]Cmd: QUIT_EDITOR
[2018.12.08-21.15.38:284][436]LogExit: Preparing to exit.
[2018.12.08-21.15.38:502][436]LogExit: Editor shut down
[2018.12.08-21.15.38:502][436]LogExit: Transaction tracking system shut down
[2018.12.08-21.15.39:113][436]LogExit: Object subsystem successfully closed.
[2018.12.08-21.15.39:130][436]LogShaderCompilers: Display: Shaders left to compile 0
[2018.12.08-21.15.39:140][436]LogD3D11RHI: Shutdown
[2018.12.08-21.15.39:140][436]LogD3D11RHI: CleanupD3DDevice
[2018.12.08-21.15.39:155][436]LogD3D11RHI: ~FD3D11DynamicRHI
[2018.12.08-21.15.39:263][436]LogModuleManager: Shutting down and abandoning module HierarchicalLODOutliner (610)
[2018.12.08-21.15.39:263][436]LogModuleManager: Shutting down and abandoning module SceneOutliner (608)
[2018.12.08-21.15.39:263][436]LogModuleManager: Shutting down and abandoning module AddContentDialog (606)
[2018.12.08-21.15.39:265][436]LogModuleManager: Shutting down and abandoning module WidgetCarousel (605)
[2018.12.08-21.15.39:265][436]LogModuleManager: Shutting down and abandoning module EditorWidgets (602)
[2018.12.08-21.15.39:265][436]LogModuleManager: Shutting down and abandoning module CollectionManager (600)
[2018.12.08-21.15.39:266][436]LogModuleManager: Shutting down and abandoning module StatsViewer (598)
[2018.12.08-21.15.39:266][436]LogModuleManager: Shutting down and abandoning module FoliageEdit (596)
[2018.12.08-21.15.39:266][436]LogModuleManager: Shutting down and abandoning module LandscapeEditor (594)
[2018.12.08-21.15.39:266][436]LogModuleManager: Shutting down and abandoning module MeshPaintMode (592)
[2018.12.08-21.15.39:266][436]LogModuleManager: Shutting down and abandoning module SceneDepthPickerMode (590)
[2018.12.08-21.15.39:266][436]LogModuleManager: Shutting down and abandoning module ActorPickerMode (588)
[2018.12.08-21.15.39:267][436]LogModuleManager: Shutting down and abandoning module GeometryMode (586)
[2018.12.08-21.15.39:267][436]LogModuleManager: Shutting down and abandoning module TextureAlignMode (584)
[2018.12.08-21.15.39:267][436]LogModuleManager: Shutting down and abandoning module BspMode (582)
[2018.12.08-21.15.39:267][436]LogModuleManager: Shutting down and abandoning module PIEPreviewDeviceProfileSelector (580)
[2018.12.08-21.15.39:267][436]LogModuleManager: Shutting down and abandoning module SequenceRecorderSections (578)
[2018.12.08-21.15.39:267][436]LogModuleManager: Shutting down and abandoning module AutomationWorker (576)
[2018.12.08-21.15.39:267][436]LogModuleManager: Shutting down and abandoning module AudioCaptureEditor (574)
[2018.12.08-21.15.39:267][436]LogModuleManager: Shutting down and abandoning module SequenceRecorder (573)
[2018.12.08-21.15.39:272][436]LogModuleManager: Shutting down and abandoning module MatineeToLevelSequence (570)
[2018.12.08-21.15.39:272][436]LogModuleManager: Shutting down and abandoning module LevelSequenceEditor (568)
[2018.12.08-21.15.39:272][436]LogModuleManager: Shutting down and abandoning module PlacementMode (567)
[2018.12.08-21.15.39:272][436]LogModuleManager: Shutting down and abandoning module MaterialEditor (566)
[2018.12.08-21.15.39:272][436]LogModuleManager: Shutting down and abandoning module WmfMediaFactory (562)
[2018.12.08-21.15.39:272][436]LogModuleManager: Shutting down and abandoning module WmfMediaEditor (560)
[2018.12.08-21.15.39:272][436]LogModuleManager: Shutting down and abandoning module MediaPlayerEditor (558)
[2018.12.08-21.15.39:273][436]LogModuleManager: Shutting down and abandoning module OpenExrWrapper (556)
[2018.12.08-21.15.39:273][436]LogModuleManager: Shutting down and abandoning module ImgMediaFactory (554)
[2018.12.08-21.15.39:273][436]LogModuleManager: Shutting down and abandoning module ImgMediaEditor (552)
[2018.12.08-21.15.39:273][436]LogModuleManager: Shutting down and abandoning module AvfMediaFactory (550)
[2018.12.08-21.15.39:273][436]LogModuleManager: Shutting down and abandoning module AvfMediaEditor (548)
[2018.12.08-21.15.39:273][436]LogModuleManager: Shutting down and abandoning module AndroidMediaFactory (546)
[2018.12.08-21.15.39:273][436]LogModuleManager: Shutting down and abandoning module AndroidMediaEditor (544)
[2018.12.08-21.15.39:273][436]LogModuleManager: Shutting down and abandoning module MagicLeapCameraPreviewFactory (542)
[2018.12.08-21.15.39:273][436]LogModuleManager: Shutting down and abandoning module MagicLeapMediaFactory (540)
[2018.12.08-21.15.39:273][436]LogModuleManager: Shutting down and abandoning module MagicLeapMediaEditor (538)
[2018.12.08-21.15.39:273][436]LogModuleManager: Shutting down and abandoning module CharacterAI (536)
[2018.12.08-21.15.39:273][436]LogModuleManager: Shutting down and abandoning module SmartSnapping (534)
[2018.12.08-21.15.39:273][436]LogModuleManager: Shutting down and abandoning module SessionServices (532)
[2018.12.08-21.15.39:273][436]LogModuleManager: Shutting down and abandoning module ViewportSnapping (530)
[2018.12.08-21.15.39:273][436]LogModuleManager: Shutting down and abandoning module ViewportInteraction (528)
[2018.12.08-21.15.39:273][436]LogModuleManager: Shutting down and abandoning module ClothPainter (526)
[2018.12.08-21.15.39:273][436]LogModuleManager: Shutting down and abandoning module SkeletalMeshEditor (525)
[2018.12.08-21.15.39:273][436]LogModuleManager: Shutting down and abandoning module LogVisualizer (522)
[2018.12.08-21.15.39:273][436]LogModuleManager: Shutting down and abandoning module IntroTutorials (520)
[2018.12.08-21.15.39:273][436]LogModuleManager: Shutting down and abandoning module GameProjectGeneration (519)
[2018.12.08-21.15.39:273][436]LogModuleManager: Shutting down and abandoning module LuminPlatformEditor (516)
[2018.12.08-21.15.39:273][436]LogModuleManager: Shutting down and abandoning module IOSPlatformEditor (514)
[2018.12.08-21.15.39:275][436]LogModuleManager: Shutting down and abandoning module HTML5PlatformEditor (512)
[2018.12.08-21.15.39:275][436]LogModuleManager: Shutting down and abandoning module AndroidPlatformEditor (510)
[2018.12.08-21.15.39:275][436]LogModuleManager: Shutting down and abandoning module AndroidDeviceDetection (509)
[2018.12.08-21.15.40:957][436]LogModuleManager: Shutting down and abandoning module WindowsPlatformEditor (506)
[2018.12.08-21.15.40:959][436]LogModuleManager: Shutting down and abandoning module LuminRuntimeSettings (504)
[2018.12.08-21.15.40:959][436]LogModuleManager: Shutting down and abandoning module IOSRuntimeSettings (502)
[2018.12.08-21.15.40:959][436]LogModuleManager: Shutting down and abandoning module AndroidRuntimeSettings (500)
[2018.12.08-21.15.40:960][436]LogModuleManager: Shutting down and abandoning module InputBindingEditor (498)
[2018.12.08-21.15.40:960][436]LogModuleManager: Shutting down and abandoning module MergeActors (496)
[2018.12.08-21.15.40:960][436]LogModuleManager: Shutting down and abandoning module LocalizationDashboard (494)
[2018.12.08-21.15.40:964][436]LogModuleManager: Shutting down and abandoning module LocalizationService (493)
[2018.12.08-21.15.40:996][436]LogModuleManager: Shutting down and abandoning module HardwareTargeting (490)
[2018.12.08-21.15.40:996][436]LogModuleManager: Shutting down and abandoning module DeviceProfileEditor (488)
[2018.12.08-21.15.40:996][436]LogModuleManager: Shutting down and abandoning module UndoHistory (486)
[2018.12.08-21.15.40:996][436]LogModuleManager: Shutting down and abandoning module XmlParser (484)
[2018.12.08-21.15.40:996][436]LogModuleManager: Shutting down and abandoning module Blutility (482)
[2018.12.08-21.15.40:997][436]LogModuleManager: Shutting down and abandoning module ProjectSettingsViewer (480)
[2018.12.08-21.15.40:997][436]LogModuleManager: Shutting down and abandoning module ProjectTargetPlatformEditor (479)
[2018.12.08-21.15.41:005][436]LogModuleManager: Shutting down and abandoning module EditorSettingsViewer (476)
[2018.12.08-21.15.41:005][436]LogModuleManager: Shutting down and abandoning module SettingsEditor (474)
[2018.12.08-21.15.41:005][436]LogModuleManager: Shutting down and abandoning module ProjectLauncher (472)
[2018.12.08-21.15.41:007][436]LogModuleManager: Shutting down and abandoning module SessionFrontend (470)
[2018.12.08-21.15.41:009][436]LogModuleManager: Shutting down and abandoning module ProfilerClient (468)
[2018.12.08-21.15.41:010][436]LogModuleManager: Shutting down and abandoning module DeviceManager (466)
[2018.12.08-21.15.41:011][436]LogModuleManager: Shutting down and abandoning module TargetDeviceServices (465)
[2018.12.08-21.15.41:110][436]LogModuleManager: Shutting down and abandoning module AutomationController (462)
[2018.12.08-21.15.41:110][436]LogModuleManager: Shutting down and abandoning module AutomationWindow (460)
[2018.12.08-21.15.41:110][436]LogModuleManager: Shutting down and abandoning module Layers (458)
[2018.12.08-21.15.41:110][436]LogModuleManager: Shutting down and abandoning module ComponentVisualizers (456)
[2018.12.08-21.15.41:110][436]LogModuleManager: Shutting down and abandoning module DetailCustomizations (454)
[2018.12.08-21.15.41:111][436]LogModuleManager: Shutting down and abandoning module PackagesDialog (452)
[2018.12.08-21.15.41:112][436]LogModuleManager: Shutting down and abandoning module Persona (450)
[2018.12.08-21.15.41:112][436]LogModuleManager: Shutting down and abandoning module AdvancedPreviewScene (449)
[2018.12.08-21.15.41:112][436]LogModuleManager: Shutting down and abandoning module AnimGraph (447)
[2018.12.08-21.15.41:113][436]LogModuleManager: Shutting down and abandoning module Kismet (444)
[2018.12.08-21.15.41:115][436]LogModuleManager: Shutting down and abandoning module GraphEditor (442)
[2018.12.08-21.15.41:116][436]LogModuleManager: Shutting down and abandoning module ClassViewer (440)
[2018.12.08-21.15.41:116][436]LogModuleManager: Shutting down and abandoning module Toolbox (438)
[2018.12.08-21.15.41:116][436]LogModuleManager: Shutting down and abandoning module ModuleUI (436)
[2018.12.08-21.15.41:116][436]LogModuleManager: Shutting down and abandoning module MovieSceneTools (434)
[2018.12.08-21.15.41:116][436]LogModuleManager: Shutting down and abandoning module OutputLog (432)
[2018.12.08-21.15.41:116][436]LogModuleManager: Shutting down and abandoning module GammaUI (430)
[2018.12.08-21.15.41:116][436]LogModuleManager: Shutting down and abandoning module Documentation (428)
[2018.12.08-21.15.41:116][436]LogModuleManager: Shutting down and abandoning module MovieSceneTracks (426)
[2018.12.08-21.15.41:117][436]LogModuleManager: Shutting down and abandoning module MovieScene (424)
[2018.12.08-21.15.41:117][436]LogModuleManager: Shutting down and abandoning module StreamingPauseRendering (422)
[2018.12.08-21.15.41:117][436]LogModuleManager: Shutting down and abandoning module LauncherPlatform (420)
[2018.12.08-21.15.41:117][436]LogModuleManager: Shutting down and abandoning module AnalyticsET (418)
[2018.12.08-21.15.41:117][436]LogModuleManager: Shutting down and abandoning module PortalServices (416)
[2018.12.08-21.15.41:117][436]LogModuleManager: Shutting down and abandoning module PortalRpc (414)
[2018.12.08-21.15.41:117][436]LogModuleManager: Shutting down and abandoning module MessagingRpc (412)
[2018.12.08-21.15.41:118][436]LogModuleManager: Shutting down and abandoning module AIModule (410)
[2018.12.08-21.15.41:118][436]LogModuleManager: Shutting down and abandoning module GameplayDebugger (409)
[2018.12.08-21.15.41:118][436]LogModuleManager: Shutting down and abandoning module AITestSuite (407)
[2018.12.08-21.15.41:118][436]LogModuleManager: Shutting down and abandoning module NavigationSystem (405)
[2018.12.08-21.15.41:118][436]LogModuleManager: Shutting down and abandoning module DesktopPlatform (402)
[2018.12.08-21.15.41:118][436]LogModuleManager: Shutting down and abandoning module ProfilerService (400)
[2018.12.08-21.15.41:306][436]LogModuleManager: Shutting down and abandoning module TaskGraph (398)
[2018.12.08-21.15.41:307][436]LogModuleManager: Shutting down and abandoning module SteamVRController (396)
[2018.12.08-21.15.41:308][436]LogModuleManager: Shutting down and abandoning module ProceduralMeshComponentEditor (394)
[2018.12.08-21.15.41:308][436]LogModuleManager: Shutting down and abandoning module ProceduralMeshComponent (392)
[2018.12.08-21.15.41:308][436]LogModuleManager: Shutting down and abandoning module OculusInput (390)
[2018.12.08-21.15.41:309][436]LogModuleManager: Shutting down and abandoning module MobilePatchingUtils (388)
[2018.12.08-21.15.41:310][436]LogModuleManager: Shutting down and abandoning module EditableMesh (386)
[2018.12.08-21.15.41:310][436]LogModuleManager: Shutting down and abandoning module CustomMeshComponent (384)
[2018.12.08-21.15.41:310][436]LogModuleManager: Shutting down and abandoning module CableComponent (382)
[2018.12.08-21.15.41:310][436]LogModuleManager: Shutting down and abandoning module AudioCapture (380)
[2018.12.08-21.15.41:310][436]LogModuleManager: Shutting down and abandoning module ArchVisCharacter (378)
[2018.12.08-21.15.41:310][436]LogModuleManager: Shutting down and abandoning module AndroidPermission (376)
[2018.12.08-21.15.41:310][436]LogModuleManager: Shutting down and abandoning module NUTUnrealEngine4 (374)
[2018.12.08-21.15.41:310][436]LogModuleManager: Shutting down and abandoning module NetcodeUnitTest (372)
[2018.12.08-21.15.41:311][436]LogModuleManager: Shutting down and abandoning module MediaCompositingEditor (370)
[2018.12.08-21.15.41:311][436]LogModuleManager: Shutting down and abandoning module MediaCompositing (368)
[2018.12.08-21.15.41:311][436]LogModuleManager: Shutting down and abandoning module LinearTimecode (366)
[2018.12.08-21.15.41:311][436]LogModuleManager: Shutting down and abandoning module ImgMedia (364)
[2018.12.08-21.15.41:325][436]LogModuleManager: Shutting down and abandoning module HTML5Networking (362)
[2018.12.08-21.15.41:325][436]LogModuleManager: Shutting down and abandoning module GeometryCacheTracks (360)
[2018.12.08-21.15.41:326][436]LogModuleManager: Shutting down and abandoning module GeometryCacheSequencer (358)
[2018.12.08-21.15.41:326][436]LogModuleManager: Shutting down and abandoning module BackChannel (356)
[2018.12.08-21.15.41:326][436]LogModuleManager: Shutting down and abandoning module AppleVision (354)
[2018.12.08-21.15.41:326][436]LogModuleManager: Shutting down and abandoning module AppleImageUtils (352)
[2018.12.08-21.15.41:326][436]LogModuleManager: Shutting down and abandoning module AlembicImporter (350)
[2018.12.08-21.15.41:326][436]LogModuleManager: Shutting down and abandoning module AlembicLibrary (349)
[2018.12.08-21.15.41:327][436]LogModuleManager: Shutting down and abandoning module GeometryCache (348)
[2018.12.08-21.15.41:328][436]LogModuleManager: Shutting down and abandoning module GeometryCacheEd (347)
[2018.12.08-21.15.41:328][436]LogModuleManager: Shutting down and abandoning module DatasmithContentEditor (342)
[2018.12.08-21.15.41:328][436]LogModuleManager: Shutting down and abandoning module DatasmithContent (340)
[2018.12.08-21.15.41:329][436]LogModuleManager: Shutting down and abandoning module SpeedTreeImporter (338)
[2018.12.08-21.15.41:331][436]LogModuleManager: Shutting down and abandoning module PluginBrowser (336)
[2018.12.08-21.15.41:331][436]LogModuleManager: Shutting down and abandoning module MobileLauncherProfileWizard (334)
[2018.12.08-21.15.41:331][436]LogModuleManager: Shutting down and abandoning module PolygonModeling (332)
[2018.12.08-21.15.41:331][436]LogModuleManager: Shutting down and abandoning module MeshEditor (330)
[2018.12.08-21.15.41:332][436]LogModuleManager: Shutting down and abandoning module CryptoKeysOpenSSL (328)
[2018.12.08-21.15.41:332][436]LogModuleManager: Shutting down and abandoning module CryptoKeys (326)
[2018.12.08-21.15.41:332][436]LogModuleManager: Shutting down and abandoning module VisualStudioSourceCodeAccess (324)
[2018.12.08-21.15.41:332][436]LogModuleManager: Shutting down and abandoning module VisualStudioCodeSourceCodeAccess (322)
[2018.12.08-21.15.41:332][436]LogModuleManager: Shutting down and abandoning module UObjectPlugin (320)
[2018.12.08-21.15.41:332][436]LogModuleManager: Shutting down and abandoning module SubversionSourceControl (318)
[2018.12.08-21.15.41:333][436]LogModuleManager: Shutting down and abandoning module PerforceSourceControl (316)
[2018.12.08-21.15.41:333][436]LogModuleManager: Shutting down and abandoning module GitSourceControl (314)
[2018.12.08-21.15.41:333][436]LogModuleManager: Shutting down and abandoning module SourceControl (313)
[2018.12.08-21.15.41:333][436]LogModuleManager: Shutting down and abandoning module CLionSourceCodeAccess (310)
[2018.12.08-21.15.41:333][436]LogModuleManager: Shutting down and abandoning module LightPropagationVolumeEditor (308)
[2018.12.08-21.15.41:334][436]LogModuleManager: Shutting down and abandoning module PaperTiledImporter (306)
[2018.12.08-21.15.41:334][436]LogModuleManager: Shutting down and abandoning module PaperSpriteSheetImporter (304)
[2018.12.08-21.15.41:334][436]LogModuleManager: Shutting down and abandoning module Paper2DEditor (302)
[2018.12.08-21.15.41:334][436]LogModuleManager: Shutting down and abandoning module MeshPaint (301)
[2018.12.08-21.15.41:334][436]LogModuleManager: Shutting down and abandoning module RuntimePhysXCooking (298)
[2018.12.08-21.15.41:334][436]LogModuleManager: Shutting down and abandoning module PhysXVehiclesEditor (296)
[2018.12.08-21.15.41:334][436]LogModuleManager: Shutting down and abandoning module PhysXVehicles (294)
[2018.12.08-21.15.41:335][436]LogModuleManager: Shutting down and abandoning module OculusEditor (292)
[2018.12.08-21.15.41:335][436]LogModuleManager: Shutting down and abandoning module LocationServicesBPLibrary (290)
[2018.12.08-21.15.41:335][436]LogModuleManager: Shutting down and abandoning module ImmediatePhysicsEditor (288)
[2018.12.08-21.15.41:335][436]LogModuleManager: Shutting down and abandoning module ImmediatePhysics (286)
[2018.12.08-21.15.41:335][436]LogModuleManager: Shutting down and abandoning module ActorSequence (284)
[2018.12.08-21.15.41:335][436]LogModuleManager: Shutting down and abandoning module UdpMessaging (282)
[2018.12.08-21.15.41:461][436]LogModuleManager: Shutting down and abandoning module TcpMessaging (280)
[2018.12.08-21.15.41:563][436]LogModuleManager: Shutting down and abandoning module MagicLeapAudio (278)
[2018.12.08-21.15.41:563][436]LogModuleManager: Shutting down and abandoning module GameplayTagsEditor (276)
[2018.12.08-21.15.41:563][436]LogModuleManager: Shutting down and abandoning module FacialAnimationEditor (274)
[2018.12.08-21.15.41:563][436]LogModuleManager: Shutting down and abandoning module FacialAnimation (272)
[2018.12.08-21.15.41:563][436]LogModuleManager: Shutting down and abandoning module DataValidation (270)
[2018.12.08-21.15.41:563][436]LogModuleManager: Shutting down and abandoning module AssetManagerEditor (268)
[2018.12.08-21.15.41:563][436]LogModuleManager: Shutting down and abandoning module LevelEditor (267)
[2018.12.08-21.15.41:570][436]LogModuleManager: Shutting down and abandoning module PixelInspectorModule (266)
[2018.12.08-21.15.41:570][436]LogModuleManager: Shutting down and abandoning module CommonMenuExtensions (264)
[2018.12.08-21.15.41:571][436]LogModuleManager: Shutting down and abandoning module MainFrame (262)
[2018.12.08-21.15.41:571][436]LogModuleManager: Shutting down and abandoning module HotReload (261)
[2018.12.08-21.15.41:572][436]LogModuleManager: Shutting down and abandoning module ContentBrowser (257)
[2018.12.08-21.15.41:575][436]LogModuleManager: Shutting down and abandoning module TreeMap (255)
[2018.12.08-21.15.41:575][436]LogModuleManager: Shutting down and abandoning module LightPropagationVolumeRuntime (252)
[2018.12.08-21.15.41:575][436]LogModuleManager: Shutting down and abandoning module AISupportModule (250)
[2018.12.08-21.15.41:575][436]LogModuleManager: Shutting down and abandoning module Paper2D (248)
[2018.12.08-21.15.41:575][436]LogModuleManager: Shutting down and abandoning module WindowsMoviePlayer (246)
[2018.12.08-21.15.41:575][436]LogModuleManager: Shutting down and abandoning module WmfMedia (244)
[2018.12.08-21.15.41:577][436]LogModuleManager: Shutting down and abandoning module Media (243)
[2018.12.08-21.15.41:583][436]LogModuleManager: Shutting down and abandoning module PacketHandler (240)
[2018.12.08-21.15.41:583][436]LogModuleManager: Shutting down and abandoning module ClothingSystemEditor (238)
[2018.12.08-21.15.41:583][436]LogModuleManager: Shutting down and abandoning module ClothingSystemRuntime (236)
[2018.12.08-21.15.41:584][436]LogModuleManager: Shutting down and abandoning module MediaAssets (234)
[2018.12.08-21.15.41:584][436]LogModuleManager: Shutting down and abandoning module Overlay (232)
[2018.12.08-21.15.41:584][436]LogModuleManager: Shutting down and abandoning module OverlayEditor (231)
[2018.12.08-21.15.41:584][436]LogModuleManager: Shutting down and abandoning module VREditor (228)
[2018.12.08-21.15.41:584][436]LogModuleManager: Shutting down and abandoning module StringTableEditor (226)
[2018.12.08-21.15.41:584][436]LogModuleManager: Shutting down and abandoning module GameplayTasksEditor (224)
[2018.12.08-21.15.41:584][436]LogModuleManager: Shutting down and abandoning module BehaviorTreeEditor (222)
[2018.12.08-21.15.41:584][436]LogModuleManager: Shutting down and abandoning module FunctionalTesting (220)
[2018.12.08-21.15.41:584][436]LogModuleManager: Shutting down and abandoning module CollisionAnalyzer (218)
[2018.12.08-21.15.41:584][436]LogModuleManager: Shutting down and abandoning module WorkspaceMenuStructure (217)
[2018.12.08-21.15.41:584][436]LogModuleManager: Shutting down and abandoning module UMG (214)
[2018.12.08-21.15.41:584][436]LogModuleManager: Shutting down and abandoning module UMGEditor (213)
[2018.12.08-21.15.41:584][436]LogModuleManager: Shutting down and abandoning module Sequencer (212)
[2018.12.08-21.15.41:584][436]LogModuleManager: Shutting down and abandoning module MessageLog (209)
[2018.12.08-21.15.41:584][436]LogModuleManager: Shutting down and abandoning module SlateReflector (204)
[2018.12.08-21.15.41:584][436]LogModuleManager: Shutting down and abandoning module Slate (202)
[2018.12.08-21.15.41:584][436]LogModuleManager: Shutting down and abandoning module EditorStyle (200)
[2018.12.08-21.15.41:591][436]LogModuleManager: Shutting down and abandoning module MRMesh (198)
[2018.12.08-21.15.41:591][436]LogModuleManager: Shutting down and abandoning module SourceCodeAccess (196)
[2018.12.08-21.15.41:591][436]LogModuleManager: Shutting down and abandoning module HeadMountedDisplay (194)
[2018.12.08-21.15.41:591][436]LogModuleManager: Shutting down and abandoning module XAudio2 (192)
[2018.12.08-21.15.41:591][436]LogModuleManager: Shutting down and abandoning module Networking (190)
[2018.12.08-21.15.41:591][436]LogModuleManager: Shutting down and abandoning module Core (188)
[2018.12.08-21.15.41:591][436]LogModuleManager: Shutting down and abandoning module LevelSequence (186)
[2018.12.08-21.15.41:591][436]LogModuleManager: Shutting down and abandoning module KismetCompiler (184)
[2018.12.08-21.15.41:591][436]LogModuleManager: Shutting down and abandoning module MeshUtilities (182)
[2018.12.08-21.15.41:591][436]LogModuleManager: Shutting down and abandoning module MeshMergeUtilities (181)
[2018.12.08-21.15.41:591][436]LogModuleManager: Shutting down and abandoning module MeshReductionInterface (180)
[2018.12.08-21.15.41:591][436]LogModuleManager: Shutting down and abandoning module SimplygonSwarm (179)
[2018.12.08-21.15.41:591][436]LogModuleManager: Shutting down and abandoning module ProxyLODMeshReduction (177)
[2018.12.08-21.15.41:591][436]LogModuleManager: Shutting down and abandoning module SimplygonMeshReduction (175)
[2018.12.08-21.15.41:591][436]LogModuleManager: Shutting down and abandoning module QuadricMeshReduction (173)
[2018.12.08-21.15.41:591][436]LogModuleManager: Shutting down and abandoning module MaterialBaking (169)
[2018.12.08-21.15.41:591][436]LogModuleManager: Shutting down and abandoning module DirectoryWatcher (165)
[2018.12.08-21.15.41:591][436]LogModuleManager: Shutting down and abandoning module DerivedDataCache (162)
[2018.12.08-21.15.41:663][436]LogDerivedDataCache: Shutdown
[2018.12.08-21.15.41:664][436]LogModuleManager: Shutting down and abandoning module XGEController (160)
[2018.12.08-21.15.41:664][436]LogModuleManager: Shutting down and abandoning module TargetPlatform (158)
[2018.12.08-21.15.41:664][436]LogModuleManager: Shutting down and abandoning module VulkanShaderFormat (157)
[2018.12.08-21.15.41:664][436]LogModuleManager: Shutting down and abandoning module ShaderFormatVectorVM (155)
[2018.12.08-21.15.41:664][436]LogModuleManager: Shutting down and abandoning module ShaderFormatOpenGL (153)
[2018.12.08-21.15.41:664][436]LogModuleManager: Shutting down and abandoning module ShaderFormatD3D (151)
[2018.12.08-21.15.41:664][436]LogModuleManager: Shutting down and abandoning module MetalShaderFormat (149)
[2018.12.08-21.15.41:664][436]LogModuleManager: Shutting down and abandoning module TextureFormatUncompressed (147)
[2018.12.08-21.15.41:664][436]LogModuleManager: Shutting down and abandoning module TextureFormatPVR (145)
[2018.12.08-21.15.41:664][436]LogModuleManager: Shutting down and abandoning module TextureFormatDXT (143)
[2018.12.08-21.15.41:664][436]LogModuleManager: Shutting down and abandoning module TextureFormatIntelISPCTexComp (141)
[2018.12.08-21.15.41:664][436]LogModuleManager: Shutting down and abandoning module TextureFormatASTC (139)
[2018.12.08-21.15.41:664][436]LogModuleManager: Shutting down and abandoning module ImageWrapper (138)
[2018.12.08-21.15.41:664][436]LogModuleManager: Shutting down and abandoning module TextureFormatAndroid (135)
[2018.12.08-21.15.41:664][436]LogModuleManager: Shutting down and abandoning module AudioFormatOpus (133)
[2018.12.08-21.15.41:664][436]LogModuleManager: Shutting down and abandoning module AudioFormatOgg (131)
[2018.12.08-21.15.41:664][436]LogModuleManager: Shutting down and abandoning module AudioFormatADPCM (129)
[2018.12.08-21.15.41:664][436]LogModuleManager: Shutting down and abandoning module LuminTargetPlatform (127)
[2018.12.08-21.15.41:664][436]LogModuleManager: Shutting down and abandoning module LinuxTargetPlatform (125)
[2018.12.08-21.15.41:664][436]LogModuleManager: Shutting down and abandoning module LinuxServerTargetPlatform (123)
[2018.12.08-21.15.41:664][436]LogModuleManager: Shutting down and abandoning module LinuxNoEditorTargetPlatform (121)
[2018.12.08-21.15.41:664][436]LogModuleManager: Shutting down and abandoning module LinuxClientTargetPlatform (119)
[2018.12.08-21.15.41:665][436]LogModuleManager: Shutting down and abandoning module TVOSTargetPlatform (117)
[2018.12.08-21.15.41:666][436]LogModuleManager: Shutting down and abandoning module Messaging (115)
[2018.12.08-21.15.41:666][436]LogModuleManager: Shutting down and abandoning module IOSTargetPlatform (113)
[2018.12.08-21.15.41:668][436]LogModuleManager: Shutting down and abandoning module HTML5TargetPlatform (111)
[2018.12.08-21.15.41:668][436]LogModuleManager: Shutting down and abandoning module AndroidTargetPlatform (109)
[2018.12.08-21.15.41:678][436]LogModuleManager: Shutting down and abandoning module WindowsTargetPlatform (107)
[2018.12.08-21.15.41:679][436]LogModuleManager: Shutting down and abandoning module WindowsServerTargetPlatform (105)
[2018.12.08-21.15.41:679][436]LogModuleManager: Shutting down and abandoning module WindowsNoEditorTargetPlatform (103)
[2018.12.08-21.15.41:679][436]LogModuleManager: Shutting down and abandoning module WindowsClientTargetPlatform (101)
[2018.12.08-21.15.41:679][436]LogModuleManager: Shutting down and abandoning module MacTargetPlatform (99)
[2018.12.08-21.15.41:679][436]LogModuleManager: Shutting down and abandoning module MacServerTargetPlatform (97)
[2018.12.08-21.15.41:679][436]LogModuleManager: Shutting down and abandoning module MacNoEditorTargetPlatform (95)
[2018.12.08-21.15.41:679][436]LogModuleManager: Shutting down and abandoning module MacClientTargetPlatform (93)
[2018.12.08-21.15.41:679][436]LogModuleManager: Shutting down and abandoning module AllDesktopTargetPlatform (91)
[2018.12.08-21.15.41:679][436]LogModuleManager: Shutting down and abandoning module InputCore (88)
[2018.12.08-21.15.41:679][436]LogModuleManager: Shutting down and abandoning module Settings (86)
[2018.12.08-21.15.41:679][436]LogModuleManager: Shutting down and abandoning module PhysXCooking (84)
[2018.12.08-21.15.41:679][436]LogModuleManager: Shutting down and abandoning module SteamVR (82)
[2018.12.08-21.15.41:679][436]LogModuleManager: Shutting down and abandoning module OculusHMD (80)
[2018.12.08-21.15.41:679][436]LogModuleManager: Shutting down and abandoning module ExampleDeviceProfileSelector (78)
[2018.12.08-21.15.41:679][436]LogModuleManager: Shutting down and abandoning module LauncherChunkInstaller (76)
[2018.12.08-21.15.41:679][436]LogModuleManager: Shutting down and abandoning module OnlineBlueprintSupport (74)
[2018.12.08-21.15.41:679][436]LogModuleManager: Shutting down and abandoning module OnlineSubsystem (70)
[2018.12.08-21.15.41:680][436]LogModuleManager: Shutting down and abandoning module XMPP (65)
[2018.12.08-21.15.41:680][436]LogModuleManager: Shutting down and abandoning module WebSockets (64)
[2018.12.08-21.15.41:717][436]LogModuleManager: Shutting down and abandoning module HTTP (61)
[2018.12.08-21.15.41:717][436]LogHttp: Display: Http module shutting down, but needs to wait on 1 outstanding Http requests:
[2018.12.08-21.15.41:717][436]LogHttp: Display: 	verb=[POST] url=[https://datarouter.ol.epicgames.com/datarouter/api/v1/public/data?SessionID=%7B7A6B8BD0-4327-8B81-D2E1-74935E288066%7D&AppID=UEEditor.Rocket.Release&AppVersion=4.20.3-4369336%2B%2B%2BUE4%2BRelease-4.20&UserID=7183c292406cf04f5b54d1b76cc3e475%7C215950167ed840aeb891af1096fa62dd%7Cefb23bdc-d6bc-48ee-9213-8e5227b1425c&AppEnvironment=datacollector-binary&UploadType=eteventstream] status=Processing
[2018.12.08-21.15.41:741][436]LogModuleManager: Shutting down and abandoning module SSL (60)
[2018.12.08-21.15.41:743][436]LogModuleManager: Shutting down and abandoning module MagicLeapEmulator (56)
[2018.12.08-21.15.41:744][436]LogModuleManager: Shutting down and abandoning module MagicLeapPrivileges (54)
[2018.12.08-21.15.41:744][436]LogModuleManager: Shutting down and abandoning module MagicLeapIdentity (52)
[2018.12.08-21.15.41:744][436]LogModuleManager: Shutting down and abandoning module MagicLeapHelperVulkan (50)
[2018.12.08-21.15.41:744][436]LogModuleManager: Shutting down and abandoning module MagicLeapHelperOpenGL (48)
[2018.12.08-21.15.41:744][436]LogModuleManager: Shutting down and abandoning module MagicLeapSecureStorage (46)
[2018.12.08-21.15.41:744][436]LogModuleManager: Shutting down and abandoning module MagicLeapGestures (44)
[2018.12.08-21.15.41:744][436]LogModuleManager: Shutting down and abandoning module MagicLeapEyeTracker (42)
[2018.12.08-21.15.41:744][436]LogModuleManager: Shutting down and abandoning module MagicLeapController (40)
[2018.12.08-21.15.41:744][436]LogSlate: Slate User Destroyed.  User Index 0, Is Virtual User: 0
[2018.12.08-21.15.41:744][436]LogModuleManager: Shutting down and abandoning module MagicLeap (38)
[2018.12.08-21.15.41:744][436]LogModuleManager: Shutting down and abandoning module AnimationModifiers (36)
[2018.12.08-21.15.41:744][436]LogModuleManager: Shutting down and abandoning module PropertyEditor (35)
[2018.12.08-21.15.41:744][436]LogModuleManager: Shutting down and abandoning module AudioEditor (32)
[2018.12.08-21.15.41:744][436]LogModuleManager: Shutting down and abandoning module TextureCompressor (30)
[2018.12.08-21.15.41:745][436]LogModuleManager: Shutting down and abandoning module ShaderCore (28)
[2018.12.08-21.15.41:745][436]LogModuleManager: Shutting down and abandoning module Landscape (26)
[2018.12.08-21.15.41:745][436]LogModuleManager: Shutting down and abandoning module SlateRHIRenderer (24)
[2018.12.08-21.15.41:745][436]LogModuleManager: Shutting down and abandoning module OpenGLDrv (22)
[2018.12.08-21.15.41:745][436]LogModuleManager: Shutting down and abandoning module D3D11RHI (20)
[2018.12.08-21.15.41:745][436]LogModuleManager: Shutting down and abandoning module AnimGraphRuntime (18)
[2018.12.08-21.15.41:745][436]LogModuleManager: Shutting down and abandoning module Renderer (16)
[2018.12.08-21.15.41:745][436]LogModuleManager: Shutting down and abandoning module Engine (14)
[2018.12.08-21.15.41:745][436]LogModuleManager: Shutting down and abandoning module CoreUObject (12)
[2018.12.08-21.15.41:745][436]LogModuleManager: Shutting down and abandoning module NetworkFile (10)
[2018.12.08-21.15.41:745][436]LogModuleManager: Shutting down and abandoning module CookedIterativeFile (8)
[2018.12.08-21.15.41:746][436]LogModuleManager: Shutting down and abandoning module StreamingFile (6)
[2018.12.08-21.15.41:746][436]LogModuleManager: Shutting down and abandoning module SandboxFile (4)
[2018.12.08-21.15.41:746][436]LogModuleManager: Shutting down and abandoning module PakFile (2)
[2018.12.08-21.15.41:753][436]LogExit: Exiting.
[2018.12.08-21.15.41:765][436]Log file closed, 12/08/18 16:15:41
