Log file open, 12/10/18 18:14:57
LogWindows: Failed to load 'aqProf.dll' (GetLastError=126)
LogWindows: File 'aqProf.dll' does not exist
LogWindows: Failed to load 'VtuneApi.dll' (GetLastError=126)
LogWindows: File 'VtuneApi.dll' does not exist
LogWindows: Failed to load 'VtuneApi32e.dll' (GetLastError=126)
LogWindows: File 'VtuneApi32e.dll' does not exist
LogInit: Display: Running engine for game: TeamSadMen
LogPlatformFile: Not using cached read wrapper
LogTaskGraph: Started task graph with 5 named threads and 23 total threads with 3 sets of task threads.
LogStats: Stats thread started at 0.372817
LogD3D11RHI: Loaded GFSDK_Aftermath_Lib.x64.dll
LogICUInternationalization: Display: ICU TimeZone Detection - Raw Offset: -5:00, Platform Override: ''
LogPluginManager: Mounting plugin Paper2D
LogPluginManager: Mounting plugin AISupport
LogPluginManager: Mounting plugin LightPropagationVolume
LogPluginManager: Mounting plugin CLionSourceCodeAccess
LogPluginManager: Mounting plugin CodeLiteSourceCodeAccess
LogPluginManager: Mounting plugin GitSourceControl
LogPluginManager: Mounting plugin KDevelopSourceCodeAccess
LogPluginManager: Mounting plugin NullSourceCodeAccess
LogPluginManager: Mounting plugin PerforceSourceControl
LogPluginManager: Mounting plugin SubversionSourceControl
LogPluginManager: Mounting plugin UObjectPlugin
LogPluginManager: Mounting plugin VisualStudioCodeSourceCodeAccess
LogPluginManager: Mounting plugin VisualStudioSourceCodeAccess
LogPluginManager: Mounting plugin XCodeSourceCodeAccess
LogPluginManager: Mounting plugin AssetManagerEditor
LogPluginManager: Mounting plugin CryptoKeys
LogPluginManager: Mounting plugin DataValidation
LogPluginManager: Mounting plugin FacialAnimation
LogPluginManager: Mounting plugin GameplayTagsEditor
LogPluginManager: Mounting plugin MacGraphicsSwitching
LogPluginManager: Mounting plugin MeshEditor
LogPluginManager: Mounting plugin MobileLauncherProfileWizard
LogPluginManager: Mounting plugin PluginBrowser
LogPluginManager: Mounting plugin SpeedTreeImporter
LogPluginManager: Mounting plugin DatasmithContent
LogPluginManager: Mounting plugin AlembicImporter
LogPluginManager: Mounting plugin AppleImageUtils
LogPluginManager: Mounting plugin AppleVision
LogPluginManager: Mounting plugin BackChannel
LogPluginManager: Mounting plugin CharacterAI
LogPluginManager: Mounting plugin GeometryCache
LogPluginManager: Mounting plugin HTML5Networking
LogPluginManager: Mounting plugin ProxyLODPlugin
LogPluginManager: Mounting plugin MagicLeap
LogPluginManager: Mounting plugin MagicLeapEmulator
LogPluginManager: Mounting plugin MagicLeapMedia
LogPluginManager: Mounting plugin AndroidMedia
LogPluginManager: Mounting plugin AvfMedia
LogPluginManager: Mounting plugin ImgMedia
LogPluginManager: Mounting plugin LinearTimecode
LogPluginManager: Mounting plugin MediaCompositing
LogPluginManager: Mounting plugin MediaPlayerEditor
LogPluginManager: Mounting plugin WmfMedia
LogPluginManager: Mounting plugin TcpMessaging
LogPluginManager: Mounting plugin UdpMessaging
LogPluginManager: Mounting plugin ActorSequence
LogPluginManager: Mounting plugin LevelSequenceEditor
LogPluginManager: Mounting plugin MatineeToLevelSequence
LogPluginManager: Mounting plugin NetcodeUnitTest
LogPluginManager: Mounting plugin NUTUnrealEngine4
LogPluginManager: Mounting plugin OnlineSubsystemGooglePlay
LogPluginManager: Mounting plugin OnlineSubsystemIOS
LogPluginManager: Mounting plugin OnlineSubsystem
LogPluginManager: Mounting plugin OnlineSubsystemNull
LogPluginManager: Mounting plugin OnlineSubsystemUtils
LogPluginManager: Mounting plugin LauncherChunkInstaller
LogPluginManager: Mounting plugin AndroidDeviceProfileSelector
LogPluginManager: Mounting plugin AndroidMoviePlayer
LogPluginManager: Mounting plugin AndroidPermission
LogPluginManager: Mounting plugin AppleMoviePlayer
LogPluginManager: Mounting plugin ArchVisCharacter
LogPluginManager: Mounting plugin AudioCapture
LogPluginManager: Mounting plugin CableComponent
LogPluginManager: Mounting plugin CustomMeshComponent
LogPluginManager: Mounting plugin EditableMesh
LogPluginManager: Mounting plugin ExampleDeviceProfileSelector
LogPluginManager: Mounting plugin GoogleCloudMessaging
LogPluginManager: Mounting plugin ImmediatePhysics
LogPluginManager: Mounting plugin IOSDeviceProfileSelector
LogPluginManager: Mounting plugin LinuxDeviceProfileSelector
LogPluginManager: Mounting plugin LocationServicesBPLibrary
LogPluginManager: Mounting plugin MobilePatchingUtils
LogPluginManager: Mounting plugin OculusVR
LogPluginManager: Plugin shader directory ../../../Engine/Plugins/Runtime/Oculus/OculusVR/Shaders found
LogPluginManager: Mapping shader source directory ../../../Engine/Plugins/Runtime/Oculus/OculusVR/Shaders to virtual directory /Plugin/OculusVR
LogPluginManager: Mounting plugin PhysXVehicles
LogPluginManager: Mounting plugin ProceduralMeshComponent
LogPluginManager: Mounting plugin RuntimePhysXCooking
LogPluginManager: Mounting plugin SteamVR
LogPluginManager: Mounting plugin WindowsMoviePlayer
LogStreaming: Display: Took  0.239s to configure plugins.
LogInit: Using libcurl 7.55.1-DEV
LogInit:  - built for x86_64-pc-win32
LogInit:  - supports SSL with OpenSSL/1.0.2h
LogInit:  - supports HTTP deflate (compression) using libz 1.2.8
LogInit:  - other features:
LogInit:      CURL_VERSION_SSL
LogInit:      CURL_VERSION_LIBZ
LogInit:      CURL_VERSION_IPV6
LogInit:      CURL_VERSION_ASYNCHDNS
LogInit:      CURL_VERSION_LARGEFILE
LogInit:      CURL_VERSION_IDN
LogInit:  CurlRequestOptions (configurable via config and command line):
LogInit:  - bVerifyPeer = false  - Libcurl will NOT verify peer certificate
LogInit:  - bUseHttpProxy = false  - Libcurl will NOT use HTTP proxy
LogInit:  - bDontReuseConnections = false  - Libcurl will reuse connections
LogInit:  - CertBundlePath = nullptr  - Libcurl will use whatever was configured at build time.
LogInit:  - MaxHostConnections = 16  - Libcurl will limit the number of connections to a host
LogInit:  - LocalHostAddr = Default
LogInit:  - BufferSize = 65536
LogInit: WinSock: version 1.1 (2.2), MaxSocks=32767, MaxUdp=65467
LogInit: Build: ++UE4+Release-4.20-CL-4369336
LogInit: Engine Version: 4.20.3-4369336+++UE4+Release-4.20
LogInit: Compatible Engine Version: 4.20.0-4212847+++UE4+Release-4.20
LogInit: Net CL: 4212847
LogInit: OS: Windows 10 (), CPU: Intel(R) Core(TM) i7-6700HQ CPU @ 2.60GHz, GPU: Intel(R) HD Graphics 530
LogInit: Compiled (64-bit): Sep 17 2018 12:26:19
LogInit: Compiled with Visual C++: 19.13.26129.00
LogInit: Build Configuration: Development
LogInit: Branch Name: ++UE4+Release-4.20
LogInit: Command Line: 
LogInit: Base Directory: C:/Program Files/Epic Games/UE_4.20/Engine/Binaries/Win64/
LogInit: Installed Engine Build: 1
LogDevObjectVersion: Number of dev versions registered: 20
LogDevObjectVersion:   Dev-Blueprints (B0D832E4-1F89-4F0D-ACCF-7EB736FD4AA2): 10
LogDevObjectVersion:   Dev-Build (E1C64328-A22C-4D53-A36C-8E866417BD8C): 0
LogDevObjectVersion:   Dev-Core (375EC13C-06E4-48FB-B500-84F0262A717E): 2
LogDevObjectVersion:   Dev-Editor (E4B068ED-F494-42E9-A231-DA0B2E46BB41): 24
LogDevObjectVersion:   Dev-Framework (CFFC743F-43B0-4480-9391-14DF171D2073): 34
LogDevObjectVersion:   Dev-Mobile (B02B49B5-BB20-44E9-A304-32B752E40360): 2
LogDevObjectVersion:   Dev-Networking (A4E4105C-59A1-49B5-A7C5-40C4547EDFEE): 0
LogDevObjectVersion:   Dev-Online (39C831C9-5AE6-47DC-9A44-9C173E1C8E7C): 0
LogDevObjectVersion:   Dev-Physics (78F01B33-EBEA-4F98-B9B4-84EACCB95AA2): 0
LogDevObjectVersion:   Dev-Platform (6631380F-2D4D-43E0-8009-CF276956A95A): 0
LogDevObjectVersion:   Dev-Rendering (12F88B9F-8875-4AFC-A67C-D90C383ABD29): 26
LogDevObjectVersion:   Dev-Sequencer (7B5AE74C-D270-4C10-A958-57980B212A5A): 9
LogDevObjectVersion:   Dev-VR (D7296918-1DD6-4BDD-9DE2-64A83CC13884): 2
LogDevObjectVersion:   Dev-LoadTimes (C2A15278-BFE7-4AFE-6C17-90FF531DF755): 1
LogDevObjectVersion:   Private-Geometry (6EACA3D4-40EC-4CC1-B786-8BED09428FC5): 3
LogDevObjectVersion:   Dev-AnimPhys (29E575DD-E0A3-4627-9D10-D276232CDCEA): 17
LogDevObjectVersion:   Dev-ReflectionCapture (6B266CEC-1EC7-4B8F-A30B-E4D90942FC07): 1
LogDevObjectVersion:   Dev-Automation (0DF73D61-A23F-47EA-B727-89E90C41499A): 1
LogDevObjectVersion:   FortniteMain (601D1886-AC64-4F84-AA16-D3DE0DEAC7D6): 12
LogDevObjectVersion:   Dev-Enterprise (9DFFBCD6-494F-0158-E221-12823C92A888): 1
LogStreaming: Display: Took  0.005s to delete old logs.
LogInit: Presizing for max 8388607 objects, including 0 objects not considered by GC, pre-allocating 0 bytes for permanent pool.
LogInit: Object subsystem initialized
[2018.12.10-23.14.58:476][  0]LogInit: Selected Device Profile: [Windows]
[2018.12.10-23.14.58:476][  0]LogInit: Applying CVar settings loaded from the selected device profile: [Windows]
[2018.12.10-23.14.58:488][  0]LogHAL: Display: Platform has ~ 16 GB [16962461696 / 17179869184 / 16], which maps to Larger [LargestMinGB=32, LargerMinGB=12, DefaultMinGB=8, SmallerMinGB=6, SmallestMinGB=0)
[2018.12.10-23.14.58:488][  0]LogInit: Setting Device Profile CVar: [[r.Vulkan.UseRealUBs:1]]
[2018.12.10-23.14.58:488][  0]LogInit: Going up to parent DeviceProfile []
[2018.12.10-23.14.58:488][  0]LogInit: Computer: DESKTOP-3KP1QRT
[2018.12.10-23.14.58:488][  0]LogInit: User: jonest5
[2018.12.10-23.14.58:489][  0]LogInit: CPU Page size=4096, Cores=4
[2018.12.10-23.14.58:489][  0]LogInit: High frequency timer resolution =2.531250 MHz
[2018.12.10-23.14.58:489][  0]LogMemory: Memory total: Physical=15.8GB (16GB approx)
[2018.12.10-23.14.58:489][  0]LogMemory: Platform Memory Stats for Windows
[2018.12.10-23.14.58:489][  0]LogMemory: Process Physical Memory: 100.59 MB used, 100.59 MB peak
[2018.12.10-23.14.58:489][  0]LogMemory: Process Virtual Memory: 91.24 MB used, 91.24 MB peak
[2018.12.10-23.14.58:489][  0]LogMemory: Physical Memory: 11018.13 MB used,  5158.54 MB free, 16176.66 MB total
[2018.12.10-23.14.58:489][  0]LogMemory: Virtual Memory: 4626.15 MB used,  5158.54 MB free, 134217728.00 MB total
[2018.12.10-23.14.58:636][  0]LogInit: Using OS detected language (en-US).
[2018.12.10-23.14.58:636][  0]LogInit: Using OS detected locale (en-US).
[2018.12.10-23.14.58:638][  0]LogTextLocalizationManager: No specific localization for 'en-US' exists, so the 'en' localization will be used.
[2018.12.10-23.14.59:159][  0]LogStreaming: Display: Took  0.523s to InitEngineTextLocalization.
[2018.12.10-23.14.59:167][  0]LogInit: Setting process to per monitor DPI aware
[2018.12.10-23.14.59:788][  0]LogSlate: New Slate User Created.  User Index 0, Is Virtual User: 0
[2018.12.10-23.14.59:788][  0]LogSlate: Slate User Registered.  User Index 0, Is Virtual User: 0
[2018.12.10-23.15.00:239][  0]LogHMD: Failed to initialize OpenVR with code 110
[2018.12.10-23.15.00:239][  0]LogD3D11RHI: D3D11 adapters:
[2018.12.10-23.15.00:350][  0]LogD3D11RHI:    0. 'NVIDIA GeForce GTX 960M' (Feature Level 11_0)
[2018.12.10-23.15.00:350][  0]LogD3D11RHI:       2010/0/8088 MB DedicatedVideo/DedicatedSystem/SharedSystem, Outputs:2, VendorId:0x10de
[2018.12.10-23.15.00:360][  0]LogD3D11RHI:    1. 'Intel(R) HD Graphics 530' (Feature Level 11_0)
[2018.12.10-23.15.00:360][  0]LogD3D11RHI:       128/0/8088 MB DedicatedVideo/DedicatedSystem/SharedSystem, Outputs:0, VendorId:0x8086
[2018.12.10-23.15.00:363][  0]LogD3D11RHI:    2. 'Microsoft Basic Render Driver' (Feature Level 11_0)
[2018.12.10-23.15.00:364][  0]LogD3D11RHI:       0/0/8088 MB DedicatedVideo/DedicatedSystem/SharedSystem, Outputs:0, VendorId:0x1414
[2018.12.10-23.15.00:364][  0]LogD3D11RHI: Chosen D3D11 Adapter: 0
[2018.12.10-23.15.00:429][  0]LogD3D11RHI: Creating new Direct3DDevice
[2018.12.10-23.15.00:429][  0]LogD3D11RHI:     GPU DeviceId: 0x139b (for the marketing name, search the web for "GPU Device Id")
[2018.12.10-23.15.00:430][  0]LogWindows: EnumDisplayDevices:
[2018.12.10-23.15.00:434][  0]LogWindows:    0. 'Intel(R) HD Graphics 530' (P:0 D:1)
[2018.12.10-23.15.00:437][  0]LogWindows:    1. 'Intel(R) HD Graphics 530' (P:1 D:1)
[2018.12.10-23.15.00:440][  0]LogWindows:    2. 'Intel(R) HD Graphics 530' (P:0 D:0)
[2018.12.10-23.15.00:444][  0]LogWindows: DebugString: PrimaryIsNotTheChoosenAdapter PrimaryIsNotTheChoosenAdapter PrimaryIsNotTheChoosenAdapter FoundDriverCount:0 
[2018.12.10-23.15.00:444][  0]LogD3D11RHI:     Adapter Name: NVIDIA GeForce GTX 960M
[2018.12.10-23.15.00:444][  0]LogD3D11RHI:   Driver Version: Unknown (internal:Unknown, unified:Unknown)
[2018.12.10-23.15.00:444][  0]LogD3D11RHI:      Driver Date: Unknown
[2018.12.10-23.15.00:444][  0]LogRHI: Texture pool is 1407 MB (70% of 2010 MB)
[2018.12.10-23.15.00:536][  0]LogD3D11RHI: Async texture creation enabled
[2018.12.10-23.15.00:717][  0]LogD3D11RHI: GPU Timing Frequency: 1000.000000 (Debug: 2 3)
[2018.12.10-23.15.00:776][  0]LogShaderCompilers: Guid format shader working directory is -15 characters bigger than the processId version (../../../../../../Users/jonest5/GameDev1/TeamSadMen/TeamSadMen/Intermediate/Shaders/WorkingDirectory/18556/).
[2018.12.10-23.15.00:776][  0]LogShaderCompilers: Cleaned the shader compiler working directory 'C:/Users/jonest5/AppData/Local/Temp/UnrealShaderWorkingDir/DB3BB81C4FF05B386AB38190439C13F9/'.
[2018.12.10-23.15.01:626][  0]LogTemp: Display: Loaded TP AllDesktopTargetPlatform
[2018.12.10-23.15.01:643][  0]LogTemp: Display: Loaded TP MacClientTargetPlatform
[2018.12.10-23.15.01:662][  0]LogTemp: Display: Loaded TP MacNoEditorTargetPlatform
[2018.12.10-23.15.01:681][  0]LogTemp: Display: Loaded TP MacServerTargetPlatform
[2018.12.10-23.15.01:698][  0]LogTemp: Display: Loaded TP MacTargetPlatform
[2018.12.10-23.15.01:715][  0]LogTemp: Display: Loaded TP WindowsClientTargetPlatform
[2018.12.10-23.15.01:734][  0]LogTemp: Display: Loaded TP WindowsNoEditorTargetPlatform
[2018.12.10-23.15.01:753][  0]LogTemp: Display: Loaded TP WindowsServerTargetPlatform
[2018.12.10-23.15.01:762][  0]LogTemp: Display: Loaded TP WindowsTargetPlatform
[2018.12.10-23.15.01:886][  0]LogTemp: Display: Loaded TP AndroidTargetPlatform
[2018.12.10-23.15.01:886][  0]LogTemp: Display: Loaded TP AndroidTargetPlatform
[2018.12.10-23.15.01:886][  0]LogTemp: Display: Loaded TP AndroidTargetPlatform
[2018.12.10-23.15.01:886][  0]LogTemp: Display: Loaded TP AndroidTargetPlatform
[2018.12.10-23.15.01:886][  0]LogTemp: Display: Loaded TP AndroidTargetPlatform
[2018.12.10-23.15.01:886][  0]LogTemp: Display: Loaded TP AndroidTargetPlatform
[2018.12.10-23.15.01:886][  0]LogTemp: Display: Loaded TP AndroidTargetPlatform
[2018.12.10-23.15.01:886][  0]LogTemp: Display: Loaded TP AndroidTargetPlatform
[2018.12.10-23.15.01:886][  0]LogTemp: Display: Loaded TP AndroidTargetPlatform
[2018.12.10-23.15.01:886][  0]LogTemp: Display: Loaded TP AndroidTargetPlatform
[2018.12.10-23.15.01:886][  0]LogTemp: Display: Loaded TP AndroidTargetPlatform
[2018.12.10-23.15.01:886][  0]LogTemp: Display: Loaded TP AndroidTargetPlatform
[2018.12.10-23.15.01:886][  0]LogTemp: Display: Loaded TP AndroidTargetPlatform
[2018.12.10-23.15.01:886][  0]LogTemp: Display: Loaded TP AndroidTargetPlatform
[2018.12.10-23.15.01:886][  0]LogTemp: Display: Loaded TP AndroidTargetPlatform
[2018.12.10-23.15.01:886][  0]LogTemp: Display: Loaded TP AndroidTargetPlatform
[2018.12.10-23.15.01:886][  0]LogTemp: Display: Loaded TP AndroidTargetPlatform
[2018.12.10-23.15.01:886][  0]LogTemp: Display: Loaded TP AndroidTargetPlatform
[2018.12.10-23.15.01:890][  0]LogTemp: Display: Loaded TP HTML5TargetPlatform
[2018.12.10-23.15.01:965][  0]LogTemp: Display: Loaded TP IOSTargetPlatform
[2018.12.10-23.15.01:965][  0]LogTemp: Display: Loaded TP IOSTargetPlatform
[2018.12.10-23.15.01:996][  0]LogTemp: Display: Loaded TP TVOSTargetPlatform
[2018.12.10-23.15.01:996][  0]LogTemp: Display: Loaded TP TVOSTargetPlatform
[2018.12.10-23.15.02:012][  0]LogTemp: Display: Loaded TP LinuxClientTargetPlatform
[2018.12.10-23.15.02:027][  0]LogTemp: Display: Loaded TP LinuxNoEditorTargetPlatform
[2018.12.10-23.15.02:041][  0]LogTemp: Display: Loaded TP LinuxServerTargetPlatform
[2018.12.10-23.15.02:056][  0]LogTemp: Display: Loaded TP LinuxTargetPlatform
[2018.12.10-23.15.02:067][  0]LogTemp: Display: Loaded TP LuminTargetPlatform
[2018.12.10-23.15.02:069][  0]LogTargetPlatformManager: Display: Building Assets For Windows
[2018.12.10-23.15.02:165][  0]LogXGEController: Cannot use XGE Controller as Incredibuild is not installed on this machine.
[2018.12.10-23.15.02:165][  0]LogShaderCompilers: Cannot use XGE Shader Compiler as Incredibuild is not installed on this machine.
[2018.12.10-23.15.02:165][  0]LogShaderCompilers: Display: Using Local Shader Compiler.
[2018.12.10-23.15.03:176][  0]LogDerivedDataCache: Display: Max Cache Size: 512 MB
[2018.12.10-23.15.03:251][  0]LogDerivedDataCache: Loaded boot cache 0.08s 71MB C:/Users/jonest5/AppData/Local/UnrealEngine/4.20/DerivedDataCache/Boot.ddc.
[2018.12.10-23.15.03:252][  0]LogDerivedDataCache: Display: Loaded Boot cache: C:/Users/jonest5/AppData/Local/UnrealEngine/4.20/DerivedDataCache/Boot.ddc
[2018.12.10-23.15.03:252][  0]LogDerivedDataCache: FDerivedDataBackendGraph:  Pak pak cache file ../../../../../../Users/jonest5/GameDev1/TeamSadMen/TeamSadMen/DerivedDataCache/DDC.ddp not found, will not use a pak cache.
[2018.12.10-23.15.03:252][  0]LogDerivedDataCache: Unable to find inner node Pak for hierarchical cache Hierarchy.
[2018.12.10-23.15.03:252][  0]LogDerivedDataCache: FDerivedDataBackendGraph:  CompressedPak pak cache file ../../../../../../Users/jonest5/GameDev1/TeamSadMen/TeamSadMen/DerivedDataCache/Compressed.ddp not found, will not use a pak cache.
[2018.12.10-23.15.03:252][  0]LogDerivedDataCache: Unable to find inner node CompressedPak for hierarchical cache Hierarchy.
[2018.12.10-23.15.03:273][  0]LogDerivedDataCache: Display: Pak cache opened for reading ../../../Engine/DerivedDataCache/Compressed.ddp.
[2018.12.10-23.15.03:286][  0]LogDerivedDataCache: Using Local data cache path C:/Users/jonest5/AppData/Local/UnrealEngine/Common/DerivedDataCache: Writable
[2018.12.10-23.15.03:286][  0]LogDerivedDataCache: Shared data cache path not found in *engine.ini, will not use an Shared cache.
[2018.12.10-23.15.03:286][  0]LogDerivedDataCache: Unable to find inner node Shared for hierarchical cache Hierarchy.
[2018.12.10-23.15.03:313][  0]LogMaterial: Verifying Global Shaders for PCD3D_SM5
[2018.12.10-23.15.03:322][  0]LogSlate: Using FreeType 2.6.0
[2018.12.10-23.15.03:323][  0]LogSlate: SlateFontServices - WITH_FREETYPE: 1, WITH_HARFBUZZ: 1
[2018.12.10-23.15.03:443][  0]LogAssetRegistry: FAssetRegistry took 0.0295 seconds to start up
[2018.12.10-23.15.03:915][  0]LogInit: Selected Device Profile: [Windows]
[2018.12.10-23.15.04:126][  0]LogSimplygon: Simplygon DLL not present - disabling.
[2018.12.10-23.15.04:133][  0]LogMeshReduction: Using SimplygonSwarm for distributed automatic mesh merging
[2018.12.10-23.15.04:133][  0]LogMeshReduction: Using ProxyLODMeshReduction for automatic mesh merging
[2018.12.10-23.15.04:133][  0]LogMeshReduction: Using QuadricMeshReduction for automatic static mesh reduction
[2018.12.10-23.15.04:133][  0]LogMeshReduction: No automatic skeletal mesh reduction module available
[2018.12.10-23.15.04:255][  0]LogNetVersion: TeamSadMen 1.0.0, NetCL: 4212847, EngineNetVer: 5, GameNetVer: 0 (Checksum: 1220547581)
[2018.12.10-23.15.05:155][  0]LogPackageLocalizationCache: Processed 11 localized package path(s) for 2 prioritized culture(s) in 0.245318 seconds
[2018.12.10-23.15.05:177][  0]LogUObjectArray: 38425 objects as part of root set at end of initial load.
[2018.12.10-23.15.05:177][  0]LogUObjectAllocator: 6690872 out of 0 bytes used by permanent object pool.
[2018.12.10-23.15.05:177][  0]LogUObjectArray: CloseDisregardForGC: 0/0 objects in disregard for GC pool
[2018.12.10-23.15.06:580][  0]LogTcpMessaging: Initializing TcpMessaging bridge
[2018.12.10-23.15.06:595][  0]LogUdpMessaging: Initializing bridge on interface 0.0.0.0:0 to multicast group 230.0.0.1:6666.
[2018.12.10-23.15.06:790][  0]SourceControl: Source control is disabled
[2018.12.10-23.15.06:790][  0]SourceControl: Source control is disabled
[2018.12.10-23.15.06:792][  0]SourceControl: Source control is disabled
[2018.12.10-23.15.06:794][  0]SourceControl: Source control is disabled
[2018.12.10-23.15.06:995][  0]LogAndroidPermission: UAndroidPermissionCallbackProxy::GetInstance
[2018.12.10-23.15.07:191][  0]LogOcInput: OculusInput pre-init called
[2018.12.10-23.15.07:279][  0]LogEngine: Initializing Engine...
[2018.12.10-23.15.07:280][  0]LogHMD: Failed to initialize OpenVR with code 110
[2018.12.10-23.15.07:282][  0]LogStats: UGameplayTagsManager::ConstructGameplayTagTree: ImportINI prefixes -  0.000 s
[2018.12.10-23.15.07:282][  0]LogStats: UGameplayTagsManager::ConstructGameplayTagTree: Construct from data asset -  0.000 s
[2018.12.10-23.15.07:283][  0]LogStats: UGameplayTagsManager::ConstructGameplayTagTree: ImportINI -  0.001 s
[2018.12.10-23.15.07:283][  0]LogStats: UGameplayTagsManager::ConstructGameplayTagTree: GameplayTagTreeChangedEvent.Broadcast -  0.000 s
[2018.12.10-23.15.07:611][  0]LogInit: Initializing FReadOnlyCVARCache
[2018.12.10-23.15.07:639][  0]LogAIModule: Creating AISystem for world Untitled
[2018.12.10-23.15.07:690][  0]LogInit: XAudio2 using 'Speakers / Headphones (Realtek Audio)' : 2 channels at 48 kHz using 32 bits per sample (channel mask 0x3)
[2018.12.10-23.15.07:742][  0]LogInit: FAudioDevice initialized.
[2018.12.10-23.15.07:742][  0]LogNetVersion: Set ProjectVersion to 1.0.0.0. Version Checksum will be recalculated on next use.
[2018.12.10-23.15.07:800][  0]LogDerivedDataCache: Saved boot cache 0.06s 71MB C:/Users/jonest5/AppData/Local/UnrealEngine/4.20/DerivedDataCache/Boot.ddc.
[2018.12.10-23.15.07:808][  0]LogInit: Texture streaming: Enabled
[2018.12.10-23.15.07:842][  0]LogEngineSessionManager: EngineSessionManager initialized
[2018.12.10-23.15.07:868][  0]LogInit: Transaction tracking system initialized
[2018.12.10-23.15.07:908][  0]BlueprintLog: New page: Editor Load
[2018.12.10-23.15.08:041][  0]LocalizationService: Localization service is disabled
[2018.12.10-23.15.08:408][  0]LogCook: Display: Max memory allowance for cook 16384mb min free memory 0mb
[2018.12.10-23.15.08:408][  0]LogCook: Display: Mobile HDR setting 1
[2018.12.10-23.15.08:408][  0]LogGameplayTags: Display: UGameplayTagsManager::DoneAddingNativeTags. DelegateIsBound: 0
[2018.12.10-23.15.08:408][  0]LogStats: UGameplayTagsManager::ConstructGameplayTagTree: ImportINI prefixes -  0.000 s
[2018.12.10-23.15.08:408][  0]LogStats: UGameplayTagsManager::ConstructGameplayTagTree: Construct from data asset -  0.000 s
[2018.12.10-23.15.08:408][  0]LogStats: UGameplayTagsManager::ConstructGameplayTagTree: ImportINI -  0.000 s
[2018.12.10-23.15.08:408][  0]LogStats: UGameplayTagsManager::ConstructGameplayTagTree: GameplayTagTreeChangedEvent.Broadcast -  0.000 s
[2018.12.10-23.15.08:571][  0]LogFileCache: Scanning file cache for directory 'C:/Users/jonest5/GameDev1/TeamSadMen/TeamSadMen/Content/' took 0.02s
[2018.12.10-23.15.08:571][  0]SourceControl: Source control is disabled
[2018.12.10-23.15.08:572][  0]Cmd: MAP LOAD FILE="../../../../../../Users/jonest5/GameDev1/TeamSadMen/TeamSadMen/Content/FirstPersonBP/Maps/FirstPersonExampleMap.umap" TEMPLATE=0 SHOWPROGRESS=1 FEATURELEVEL=3
[2018.12.10-23.15.08:572][  0]LightingResults: New page: Lighting Build
[2018.12.10-23.15.08:577][  0]MapCheck: New page: Map Check
[2018.12.10-23.15.08:577][  0]LightingResults: New page: Lighting Build
[2018.12.10-23.15.09:065][  0]LogMaterial: Display: Missing cached shader map for material ColorBlind_PostProcess_Mat, compiling. 
[2018.12.10-23.15.09:310][  0]LogShaderCompilers: Display: Shaders left to compile 8
[2018.12.10-23.15.09:375][  0]LogAIModule: Creating AISystem for world FirstPersonExampleMap
[2018.12.10-23.15.09:390][  0]LogEditorServer: Finished looking for orphan Actors (0.000 secs)
[2018.12.10-23.15.09:421][  0]Cmd: MAP CHECKDEP NOCLEARLOG
[2018.12.10-23.15.09:548][  0]MapCheck: Map check complete: 0 Error(s), 0 Warning(s), took 128.368ms to complete.
[2018.12.10-23.15.09:548][  0]LogFileHelpers: Loading map 'FirstPersonExampleMap' took 0.977
[2018.12.10-23.15.09:807][  0]LogSlate: Updating window title bar state: overlay mode, drag disabled, window buttons hidden, title bar hidden
[2018.12.10-23.15.09:819][  0]LogSlate: Updating window title bar state: overlay mode, drag disabled, window buttons hidden, title bar hidden
[2018.12.10-23.15.09:830][  0]LogSlate: Updating window title bar state: overlay mode, drag disabled, window buttons hidden, title bar hidden
[2018.12.10-23.15.09:842][  0]LogSlate: Updating window title bar state: overlay mode, drag disabled, window buttons hidden, title bar hidden
[2018.12.10-23.15.09:856][  0]LogCollectionManager: Loaded 0 collections in 0.003815 seconds
[2018.12.10-23.15.09:936][  0]LogFileCache: Scanning file cache for directory 'C:/Users/jonest5/GameDev1/TeamSadMen/TeamSadMen/Saved/Collections/' took 0.01s
[2018.12.10-23.15.09:936][  0]LogFileCache: Scanning file cache for directory 'C:/Users/jonest5/GameDev1/TeamSadMen/TeamSadMen/Content/Developers/jonest5/Collections/' took 0.01s
[2018.12.10-23.15.09:936][  0]LogFileCache: Scanning file cache for directory 'C:/Users/jonest5/GameDev1/TeamSadMen/TeamSadMen/Content/Collections/' took 0.01s
[2018.12.10-23.15.09:936][  0]LogCollectionManager: Rebuilt the GUID cache for 0 collections in 0.000000 seconds
[2018.12.10-23.15.09:951][  0]LogContentBrowser: Native class hierarchy populated in 0.0147 seconds. Added 2572 classes and 603 folders.
[2018.12.10-23.15.09:963][  0]LogContentBrowser: Native class hierarchy updated for 'WidgetCarousel' in 0.0004 seconds. Added 0 classes and 0 folders.
[2018.12.10-23.15.10:115][  0]LogContentBrowser: Native class hierarchy updated for 'AddContentDialog' in 0.0003 seconds. Added 0 classes and 0 folders.
[2018.12.10-23.15.10:134][  0]LogContentBrowser: Native class hierarchy updated for 'SceneOutliner' in 0.0005 seconds. Added 1 classes and 2 folders.
[2018.12.10-23.15.10:195][  0]LogSlate: Took 0.000339 seconds to synchronously load lazily loaded font '../../../Engine/Content/Slate/Fonts/Roboto-Regular.ttf' (155K)
[2018.12.10-23.15.10:202][  0]LogSlate: Took 0.000504 seconds to synchronously load lazily loaded font '../../../Engine/Content/Slate/Fonts/Roboto-Bold.ttf' (160K)
[2018.12.10-23.15.10:206][  0]LogSlate: Took 0.000912 seconds to synchronously load lazily loaded font '../../../Engine/Content/Editor/Slate/Fonts/FontAwesome.ttf' (139K)
[2018.12.10-23.15.10:384][  0]LogRenderer: Reallocating scene render targets to support 1180x560 Format 10 NumSamples 1 (Frame:1).
[2018.12.10-23.15.10:689][  0]LogContentBrowser: Native class hierarchy updated for 'HierarchicalLODOutliner' in 0.0003 seconds. Added 0 classes and 0 folders.
[2018.12.10-23.15.10:689][  0]LogLoad: (Engine Initialization) Total time: 15.57 seconds
[2018.12.10-23.15.10:689][  0]LogLoad: (Engine Initialization) Total Blueprint compile time: 0.00 seconds
[2018.12.10-23.15.10:761][  0]LogContentStreaming: Texture pool size now 1000 MB
[2018.12.10-23.15.10:794][  0]LogSlate: Took 0.001049 seconds to synchronously load lazily loaded font '../../../Engine/Content/Slate/Fonts/Roboto-Light.ttf' (167K)
[2018.12.10-23.15.11:020][  2]LogAssetRegistry: Asset discovery search completed in 7.5992 seconds
[2018.12.10-23.15.11:023][  2]LogCollectionManager: Rebuilt the object cache for 0 collections in 0.000001 seconds (found 0 objects)
[2018.12.10-23.15.11:024][  2]LogCollectionManager: Fixed up redirectors for 0 collections in 0.000177 seconds (updated 0 objects)
[2018.12.10-23.15.17:715][ 74]LogSlate: FSceneViewport::OnFocusLost() reason 2
[2018.12.10-23.15.23:543][296]LogSlate: FSceneViewport::OnFocusLost() reason 2
[2018.12.10-23.15.34:150][296]LogSlate: Window 'New Level' being destroyed
[2018.12.10-23.15.34:183][296]LightingResults: New page: Lighting Build
[2018.12.10-23.15.34:184][296]MapCheck: New page: Map Check
[2018.12.10-23.15.34:184][296]LightingResults: New page: Lighting Build
[2018.12.10-23.15.34:212][296]LogAIModule: Creating AISystem for world Untitled
[2018.12.10-23.15.34:220][296]LoadErrors: New page: New Map
[2018.12.10-23.15.41:061][664]LogSlate: FSceneViewport::OnFocusLost() reason 0
[2018.12.10-23.17.00:125][208]LogSlate: Took 0.000494 seconds to synchronously load lazily loaded font '../../../Engine/Content/Slate/Fonts/Roboto-Light.ttf' (167K)
[2018.12.10-23.17.02:091][208]LogAIModule: Creating AISystem for world StarterMap
[2018.12.10-23.17.02:142][208]LogAssetEditorManager: Opening Asset editor for World /Game/StarterContent/Maps/StarterMap.StarterMap
[2018.12.10-23.17.02:177][208]Cmd: MAP LOAD FILE="../../../../../../Users/jonest5/GameDev1/TeamSadMen/TeamSadMen/Content/StarterContent/Maps/StarterMap.umap" TEMPLATE=0 SHOWPROGRESS=1 FEATURELEVEL=3
[2018.12.10-23.17.02:177][208]LightingResults: New page: Lighting Build
[2018.12.10-23.17.02:178][208]LoadErrors: New page: Loading map: StarterMap.umap
[2018.12.10-23.17.02:178][208]MapCheck: New page: Map Check
[2018.12.10-23.17.02:179][208]LightingResults: New page: Lighting Build
[2018.12.10-23.17.02:339][208]LogEditorServer: Finished looking for orphan Actors (0.000 secs)
[2018.12.10-23.17.02:387][208]Cmd: MAP CHECKDEP NOCLEARLOG
[2018.12.10-23.17.02:609][208]MapCheck: Map check complete: 0 Error(s), 0 Warning(s), took 221.707ms to complete.
[2018.12.10-23.17.02:612][208]LogFileHelpers: Loading map 'StarterMap' took 0.436
[2018.12.10-23.17.18:554][825]LogAIModule: Creating AISystem for world FirstPersonExampleMap
[2018.12.10-23.17.18:585][825]LogAssetEditorManager: Opening Asset editor for World /Game/FirstPersonBP/Maps/FirstPersonExampleMap.FirstPersonExampleMap
[2018.12.10-23.17.18:613][825]Cmd: MAP LOAD FILE="../../../../../../Users/jonest5/GameDev1/TeamSadMen/TeamSadMen/Content/FirstPersonBP/Maps/FirstPersonExampleMap.umap" TEMPLATE=0 SHOWPROGRESS=1 FEATURELEVEL=3
[2018.12.10-23.17.18:614][825]LightingResults: New page: Lighting Build
[2018.12.10-23.17.18:614][825]LoadErrors: New page: Loading map: FirstPersonExampleMap.umap
[2018.12.10-23.17.18:616][825]MapCheck: New page: Map Check
[2018.12.10-23.17.18:616][825]LightingResults: New page: Lighting Build
[2018.12.10-23.17.18:729][825]LogEditorServer: Finished looking for orphan Actors (0.000 secs)
[2018.12.10-23.17.18:786][825]Cmd: MAP CHECKDEP NOCLEARLOG
[2018.12.10-23.17.19:013][825]MapCheck: Map check complete: 0 Error(s), 0 Warning(s), took 227.046ms to complete.
[2018.12.10-23.17.19:017][825]LogFileHelpers: Loading map 'FirstPersonExampleMap' took 0.405
[2018.12.10-23.17.35:320][641]LogAssetEditorManager: Opening Asset editor for World /Game/FirstPersonBP/Maps/Menu.Menu
[2018.12.10-23.17.44:311][641]LogSlate: Window 'Save Content' being destroyed
[2018.12.10-23.17.44:587][641]LogSavePackage: Moving '../../../../../../Users/jonest5/GameDev1/TeamSadMen/TeamSadMen/Saved/Menu6E1380824FB6E051630825A9FABBFA02.tmp' to '../../../../../../Users/jonest5/GameDev1/TeamSadMen/TeamSadMen/Content/FirstPersonBP/Maps/Menu.umap'
[2018.12.10-23.17.44:595][641]LogFileHelpers: Saving map 'Menu' took 0.248
[2018.12.10-23.17.44:603][641]Cmd: MAP LOAD FILE="../../../../../../Users/jonest5/GameDev1/TeamSadMen/TeamSadMen/Content/FirstPersonBP/Maps/Menu.umap" TEMPLATE=0 SHOWPROGRESS=1 FEATURELEVEL=3
[2018.12.10-23.17.44:603][641]LightingResults: New page: Lighting Build
[2018.12.10-23.17.44:604][641]LoadErrors: New page: Loading map: Menu.umap
[2018.12.10-23.17.44:607][641]MapCheck: New page: Map Check
[2018.12.10-23.17.44:607][641]LightingResults: New page: Lighting Build
[2018.12.10-23.17.44:701][641]LogEditorServer: Finished looking for orphan Actors (0.000 secs)
[2018.12.10-23.17.44:701][641]LogAIModule: Creating AISystem for world Menu
[2018.12.10-23.17.44:754][641]Cmd: MAP CHECKDEP NOCLEARLOG
[2018.12.10-23.17.44:947][641]MapCheck: Map check complete: 0 Error(s), 0 Warning(s), took 192.548ms to complete.
[2018.12.10-23.17.44:949][641]LogFileHelpers: Loading map 'Menu' took 0.348
[2018.12.10-23.19.59:670][289]LogSlate: Window 'Delete Assets' being destroyed
[2018.12.10-23.19.59:760][289]LightingResults: New page: Lighting Build
[2018.12.10-23.19.59:770][289]MapCheck: New page: Map Check
[2018.12.10-23.19.59:770][289]LightingResults: New page: Lighting Build
[2018.12.10-23.19.59:798][289]LogAIModule: Creating AISystem for world Untitled
[2018.12.10-23.19.59:876][289]LoadErrors: New page: New Map
[2018.12.10-23.19.59:882][289]LogAIModule: Creating AISystem for world Menu
[2018.12.10-23.21.09:884][709]LogAssetEditorManager: Opening Asset editor for WidgetBlueprint /Game/FirstPersonBP/Maps/MainMenu.MainMenu
[2018.12.10-23.21.10:555][709]LogContentBrowser: Native class hierarchy updated for 'BlueprintGraph' in 0.0010 seconds. Added 116 classes and 0 folders.
[2018.12.10-23.21.11:952][709]LogSlate: Took 0.000979 seconds to synchronously load lazily loaded font '../../../Engine/Content/Slate/Fonts/Roboto-BoldCondensed.ttf' (158K)
[2018.12.10-23.22.21:630][696]LogEditorTransaction: Undo Edit X
[2018.12.10-23.25.09:404][253]LogEditorTransaction: Undo Edit X
[2018.12.10-23.25.10:496][253]LogStats: FPlatformStackWalk::StackWalkAndDump -  1.079 s
[2018.12.10-23.25.10:496][253]LogOutputDevice: Error: === Handled ensure: ===
[2018.12.10-23.25.10:496][253]LogOutputDevice: Error: 
[2018.12.10-23.25.10:496][253]LogOutputDevice: Error: Ensure condition failed: !GIsTransacting [File:D:\Build\++UE4\Sync\Engine\Source\Editor\UnrealEd\Classes\Editor/TransBuffer.h] [Line: 72]
[2018.12.10-23.25.10:496][253]LogOutputDevice: Error: 
[2018.12.10-23.25.10:496][253]LogOutputDevice: Error: Stack: 
[2018.12.10-23.25.10:496][253]LogOutputDevice: Error: [Callstack] 0x00007ffc0c8871f6 UE4Editor-Core.dll!UnknownFunction []
[2018.12.10-23.25.10:496][253]LogOutputDevice: Error: [Callstack] 0x00007ffc0c5c0c92 UE4Editor-Core.dll!UnknownFunction []
[2018.12.10-23.25.10:496][253]LogOutputDevice: Error: [Callstack] 0x00007ffc0c5db356 UE4Editor-Core.dll!UnknownFunction []
[2018.12.10-23.25.10:496][253]LogOutputDevice: Error: [Callstack] 0x00007ffc0260eedf UE4Editor-UnrealEd.dll!UnknownFunction []
[2018.12.10-23.25.10:496][253]LogOutputDevice: Error: [Callstack] 0x00007ffc025b4576 UE4Editor-UnrealEd.dll!UnknownFunction []
[2018.12.10-23.25.10:496][253]LogOutputDevice: Error: [Callstack] 0x00007ffbffcb9e88 UE4Editor-PropertyEditor.dll!UnknownFunction []
[2018.12.10-23.25.10:496][253]LogOutputDevice: Error: [Callstack] 0x00007ffbffcbac2d UE4Editor-PropertyEditor.dll!UnknownFunction []
[2018.12.10-23.25.10:496][253]LogOutputDevice: Error: [Callstack] 0x00007ffbffcba8ce UE4Editor-PropertyEditor.dll!UnknownFunction []
[2018.12.10-23.25.10:496][253]LogOutputDevice: Error: [Callstack] 0x00007ffbffd044e1 UE4Editor-PropertyEditor.dll!UnknownFunction []
[2018.12.10-23.25.10:496][253]LogOutputDevice: Error: [Callstack] 0x00007ffbffbfce8a UE4Editor-PropertyEditor.dll!UnknownFunction []
[2018.12.10-23.25.10:496][253]LogOutputDevice: Error: [Callstack] 0x00007ffbffb80eb8 UE4Editor-PropertyEditor.dll!UnknownFunction []
[2018.12.10-23.25.10:496][253]LogOutputDevice: Error: [Callstack] 0x00007ffbffb064ea UE4Editor-PropertyEditor.dll!UnknownFunction []
[2018.12.10-23.25.10:496][253]LogOutputDevice: Error: [Callstack] 0x00007ffbffc204f9 UE4Editor-PropertyEditor.dll!UnknownFunction []
[2018.12.10-23.25.10:496][253]LogOutputDevice: Error: [Callstack] 0x00007ffbffb83079 UE4Editor-PropertyEditor.dll!UnknownFunction []
[2018.12.10-23.25.10:496][253]LogOutputDevice: Error: [Callstack] 0x00007ffc03b16a2e UE4Editor-Slate.dll!UnknownFunction []
[2018.12.10-23.25.10:496][253]LogOutputDevice: Error: [Callstack] 0x00007ffc039293b0 UE4Editor-Slate.dll!UnknownFunction []
[2018.12.10-23.25.10:496][253]LogOutputDevice: Error: [Callstack] 0x00007ffc038c1444 UE4Editor-Slate.dll!UnknownFunction []
[2018.12.10-23.25.10:496][253]LogOutputDevice: Error: [Callstack] 0x00007ffbfd506cd4 UE4Editor-UMGEditor.dll!UnknownFunction []
[2018.12.10-23.25.10:496][253]LogOutputDevice: Error: [Callstack] 0x00007ffbfd4a5a96 UE4Editor-UMGEditor.dll!UnknownFunction []
[2018.12.10-23.25.10:496][253]LogOutputDevice: Error: [Callstack] 0x00007ffbfd4373c4 UE4Editor-UMGEditor.dll!UnknownFunction []
[2018.12.10-23.25.10:496][253]LogOutputDevice: Error: [Callstack] 0x00007ffbfd539a79 UE4Editor-UMGEditor.dll!UnknownFunction []
[2018.12.10-23.25.10:496][253]LogOutputDevice: Error: [Callstack] 0x00007ffbfd4fee5b UE4Editor-UMGEditor.dll!UnknownFunction []
[2018.12.10-23.25.10:497][253]LogOutputDevice: Error: [Callstack] 0x00007ffc0151fce9 UE4Editor-Kismet.dll!UnknownFunction []
[2018.12.10-23.25.10:497][253]LogOutputDevice: Error: [Callstack] 0x00007ffc03e9d8d3 UE4Editor-Engine.dll!UnknownFunction []
[2018.12.10-23.25.10:497][253]LogOutputDevice: Error: [Callstack] 0x00007ffc029849b5 UE4Editor-UnrealEd.dll!UnknownFunction []
[2018.12.10-23.25.10:497][253]LogOutputDevice: Error: [Callstack] 0x00007ffc0168e4cd UE4Editor-Kismet.dll!UnknownFunction []
[2018.12.10-23.25.10:497][253]LogOutputDevice: Error: [Callstack] 0x00007ffc025b4dc6 UE4Editor-UnrealEd.dll!UnknownFunction []
[2018.12.10-23.25.10:497][253]LogOutputDevice: Error: [Callstack] 0x00007ffc025e01fb UE4Editor-UnrealEd.dll!UnknownFunction []
[2018.12.10-23.25.10:497][253]LogOutputDevice: Error: [Callstack] 0x00007ffc025c6535 UE4Editor-UnrealEd.dll!UnknownFunction []
[2018.12.10-23.25.10:497][253]LogOutputDevice: Error: [Callstack] 0x00007ffc02632dc5 UE4Editor-UnrealEd.dll!UnknownFunction []
[2018.12.10-23.25.10:497][253]LogOutputDevice: Error: [Callstack] 0x00007ffc02679b6d UE4Editor-UnrealEd.dll!UnknownFunction []
[2018.12.10-23.25.10:497][253]LogOutputDevice: Error: [Callstack] 0x00007ffc0260c81f UE4Editor-UnrealEd.dll!UnknownFunction []
[2018.12.10-23.25.10:497][253]LogOutputDevice: Error: [Callstack] 0x00007ffc015205b8 UE4Editor-Kismet.dll!UnknownFunction []
[2018.12.10-23.25.10:497][253]LogOutputDevice: Error: [Callstack] 0x00007ffc038c24df UE4Editor-Slate.dll!UnknownFunction []
[2018.12.10-23.25.10:497][253]LogOutputDevice: Error: [Callstack] 0x00007ffc0390437e UE4Editor-Slate.dll!UnknownFunction []
[2018.12.10-23.25.10:497][253]LogOutputDevice: Error: [Callstack] 0x00007ffc02e63a8e UE4Editor-UnrealEd.dll!UnknownFunction []
[2018.12.10-23.25.10:497][253]LogOutputDevice: Error: [Callstack] 0x00007ffc02e51a08 UE4Editor-UnrealEd.dll!UnknownFunction []
[2018.12.10-23.25.10:497][253]LogOutputDevice: Error: [Callstack] 0x00007ffc038870ac UE4Editor-Slate.dll!UnknownFunction []
[2018.12.10-23.25.10:497][253]LogOutputDevice: Error: [Callstack] 0x00007ffc0390606c UE4Editor-Slate.dll!UnknownFunction []
[2018.12.10-23.25.10:497][253]LogOutputDevice: Error: [Callstack] 0x00007ffc038f9846 UE4Editor-Slate.dll!UnknownFunction []
[2018.12.10-23.25.10:497][253]LogOutputDevice: Error: [Callstack] 0x00007ffc38dace45 UE4Editor-ApplicationCore.dll!UnknownFunction []
[2018.12.10-23.25.10:497][253]LogOutputDevice: Error: [Callstack] 0x00007ffc38da0270 UE4Editor-ApplicationCore.dll!UnknownFunction []
[2018.12.10-23.25.10:497][253]LogOutputDevice: Error: [Callstack] 0x00007ffc38daf4c5 UE4Editor-ApplicationCore.dll!UnknownFunction []
[2018.12.10-23.25.10:497][253]LogOutputDevice: Error: [Callstack] 0x00007ffc38d9c209 UE4Editor-ApplicationCore.dll!UnknownFunction []
[2018.12.10-23.25.10:497][253]LogOutputDevice: Error: [Callstack] 0x00007ffc77b66d41 USER32.dll!UnknownFunction []
[2018.12.10-23.25.10:497][253]LogOutputDevice: Error: [Callstack] 0x00007ffc77b66713 USER32.dll!UnknownFunction []
[2018.12.10-23.25.10:497][253]LogOutputDevice: Error: [Callstack] 0x00007ffc38db0646 UE4Editor-ApplicationCore.dll!UnknownFunction []
[2018.12.10-23.25.10:497][253]LogOutputDevice: Error: [Callstack] 0x00007ff7241c54e5 UE4Editor.exe!UnknownFunction []
[2018.12.10-23.25.10:497][253]LogOutputDevice: Error: [Callstack] 0x00007ff7241d5b3c UE4Editor.exe!UnknownFunction []
[2018.12.10-23.25.10:497][253]LogOutputDevice: Error: [Callstack] 0x00007ff7241d5bba UE4Editor.exe!UnknownFunction []
[2018.12.10-23.25.10:497][253]LogOutputDevice: Error: [Callstack] 0x00007ff7241e3dac UE4Editor.exe!UnknownFunction []
[2018.12.10-23.25.10:497][253]LogOutputDevice: Error: [Callstack] 0x00007ff7241e5aaa UE4Editor.exe!UnknownFunction []
[2018.12.10-23.25.10:497][253]LogOutputDevice: Error: [Callstack] 0x00007ffc777e3034 KERNEL32.DLL!UnknownFunction []
[2018.12.10-23.25.10:497][253]LogOutputDevice: Error: [Callstack] 0x00007ffc77f31471 ntdll.dll!UnknownFunction []
[2018.12.10-23.25.10:497][253]LogOutputDevice: Error: 
[2018.12.10-23.25.10:503][253]LogStats:                SubmitErrorReport -  0.000 s
[2018.12.10-23.25.11:565][253]LogStats:                    SendNewReport -  1.061 s
[2018.12.10-23.25.11:565][253]LogStats:             FDebug::EnsureFailed -  2.147 s
[2018.12.10-23.25.11:728][253]Cmd: TRANSACTION UNDO
[2018.12.10-23.25.11:728][253]LogEditorTransaction: Undo Edit Bottom
[2018.12.10-23.25.11:805][253]Cmd: TRANSACTION UNDO
[2018.12.10-23.25.11:805][253]LogEditorTransaction: Undo Edit Right
[2018.12.10-23.26.12:348][233]LogSlate: Window 'Color Picker' being destroyed
[2018.12.10-23.26.26:466][672]LogSlate: Window 'Color Picker' being destroyed
[2018.12.10-23.27.22:170][265]LogUObjectHash: Warning: Ambiguous search, could be CanvasPanel /Game/FirstPersonBP/Maps/MainMenu.MainMenu:WidgetTree.CanvasPanel_0 or CanvasPanel /Engine/Transient.World_7:MainMenu_C_0.WidgetTree_0.CanvasPanel_0
[2018.12.10-23.27.22:170][265]LogUObjectHash: Warning: Ambiguous search, could be CanvasPanel /Game/FirstPersonBP/Maps/MainMenu.MainMenu:WidgetTree.CanvasPanel_0 or CanvasPanel /Engine/Transient.World_7:MainMenu_C_1.WidgetTree_0.CanvasPanel_0
[2018.12.10-23.27.22:170][265]LogUObjectHash: Warning: Ambiguous search, could be CanvasPanel /Game/FirstPersonBP/Maps/MainMenu.MainMenu:WidgetTree.CanvasPanel_0 or CanvasPanel /Engine/Transient.World_7:MainMenu_C_2.WidgetTree_0.CanvasPanel_0
[2018.12.10-23.27.22:170][265]LogUObjectHash: Warning: Ambiguous search, could be CanvasPanel /Game/FirstPersonBP/Maps/MainMenu.MainMenu:WidgetTree.CanvasPanel_0 or CanvasPanel /Engine/Transient.World_7:MainMenu_C_3.WidgetTree_0.CanvasPanel_0
[2018.12.10-23.27.22:170][265]LogUObjectHash: Warning: Ambiguous search, could be CanvasPanel /Game/FirstPersonBP/Maps/MainMenu.MainMenu:WidgetTree.CanvasPanel_0 or CanvasPanel /Engine/Transient.World_7:MainMenu_C_4.WidgetTree_0.CanvasPanel_0
[2018.12.10-23.27.22:170][265]LogUObjectHash: Warning: Ambiguous search, could be CanvasPanel /Game/FirstPersonBP/Maps/MainMenu.MainMenu:WidgetTree.CanvasPanel_0 or CanvasPanel /Engine/Transient.World_7:MainMenu_C_5.WidgetTree_0.CanvasPanel_0
[2018.12.10-23.27.22:171][265]LogUObjectHash: Warning: Ambiguous search, could be CanvasPanel /Game/FirstPersonBP/Maps/MainMenu.MainMenu:WidgetTree.CanvasPanel_0 or CanvasPanel /Engine/Transient.World_7:MainMenu_C_6.WidgetTree_0.CanvasPanel_0
[2018.12.10-23.27.22:171][265]LogUObjectHash: Warning: Ambiguous search, could be CanvasPanel /Game/FirstPersonBP/Maps/MainMenu.MainMenu:WidgetTree.CanvasPanel_0 or CanvasPanel /Engine/Transient.World_7:MainMenu_C_7.WidgetTree_0.CanvasPanel_0
[2018.12.10-23.27.22:171][265]LogUObjectHash: Warning: Ambiguous search, could be CanvasPanel /Game/FirstPersonBP/Maps/MainMenu.MainMenu:WidgetTree.CanvasPanel_0 or CanvasPanel /Engine/Transient.World_7:MainMenu_C_8.WidgetTree_0.CanvasPanel_0
[2018.12.10-23.27.22:171][265]LogUObjectHash: Warning: Ambiguous search, could be CanvasPanel /Game/FirstPersonBP/Maps/MainMenu.MainMenu:WidgetTree.CanvasPanel_0 or CanvasPanel /Engine/Transient.World_7:MainMenu_C_9.WidgetTree_0.CanvasPanel_0
[2018.12.10-23.27.22:171][265]LogUObjectHash: Warning: Ambiguous search, could be CanvasPanel /Game/FirstPersonBP/Maps/MainMenu.MainMenu:WidgetTree.CanvasPanel_0 or CanvasPanel /Engine/Transient.World_7:MainMenu_C_10.WidgetTree_0.CanvasPanel_0
[2018.12.10-23.27.22:171][265]LogUObjectHash: Warning: Ambiguous search, could be CanvasPanel /Game/FirstPersonBP/Maps/MainMenu.MainMenu:WidgetTree.CanvasPanel_0 or CanvasPanel /Engine/Transient.World_7:MainMenu_C_11.WidgetTree_0.CanvasPanel_0
[2018.12.10-23.27.22:171][265]LogUObjectHash: Warning: Ambiguous search, could be CanvasPanel /Game/FirstPersonBP/Maps/MainMenu.MainMenu:WidgetTree.CanvasPanel_0 or CanvasPanel /Engine/Transient.World_7:MainMenu_C_12.WidgetTree_0.CanvasPanel_0
[2018.12.10-23.27.22:171][265]LogUObjectHash: Warning: Ambiguous search, could be CanvasPanel /Game/FirstPersonBP/Maps/MainMenu.MainMenu:WidgetTree.CanvasPanel_0 or CanvasPanel /Engine/Transient.World_7:MainMenu_C_13.WidgetTree_0.CanvasPanel_0
[2018.12.10-23.27.22:171][265]LogUObjectHash: Warning: Ambiguous search, could be CanvasPanel /Game/FirstPersonBP/Maps/MainMenu.MainMenu:WidgetTree.CanvasPanel_0 or CanvasPanel /Engine/Transient.World_7:MainMenu_C_14.WidgetTree_0.CanvasPanel_0
[2018.12.10-23.27.22:171][265]LogUObjectHash: Warning: Ambiguous search, could be CanvasPanel /Game/FirstPersonBP/Maps/MainMenu.MainMenu:WidgetTree.CanvasPanel_0 or CanvasPanel /Engine/Transient.World_7:MainMenu_C_15.WidgetTree_0.CanvasPanel_0
[2018.12.10-23.27.22:171][265]LogUObjectHash: Warning: Ambiguous search, could be CanvasPanel /Game/FirstPersonBP/Maps/MainMenu.MainMenu:WidgetTree.CanvasPanel_0 or CanvasPanel /Engine/Transient.World_7:MainMenu_C_16.WidgetTree_0.CanvasPanel_0
[2018.12.10-23.27.22:171][265]LogUObjectHash: Warning: Ambiguous search, could be CanvasPanel /Game/FirstPersonBP/Maps/MainMenu.MainMenu:WidgetTree.CanvasPanel_0 or CanvasPanel /Engine/Transient.World_7:MainMenu_C_17.WidgetTree_0.CanvasPanel_0
[2018.12.10-23.27.22:171][265]LogUObjectHash: Warning: Ambiguous search, could be CanvasPanel /Game/FirstPersonBP/Maps/MainMenu.MainMenu:WidgetTree.CanvasPanel_0 or CanvasPanel /Engine/Transient.World_7:MainMenu_C_18.WidgetTree_0.CanvasPanel_0
[2018.12.10-23.27.22:171][265]LogUObjectHash: Warning: Ambiguous search, could be CanvasPanel /Game/FirstPersonBP/Maps/MainMenu.MainMenu:WidgetTree.CanvasPanel_0 or CanvasPanel /Engine/Transient.World_7:MainMenu_C_19.WidgetTree_0.CanvasPanel_0
[2018.12.10-23.27.22:171][265]LogUObjectHash: Warning: Ambiguous search, could be CanvasPanel /Game/FirstPersonBP/Maps/MainMenu.MainMenu:WidgetTree.CanvasPanel_0 or CanvasPanel /Engine/Transient.World_7:MainMenu_C_20.WidgetTree_0.CanvasPanel_0
[2018.12.10-23.27.22:171][265]LogUObjectHash: Warning: Ambiguous search, could be CanvasPanel /Game/FirstPersonBP/Maps/MainMenu.MainMenu:WidgetTree.CanvasPanel_0 or CanvasPanel /Engine/Transient.World_7:MainMenu_C_21.WidgetTree_0.CanvasPanel_0
[2018.12.10-23.27.22:171][265]LogUObjectHash: Warning: Ambiguous search, could be CanvasPanel /Game/FirstPersonBP/Maps/MainMenu.MainMenu:WidgetTree.CanvasPanel_0 or CanvasPanel /Engine/Transient.World_7:MainMenu_C_22.WidgetTree_0.CanvasPanel_0
[2018.12.10-23.27.22:171][265]LogUObjectHash: Warning: Ambiguous search, could be CanvasPanel /Game/FirstPersonBP/Maps/MainMenu.MainMenu:WidgetTree.CanvasPanel_0 or CanvasPanel /Engine/Transient.World_7:MainMenu_C_23.WidgetTree_0.CanvasPanel_0
[2018.12.10-23.27.22:171][265]LogProperty: Warning: Illegal TEXT reference to a private object in external package (CanvasPanelSlot /Game/FirstPersonBP/Maps/MainMenu.MainMenu:WidgetTree.CanvasPanel_0.CanvasPanelSlot_0) from referencer (Button /Engine/UMG/Editor/Transient.Button_119).  Import failed...
[2018.12.10-23.27.22:171][265]LogProperty: Warning: ObjectProperty /Script/UMG.Widget:Slot: unresolved reference to 'CanvasPanelSlot'"CanvasPanel_0.CanvasPanelSlot_0"''
[2018.12.10-23.27.25:505][341]LogEditorTransaction: Undo Move Widget
[2018.12.10-23.28.01:917][440]LogEditorTransaction: Undo Edit Left
[2018.12.10-23.28.02:800][461]Cmd: TRANSACTION UNDO
[2018.12.10-23.28.02:800][461]LogEditorTransaction: Undo Edit Bottom
[2018.12.10-23.28.04:811][522]Cmd: TRANSACTION REDO
[2018.12.10-23.28.04:811][522]LogEditorTransaction: Redo Edit Bottom
[2018.12.10-23.30.22:115][464]LogSlate: Took 0.000518 seconds to synchronously load lazily loaded font '../../../Engine/Content/Slate/Fonts/Roboto-Regular.ttf' (155K)
[2018.12.10-23.30.22:120][464]LogSlate: Took 0.000372 seconds to synchronously load lazily loaded font '../../../Engine/Content/Slate/Fonts/Roboto-Bold.ttf' (160K)
[2018.12.10-23.30.22:122][464]LogSlate: Took 0.000282 seconds to synchronously load lazily loaded font '../../../Engine/Content/Editor/Slate/Fonts/FontAwesome.ttf' (139K)
[2018.12.10-23.30.22:124][464]LogSlate: Took 0.000315 seconds to synchronously load lazily loaded font '../../../Engine/Content/Slate/Fonts/Roboto-Light.ttf' (167K)
[2018.12.10-23.30.22:134][464]LogSlate: Took 0.000354 seconds to synchronously load lazily loaded font '../../../Engine/Content/Slate/Fonts/Roboto-Light.ttf' (167K)
[2018.12.10-23.30.22:147][464]LogSlate: Took 0.000262 seconds to synchronously load lazily loaded font '../../../Engine/Content/Slate/Fonts/Roboto-BoldCondensed.ttf' (158K)
[2018.12.10-23.35.08:269][819]LogSlate: Window 'Color Picker' being destroyed
[2018.12.10-23.36.34:967][351]LogEditorTransaction: Undo Edit Left
[2018.12.10-23.38.03:151][495]LogFileHelpers: Editor autosave (incl. sublevels) for '/Temp/Untitled_2' took 0.043
[2018.12.10-23.38.03:161][495]OBJ SavePackage: Generating thumbnails for [0] asset(s) in package [/Game/FirstPersonBP/Maps/MainMenu] ([1] browsable assets)...
[2018.12.10-23.38.03:161][495]OBJ SavePackage: Finished generating thumbnails for package [/Game/FirstPersonBP/Maps/MainMenu]
[2018.12.10-23.38.03:178][495]LogSavePackage: Moving '../../../../../../Users/jonest5/GameDev1/TeamSadMen/TeamSadMen/Saved/MainMenu_Auto1536DDE3D431F5BCFB3E871B6C7F5AA09.tmp' to '../../../../../../Users/jonest5/GameDev1/TeamSadMen/TeamSadMen/Saved/Autosaves/Game/FirstPersonBP/Maps/MainMenu_Auto1.uasset'
[2018.12.10-23.38.03:183][495]LogFileHelpers: Auto-saving content packages took 0.025
[2018.12.10-23.44.21:042][628]LogFactory: FactoryCreateFile: Texture with ReimportTextureFactory (0 0 C:\Users\jonest5\Pictures\Pizza.jpg)
[2018.12.10-23.44.21:108][628]LogTexture: Display: Building textures: Pizza (AutoDXT, 1920X1200)
[2018.12.10-23.47.43:077][407]LogSlate: Window 'Color Picker' being destroyed
[2018.12.10-23.47.44:723][441]LogSlate: Window 'Color Picker' being destroyed
[2018.12.10-23.48.49:249][404]LogFileHelpers: Editor autosave (incl. sublevels) for '/Temp/Untitled_2' took 0.042
[2018.12.10-23.48.49:252][404]OBJ SavePackage: Generating thumbnails for [0] asset(s) in package [/Game/FirstPersonBP/Maps/MainMenu] ([1] browsable assets)...
[2018.12.10-23.48.49:252][404]OBJ SavePackage: Finished generating thumbnails for package [/Game/FirstPersonBP/Maps/MainMenu]
[2018.12.10-23.48.49:271][404]LogSavePackage: Moving '../../../../../../Users/jonest5/GameDev1/TeamSadMen/TeamSadMen/Saved/MainMenu_Auto25FA69B5346C869D1FF4F8FBD87A6B3E8.tmp' to '../../../../../../Users/jonest5/GameDev1/TeamSadMen/TeamSadMen/Saved/Autosaves/Game/FirstPersonBP/Maps/MainMenu_Auto2.uasset'
[2018.12.10-23.48.49:278][404]OBJ SavePackage: Generating thumbnails for [1] asset(s) in package [/Game/Tyler/Pizza] ([1] browsable assets)...
[2018.12.10-23.48.49:285][404]OBJ SavePackage:     Rendered thumbnail for [Texture2D /Game/Tyler/Pizza.Pizza]
[2018.12.10-23.48.49:285][404]OBJ SavePackage: Finished generating thumbnails for package [/Game/Tyler/Pizza]
[2018.12.10-23.48.49:285][404]Cmd: OBJ SAVEPACKAGE PACKAGE="/Game/Tyler/Pizza" FILE="../../../../../../Users/jonest5/GameDev1/TeamSadMen/TeamSadMen/Saved/Autosaves/Game/Tyler/Pizza_Auto2.uasset" SILENT=false AUTOSAVING=true
[2018.12.10-23.48.49:304][404]LogSavePackage: Moving '../../../../../../Users/jonest5/GameDev1/TeamSadMen/TeamSadMen/Saved/Pizza_Auto2D3961B734CA3505F0882C6894BBC365F.tmp' to '../../../../../../Users/jonest5/GameDev1/TeamSadMen/TeamSadMen/Saved/Autosaves/Game/Tyler/Pizza_Auto2.uasset'
[2018.12.10-23.48.49:309][404]LogFileHelpers: Auto-saving content packages took 0.058
[2018.12.10-23.50.51:586][149]LogEditorTransaction: Undo Move Widget
[2018.12.10-23.54.14:584][144]LogSlate: Took 0.001865 seconds to synchronously load lazily loaded font '../../../Engine/Content/Slate/Fonts/Roboto-Italic.ttf' (157K)
[2018.12.10-23.54.58:011][416]BlueprintLog: New page: Compile MainMenu
[2018.12.10-23.54.59:004][446]Cmd: OBJ SAVEPACKAGE PACKAGE="/Game/FirstPersonBP/Maps/MainMenu" FILE="../../../../../../Users/jonest5/GameDev1/TeamSadMen/TeamSadMen/Content/FirstPersonBP/Maps/MainMenu.uasset" SILENT=true
[2018.12.10-23.54.59:030][446]LogSavePackage: Moving '../../../../../../Users/jonest5/GameDev1/TeamSadMen/TeamSadMen/Saved/MainMenu59944AF746AC02700F035499B53DB6FA.tmp' to '../../../../../../Users/jonest5/GameDev1/TeamSadMen/TeamSadMen/Content/FirstPersonBP/Maps/MainMenu.uasset'
[2018.12.10-23.55.30:712][995]LogAIModule: Creating AISystem for world FirstPersonExampleMap
[2018.12.10-23.55.30:746][995]LogAssetEditorManager: Opening Asset editor for World /Game/FirstPersonBP/Maps/FirstPersonExampleMap.FirstPersonExampleMap
[2018.12.10-23.55.33:148][995]LogSlate: Window 'Save Content' being destroyed
[2018.12.10-23.55.33:206][995]Cmd: OBJ SAVEPACKAGE PACKAGE="/Game/Tyler/Pizza" FILE="../../../../../../Users/jonest5/GameDev1/TeamSadMen/TeamSadMen/Content/Tyler/Pizza.uasset" SILENT=true
[2018.12.10-23.55.33:641][995]LogSavePackage: Moving '../../../../../../Users/jonest5/GameDev1/TeamSadMen/TeamSadMen/Saved/PizzaF72FCCE44E67518CAC6FF39ED16705EA.tmp' to '../../../../../../Users/jonest5/GameDev1/TeamSadMen/TeamSadMen/Content/Tyler/Pizza.uasset'
[2018.12.10-23.55.33:650][995]Cmd: MAP LOAD FILE="../../../../../../Users/jonest5/GameDev1/TeamSadMen/TeamSadMen/Content/FirstPersonBP/Maps/FirstPersonExampleMap.umap" TEMPLATE=0 SHOWPROGRESS=1 FEATURELEVEL=3
[2018.12.10-23.55.33:650][995]LightingResults: New page: Lighting Build
[2018.12.10-23.55.33:653][995]LoadErrors: New page: Loading map: FirstPersonExampleMap.umap
[2018.12.10-23.55.33:653][995]MapCheck: New page: Map Check
[2018.12.10-23.55.33:653][995]LightingResults: New page: Lighting Build
[2018.12.10-23.55.33:789][995]LogEditorServer: Finished looking for orphan Actors (0.000 secs)
[2018.12.10-23.55.33:842][995]Cmd: MAP CHECKDEP NOCLEARLOG
[2018.12.10-23.55.34:076][995]MapCheck: Map check complete: 0 Error(s), 0 Warning(s), took 234.399ms to complete.
[2018.12.10-23.55.34:080][995]LogFileHelpers: Loading map 'FirstPersonExampleMap' took 0.432
[2018.12.10-23.55.57:666][ 41]LogMetaData: Removing '/Game/FirstPersonBP/Maps/TylerTest.TylerTest_C' ref from Metadata '/Game/FirstPersonBP/Maps/FirstPersonExampleMap.PackageMetaData'
[2018.12.10-23.55.57:666][ 41]LogMetaData: Removing '/Game/FirstPersonBP/Maps/TylerTest.SKEL_TylerTest_C' ref from Metadata '/Game/FirstPersonBP/Maps/FirstPersonExampleMap.PackageMetaData'
[2018.12.10-23.55.58:247][ 41]LogSavePackage: Moving '../../../../../../Users/jonest5/GameDev1/TeamSadMen/TeamSadMen/Saved/TylerTest5B5C7ACF474AFA8A0B8035BBAEDE9C92.tmp' to '../../../../../../Users/jonest5/GameDev1/TeamSadMen/TeamSadMen/Content/FirstPersonBP/Maps/TylerTest.umap'
[2018.12.10-23.55.58:284][ 41]LogFileHelpers: Saving map 'TylerTest' took 0.529
[2018.12.10-23.56.09:325][456]BlueprintLog: New page: Compile MainMenu
[2018.12.10-23.56.10:247][487]Cmd: OBJ SAVEPACKAGE PACKAGE="/Game/FirstPersonBP/Maps/MainMenu" FILE="../../../../../../Users/jonest5/GameDev1/TeamSadMen/TeamSadMen/Content/FirstPersonBP/Maps/MainMenu.uasset" SILENT=true
[2018.12.10-23.56.10:292][487]LogSavePackage: Moving '../../../../../../Users/jonest5/GameDev1/TeamSadMen/TeamSadMen/Saved/MainMenuD4D6780F407498DA8E6BA58AEE70CC8D.tmp' to '../../../../../../Users/jonest5/GameDev1/TeamSadMen/TeamSadMen/Content/FirstPersonBP/Maps/MainMenu.uasset'
[2018.12.10-23.56.14:137][634]LogAssetEditorManager: Opening Asset editor for World /Game/FirstPersonBP/Maps/TylerTest.TylerTest
[2018.12.10-23.56.14:173][634]Cmd: MAP LOAD FILE="../../../../../../Users/jonest5/GameDev1/TeamSadMen/TeamSadMen/Content/FirstPersonBP/Maps/TylerTest.umap" TEMPLATE=0 SHOWPROGRESS=1 FEATURELEVEL=3
[2018.12.10-23.56.14:173][634]LightingResults: New page: Lighting Build
[2018.12.10-23.56.14:174][634]LoadErrors: New page: Loading map: TylerTest.umap
[2018.12.10-23.56.14:175][634]MapCheck: New page: Map Check
[2018.12.10-23.56.14:175][634]LightingResults: New page: Lighting Build
[2018.12.10-23.56.14:253][634]LogAIModule: Creating AISystem for world TylerTest
[2018.12.10-23.56.14:382][634]LogEditorServer: Finished looking for orphan Actors (0.000 secs)
[2018.12.10-23.56.14:445][634]Cmd: MAP CHECKDEP NOCLEARLOG
[2018.12.10-23.56.14:671][634]MapCheck: Map check complete: 0 Error(s), 0 Warning(s), took 224.837ms to complete.
[2018.12.10-23.56.14:672][634]LogFileHelpers: Loading map 'TylerTest' took 0.501
[2018.12.10-23.56.21:674][890]LogAssetEditorManager: Opening Asset editor for LevelScriptBlueprint /Game/FirstPersonBP/Maps/TylerTest.TylerTest:PersistentLevel.TylerTest
[2018.12.11-00.00.32:368][742]BlueprintLog: New page: Compile TylerTest
[2018.12.11-00.01.16:659][562]LogAssetEditorManager: Opening Asset editor for Blueprint /Game/FirstPersonBP/Blueprints/FirstPersonCharacter.FirstPersonCharacter
[2018.12.11-00.03.07:283][206]BlueprintLog: New page: Compile FirstPersonCharacter
[2018.12.11-00.03.08:350][227]LogSavePackage: Moving '../../../../../../Users/jonest5/GameDev1/TeamSadMen/TeamSadMen/Saved/FirstPersonCharacter42A42C564E577FD58B8857AD286BB768.tmp' to '../../../../../../Users/jonest5/GameDev1/TeamSadMen/TeamSadMen/Content/FirstPersonBP/Blueprints/FirstPersonCharacter.uasset'
[2018.12.11-00.03.11:068][256]LogSavePackage: Moving '../../../../../../Users/jonest5/GameDev1/TeamSadMen/TeamSadMen/Saved/TylerTest95D61CF342515DF6C6EB83B1819A4616.tmp' to '../../../../../../Users/jonest5/GameDev1/TeamSadMen/TeamSadMen/Content/FirstPersonBP/Maps/TylerTest.umap'
[2018.12.11-00.03.11:112][256]LogFileHelpers: Saving map 'TylerTest' took 0.623
[2018.12.11-00.03.47:580][ 66]LogSlate: Prevented a slow task dialog from being summoned while a context menu was open
[2018.12.11-00.04.20:546][911]LogTemp: Repeating last play command: Selected Viewport
[2018.12.11-00.04.20:605][911]LogBlueprintUserMessages: Early PlayInEditor Detection: Level '/Game/FirstPersonBP/Maps/TylerTest.TylerTest:PersistentLevel' has LevelScriptBlueprint '/Game/FirstPersonBP/Maps/TylerTest.TylerTest:PersistentLevel.TylerTest' with GeneratedClass '/Game/FirstPersonBP/Maps/TylerTest.TylerTest_C' with ClassGeneratedBy '/Game/FirstPersonBP/Maps/TylerTest.TylerTest:PersistentLevel.TylerTest'
[2018.12.11-00.04.20:606][911]LogPlayLevel: PlayLevel: No blueprints needed recompiling
[2018.12.11-00.04.20:622][911]PIE: New page: PIE session: TylerTest (Dec 10, 2018, 2:04:20 PM)
[2018.12.11-00.04.20:622][911]LogPlayLevel: Creating play world package: /Game/FirstPersonBP/Maps/UEDPIE_0_TylerTest
[2018.12.11-00.04.20:639][911]LogPlayLevel: PIE: StaticDuplicateObject took: (0.017246s)
[2018.12.11-00.04.20:641][911]LogAIModule: Creating AISystem for world TylerTest
[2018.12.11-00.04.20:642][911]LogPlayLevel: PIE: World Init took: (0.002220s)
[2018.12.11-00.04.20:642][911]LogPlayLevel: PIE: Created PIE world by copying editor world from /Game/FirstPersonBP/Maps/TylerTest.TylerTest to /Game/FirstPersonBP/Maps/UEDPIE_0_TylerTest.TylerTest (0.019777s)
[2018.12.11-00.04.20:712][911]LogInit: XAudio2 using 'Speakers / Headphones (Realtek Audio)' : 2 channels at 48 kHz using 32 bits per sample (channel mask 0x3)
[2018.12.11-00.04.20:750][911]LogInit: FAudioDevice initialized.
[2018.12.11-00.04.20:802][911]LogLoad: Game class is 'FirstPersonGameMode_C'
[2018.12.11-00.04.20:809][911]LogWorld: Bringing World /Game/FirstPersonBP/Maps/UEDPIE_0_TylerTest.TylerTest up for play (max tick rate 60) at 2018.12.10-19.04.20
[2018.12.11-00.04.20:811][911]LogWorld: Bringing up level for play took: 0.007642
[2018.12.11-00.04.20:853][911]LogContentBrowser: Native class hierarchy updated for 'MovieSceneCapture' in 0.0009 seconds. Added 10 classes and 0 folders.
[2018.12.11-00.04.20:856][911]LogBlueprintUserMessages: [Order_Text_Blueprint] Red Pesto
[2018.12.11-00.04.20:857][911]LogBlueprintUserMessages: [Order_Text_Blueprint] Tomatoes
[2018.12.11-00.04.20:860][911]PIE: Play in editor start time for /Game/FirstPersonBP/Maps/UEDPIE_0_TylerTest 0.608
[2018.12.11-00.04.20:860][911]LogBlueprintUserMessages: Late PlayInEditor Detection: Level '/Game/FirstPersonBP/Maps/TylerTest.TylerTest:PersistentLevel' has LevelScriptBlueprint '/Game/FirstPersonBP/Maps/TylerTest.TylerTest:PersistentLevel.TylerTest' with GeneratedClass '/Game/FirstPersonBP/Maps/TylerTest.TylerTest_C' with ClassGeneratedBy '/Game/FirstPersonBP/Maps/TylerTest.TylerTest:PersistentLevel.TylerTest'
[2018.12.11-00.04.31:732][470]LogNet: Browse: /Game/FirstPersonBP/Maps/TylerTest
[2018.12.11-00.04.31:733][470]LogLoad: LoadMap: /Game/FirstPersonBP/Maps/TylerTest
[2018.12.11-00.04.31:773][470]LogPlayLevel: Creating play world package: /Game/FirstPersonBP/Maps/UEDPIE_0_TylerTest
[2018.12.11-00.04.31:788][470]LogPlayLevel: PIE: StaticDuplicateObject took: (0.015367s)
[2018.12.11-00.04.31:789][470]LogAIModule: Creating AISystem for world TylerTest
[2018.12.11-00.04.31:790][470]LogPlayLevel: PIE: World Init took: (0.001431s)
[2018.12.11-00.04.31:790][470]LogPlayLevel: PIE: Created PIE world by copying editor world from /Game/FirstPersonBP/Maps/TylerTest.TylerTest to /Game/FirstPersonBP/Maps/UEDPIE_0_TylerTest.TylerTest (0.017318s)
[2018.12.11-00.04.31:790][470]LogLoad: Game class is 'FirstPersonGameMode_C'
[2018.12.11-00.04.31:812][470]LogWorld: Bringing World /Game/FirstPersonBP/Maps/UEDPIE_0_TylerTest.TylerTest up for play (max tick rate 60) at 2018.12.10-19.04.31
[2018.12.11-00.04.31:813][470]LogWorld: Bringing up level for play took: 0.021193
[2018.12.11-00.04.31:815][470]LogBlueprintUserMessages: [Order_Text_Blueprint] Red Pesto
[2018.12.11-00.04.31:815][470]LogBlueprintUserMessages: [Order_Text_Blueprint] Pineapple
[2018.12.11-00.04.31:815][470]LogBlueprintUserMessages: [Order_Text_Blueprint] Tomatoes
[2018.12.11-00.04.31:817][470]LogLoad: Took 0.083612 seconds to LoadMap(/Game/FirstPersonBP/Maps/UEDPIE_0_TylerTest)
[2018.12.11-00.04.35:328][667]LogNet: Browse: /Game/FirstPersonBP/Maps/TylerTest
[2018.12.11-00.04.35:328][667]LogLoad: LoadMap: /Game/FirstPersonBP/Maps/TylerTest
[2018.12.11-00.04.35:366][667]LogPlayLevel: Creating play world package: /Game/FirstPersonBP/Maps/UEDPIE_0_TylerTest
[2018.12.11-00.04.35:380][667]LogPlayLevel: PIE: StaticDuplicateObject took: (0.013408s)
[2018.12.11-00.04.35:381][667]LogAIModule: Creating AISystem for world TylerTest
[2018.12.11-00.04.35:381][667]LogPlayLevel: PIE: World Init took: (0.001348s)
[2018.12.11-00.04.35:381][667]LogPlayLevel: PIE: Created PIE world by copying editor world from /Game/FirstPersonBP/Maps/TylerTest.TylerTest to /Game/FirstPersonBP/Maps/UEDPIE_0_TylerTest.TylerTest (0.015181s)
[2018.12.11-00.04.35:381][667]LogLoad: Game class is 'FirstPersonGameMode_C'
[2018.12.11-00.04.35:392][667]LogWorld: Bringing World /Game/FirstPersonBP/Maps/UEDPIE_0_TylerTest.TylerTest up for play (max tick rate 60) at 2018.12.10-19.04.35
[2018.12.11-00.04.35:393][667]LogWorld: Bringing up level for play took: 0.010234
[2018.12.11-00.04.35:394][667]LogBlueprintUserMessages: [Order_Text_Blueprint] Pesto
[2018.12.11-00.04.35:394][667]LogBlueprintUserMessages: [Order_Text_Blueprint] Green Peppers
[2018.12.11-00.04.35:394][667]LogBlueprintUserMessages: [Order_Text_Blueprint] Jalapeños
[2018.12.11-00.04.35:396][667]LogLoad: Took 0.067177 seconds to LoadMap(/Game/FirstPersonBP/Maps/UEDPIE_0_TylerTest)
[2018.12.11-00.04.36:139][711]LogNet: Browse: /Game/FirstPersonBP/Maps/TylerTest
[2018.12.11-00.04.36:139][711]LogLoad: LoadMap: /Game/FirstPersonBP/Maps/TylerTest
[2018.12.11-00.04.36:178][711]LogPlayLevel: Creating play world package: /Game/FirstPersonBP/Maps/UEDPIE_0_TylerTest
[2018.12.11-00.04.36:191][711]LogPlayLevel: PIE: StaticDuplicateObject took: (0.012684s)
[2018.12.11-00.04.36:192][711]LogAIModule: Creating AISystem for world TylerTest
[2018.12.11-00.04.36:193][711]LogPlayLevel: PIE: World Init took: (0.001597s)
[2018.12.11-00.04.36:193][711]LogPlayLevel: PIE: Created PIE world by copying editor world from /Game/FirstPersonBP/Maps/TylerTest.TylerTest to /Game/FirstPersonBP/Maps/UEDPIE_0_TylerTest.TylerTest (0.014660s)
[2018.12.11-00.04.36:193][711]LogLoad: Game class is 'FirstPersonGameMode_C'
[2018.12.11-00.04.36:201][711]LogWorld: Bringing World /Game/FirstPersonBP/Maps/UEDPIE_0_TylerTest.TylerTest up for play (max tick rate 60) at 2018.12.10-19.04.36
[2018.12.11-00.04.36:201][711]LogWorld: Bringing up level for play took: 0.006999
[2018.12.11-00.04.36:203][711]LogBlueprintUserMessages: [Order_Text_Blueprint] Marinara
[2018.12.11-00.04.36:203][711]LogBlueprintUserMessages: [Order_Text_Blueprint] Pepperoni
[2018.12.11-00.04.36:203][711]LogBlueprintUserMessages: [Order_Text_Blueprint] Sausage
[2018.12.11-00.04.36:204][711]LogLoad: Took 0.063810 seconds to LoadMap(/Game/FirstPersonBP/Maps/UEDPIE_0_TylerTest)
[2018.12.11-00.04.36:775][745]LogNet: Browse: /Game/FirstPersonBP/Maps/TylerTest
[2018.12.11-00.04.36:776][745]LogLoad: LoadMap: /Game/FirstPersonBP/Maps/TylerTest
[2018.12.11-00.04.36:816][745]LogPlayLevel: Creating play world package: /Game/FirstPersonBP/Maps/UEDPIE_0_TylerTest
[2018.12.11-00.04.36:828][745]LogPlayLevel: PIE: StaticDuplicateObject took: (0.012061s)
[2018.12.11-00.04.36:829][745]LogAIModule: Creating AISystem for world TylerTest
[2018.12.11-00.04.36:829][745]LogPlayLevel: PIE: World Init took: (0.000932s)
[2018.12.11-00.04.36:829][745]LogPlayLevel: PIE: Created PIE world by copying editor world from /Game/FirstPersonBP/Maps/TylerTest.TylerTest to /Game/FirstPersonBP/Maps/UEDPIE_0_TylerTest.TylerTest (0.013308s)
[2018.12.11-00.04.36:830][745]LogLoad: Game class is 'FirstPersonGameMode_C'
[2018.12.11-00.04.36:838][745]LogWorld: Bringing World /Game/FirstPersonBP/Maps/UEDPIE_0_TylerTest.TylerTest up for play (max tick rate 60) at 2018.12.10-19.04.36
[2018.12.11-00.04.36:839][745]LogWorld: Bringing up level for play took: 0.008309
[2018.12.11-00.04.36:840][745]LogBlueprintUserMessages: [Order_Text_Blueprint] Marinara
[2018.12.11-00.04.36:840][745]LogBlueprintUserMessages: [Order_Text_Blueprint] Pepperoni
[2018.12.11-00.04.36:841][745]LogLoad: Took 0.065514 seconds to LoadMap(/Game/FirstPersonBP/Maps/UEDPIE_0_TylerTest)
[2018.12.11-00.04.37:281][771]LogNet: Browse: /Game/FirstPersonBP/Maps/TylerTest
[2018.12.11-00.04.37:281][771]LogLoad: LoadMap: /Game/FirstPersonBP/Maps/TylerTest
[2018.12.11-00.04.37:322][771]LogPlayLevel: Creating play world package: /Game/FirstPersonBP/Maps/UEDPIE_0_TylerTest
[2018.12.11-00.04.37:335][771]LogPlayLevel: PIE: StaticDuplicateObject took: (0.012470s)
[2018.12.11-00.04.37:336][771]LogAIModule: Creating AISystem for world TylerTest
[2018.12.11-00.04.37:337][771]LogPlayLevel: PIE: World Init took: (0.001287s)
[2018.12.11-00.04.37:337][771]LogPlayLevel: PIE: Created PIE world by copying editor world from /Game/FirstPersonBP/Maps/TylerTest.TylerTest to /Game/FirstPersonBP/Maps/UEDPIE_0_TylerTest.TylerTest (0.014188s)
[2018.12.11-00.04.37:337][771]LogLoad: Game class is 'FirstPersonGameMode_C'
[2018.12.11-00.04.37:349][771]LogWorld: Bringing World /Game/FirstPersonBP/Maps/UEDPIE_0_TylerTest.TylerTest up for play (max tick rate 60) at 2018.12.10-19.04.37
[2018.12.11-00.04.37:349][771]LogWorld: Bringing up level for play took: 0.010896
[2018.12.11-00.04.37:351][771]LogBlueprintUserMessages: [Order_Text_Blueprint] Pesto
[2018.12.11-00.04.37:351][771]LogBlueprintUserMessages: [Order_Text_Blueprint] Red Peppers
[2018.12.11-00.04.37:351][771]LogBlueprintUserMessages: [Order_Text_Blueprint] Sausage
[2018.12.11-00.04.37:353][771]LogLoad: Took 0.072036 seconds to LoadMap(/Game/FirstPersonBP/Maps/UEDPIE_0_TylerTest)
[2018.12.11-00.04.37:656][789]LogNet: Browse: /Game/FirstPersonBP/Maps/TylerTest
[2018.12.11-00.04.37:656][789]LogLoad: LoadMap: /Game/FirstPersonBP/Maps/TylerTest
[2018.12.11-00.04.37:696][789]LogPlayLevel: Creating play world package: /Game/FirstPersonBP/Maps/UEDPIE_0_TylerTest
[2018.12.11-00.04.37:709][789]LogPlayLevel: PIE: StaticDuplicateObject took: (0.013697s)
[2018.12.11-00.04.37:710][789]LogAIModule: Creating AISystem for world TylerTest
[2018.12.11-00.04.37:711][789]LogPlayLevel: PIE: World Init took: (0.001043s)
[2018.12.11-00.04.37:711][789]LogPlayLevel: PIE: Created PIE world by copying editor world from /Game/FirstPersonBP/Maps/TylerTest.TylerTest to /Game/FirstPersonBP/Maps/UEDPIE_0_TylerTest.TylerTest (0.015132s)
[2018.12.11-00.04.37:711][789]LogLoad: Game class is 'FirstPersonGameMode_C'
[2018.12.11-00.04.37:718][789]LogWorld: Bringing World /Game/FirstPersonBP/Maps/UEDPIE_0_TylerTest.TylerTest up for play (max tick rate 60) at 2018.12.10-19.04.37
[2018.12.11-00.04.37:718][789]LogWorld: Bringing up level for play took: 0.005446
[2018.12.11-00.04.37:719][789]LogBlueprintUserMessages: [Order_Text_Blueprint] Pesto
[2018.12.11-00.04.37:719][789]LogBlueprintUserMessages: [Order_Text_Blueprint] Pineapple
[2018.12.11-00.04.37:720][789]LogLoad: Took 0.063680 seconds to LoadMap(/Game/FirstPersonBP/Maps/UEDPIE_0_TylerTest)
[2018.12.11-00.04.38:326][825]LogNet: Browse: /Game/FirstPersonBP/Maps/TylerTest
[2018.12.11-00.04.38:327][825]LogLoad: LoadMap: /Game/FirstPersonBP/Maps/TylerTest
[2018.12.11-00.04.38:369][825]LogPlayLevel: Creating play world package: /Game/FirstPersonBP/Maps/UEDPIE_0_TylerTest
[2018.12.11-00.04.38:383][825]LogPlayLevel: PIE: StaticDuplicateObject took: (0.012977s)
[2018.12.11-00.04.38:384][825]LogAIModule: Creating AISystem for world TylerTest
[2018.12.11-00.04.38:385][825]LogPlayLevel: PIE: World Init took: (0.001602s)
[2018.12.11-00.04.38:385][825]LogPlayLevel: PIE: Created PIE world by copying editor world from /Game/FirstPersonBP/Maps/TylerTest.TylerTest to /Game/FirstPersonBP/Maps/UEDPIE_0_TylerTest.TylerTest (0.015049s)
[2018.12.11-00.04.38:385][825]LogLoad: Game class is 'FirstPersonGameMode_C'
[2018.12.11-00.04.38:393][825]LogWorld: Bringing World /Game/FirstPersonBP/Maps/UEDPIE_0_TylerTest.TylerTest up for play (max tick rate 60) at 2018.12.10-19.04.38
[2018.12.11-00.04.38:394][825]LogWorld: Bringing up level for play took: 0.007565
[2018.12.11-00.04.38:395][825]LogBlueprintUserMessages: [Order_Text_Blueprint] Marinara
[2018.12.11-00.04.38:395][825]LogBlueprintUserMessages: [Order_Text_Blueprint] Pepperoni
[2018.12.11-00.04.38:396][825]LogLoad: Took 0.069065 seconds to LoadMap(/Game/FirstPersonBP/Maps/UEDPIE_0_TylerTest)
[2018.12.11-00.04.38:867][853]LogNet: Browse: /Game/FirstPersonBP/Maps/TylerTest
[2018.12.11-00.04.38:868][853]LogLoad: LoadMap: /Game/FirstPersonBP/Maps/TylerTest
[2018.12.11-00.04.38:910][853]LogPlayLevel: Creating play world package: /Game/FirstPersonBP/Maps/UEDPIE_0_TylerTest
[2018.12.11-00.04.38:925][853]LogPlayLevel: PIE: StaticDuplicateObject took: (0.014746s)
[2018.12.11-00.04.38:926][853]LogAIModule: Creating AISystem for world TylerTest
[2018.12.11-00.04.38:927][853]LogPlayLevel: PIE: World Init took: (0.001253s)
[2018.12.11-00.04.38:927][853]LogPlayLevel: PIE: Created PIE world by copying editor world from /Game/FirstPersonBP/Maps/TylerTest.TylerTest to /Game/FirstPersonBP/Maps/UEDPIE_0_TylerTest.TylerTest (0.016576s)
[2018.12.11-00.04.38:927][853]LogLoad: Game class is 'FirstPersonGameMode_C'
[2018.12.11-00.04.38:939][853]LogWorld: Bringing World /Game/FirstPersonBP/Maps/UEDPIE_0_TylerTest.TylerTest up for play (max tick rate 60) at 2018.12.10-19.04.38
[2018.12.11-00.04.38:940][853]LogWorld: Bringing up level for play took: 0.011771
[2018.12.11-00.04.38:942][853]LogBlueprintUserMessages: [Order_Text_Blueprint] Red Pesto
[2018.12.11-00.04.38:943][853]LogLoad: Took 0.075998 seconds to LoadMap(/Game/FirstPersonBP/Maps/UEDPIE_0_TylerTest)
[2018.12.11-00.04.39:281][873]LogNet: Browse: /Game/FirstPersonBP/Maps/TylerTest
[2018.12.11-00.04.39:282][873]LogLoad: LoadMap: /Game/FirstPersonBP/Maps/TylerTest
[2018.12.11-00.04.39:319][873]LogPlayLevel: Creating play world package: /Game/FirstPersonBP/Maps/UEDPIE_0_TylerTest
[2018.12.11-00.04.39:331][873]LogPlayLevel: PIE: StaticDuplicateObject took: (0.011611s)
[2018.12.11-00.04.39:332][873]LogAIModule: Creating AISystem for world TylerTest
[2018.12.11-00.04.39:332][873]LogPlayLevel: PIE: World Init took: (0.001080s)
[2018.12.11-00.04.39:332][873]LogPlayLevel: PIE: Created PIE world by copying editor world from /Game/FirstPersonBP/Maps/TylerTest.TylerTest to /Game/FirstPersonBP/Maps/UEDPIE_0_TylerTest.TylerTest (0.013063s)
[2018.12.11-00.04.39:332][873]LogLoad: Game class is 'FirstPersonGameMode_C'
[2018.12.11-00.04.39:342][873]LogWorld: Bringing World /Game/FirstPersonBP/Maps/UEDPIE_0_TylerTest.TylerTest up for play (max tick rate 60) at 2018.12.10-19.04.39
[2018.12.11-00.04.39:342][873]LogWorld: Bringing up level for play took: 0.009086
[2018.12.11-00.04.39:344][873]LogBlueprintUserMessages: [Order_Text_Blueprint] Pesto
[2018.12.11-00.04.39:344][873]LogBlueprintUserMessages: [Order_Text_Blueprint] Pineapple
[2018.12.11-00.04.39:345][873]LogLoad: Took 0.063623 seconds to LoadMap(/Game/FirstPersonBP/Maps/UEDPIE_0_TylerTest)
[2018.12.11-00.04.39:750][897]LogNet: Browse: /Game/FirstPersonBP/Maps/TylerTest
[2018.12.11-00.04.39:751][897]LogLoad: LoadMap: /Game/FirstPersonBP/Maps/TylerTest
[2018.12.11-00.04.39:790][897]LogPlayLevel: Creating play world package: /Game/FirstPersonBP/Maps/UEDPIE_0_TylerTest
[2018.12.11-00.04.39:804][897]LogPlayLevel: PIE: StaticDuplicateObject took: (0.013339s)
[2018.12.11-00.04.39:804][897]LogAIModule: Creating AISystem for world TylerTest
[2018.12.11-00.04.39:805][897]LogPlayLevel: PIE: World Init took: (0.000867s)
[2018.12.11-00.04.39:805][897]LogPlayLevel: PIE: Created PIE world by copying editor world from /Game/FirstPersonBP/Maps/TylerTest.TylerTest to /Game/FirstPersonBP/Maps/UEDPIE_0_TylerTest.TylerTest (0.014532s)
[2018.12.11-00.04.39:805][897]LogLoad: Game class is 'FirstPersonGameMode_C'
[2018.12.11-00.04.39:815][897]LogWorld: Bringing World /Game/FirstPersonBP/Maps/UEDPIE_0_TylerTest.TylerTest up for play (max tick rate 60) at 2018.12.10-19.04.39
[2018.12.11-00.04.39:815][897]LogWorld: Bringing up level for play took: 0.009335
[2018.12.11-00.04.39:817][897]LogBlueprintUserMessages: [Order_Text_Blueprint] Marinara
[2018.12.11-00.04.39:817][897]LogBlueprintUserMessages: [Order_Text_Blueprint] Tomatoes
[2018.12.11-00.04.39:818][897]LogLoad: Took 0.067689 seconds to LoadMap(/Game/FirstPersonBP/Maps/UEDPIE_0_TylerTest)
[2018.12.11-00.04.41:017][956]LogSlate: Updating window title bar state: overlay mode, drag disabled, window buttons hidden, title bar hidden
[2018.12.11-00.04.41:017][956]LogBlueprintUserMessages: Early EndPlayMap Detection: Level '/Game/FirstPersonBP/Maps/TylerTest.TylerTest:PersistentLevel' has LevelScriptBlueprint '/Game/FirstPersonBP/Maps/TylerTest.TylerTest:PersistentLevel.TylerTest' with GeneratedClass '/Game/FirstPersonBP/Maps/TylerTest.TylerTest_C' with ClassGeneratedBy '/Game/FirstPersonBP/Maps/TylerTest.TylerTest:PersistentLevel.TylerTest'
[2018.12.11-00.04.41:065][956]LogPlayLevel: Display: Shutting down PIE online subsystems
[2018.12.11-00.04.41:065][956]LogBlueprintUserMessages: Late EndPlayMap Detection: Level '/Game/FirstPersonBP/Maps/TylerTest.TylerTest:PersistentLevel' has LevelScriptBlueprint '/Game/FirstPersonBP/Maps/TylerTest.TylerTest:PersistentLevel.TylerTest' with GeneratedClass '/Game/FirstPersonBP/Maps/TylerTest.TylerTest_C' with ClassGeneratedBy '/Game/FirstPersonBP/Maps/TylerTest.TylerTest:PersistentLevel.TylerTest'
[2018.12.11-00.04.41:110][956]LogSlate: Updating window title bar state: overlay mode, drag disabled, window buttons hidden, title bar hidden
[2018.12.11-00.04.41:202][957]LogPlayLevel: Display: Destroying online subsystem :Context_12
[2018.12.11-00.05.55:221][184]LogTemp: Repeating last play command: Selected Viewport
[2018.12.11-00.05.55:259][184]LogBlueprintUserMessages: Early PlayInEditor Detection: Level '/Game/FirstPersonBP/Maps/TylerTest.TylerTest:PersistentLevel' has LevelScriptBlueprint '/Game/FirstPersonBP/Maps/TylerTest.TylerTest:PersistentLevel.TylerTest' with GeneratedClass '/Game/FirstPersonBP/Maps/TylerTest.TylerTest_C' with ClassGeneratedBy '/Game/FirstPersonBP/Maps/TylerTest.TylerTest:PersistentLevel.TylerTest'
[2018.12.11-00.05.55:260][184]LogPlayLevel: PlayLevel: No blueprints needed recompiling
[2018.12.11-00.05.55:260][184]PIE: New page: PIE session: TylerTest (Dec 10, 2018, 2:05:55 PM)
[2018.12.11-00.05.55:260][184]LogPlayLevel: Creating play world package: /Game/FirstPersonBP/Maps/UEDPIE_0_TylerTest
[2018.12.11-00.05.55:282][184]LogPlayLevel: PIE: StaticDuplicateObject took: (0.022065s)
[2018.12.11-00.05.55:283][184]LogAIModule: Creating AISystem for world TylerTest
[2018.12.11-00.05.55:284][184]LogPlayLevel: PIE: World Init took: (0.001111s)
[2018.12.11-00.05.55:284][184]LogPlayLevel: PIE: Created PIE world by copying editor world from /Game/FirstPersonBP/Maps/TylerTest.TylerTest to /Game/FirstPersonBP/Maps/UEDPIE_0_TylerTest.TylerTest (0.023739s)
[2018.12.11-00.05.55:347][184]LogInit: XAudio2 using 'Speakers / Headphones (Realtek Audio)' : 2 channels at 48 kHz using 32 bits per sample (channel mask 0x3)
[2018.12.11-00.05.55:385][184]LogInit: FAudioDevice initialized.
[2018.12.11-00.05.55:422][184]LogLoad: Game class is 'FirstPersonGameMode_C'
[2018.12.11-00.05.55:426][184]LogWorld: Bringing World /Game/FirstPersonBP/Maps/UEDPIE_0_TylerTest.TylerTest up for play (max tick rate 60) at 2018.12.10-19.05.55
[2018.12.11-00.05.55:426][184]LogWorld: Bringing up level for play took: 0.002487
[2018.12.11-00.05.55:439][184]LogBlueprintUserMessages: [Order_Text_Blueprint] Red Pesto
[2018.12.11-00.05.55:439][184]LogBlueprintUserMessages: [Order_Text_Blueprint] Pinapple
[2018.12.11-00.05.55:441][184]PIE: Play in editor start time for /Game/FirstPersonBP/Maps/UEDPIE_0_TylerTest 1.188
[2018.12.11-00.05.55:441][184]LogBlueprintUserMessages: Late PlayInEditor Detection: Level '/Game/FirstPersonBP/Maps/TylerTest.TylerTest:PersistentLevel' has LevelScriptBlueprint '/Game/FirstPersonBP/Maps/TylerTest.TylerTest:PersistentLevel.TylerTest' with GeneratedClass '/Game/FirstPersonBP/Maps/TylerTest.TylerTest_C' with ClassGeneratedBy '/Game/FirstPersonBP/Maps/TylerTest.TylerTest:PersistentLevel.TylerTest'
[2018.12.11-00.06.00:841][428]LogSlate: Updating window title bar state: overlay mode, drag disabled, window buttons hidden, title bar hidden
[2018.12.11-00.06.00:841][428]LogBlueprintUserMessages: Early EndPlayMap Detection: Level '/Game/FirstPersonBP/Maps/TylerTest.TylerTest:PersistentLevel' has LevelScriptBlueprint '/Game/FirstPersonBP/Maps/TylerTest.TylerTest:PersistentLevel.TylerTest' with GeneratedClass '/Game/FirstPersonBP/Maps/TylerTest.TylerTest_C' with ClassGeneratedBy '/Game/FirstPersonBP/Maps/TylerTest.TylerTest:PersistentLevel.TylerTest'
[2018.12.11-00.06.00:882][428]LogPlayLevel: Display: Shutting down PIE online subsystems
[2018.12.11-00.06.00:882][428]LogBlueprintUserMessages: Late EndPlayMap Detection: Level '/Game/FirstPersonBP/Maps/TylerTest.TylerTest:PersistentLevel' has LevelScriptBlueprint '/Game/FirstPersonBP/Maps/TylerTest.TylerTest:PersistentLevel.TylerTest' with GeneratedClass '/Game/FirstPersonBP/Maps/TylerTest.TylerTest_C' with ClassGeneratedBy '/Game/FirstPersonBP/Maps/TylerTest.TylerTest:PersistentLevel.TylerTest'
[2018.12.11-00.06.00:920][428]LogSlate: Updating window title bar state: overlay mode, drag disabled, window buttons hidden, title bar hidden
[2018.12.11-00.06.01:054][429]LogPlayLevel: Display: Destroying online subsystem :Context_13
[2018.12.11-00.09.11:975][325]LogSlate: Took 0.021822 seconds to synchronously load lazily loaded font '../../../Engine/Content/SlateDebug/Fonts/LastResort.ttf' (5269K)
[2018.12.11-00.09.23:460][526]LogSlate: Took 0.016793 seconds to synchronously load lazily loaded font '../../../Engine/Content/Slate/Fonts/DroidSansFallback.ttf' (3848K)
[2018.12.11-00.09.59:047][372]LogEditorTransaction: Undo Move Widget
[2018.12.11-00.10.01:325][409]LogEditorTransaction: Undo Add Widget
[2018.12.11-00.10.04:884][501]LogEditorTransaction: Undo Move Widget
[2018.12.11-00.10.08:857][595]LogEditorTransaction: Undo Move Widget
[2018.12.11-00.10.12:322][660]LogEditorTransaction: Undo Resize Widget
[2018.12.11-00.10.13:361][677]LogEditorTransaction: Undo Resize Widget
[2018.12.11-00.10.29:303][ 69]PIE: UWidget::RemoveFromParent() called on '/Game/FirstPersonBP/Maps/MainMenu.MainMenu:WidgetTree.PlayButton' which has no UMG parent (if it was added directly to a native Slate widget via TakeWidget() then it must be removed explicitly rather than via RemoveFromParent())
[2018.12.11-00.10.32:885][145]PIE: UWidget::RemoveFromParent() called on '/Game/FirstPersonBP/Maps/MainMenu.MainMenu:WidgetTree.QuitButton' which has no UMG parent (if it was added directly to a native Slate widget via TakeWidget() then it must be removed explicitly rather than via RemoveFromParent())
[2018.12.11-00.12.30:880][ 53]LogEditorTransaction: Undo Move Widget
[2018.12.11-00.13.48:634][ 44]LogEditorTransaction: Undo Edit Justification
[2018.12.11-00.13.48:927][ 47]Cmd: TRANSACTION UNDO
[2018.12.11-00.13.48:927][ 47]LogEditorTransaction: Undo Move Widget
[2018.12.11-00.13.48:932][ 47]LogWindows: Windows GetLastError: The operation completed successfully. (0)
[2018.12.11-00.13.50:741][ 47]LogWindows: Error: === Critical error: ===
[2018.12.11-00.13.50:741][ 47]LogWindows: Error: 
[2018.12.11-00.13.50:741][ 47]LogWindows: Error: Assertion failed: IsValid() [File:D:\Build\++UE4\Sync\Engine\Source\Runtime\Core\Public\Templates/SharedPointer.h] [Line: 849] 
[2018.12.11-00.13.50:741][ 47]LogWindows: Error: 
[2018.12.11-00.13.50:741][ 47]LogWindows: Error: 
[2018.12.11-00.13.50:741][ 47]LogWindows: Error: 
[2018.12.11-00.13.50:741][ 47]LogWindows: Error: [Callstack] 0x00007ffc744aa388 KERNELBASE.dll!UnknownFunction []
[2018.12.11-00.13.50:741][ 47]LogWindows: Error: [Callstack] 0x00007ffc38db6850 UE4Editor-ApplicationCore.dll!UnknownFunction []
[2018.12.11-00.13.50:741][ 47]LogWindows: Error: [Callstack] 0x00007ffc0c6262fc UE4Editor-Core.dll!UnknownFunction []
[2018.12.11-00.13.50:741][ 47]LogWindows: Error: [Callstack] 0x00007ffc0c5b51db UE4Editor-Core.dll!UnknownFunction []
[2018.12.11-00.13.50:741][ 47]LogWindows: Error: [Callstack] 0x00007ffc01ea7ff6 UE4Editor-UMG.dll!UnknownFunction []
[2018.12.11-00.13.50:741][ 47]LogWindows: Error: [Callstack] 0x00007ffc01e6353a UE4Editor-UMG.dll!UnknownFunction []
[2018.12.11-00.13.50:741][ 47]LogWindows: Error: [Callstack] 0x00007ffc06cfd84d UE4Editor-CoreUObject.dll!UnknownFunction []
[2018.12.11-00.13.50:741][ 47]LogWindows: Error: [Callstack] 0x00007ffc02632002 UE4Editor-UnrealEd.dll!UnknownFunction []
[2018.12.11-00.13.50:741][ 47]LogWindows: Error: [Callstack] 0x00007ffc02679b4e UE4Editor-UnrealEd.dll!UnknownFunction []
[2018.12.11-00.13.50:741][ 47]LogWindows: Error: [Callstack] 0x00007ffc0260c81f UE4Editor-UnrealEd.dll!UnknownFunction []
[2018.12.11-00.13.50:741][ 47]LogWindows: Error: [Callstack] 0x00007ffc025c599c UE4Editor-UnrealEd.dll!UnknownFunction []
[2018.12.11-00.13.50:741][ 47]LogWindows: Error: [Callstack] 0x00007ffc025bf5d6 UE4Editor-UnrealEd.dll!UnknownFunction []
[2018.12.11-00.13.50:741][ 47]LogWindows: Error: [Callstack] 0x00007ffc02e9da43 UE4Editor-UnrealEd.dll!UnknownFunction []
[2018.12.11-00.13.50:741][ 47]LogWindows: Error: [Callstack] 0x00007ffbee4277ce UE4Editor-MainFrame.dll!UnknownFunction []
[2018.12.11-00.13.50:741][ 47]LogWindows: Error: [Callstack] 0x00007ffbee427bee UE4Editor-MainFrame.dll!UnknownFunction []
[2018.12.11-00.13.50:741][ 47]LogWindows: Error: [Callstack] 0x00007ffc038c24df UE4Editor-Slate.dll!UnknownFunction []
[2018.12.11-00.13.50:741][ 47]LogWindows: Error: [Callstack] 0x00007ffc0390437e UE4Editor-Slate.dll!UnknownFunction []
[2018.12.11-00.13.50:741][ 47]LogWindows: Error: [Callstack] 0x00007ffbee4371a2 UE4Editor-MainFrame.dll!UnknownFunction []
[2018.12.11-00.13.50:741][ 47]LogWindows: Error: [Callstack] 0x00007ffbee427679 UE4Editor-MainFrame.dll!UnknownFunction []
[2018.12.11-00.13.50:741][ 47]LogWindows: Error: [Callstack] 0x00007ffc039060e9 UE4Editor-Slate.dll!UnknownFunction []
[2018.12.11-00.13.50:741][ 47]LogWindows: Error: [Callstack] 0x00007ffc038f9846 UE4Editor-Slate.dll!UnknownFunction []
[2018.12.11-00.13.50:741][ 47]LogWindows: Error: [Callstack] 0x00007ffc38dace45 UE4Editor-ApplicationCore.dll!UnknownFunction []
[2018.12.11-00.13.50:741][ 47]LogWindows: Error: [Callstack] 0x00007ffc38da0270 UE4Editor-ApplicationCore.dll!UnknownFunction []
[2018.12.11-00.13.50:741][ 47]LogWindows: Error: [Callstack] 0x00007ffc38daf4c5 UE4Editor-ApplicationCore.dll!UnknownFunction []
[2018.12.11-00.13.50:741][ 47]LogWindows: Error: [Callstack] 0x00007ffc38d9c209 UE4Editor-ApplicationCore.dll!UnknownFunction []
[2018.12.11-00.13.50:741][ 47]LogWindows: Error: [Callstack] 0x00007ffc77b66d41 USER32.dll!UnknownFunction []
[2018.12.11-00.13.50:741][ 47]LogWindows: Error: [Callstack] 0x00007ffc77b66713 USER32.dll!UnknownFunction []
[2018.12.11-00.13.50:741][ 47]LogWindows: Error: [Callstack] 0x00007ffc38db0646 UE4Editor-ApplicationCore.dll!UnknownFunction []
[2018.12.11-00.13.50:741][ 47]LogWindows: Error: [Callstack] 0x00007ff7241c54e5 UE4Editor.exe!UnknownFunction []
[2018.12.11-00.13.50:741][ 47]LogWindows: Error: [Callstack] 0x00007ff7241d5b3c UE4Editor.exe!UnknownFunction []
[2018.12.11-00.13.50:741][ 47]LogWindows: Error: [Callstack] 0x00007ff7241d5bba UE4Editor.exe!UnknownFunction []
[2018.12.11-00.13.50:741][ 47]LogWindows: Error: [Callstack] 0x00007ff7241e3dac UE4Editor.exe!UnknownFunction []
[2018.12.11-00.13.50:741][ 47]LogWindows: Error: [Callstack] 0x00007ff7241e5aaa UE4Editor.exe!UnknownFunction []
[2018.12.11-00.13.50:741][ 47]LogWindows: Error: [Callstack] 0x00007ffc777e3034 KERNEL32.DLL!UnknownFunction []
[2018.12.11-00.13.50:741][ 47]LogWindows: Error: [Callstack] 0x00007ffc77f31471 ntdll.dll!UnknownFunction []
[2018.12.11-00.13.50:741][ 47]LogWindows: Error: 
[2018.12.11-00.13.50:763][ 47]LogExit: Executing StaticShutdownAfterError
[2018.12.11-00.13.50:782][ 47]LogWindows: FPlatformMisc::RequestExit(1)
[2018.12.11-00.13.50:783][ 47]Log file closed, 12/10/18 19:13:50
