Log file open, 12/05/18 14:07:28
LogWindows: Failed to load 'aqProf.dll' (GetLastError=126)
LogWindows: File 'aqProf.dll' does not exist
LogWindows: Failed to load 'VtuneApi.dll' (GetLastError=126)
LogWindows: File 'VtuneApi.dll' does not exist
LogWindows: Failed to load 'VtuneApi32e.dll' (GetLastError=126)
LogWindows: File 'VtuneApi32e.dll' does not exist
LogInit: Display: Running engine for game: TeamSadMen
LogPlatformFile: Not using cached read wrapper
LogTaskGraph: Started task graph with 5 named threads and 23 total threads with 3 sets of task threads.
LogStats: Stats thread started at 0.287309
LogD3D11RHI: Loaded GFSDK_Aftermath_Lib.x64.dll
LogICUInternationalization: Display: ICU TimeZone Detection - Raw Offset: -5:00, Platform Override: ''
LogPluginManager: Mounting plugin Paper2D
LogPluginManager: Mounting plugin AISupport
LogPluginManager: Mounting plugin LightPropagationVolume
LogPluginManager: Mounting plugin CLionSourceCodeAccess
LogPluginManager: Mounting plugin CodeLiteSourceCodeAccess
LogPluginManager: Mounting plugin GitSourceControl
LogPluginManager: Mounting plugin KDevelopSourceCodeAccess
LogPluginManager: Mounting plugin NullSourceCodeAccess
LogPluginManager: Mounting plugin PerforceSourceControl
LogPluginManager: Mounting plugin SubversionSourceControl
LogPluginManager: Mounting plugin UObjectPlugin
LogPluginManager: Mounting plugin VisualStudioCodeSourceCodeAccess
LogPluginManager: Mounting plugin VisualStudioSourceCodeAccess
LogPluginManager: Mounting plugin XCodeSourceCodeAccess
LogPluginManager: Mounting plugin AssetManagerEditor
LogPluginManager: Mounting plugin CryptoKeys
LogPluginManager: Mounting plugin DataValidation
LogPluginManager: Mounting plugin FacialAnimation
LogPluginManager: Mounting plugin GameplayTagsEditor
LogPluginManager: Mounting plugin MacGraphicsSwitching
LogPluginManager: Mounting plugin MeshEditor
LogPluginManager: Mounting plugin MobileLauncherProfileWizard
LogPluginManager: Mounting plugin PluginBrowser
LogPluginManager: Mounting plugin SpeedTreeImporter
LogPluginManager: Mounting plugin DatasmithContent
LogPluginManager: Mounting plugin AlembicImporter
LogPluginManager: Mounting plugin AppleImageUtils
LogPluginManager: Mounting plugin AppleVision
LogPluginManager: Mounting plugin BackChannel
LogPluginManager: Mounting plugin CharacterAI
LogPluginManager: Mounting plugin GeometryCache
LogPluginManager: Mounting plugin HTML5Networking
LogPluginManager: Mounting plugin ProxyLODPlugin
LogPluginManager: Mounting plugin MagicLeap
LogPluginManager: Mounting plugin MagicLeapEmulator
LogPluginManager: Mounting plugin MagicLeapMedia
LogPluginManager: Mounting plugin AndroidMedia
LogPluginManager: Mounting plugin AvfMedia
LogPluginManager: Mounting plugin ImgMedia
LogPluginManager: Mounting plugin LinearTimecode
LogPluginManager: Mounting plugin MediaCompositing
LogPluginManager: Mounting plugin MediaPlayerEditor
LogPluginManager: Mounting plugin WmfMedia
LogPluginManager: Mounting plugin TcpMessaging
LogPluginManager: Mounting plugin UdpMessaging
LogPluginManager: Mounting plugin ActorSequence
LogPluginManager: Mounting plugin LevelSequenceEditor
LogPluginManager: Mounting plugin MatineeToLevelSequence
LogPluginManager: Mounting plugin NetcodeUnitTest
LogPluginManager: Mounting plugin NUTUnrealEngine4
LogPluginManager: Mounting plugin OnlineSubsystemGooglePlay
LogPluginManager: Mounting plugin OnlineSubsystemIOS
LogPluginManager: Mounting plugin OnlineSubsystem
LogPluginManager: Mounting plugin OnlineSubsystemNull
LogPluginManager: Mounting plugin OnlineSubsystemUtils
LogPluginManager: Mounting plugin LauncherChunkInstaller
LogPluginManager: Mounting plugin AndroidDeviceProfileSelector
LogPluginManager: Mounting plugin AndroidMoviePlayer
LogPluginManager: Mounting plugin AndroidPermission
LogPluginManager: Mounting plugin AppleMoviePlayer
LogPluginManager: Mounting plugin ArchVisCharacter
LogPluginManager: Mounting plugin AudioCapture
LogPluginManager: Mounting plugin CableComponent
LogPluginManager: Mounting plugin CustomMeshComponent
LogPluginManager: Mounting plugin EditableMesh
LogPluginManager: Mounting plugin ExampleDeviceProfileSelector
LogPluginManager: Mounting plugin GoogleCloudMessaging
LogPluginManager: Mounting plugin ImmediatePhysics
LogPluginManager: Mounting plugin IOSDeviceProfileSelector
LogPluginManager: Mounting plugin LinuxDeviceProfileSelector
LogPluginManager: Mounting plugin LocationServicesBPLibrary
LogPluginManager: Mounting plugin MobilePatchingUtils
LogPluginManager: Mounting plugin OculusVR
LogPluginManager: Plugin shader directory ../../../Engine/Plugins/Runtime/Oculus/OculusVR/Shaders found
LogPluginManager: Mapping shader source directory ../../../Engine/Plugins/Runtime/Oculus/OculusVR/Shaders to virtual directory /Plugin/OculusVR
LogPluginManager: Mounting plugin PhysXVehicles
LogPluginManager: Mounting plugin ProceduralMeshComponent
LogPluginManager: Mounting plugin RuntimePhysXCooking
LogPluginManager: Mounting plugin SteamVR
LogPluginManager: Mounting plugin WindowsMoviePlayer
LogStreaming: Display: Took  0.134s to configure plugins.
LogInit: Using libcurl 7.55.1-DEV
LogInit:  - built for x86_64-pc-win32
LogInit:  - supports SSL with OpenSSL/1.0.2h
LogInit:  - supports HTTP deflate (compression) using libz 1.2.8
LogInit:  - other features:
LogInit:      CURL_VERSION_SSL
LogInit:      CURL_VERSION_LIBZ
LogInit:      CURL_VERSION_IPV6
LogInit:      CURL_VERSION_ASYNCHDNS
LogInit:      CURL_VERSION_LARGEFILE
LogInit:      CURL_VERSION_IDN
LogInit:  CurlRequestOptions (configurable via config and command line):
LogInit:  - bVerifyPeer = false  - Libcurl will NOT verify peer certificate
LogInit:  - bUseHttpProxy = false  - Libcurl will NOT use HTTP proxy
LogInit:  - bDontReuseConnections = false  - Libcurl will reuse connections
LogInit:  - CertBundlePath = nullptr  - Libcurl will use whatever was configured at build time.
LogInit:  - MaxHostConnections = 16  - Libcurl will limit the number of connections to a host
LogInit:  - LocalHostAddr = Default
LogInit:  - BufferSize = 65536
LogInit: WinSock: version 1.1 (2.2), MaxSocks=32767, MaxUdp=65467
LogInit: Build: ++UE4+Release-4.20-CL-4369336
LogInit: Engine Version: 4.20.3-4369336+++UE4+Release-4.20
LogInit: Compatible Engine Version: 4.20.0-4212847+++UE4+Release-4.20
LogInit: Net CL: 4212847
LogInit: OS: Windows 10 (), CPU: Intel(R) Core(TM) i7-6700HQ CPU @ 2.60GHz, GPU: Intel(R) HD Graphics 530
LogInit: Compiled (64-bit): Sep 17 2018 12:26:19
LogInit: Compiled with Visual C++: 19.13.26129.00
LogInit: Build Configuration: Development
LogInit: Branch Name: ++UE4+Release-4.20
LogInit: Command Line:  
LogInit: Base Directory: C:/Program Files/Epic Games/UE_4.20/Engine/Binaries/Win64/
LogInit: Installed Engine Build: 1
LogDevObjectVersion: Number of dev versions registered: 20
LogDevObjectVersion:   Dev-Blueprints (B0D832E4-1F89-4F0D-ACCF-7EB736FD4AA2): 10
LogDevObjectVersion:   Dev-Build (E1C64328-A22C-4D53-A36C-8E866417BD8C): 0
LogDevObjectVersion:   Dev-Core (375EC13C-06E4-48FB-B500-84F0262A717E): 2
LogDevObjectVersion:   Dev-Editor (E4B068ED-F494-42E9-A231-DA0B2E46BB41): 24
LogDevObjectVersion:   Dev-Framework (CFFC743F-43B0-4480-9391-14DF171D2073): 34
LogDevObjectVersion:   Dev-Mobile (B02B49B5-BB20-44E9-A304-32B752E40360): 2
LogDevObjectVersion:   Dev-Networking (A4E4105C-59A1-49B5-A7C5-40C4547EDFEE): 0
LogDevObjectVersion:   Dev-Online (39C831C9-5AE6-47DC-9A44-9C173E1C8E7C): 0
LogDevObjectVersion:   Dev-Physics (78F01B33-EBEA-4F98-B9B4-84EACCB95AA2): 0
LogDevObjectVersion:   Dev-Platform (6631380F-2D4D-43E0-8009-CF276956A95A): 0
LogDevObjectVersion:   Dev-Rendering (12F88B9F-8875-4AFC-A67C-D90C383ABD29): 26
LogDevObjectVersion:   Dev-Sequencer (7B5AE74C-D270-4C10-A958-57980B212A5A): 9
LogDevObjectVersion:   Dev-VR (D7296918-1DD6-4BDD-9DE2-64A83CC13884): 2
LogDevObjectVersion:   Dev-LoadTimes (C2A15278-BFE7-4AFE-6C17-90FF531DF755): 1
LogDevObjectVersion:   Private-Geometry (6EACA3D4-40EC-4CC1-B786-8BED09428FC5): 3
LogDevObjectVersion:   Dev-AnimPhys (29E575DD-E0A3-4627-9D10-D276232CDCEA): 17
LogDevObjectVersion:   Dev-ReflectionCapture (6B266CEC-1EC7-4B8F-A30B-E4D90942FC07): 1
LogDevObjectVersion:   Dev-Automation (0DF73D61-A23F-47EA-B727-89E90C41499A): 1
LogDevObjectVersion:   FortniteMain (601D1886-AC64-4F84-AA16-D3DE0DEAC7D6): 12
LogDevObjectVersion:   Dev-Enterprise (9DFFBCD6-494F-0158-E221-12823C92A888): 1
LogStreaming: Display: Took  0.003s to delete old logs.
LogInit: Presizing for max 8388607 objects, including 0 objects not considered by GC, pre-allocating 0 bytes for permanent pool.
LogInit: Object subsystem initialized
[2018.12.05-19.07.28:542][  0]LogInit: Selected Device Profile: [Windows]
[2018.12.05-19.07.28:542][  0]LogInit: Applying CVar settings loaded from the selected device profile: [Windows]
[2018.12.05-19.07.28:559][  0]LogHAL: Display: Platform has ~ 16 GB [16964771840 / 17179869184 / 16], which maps to Larger [LargestMinGB=32, LargerMinGB=12, DefaultMinGB=8, SmallerMinGB=6, SmallestMinGB=0)
[2018.12.05-19.07.28:559][  0]LogInit: Setting Device Profile CVar: [[r.Vulkan.UseRealUBs:1]]
[2018.12.05-19.07.28:559][  0]LogInit: Going up to parent DeviceProfile []
[2018.12.05-19.07.28:560][  0]LogInit: Computer: DESKTOP-HIBAT0Q
[2018.12.05-19.07.28:560][  0]LogInit: User: kubok
[2018.12.05-19.07.28:560][  0]LogInit: CPU Page size=4096, Cores=4
[2018.12.05-19.07.28:560][  0]LogInit: High frequency timer resolution =2.531255 MHz
[2018.12.05-19.07.28:560][  0]LogMemory: Memory total: Physical=15.8GB (16GB approx)
[2018.12.05-19.07.28:560][  0]LogMemory: Platform Memory Stats for Windows
[2018.12.05-19.07.28:560][  0]LogMemory: Process Physical Memory: 99.75 MB used, 99.75 MB peak
[2018.12.05-19.07.28:560][  0]LogMemory: Process Virtual Memory: 91.06 MB used, 91.06 MB peak
[2018.12.05-19.07.28:560][  0]LogMemory: Physical Memory: 5334.46 MB used,  10844.40 MB free, 16178.87 MB total
[2018.12.05-19.07.28:560][  0]LogMemory: Virtual Memory: 4640.40 MB used,  10844.40 MB free, 134217728.00 MB total
[2018.12.05-19.07.28:583][  0]LogInit: Using OS detected language (en-US).
[2018.12.05-19.07.28:583][  0]LogInit: Using OS detected locale (en-US).
[2018.12.05-19.07.28:583][  0]LogTextLocalizationManager: No specific localization for 'en-US' exists, so the 'en' localization will be used.
[2018.12.05-19.07.28:969][  0]LogStreaming: Display: Took  0.386s to InitEngineTextLocalization.
[2018.12.05-19.07.28:969][  0]LogInit: Setting process to per monitor DPI aware
[2018.12.05-19.07.29:014][  0]LogSlate: New Slate User Created.  User Index 0, Is Virtual User: 0
[2018.12.05-19.07.29:014][  0]LogSlate: Slate User Registered.  User Index 0, Is Virtual User: 0
[2018.12.05-19.07.29:255][  0]LogHMD: Failed to initialize OpenVR with code 110
[2018.12.05-19.07.29:255][  0]LogD3D11RHI: D3D11 adapters:
[2018.12.05-19.07.29:325][  0]LogD3D11RHI:    0. 'NVIDIA GeForce GTX 960M' (Feature Level 11_0)
[2018.12.05-19.07.29:325][  0]LogD3D11RHI:       2010/0/8089 MB DedicatedVideo/DedicatedSystem/SharedSystem, Outputs:1, VendorId:0x10de
[2018.12.05-19.07.29:333][  0]LogD3D11RHI:    1. 'Intel(R) HD Graphics 530' (Feature Level 11_0)
[2018.12.05-19.07.29:333][  0]LogD3D11RHI:       128/0/8089 MB DedicatedVideo/DedicatedSystem/SharedSystem, Outputs:0, VendorId:0x8086
[2018.12.05-19.07.29:335][  0]LogD3D11RHI:    2. 'Microsoft Basic Render Driver' (Feature Level 11_0)
[2018.12.05-19.07.29:335][  0]LogD3D11RHI:       0/0/8089 MB DedicatedVideo/DedicatedSystem/SharedSystem, Outputs:0, VendorId:0x1414
[2018.12.05-19.07.29:335][  0]LogD3D11RHI: Chosen D3D11 Adapter: 0
[2018.12.05-19.07.29:373][  0]LogD3D11RHI: Creating new Direct3DDevice
[2018.12.05-19.07.29:373][  0]LogD3D11RHI:     GPU DeviceId: 0x139b (for the marketing name, search the web for "GPU Device Id")
[2018.12.05-19.07.29:373][  0]LogWindows: EnumDisplayDevices:
[2018.12.05-19.07.29:373][  0]LogWindows:    0. 'Intel(R) HD Graphics 530' (P:1 D:1)
[2018.12.05-19.07.29:374][  0]LogWindows:    1. 'Intel(R) HD Graphics 530' (P:0 D:0)
[2018.12.05-19.07.29:374][  0]LogWindows:    2. 'Intel(R) HD Graphics 530' (P:0 D:0)
[2018.12.05-19.07.29:374][  0]LogWindows: DebugString: PrimaryIsNotTheChoosenAdapter PrimaryIsNotTheChoosenAdapter PrimaryIsNotTheChoosenAdapter FoundDriverCount:0 
[2018.12.05-19.07.29:374][  0]LogD3D11RHI:     Adapter Name: NVIDIA GeForce GTX 960M
[2018.12.05-19.07.29:374][  0]LogD3D11RHI:   Driver Version: Unknown (internal:Unknown, unified:Unknown)
[2018.12.05-19.07.29:374][  0]LogD3D11RHI:      Driver Date: Unknown
[2018.12.05-19.07.29:374][  0]LogRHI: Texture pool is 1407 MB (70% of 2010 MB)
[2018.12.05-19.07.29:423][  0]LogD3D11RHI: Async texture creation enabled
[2018.12.05-19.07.29:461][  0]LogD3D11RHI: GPU Timing Frequency: 1000.000000 (Debug: 2 2)
[2018.12.05-19.07.29:461][  0]LogShaderCompilers: Guid format shader working directory is -1 characters bigger than the processId version (../../../../../../Git Hub/TeamSadMen/TeamSadMen/Intermediate/Shaders/WorkingDirectory/6992/).
[2018.12.05-19.07.29:462][  0]LogShaderCompilers: Cleaned the shader compiler working directory 'C:/Users/kubok/AppData/Local/Temp/UnrealShaderWorkingDir/ACC70F584DAEB7E484603ABE820D08B6/'.
[2018.12.05-19.07.29:754][  0]LogTemp: Display: Loaded TP AllDesktopTargetPlatform
[2018.12.05-19.07.29:768][  0]LogTemp: Display: Loaded TP MacClientTargetPlatform
[2018.12.05-19.07.29:782][  0]LogTemp: Display: Loaded TP MacNoEditorTargetPlatform
[2018.12.05-19.07.29:795][  0]LogTemp: Display: Loaded TP MacServerTargetPlatform
[2018.12.05-19.07.29:809][  0]LogTemp: Display: Loaded TP MacTargetPlatform
[2018.12.05-19.07.29:822][  0]LogTemp: Display: Loaded TP WindowsClientTargetPlatform
[2018.12.05-19.07.29:837][  0]LogTemp: Display: Loaded TP WindowsNoEditorTargetPlatform
[2018.12.05-19.07.29:850][  0]LogTemp: Display: Loaded TP WindowsServerTargetPlatform
[2018.12.05-19.07.29:856][  0]LogTemp: Display: Loaded TP WindowsTargetPlatform
[2018.12.05-19.07.29:935][  0]LogTemp: Display: Loaded TP AndroidTargetPlatform
[2018.12.05-19.07.29:935][  0]LogTemp: Display: Loaded TP AndroidTargetPlatform
[2018.12.05-19.07.29:936][  0]LogTemp: Display: Loaded TP AndroidTargetPlatform
[2018.12.05-19.07.29:936][  0]LogTemp: Display: Loaded TP AndroidTargetPlatform
[2018.12.05-19.07.29:936][  0]LogTemp: Display: Loaded TP AndroidTargetPlatform
[2018.12.05-19.07.29:936][  0]LogTemp: Display: Loaded TP AndroidTargetPlatform
[2018.12.05-19.07.29:936][  0]LogTemp: Display: Loaded TP AndroidTargetPlatform
[2018.12.05-19.07.29:936][  0]LogTemp: Display: Loaded TP AndroidTargetPlatform
[2018.12.05-19.07.29:936][  0]LogTemp: Display: Loaded TP AndroidTargetPlatform
[2018.12.05-19.07.29:936][  0]LogTemp: Display: Loaded TP AndroidTargetPlatform
[2018.12.05-19.07.29:936][  0]LogTemp: Display: Loaded TP AndroidTargetPlatform
[2018.12.05-19.07.29:936][  0]LogTemp: Display: Loaded TP AndroidTargetPlatform
[2018.12.05-19.07.29:936][  0]LogTemp: Display: Loaded TP AndroidTargetPlatform
[2018.12.05-19.07.29:936][  0]LogTemp: Display: Loaded TP AndroidTargetPlatform
[2018.12.05-19.07.29:936][  0]LogTemp: Display: Loaded TP AndroidTargetPlatform
[2018.12.05-19.07.29:936][  0]LogTemp: Display: Loaded TP AndroidTargetPlatform
[2018.12.05-19.07.29:936][  0]LogTemp: Display: Loaded TP AndroidTargetPlatform
[2018.12.05-19.07.29:936][  0]LogTemp: Display: Loaded TP AndroidTargetPlatform
[2018.12.05-19.07.29:937][  0]LogTemp: Display: Loaded TP HTML5TargetPlatform
[2018.12.05-19.07.29:997][  0]LogTemp: Display: Loaded TP IOSTargetPlatform
[2018.12.05-19.07.29:997][  0]LogTemp: Display: Loaded TP IOSTargetPlatform
[2018.12.05-19.07.30:022][  0]LogTemp: Display: Loaded TP TVOSTargetPlatform
[2018.12.05-19.07.30:022][  0]LogTemp: Display: Loaded TP TVOSTargetPlatform
[2018.12.05-19.07.30:036][  0]LogTemp: Display: Loaded TP LinuxClientTargetPlatform
[2018.12.05-19.07.30:050][  0]LogTemp: Display: Loaded TP LinuxNoEditorTargetPlatform
[2018.12.05-19.07.30:063][  0]LogTemp: Display: Loaded TP LinuxServerTargetPlatform
[2018.12.05-19.07.30:077][  0]LogTemp: Display: Loaded TP LinuxTargetPlatform
[2018.12.05-19.07.30:086][  0]LogTemp: Display: Loaded TP LuminTargetPlatform
[2018.12.05-19.07.30:086][  0]LogTargetPlatformManager: Display: Building Assets For Windows
[2018.12.05-19.07.30:150][  0]LogXGEController: Cleaning working directory: C:/Users/kubok/AppData/Local/Temp/UnrealXGEWorkingDir/
[2018.12.05-19.07.30:151][  0]LogXGEController: Cannot use XGE Controller as Incredibuild is not installed on this machine.
[2018.12.05-19.07.30:151][  0]LogShaderCompilers: Cannot use XGE Shader Compiler as Incredibuild is not installed on this machine.
[2018.12.05-19.07.30:151][  0]LogShaderCompilers: Display: Using Local Shader Compiler.
[2018.12.05-19.07.30:963][  0]LogDerivedDataCache: Display: Max Cache Size: 512 MB
[2018.12.05-19.07.31:018][  0]LogDerivedDataCache: Loaded boot cache 0.06s 71MB C:/Users/kubok/AppData/Local/UnrealEngine/4.20/DerivedDataCache/Boot.ddc.
[2018.12.05-19.07.31:018][  0]LogDerivedDataCache: Display: Loaded Boot cache: C:/Users/kubok/AppData/Local/UnrealEngine/4.20/DerivedDataCache/Boot.ddc
[2018.12.05-19.07.31:018][  0]LogDerivedDataCache: FDerivedDataBackendGraph:  Pak pak cache file ../../../../../../Git Hub/TeamSadMen/TeamSadMen/DerivedDataCache/DDC.ddp not found, will not use a pak cache.
[2018.12.05-19.07.31:018][  0]LogDerivedDataCache: Unable to find inner node Pak for hierarchical cache Hierarchy.
[2018.12.05-19.07.31:018][  0]LogDerivedDataCache: FDerivedDataBackendGraph:  CompressedPak pak cache file ../../../../../../Git Hub/TeamSadMen/TeamSadMen/DerivedDataCache/Compressed.ddp not found, will not use a pak cache.
[2018.12.05-19.07.31:018][  0]LogDerivedDataCache: Unable to find inner node CompressedPak for hierarchical cache Hierarchy.
[2018.12.05-19.07.31:033][  0]LogDerivedDataCache: Display: Pak cache opened for reading ../../../Engine/DerivedDataCache/Compressed.ddp.
[2018.12.05-19.07.31:047][  0]LogDerivedDataCache: Using Local data cache path C:/Users/kubok/AppData/Local/UnrealEngine/Common/DerivedDataCache: Writable
[2018.12.05-19.07.31:047][  0]LogDerivedDataCache: Shared data cache path not found in *engine.ini, will not use an Shared cache.
[2018.12.05-19.07.31:047][  0]LogDerivedDataCache: Unable to find inner node Shared for hierarchical cache Hierarchy.
[2018.12.05-19.07.31:065][  0]LogMaterial: Verifying Global Shaders for PCD3D_SM5
[2018.12.05-19.07.31:067][  0]LogSlate: Using FreeType 2.6.0
[2018.12.05-19.07.31:067][  0]LogSlate: SlateFontServices - WITH_FREETYPE: 1, WITH_HARFBUZZ: 1
[2018.12.05-19.07.31:145][  0]LogAssetRegistry: FAssetRegistry took 0.0267 seconds to start up
[2018.12.05-19.07.31:472][  0]LogInit: Selected Device Profile: [Windows]
[2018.12.05-19.07.31:615][  0]LogSimplygon: Simplygon DLL not present - disabling.
[2018.12.05-19.07.31:619][  0]LogMeshReduction: Using SimplygonSwarm for distributed automatic mesh merging
[2018.12.05-19.07.31:619][  0]LogMeshReduction: Using ProxyLODMeshReduction for automatic mesh merging
[2018.12.05-19.07.31:619][  0]LogMeshReduction: Using QuadricMeshReduction for automatic static mesh reduction
[2018.12.05-19.07.31:619][  0]LogMeshReduction: No automatic skeletal mesh reduction module available
[2018.12.05-19.07.31:637][  0]LogNetVersion: TeamSadMen 1.0.0, NetCL: 4212847, EngineNetVer: 5, GameNetVer: 0 (Checksum: 1220547581)
[2018.12.05-19.07.32:266][  0]LogPackageLocalizationCache: Processed 11 localized package path(s) for 2 prioritized culture(s) in 0.167470 seconds
[2018.12.05-19.07.32:272][  0]LogUObjectArray: 38425 objects as part of root set at end of initial load.
[2018.12.05-19.07.32:272][  0]LogUObjectAllocator: 6690872 out of 0 bytes used by permanent object pool.
[2018.12.05-19.07.32:272][  0]LogUObjectArray: CloseDisregardForGC: 0/0 objects in disregard for GC pool
[2018.12.05-19.07.33:184][  0]LogTcpMessaging: Initializing TcpMessaging bridge
[2018.12.05-19.07.33:196][  0]LogUdpMessaging: Initializing bridge on interface 0.0.0.0:0 to multicast group 230.0.0.1:6666.
[2018.12.05-19.07.33:348][  0]SourceControl: Source control is disabled
[2018.12.05-19.07.33:348][  0]SourceControl: Source control is disabled
[2018.12.05-19.07.33:350][  0]SourceControl: Source control is disabled
[2018.12.05-19.07.33:352][  0]SourceControl: Source control is disabled
[2018.12.05-19.07.33:517][  0]LogAndroidPermission: UAndroidPermissionCallbackProxy::GetInstance
[2018.12.05-19.07.33:580][  0]LogOcInput: OculusInput pre-init called
[2018.12.05-19.07.33:645][  0]LogEngine: Initializing Engine...
[2018.12.05-19.07.33:646][  0]LogHMD: Failed to initialize OpenVR with code 110
[2018.12.05-19.07.33:647][  0]LogStats: UGameplayTagsManager::ConstructGameplayTagTree: ImportINI prefixes -  0.000 s
[2018.12.05-19.07.33:647][  0]LogStats: UGameplayTagsManager::ConstructGameplayTagTree: Construct from data asset -  0.000 s
[2018.12.05-19.07.33:647][  0]LogStats: UGameplayTagsManager::ConstructGameplayTagTree: ImportINI -  0.000 s
[2018.12.05-19.07.33:647][  0]LogStats: UGameplayTagsManager::ConstructGameplayTagTree: GameplayTagTreeChangedEvent.Broadcast -  0.000 s
[2018.12.05-19.07.33:901][  0]LogInit: Initializing FReadOnlyCVARCache
[2018.12.05-19.07.33:915][  0]LogAIModule: Creating AISystem for world Untitled
[2018.12.05-19.07.33:928][  0]LogInit: XAudio2 using 'Speakers / Headphones (Realtek Audio)' : 2 channels at 48 kHz using 32 bits per sample (channel mask 0x3)
[2018.12.05-19.07.34:087][  0]LogInit: FAudioDevice initialized.
[2018.12.05-19.07.34:088][  0]LogNetVersion: Set ProjectVersion to 1.0.0.0. Version Checksum will be recalculated on next use.
[2018.12.05-19.07.34:138][  0]LogDerivedDataCache: Saved boot cache 0.05s 71MB C:/Users/kubok/AppData/Local/UnrealEngine/4.20/DerivedDataCache/Boot.ddc.
[2018.12.05-19.07.34:162][  0]LogInit: Texture streaming: Enabled
[2018.12.05-19.07.34:178][  0]LogEngineSessionManager: EngineSessionManager initialized
[2018.12.05-19.07.34:194][  0]LogInit: Transaction tracking system initialized
[2018.12.05-19.07.34:224][  0]BlueprintLog: New page: Editor Load
[2018.12.05-19.07.34:306][  0]LocalizationService: Localization service is disabled
[2018.12.05-19.07.34:589][  0]LogCook: Display: Max memory allowance for cook 16384mb min free memory 0mb
[2018.12.05-19.07.34:589][  0]LogCook: Display: Mobile HDR setting 1
[2018.12.05-19.07.34:589][  0]LogGameplayTags: Display: UGameplayTagsManager::DoneAddingNativeTags. DelegateIsBound: 0
[2018.12.05-19.07.34:589][  0]LogStats: UGameplayTagsManager::ConstructGameplayTagTree: ImportINI prefixes -  0.000 s
[2018.12.05-19.07.34:589][  0]LogStats: UGameplayTagsManager::ConstructGameplayTagTree: Construct from data asset -  0.000 s
[2018.12.05-19.07.34:589][  0]LogStats: UGameplayTagsManager::ConstructGameplayTagTree: ImportINI -  0.000 s
[2018.12.05-19.07.34:589][  0]LogStats: UGameplayTagsManager::ConstructGameplayTagTree: GameplayTagTreeChangedEvent.Broadcast -  0.000 s
[2018.12.05-19.07.34:710][  0]LogFileCache: Scanning file cache for directory 'C:/Git Hub/TeamSadMen/TeamSadMen/Content/' took 0.02s
[2018.12.05-19.07.34:710][  0]SourceControl: Source control is disabled
[2018.12.05-19.07.34:711][  0]Cmd: MAP LOAD FILE="../../../../../../Git Hub/TeamSadMen/TeamSadMen/Content/FirstPersonBP/Maps/FirstPersonExampleMap.umap" TEMPLATE=0 SHOWPROGRESS=1 FEATURELEVEL=3
[2018.12.05-19.07.34:711][  0]LightingResults: New page: Lighting Build
[2018.12.05-19.07.34:714][  0]MapCheck: New page: Map Check
[2018.12.05-19.07.34:714][  0]LightingResults: New page: Lighting Build
[2018.12.05-19.07.35:248][  0]LogAIModule: Creating AISystem for world FirstPersonExampleMap
[2018.12.05-19.07.35:264][  0]LogEditorServer: Finished looking for orphan Actors (0.000 secs)
[2018.12.05-19.07.35:290][  0]Cmd: MAP CHECKDEP NOCLEARLOG
[2018.12.05-19.07.35:371][  0]MapCheck: Map check complete: 0 Error(s), 0 Warning(s), took 81.079ms to complete.
[2018.12.05-19.07.35:371][  0]LogFileHelpers: Loading map 'FirstPersonExampleMap' took 0.662
[2018.12.05-19.07.35:475][  0]LogSlate: Updating window title bar state: overlay mode, drag disabled, window buttons hidden, title bar hidden
[2018.12.05-19.07.35:485][  0]LogSlate: Updating window title bar state: overlay mode, drag disabled, window buttons hidden, title bar hidden
[2018.12.05-19.07.35:492][  0]LogSlate: Updating window title bar state: overlay mode, drag disabled, window buttons hidden, title bar hidden
[2018.12.05-19.07.35:501][  0]LogSlate: Updating window title bar state: overlay mode, drag disabled, window buttons hidden, title bar hidden
[2018.12.05-19.07.35:508][  0]LogCollectionManager: Loaded 0 collections in 0.001609 seconds
[2018.12.05-19.07.35:552][  0]LogFileCache: Scanning file cache for directory 'C:/Git Hub/TeamSadMen/TeamSadMen/Saved/Collections/' took 0.01s
[2018.12.05-19.07.35:552][  0]LogFileCache: Scanning file cache for directory 'C:/Git Hub/TeamSadMen/TeamSadMen/Content/Developers/kubok/Collections/' took 0.01s
[2018.12.05-19.07.35:552][  0]LogFileCache: Scanning file cache for directory 'C:/Git Hub/TeamSadMen/TeamSadMen/Content/Collections/' took 0.01s
[2018.12.05-19.07.35:552][  0]LogCollectionManager: Rebuilt the GUID cache for 0 collections in 0.000000 seconds
[2018.12.05-19.07.35:562][  0]LogContentBrowser: Native class hierarchy populated in 0.0099 seconds. Added 2572 classes and 603 folders.
[2018.12.05-19.07.35:569][  0]LogContentBrowser: Native class hierarchy updated for 'WidgetCarousel' in 0.0002 seconds. Added 0 classes and 0 folders.
[2018.12.05-19.07.35:612][  0]LogContentBrowser: Native class hierarchy updated for 'AddContentDialog' in 0.0002 seconds. Added 0 classes and 0 folders.
[2018.12.05-19.07.35:617][  0]LogContentBrowser: Native class hierarchy updated for 'SceneOutliner' in 0.0003 seconds. Added 1 classes and 2 folders.
[2018.12.05-19.07.35:635][  0]LogSlate: Took 0.000570 seconds to synchronously load lazily loaded font '../../../Engine/Content/Slate/Fonts/Roboto-Regular.ttf' (155K)
[2018.12.05-19.07.35:638][  0]LogSlate: Took 0.000396 seconds to synchronously load lazily loaded font '../../../Engine/Content/Slate/Fonts/Roboto-Bold.ttf' (160K)
[2018.12.05-19.07.35:645][  0]LogSlate: Took 0.000314 seconds to synchronously load lazily loaded font '../../../Engine/Content/Editor/Slate/Fonts/FontAwesome.ttf' (139K)
[2018.12.05-19.07.35:741][  0]LogRenderer: Reallocating scene render targets to support 960x428 Format 10 NumSamples 1 (Frame:1).
[2018.12.05-19.07.35:889][  0]LogContentBrowser: Native class hierarchy updated for 'HierarchicalLODOutliner' in 0.0006 seconds. Added 0 classes and 0 folders.
[2018.12.05-19.07.35:889][  0]LogLoad: (Engine Initialization) Total time: 9.11 seconds
[2018.12.05-19.07.35:889][  0]LogLoad: (Engine Initialization) Total Blueprint compile time: 0.00 seconds
[2018.12.05-19.07.35:907][  0]LogWindowsTextInputMethodSystem: Display: IME system now deactivated.
[2018.12.05-19.07.35:927][  0]LogContentStreaming: Texture pool size now 1000 MB
[2018.12.05-19.07.35:944][  0]LogSlate: Took 0.000174 seconds to synchronously load lazily loaded font '../../../Engine/Content/Slate/Fonts/Roboto-Light.ttf' (167K)
[2018.12.05-19.07.36:192][  1]LogAssetRegistry: Asset discovery search completed in 5.0705 seconds
[2018.12.05-19.07.36:194][  1]LogCollectionManager: Rebuilt the object cache for 0 collections in 0.000000 seconds (found 0 objects)
[2018.12.05-19.07.36:194][  1]LogCollectionManager: Fixed up redirectors for 0 collections in 0.000047 seconds (updated 0 objects)
[2018.12.05-19.07.36:930][ 43]LogSlate: Took 0.000180 seconds to synchronously load lazily loaded font '../../../Engine/Content/Slate/Fonts/Roboto-Light.ttf' (167K)
[2018.12.05-19.07.38:145][116]LogSlate: FSceneViewport::OnFocusLost() reason 0
[2018.12.05-19.07.40:360][230]LogAIModule: Creating AISystem for world PizzaPlace
[2018.12.05-19.07.40:382][230]LogAssetEditorManager: Opening Asset editor for World /Game/FirstPersonBP/Maps/PizzaPlace.PizzaPlace
[2018.12.05-19.07.40:407][230]Cmd: MAP LOAD FILE="../../../../../../Git Hub/TeamSadMen/TeamSadMen/Content/FirstPersonBP/Maps/PizzaPlace.umap" TEMPLATE=0 SHOWPROGRESS=1 FEATURELEVEL=3
[2018.12.05-19.07.40:407][230]LightingResults: New page: Lighting Build
[2018.12.05-19.07.40:408][230]LoadErrors: New page: Loading map: PizzaPlace.umap
[2018.12.05-19.07.40:409][230]MapCheck: New page: Map Check
[2018.12.05-19.07.40:409][230]LightingResults: New page: Lighting Build
[2018.12.05-19.07.40:459][230]LogEditorServer: Finished looking for orphan Actors (0.000 secs)
[2018.12.05-19.07.40:517][230]Cmd: MAP CHECKDEP NOCLEARLOG
[2018.12.05-19.07.40:616][230]MapCheck: Map check complete: 0 Error(s), 0 Warning(s), took 99.315ms to complete.
[2018.12.05-19.07.40:617][230]LogFileHelpers: Loading map 'PizzaPlace' took 0.212
[2018.12.05-19.07.50:141][679]LogAssetEditorManager: Opening Asset editor for StaticMesh /Game/oven.oven
[2018.12.05-19.07.50:746][679]LogRenderer: Reallocating scene render targets to support 1144x708 Format 10 NumSamples 1 (Frame:1).
[2018.12.05-19.07.50:746][679]LogSlate: Took 0.000262 seconds to synchronously load lazily loaded font '../../../Engine/Content/Slate/Fonts/Roboto-Italic.ttf' (157K)
[2018.12.05-19.07.58:703][ 33]LogSlate: FSceneViewport::OnFocusLost() reason 0
[2018.12.05-19.08.48:696][ 34]LogSlate: Window 'Delete Assets' being destroyed
[2018.12.05-19.09.01:700][530]LogSlate: Window 'Delete Assets' being destroyed
[2018.12.05-19.09.04:478][619]LogActorFactory: Actor Factory created green_pepper
[2018.12.05-19.09.05:086][646]LogActorFactory: Actor Factory created green_pepper
[2018.12.05-19.09.07:606][756]Cmd: TRANSACTION UNDO
[2018.12.05-19.09.07:606][756]LogEditorTransaction: Undo Create Actors
[2018.12.05-19.09.10:408][874]LogEditorViewport: Clicking on Actor (LMB): StaticMeshActor (green_pepper)
[2018.12.05-19.09.13:370][ 21]Cmd: DELETE
[2018.12.05-19.09.13:370][ 21]Cmd: ACTOR DELETE
[2018.12.05-19.09.13:378][ 21]LogEditorActor: Deleted Actor: StaticMeshActor
[2018.12.05-19.09.13:408][ 21]LogEditorActor: Deleted 1 Actors (0.037 secs)
[2018.12.05-19.09.14:536][ 76]LogEditorViewport: Clicking on Actor (LMB): StaticMeshActor (red_pepper)
[2018.12.05-19.09.15:034][ 98]Cmd: DELETE
[2018.12.05-19.09.15:034][ 98]Cmd: ACTOR DELETE
[2018.12.05-19.09.15:041][ 98]LogEditorActor: Deleted Actor: StaticMeshActor
[2018.12.05-19.09.15:065][ 98]LogEditorActor: Deleted 1 Actors (0.030 secs)
[2018.12.05-19.09.16:295][158]LogEditorViewport: Clicking on Actor (LMB): StaticMeshActor (pineapple)
[2018.12.05-19.09.16:809][181]Cmd: DELETE
[2018.12.05-19.09.16:809][181]Cmd: ACTOR DELETE
[2018.12.05-19.09.16:816][181]LogEditorActor: Deleted Actor: StaticMeshActor
[2018.12.05-19.09.16:842][181]LogEditorActor: Deleted 1 Actors (0.032 secs)
[2018.12.05-19.09.17:579][219]LogEditorViewport: Clicking on Actor (LMB): StaticMeshActor (pepperoni)
[2018.12.05-19.09.18:031][239]Cmd: DELETE
[2018.12.05-19.09.18:031][239]Cmd: ACTOR DELETE
[2018.12.05-19.09.18:037][239]LogEditorActor: Deleted Actor: StaticMeshActor
[2018.12.05-19.09.18:062][239]LogEditorActor: Deleted 1 Actors (0.031 secs)
[2018.12.05-19.09.18:658][270]LogEditorViewport: Clicking on Actor (LMB): StaticMeshActor (tomato)
[2018.12.05-19.09.19:010][285]Cmd: DELETE
[2018.12.05-19.09.19:010][285]Cmd: ACTOR DELETE
[2018.12.05-19.09.19:017][285]LogEditorActor: Deleted Actor: StaticMeshActor
[2018.12.05-19.09.19:041][285]LogEditorActor: Deleted 1 Actors (0.030 secs)
[2018.12.05-19.09.37:090][441]LogSlate: FSceneViewport::OnFocusLost() reason 0
[2018.12.05-19.09.45:867][587]LogFactory: FactoryCreateFile: StaticMesh with FbxFactory (0 0 C:\Git Hub\TeamSadMen\TeamSadMen\Import\pineapple.fbx)
[2018.12.05-19.09.45:885][587]LogFbx: Loading FBX Scene from C:\Git Hub\TeamSadMen\TeamSadMen\Import\pineapple.fbx
[2018.12.05-19.09.45:891][587]LogFbx: FBX Scene Loaded Succesfully
[2018.12.05-19.09.48:195][587]LogSlate: Window 'FBX Import Options' being destroyed
[2018.12.05-19.09.48:389][587]LogFbx: Warning: Triangulating static mesh pCube1
[2018.12.05-19.09.48:411][587]LogStaticMesh: Building static mesh pineapple...
[2018.12.05-19.09.48:421][587]LogStaticMesh: Built static mesh [0.01s] /Game/pineapple.pineapple
[2018.12.05-19.09.48:436][587]LogFactory: FactoryCreateFile: StaticMesh with FbxFactory (0 0 C:\Git Hub\TeamSadMen\TeamSadMen\Import\red_pepper.fbx)
[2018.12.05-19.09.48:449][587]LogFbx: Loading FBX Scene from C:\Git Hub\TeamSadMen\TeamSadMen\Import\red_pepper.fbx
[2018.12.05-19.09.48:456][587]LogFbx: FBX Scene Loaded Succesfully
[2018.12.05-19.09.48:459][587]LogFbx: Warning: Triangulating static mesh red_pepper
[2018.12.05-19.09.48:495][587]LogStaticMesh: Building static mesh red_pepper...
[2018.12.05-19.09.48:509][587]LogStaticMesh: Built static mesh [0.01s] /Game/red_pepper.red_pepper
[2018.12.05-19.09.48:526][587]LogFactory: FactoryCreateFile: StaticMesh with FbxFactory (0 0 C:\Git Hub\TeamSadMen\TeamSadMen\Import\tomato.fbx)
[2018.12.05-19.09.48:539][587]LogFbx: Loading FBX Scene from C:\Git Hub\TeamSadMen\TeamSadMen\Import\tomato.fbx
[2018.12.05-19.09.48:545][587]LogFbx: FBX Scene Loaded Succesfully
[2018.12.05-19.09.48:548][587]LogFbx: Warning: Triangulating static mesh tomato
[2018.12.05-19.09.48:607][587]LogStaticMesh: Building static mesh tomato...
[2018.12.05-19.09.48:622][587]LogStaticMesh: Built static mesh [0.01s] /Game/tomato.tomato
[2018.12.05-19.09.48:641][587]LogFactory: FactoryCreateFile: StaticMesh with FbxFactory (0 0 C:\Git Hub\TeamSadMen\TeamSadMen\Import\green_pepper.fbx)
[2018.12.05-19.09.48:652][587]LogFbx: Loading FBX Scene from C:\Git Hub\TeamSadMen\TeamSadMen\Import\green_pepper.fbx
[2018.12.05-19.09.48:659][587]LogFbx: FBX Scene Loaded Succesfully
[2018.12.05-19.09.48:661][587]LogFbx: Warning: Triangulating static mesh green_pepper
[2018.12.05-19.09.48:710][587]LogStaticMesh: Building static mesh green_pepper...
[2018.12.05-19.09.48:728][587]LogStaticMesh: Built static mesh [0.02s] /Game/green_pepper.green_pepper
[2018.12.05-19.09.48:747][587]LogFactory: FactoryCreateFile: StaticMesh with FbxFactory (0 0 C:\Git Hub\TeamSadMen\TeamSadMen\Import\pepperoni.fbx)
[2018.12.05-19.09.48:758][587]LogFbx: Loading FBX Scene from C:\Git Hub\TeamSadMen\TeamSadMen\Import\pepperoni.fbx
[2018.12.05-19.09.48:765][587]LogFbx: FBX Scene Loaded Succesfully
[2018.12.05-19.09.48:767][587]LogFbx: Warning: Triangulating static mesh pepperoni
[2018.12.05-19.09.48:807][587]LogStaticMesh: Building static mesh pepperoni...
[2018.12.05-19.09.48:819][587]LogStaticMesh: Built static mesh [0.01s] /Game/pepperoni.pepperoni
[2018.12.05-19.09.51:636][684]Cmd: OBJ SAVEPACKAGE PACKAGE="/Game/tomato" FILE="../../../../../../Git Hub/TeamSadMen/TeamSadMen/Content/tomato.uasset" SILENT=true
[2018.12.05-19.09.51:658][684]LogSavePackage: Moving '../../../../../../Git Hub/TeamSadMen/TeamSadMen/Saved/tomato5B1495E4458C2230710910A094F662AE.tmp' to '../../../../../../Git Hub/TeamSadMen/TeamSadMen/Content/tomato.uasset'
[2018.12.05-19.09.52:066][684]LogSavePackage: Moving '../../../../../../Git Hub/TeamSadMen/TeamSadMen/Saved/PizzaPlaceD6CBF2FA42B1234B7D6B80881956D984.tmp' to '../../../../../../Git Hub/TeamSadMen/TeamSadMen/Content/FirstPersonBP/Maps/PizzaPlace.umap'
[2018.12.05-19.09.52:116][684]LogFileHelpers: Saving map 'PizzaPlace' took 0.447
[2018.12.05-19.09.52:157][684]Cmd: OBJ SAVEPACKAGE PACKAGE="/Game/pepperoni" FILE="../../../../../../Git Hub/TeamSadMen/TeamSadMen/Content/pepperoni.uasset" SILENT=true
[2018.12.05-19.09.52:179][684]LogSavePackage: Moving '../../../../../../Git Hub/TeamSadMen/TeamSadMen/Saved/pepperoni27A9FB2249E22FA86327B8AF1FB97544.tmp' to '../../../../../../Git Hub/TeamSadMen/TeamSadMen/Content/pepperoni.uasset'
[2018.12.05-19.09.52:227][684]Cmd: OBJ SAVEPACKAGE PACKAGE="/Game/green_pepper" FILE="../../../../../../Git Hub/TeamSadMen/TeamSadMen/Content/green_pepper.uasset" SILENT=true
[2018.12.05-19.09.52:249][684]LogSavePackage: Moving '../../../../../../Git Hub/TeamSadMen/TeamSadMen/Saved/green_pepper2279CC4946894D2CD4F630B5D4ED6346.tmp' to '../../../../../../Git Hub/TeamSadMen/TeamSadMen/Content/green_pepper.uasset'
[2018.12.05-19.09.52:296][684]Cmd: OBJ SAVEPACKAGE PACKAGE="/Game/red_pepper" FILE="../../../../../../Git Hub/TeamSadMen/TeamSadMen/Content/red_pepper.uasset" SILENT=true
[2018.12.05-19.09.52:317][684]LogSavePackage: Moving '../../../../../../Git Hub/TeamSadMen/TeamSadMen/Saved/red_pepper24C46F2F4CFCF1CB5BA4BE95FDB56123.tmp' to '../../../../../../Git Hub/TeamSadMen/TeamSadMen/Content/red_pepper.uasset'
[2018.12.05-19.09.52:369][684]Cmd: OBJ SAVEPACKAGE PACKAGE="/Game/pineapple" FILE="../../../../../../Git Hub/TeamSadMen/TeamSadMen/Content/pineapple.uasset" SILENT=true
[2018.12.05-19.09.52:391][684]LogSavePackage: Moving '../../../../../../Git Hub/TeamSadMen/TeamSadMen/Saved/pineapple9460214D4CF022CFE67E4893B021520E.tmp' to '../../../../../../Git Hub/TeamSadMen/TeamSadMen/Content/pineapple.uasset'
[2018.12.05-19.09.53:632][730]LogActorFactory: Actor Factory created green_pepper
[2018.12.05-19.09.53:632][730]LogActorFactory: Actor Factory created pepperoni
[2018.12.05-19.09.53:633][730]LogActorFactory: Actor Factory created pineapple
[2018.12.05-19.09.53:634][730]LogActorFactory: Actor Factory created red_pepper
[2018.12.05-19.09.53:634][730]LogActorFactory: Actor Factory created tomato
[2018.12.05-19.09.54:406][767]LogActorFactory: Actor Factory created green_pepper
[2018.12.05-19.09.54:428][767]LogActorFactory: Actor Factory created pepperoni
[2018.12.05-19.09.54:451][767]LogActorFactory: Actor Factory created pineapple
[2018.12.05-19.09.54:476][767]LogActorFactory: Actor Factory created red_pepper
[2018.12.05-19.09.54:499][767]LogActorFactory: Actor Factory created tomato
[2018.12.05-19.10.00:262][ 46]Cmd: TRANSACTION UNDO
[2018.12.05-19.10.00:262][ 46]LogEditorTransaction: Undo Select Brush Surface
[2018.12.05-19.10.01:857][127]Cmd: DELETE
[2018.12.05-19.10.01:857][127]Cmd: ACTOR DELETE
[2018.12.05-19.10.01:865][127]LogEditorActor: Deleted Actor: StaticMeshActor
[2018.12.05-19.10.01:865][127]LogEditorActor: Deleted Actor: StaticMeshActor
[2018.12.05-19.10.01:866][127]LogEditorActor: Deleted Actor: StaticMeshActor
[2018.12.05-19.10.01:866][127]LogEditorActor: Deleted Actor: StaticMeshActor
[2018.12.05-19.10.01:866][127]LogEditorActor: Deleted Actor: StaticMeshActor
[2018.12.05-19.10.01:891][127]LogEditorActor: Deleted 5 Actors (0.034 secs)
[2018.12.05-19.10.03:277][189]LogSlate: FSceneViewport::OnFocusLost() reason 0
[2018.12.05-19.10.04:201][228]LogActorFactory: Actor Factory created green_pepper
[2018.12.05-19.10.04:635][249]LogActorFactory: Actor Factory created green_pepper
[2018.12.05-19.10.07:193][364]Cmd: TRANSACTION UNDO
[2018.12.05-19.10.07:194][364]LogEditorTransaction: Undo Create Actors
[2018.12.05-19.10.07:910][387]LogSlate: FSceneViewport::OnFocusLost() reason 0
[2018.12.05-19.10.30:645][232]LogSlate: Window 'Delete Assets' being destroyed
[2018.12.05-19.11.14:481][779]LogMetaData: Removing '/Game/PizzaIngredients/green_pepper.green_pepper' ref from Metadata '/Game/green_pepper.PackageMetaData'
[2018.12.05-19.11.14:489][779]LogMetaData: Removing '/Game/PizzaIngredients/pepperoni.pepperoni' ref from Metadata '/Game/pepperoni.PackageMetaData'
[2018.12.05-19.11.14:496][779]LogMetaData: Removing '/Game/PizzaIngredients/pineapple.pineapple' ref from Metadata '/Game/pineapple.PackageMetaData'
[2018.12.05-19.11.14:503][779]LogMetaData: Removing '/Game/PizzaIngredients/red_pepper.red_pepper' ref from Metadata '/Game/red_pepper.PackageMetaData'
[2018.12.05-19.11.14:511][779]LogMetaData: Removing '/Game/PizzaIngredients/tomato.tomato' ref from Metadata '/Game/tomato.PackageMetaData'
[2018.12.05-19.11.14:555][779]Cmd: OBJ SAVEPACKAGE PACKAGE="/Game/PizzaIngredients/green_pepper" FILE="../../../../../../Git Hub/TeamSadMen/TeamSadMen/Content/PizzaIngredients/green_pepper.uasset" SILENT=true
[2018.12.05-19.11.14:579][779]LogSavePackage: Moving '../../../../../../Git Hub/TeamSadMen/TeamSadMen/Saved/green_pepperD16F7BEF4BA84FAFF9546EAEE6502E35.tmp' to '../../../../../../Git Hub/TeamSadMen/TeamSadMen/Content/PizzaIngredients/green_pepper.uasset'
[2018.12.05-19.11.14:606][779]Cmd: OBJ SAVEPACKAGE PACKAGE="/Game/PizzaIngredients/pepperoni" FILE="../../../../../../Git Hub/TeamSadMen/TeamSadMen/Content/PizzaIngredients/pepperoni.uasset" SILENT=true
[2018.12.05-19.11.14:631][779]LogSavePackage: Moving '../../../../../../Git Hub/TeamSadMen/TeamSadMen/Saved/pepperoniDBE4EB6746CF82269B27E58DA0EBB077.tmp' to '../../../../../../Git Hub/TeamSadMen/TeamSadMen/Content/PizzaIngredients/pepperoni.uasset'
[2018.12.05-19.11.14:660][779]Cmd: OBJ SAVEPACKAGE PACKAGE="/Game/PizzaIngredients/pineapple" FILE="../../../../../../Git Hub/TeamSadMen/TeamSadMen/Content/PizzaIngredients/pineapple.uasset" SILENT=true
[2018.12.05-19.11.14:683][779]LogSavePackage: Moving '../../../../../../Git Hub/TeamSadMen/TeamSadMen/Saved/pineapple7C4C25C742D710B247C66DA715EA5BED.tmp' to '../../../../../../Git Hub/TeamSadMen/TeamSadMen/Content/PizzaIngredients/pineapple.uasset'
[2018.12.05-19.11.14:708][779]Cmd: OBJ SAVEPACKAGE PACKAGE="/Game/PizzaIngredients/red_pepper" FILE="../../../../../../Git Hub/TeamSadMen/TeamSadMen/Content/PizzaIngredients/red_pepper.uasset" SILENT=true
[2018.12.05-19.11.14:733][779]LogSavePackage: Moving '../../../../../../Git Hub/TeamSadMen/TeamSadMen/Saved/red_pepperE2B8C5C14640792EF86C5FA09FBC3349.tmp' to '../../../../../../Git Hub/TeamSadMen/TeamSadMen/Content/PizzaIngredients/red_pepper.uasset'
[2018.12.05-19.11.14:756][779]Cmd: OBJ SAVEPACKAGE PACKAGE="/Game/PizzaIngredients/tomato" FILE="../../../../../../Git Hub/TeamSadMen/TeamSadMen/Content/PizzaIngredients/tomato.uasset" SILENT=true
[2018.12.05-19.11.14:778][779]LogSavePackage: Moving '../../../../../../Git Hub/TeamSadMen/TeamSadMen/Saved/tomato84AADB9244EA5CEA288CFF8B99605C58.tmp' to '../../../../../../Git Hub/TeamSadMen/TeamSadMen/Content/PizzaIngredients/tomato.uasset'
[2018.12.05-19.11.25:734][165]LogSavePackage: Moving '../../../../../../Git Hub/TeamSadMen/TeamSadMen/Saved/PizzaPlace2B6397494321FC9EE724B2ACDC96B9A1.tmp' to '../../../../../../Git Hub/TeamSadMen/TeamSadMen/Content/FirstPersonBP/Maps/PizzaPlace.umap'
[2018.12.05-19.11.25:777][165]Cmd: OBJ SAVEPACKAGE PACKAGE="/Game/FirstPersonBP/Maps/PizzaPlace_BuiltData" FILE="../../../../../../Git Hub/TeamSadMen/TeamSadMen/Content/FirstPersonBP/Maps/PizzaPlace_BuiltData.uasset" SILENT=true
[2018.12.05-19.11.26:066][165]LogSavePackage: Moving '../../../../../../Git Hub/TeamSadMen/TeamSadMen/Saved/PizzaPlace_BuiltDataBE4A4F4F47FB3C7DADA4E39D00172185.tmp' to '../../../../../../Git Hub/TeamSadMen/TeamSadMen/Content/FirstPersonBP/Maps/PizzaPlace_BuiltData.uasset'
[2018.12.05-19.21.55:513][ 76]LogD3D11RHI: Timed out while waiting for GPU to catch up. (0.5 s)
[2018.12.05-19.23.15:002][467]LogD3D11RHI: Timed out while waiting for GPU to catch up. (0.5 s)
[2018.12.05-19.23.17:048][473]LogD3D11RHI: Timed out while waiting for GPU to catch up. (0.5 s)
[2018.12.05-19.23.57:686][653]LogD3D11RHI: Timed out while waiting for GPU to catch up. (0.5 s)
[2018.12.05-19.24.09:971][700]LogD3D11RHI: Timed out while waiting for GPU to catch up. (0.5 s)
[2018.12.05-19.24.39:655][837]LogD3D11RHI: Timed out while waiting for GPU to catch up. (0.5 s)
[2018.12.05-19.25.08:377][973]LogD3D11RHI: Timed out while waiting for GPU to catch up. (0.5 s)
[2018.12.05-19.25.08:882][974]LogD3D11RHI: Timed out while waiting for GPU to catch up. (0.5 s)
[2018.12.05-19.25.19:267][ 15]LogD3D11RHI: Timed out while waiting for GPU to catch up. (0.5 s)
[2018.12.05-19.26.37:176][897]LogSlate: FSceneViewport::OnFocusLost() reason 2
[2018.12.05-19.27.56:469][737]LogSlate: FSceneViewport::OnFocusLost() reason 0
[2018.12.05-19.28.00:001][878]LogAssetEditorManager: Opening Asset editor for Blueprint /Game/FirstPersonBP/Blueprints/FirstPersonCharacter.FirstPersonCharacter
[2018.12.05-19.28.00:587][878]LogContentBrowser: Native class hierarchy updated for 'BlueprintGraph' in 0.0007 seconds. Added 116 classes and 0 folders.
[2018.12.05-19.28.01:535][878]LogSlate: Took 0.000291 seconds to synchronously load lazily loaded font '../../../Engine/Content/Slate/Fonts/Roboto-BoldCondensed.ttf' (158K)
[2018.12.05-19.28.13:588][581]BlueprintLog: New page: Compile FirstPersonCharacter
[2018.12.05-19.28.14:775][609]LogSavePackage: Moving '../../../../../../Git Hub/TeamSadMen/TeamSadMen/Saved/FirstPersonCharacter66F29CF4457886AF476B6AA8B576B287.tmp' to '../../../../../../Git Hub/TeamSadMen/TeamSadMen/Content/FirstPersonBP/Blueprints/FirstPersonCharacter.uasset'
[2018.12.05-19.28.16:939][701]LogTemp: Repeating last play command: Selected Viewport
[2018.12.05-19.28.16:971][701]LogBlueprintUserMessages: Early PlayInEditor Detection: Level '/Game/FirstPersonBP/Maps/PizzaPlace.PizzaPlace:PersistentLevel' has LevelScriptBlueprint '/Game/FirstPersonBP/Maps/PizzaPlace.PizzaPlace:PersistentLevel.PizzaPlace' with GeneratedClass '/Game/FirstPersonBP/Maps/PizzaPlace.PizzaPlace_C' with ClassGeneratedBy '/Game/FirstPersonBP/Maps/PizzaPlace.PizzaPlace:PersistentLevel.PizzaPlace'
[2018.12.05-19.28.16:971][701]LogPlayLevel: PlayLevel: No blueprints needed recompiling
[2018.12.05-19.28.16:985][701]PIE: New page: PIE session: PizzaPlace (Dec 5, 2018, 9:28:16 AM)
[2018.12.05-19.28.16:985][701]LogPlayLevel: Creating play world package: /Game/FirstPersonBP/Maps/UEDPIE_0_PizzaPlace
[2018.12.05-19.28.17:012][701]LogPlayLevel: PIE: StaticDuplicateObject took: (0.027977s)
[2018.12.05-19.28.17:013][701]LogAIModule: Creating AISystem for world PizzaPlace
[2018.12.05-19.28.17:013][701]LogPlayLevel: PIE: World Init took: (0.001082s)
[2018.12.05-19.28.17:013][701]LogPlayLevel: PIE: Created PIE world by copying editor world from /Game/FirstPersonBP/Maps/PizzaPlace.PizzaPlace to /Game/FirstPersonBP/Maps/UEDPIE_0_PizzaPlace.PizzaPlace (0.029257s)
[2018.12.05-19.28.17:076][701]LogInit: XAudio2 using 'Speakers / Headphones (Realtek Audio)' : 2 channels at 48 kHz using 32 bits per sample (channel mask 0x3)
[2018.12.05-19.28.17:108][701]LogInit: FAudioDevice initialized.
[2018.12.05-19.28.17:149][701]LogLoad: Game class is 'FirstPersonGameMode_C'
[2018.12.05-19.28.17:155][701]LogWorld: Bringing World /Game/FirstPersonBP/Maps/UEDPIE_0_PizzaPlace.PizzaPlace up for play (max tick rate 60) at 2018.12.05-14.28.17
[2018.12.05-19.28.17:156][701]LogWorld: Bringing up level for play took: 0.005406
[2018.12.05-19.28.17:177][701]LogContentBrowser: Native class hierarchy updated for 'MovieSceneCapture' in 0.0005 seconds. Added 10 classes and 0 folders.
[2018.12.05-19.28.17:178][701]PIE: Play in editor start time for /Game/FirstPersonBP/Maps/UEDPIE_0_PizzaPlace 0.685
[2018.12.05-19.28.17:178][701]LogBlueprintUserMessages: Late PlayInEditor Detection: Level '/Game/FirstPersonBP/Maps/PizzaPlace.PizzaPlace:PersistentLevel' has LevelScriptBlueprint '/Game/FirstPersonBP/Maps/PizzaPlace.PizzaPlace:PersistentLevel.PizzaPlace' with GeneratedClass '/Game/FirstPersonBP/Maps/PizzaPlace.PizzaPlace_C' with ClassGeneratedBy '/Game/FirstPersonBP/Maps/PizzaPlace.PizzaPlace:PersistentLevel.PizzaPlace'
[2018.12.05-19.28.52:702][517]LogBlueprintUserMessages: Early EndPlayMap Detection: Level '/Game/FirstPersonBP/Maps/PizzaPlace.PizzaPlace:PersistentLevel' has LevelScriptBlueprint '/Game/FirstPersonBP/Maps/PizzaPlace.PizzaPlace:PersistentLevel.PizzaPlace' with GeneratedClass '/Game/FirstPersonBP/Maps/PizzaPlace.PizzaPlace_C' with ClassGeneratedBy '/Game/FirstPersonBP/Maps/PizzaPlace.PizzaPlace:PersistentLevel.PizzaPlace'
[2018.12.05-19.28.52:702][517]LogSlate: Updating window title bar state: overlay mode, drag disabled, window buttons hidden, title bar hidden
[2018.12.05-19.28.52:755][517]LogPlayLevel: Display: Shutting down PIE online subsystems
[2018.12.05-19.28.52:755][517]LogBlueprintUserMessages: Late EndPlayMap Detection: Level '/Game/FirstPersonBP/Maps/PizzaPlace.PizzaPlace:PersistentLevel' has LevelScriptBlueprint '/Game/FirstPersonBP/Maps/PizzaPlace.PizzaPlace:PersistentLevel.PizzaPlace' with GeneratedClass '/Game/FirstPersonBP/Maps/PizzaPlace.PizzaPlace_C' with ClassGeneratedBy '/Game/FirstPersonBP/Maps/PizzaPlace.PizzaPlace:PersistentLevel.PizzaPlace'
[2018.12.05-19.28.52:799][517]LogSlate: Updating window title bar state: overlay mode, drag disabled, window buttons hidden, title bar hidden
[2018.12.05-19.28.52:965][518]LogPlayLevel: Display: Destroying online subsystem :Context_6
[2018.12.05-19.28.53:423][539]LogSlate: FSceneViewport::OnFocusLost() reason 0
[2018.12.05-19.28.53:638][541]LogRenderer: Reallocating scene render targets to support 1200x708 Format 10 NumSamples 1 (Frame:35047).
[2018.12.05-19.28.57:318][755]BlueprintLog: New page: Compile FirstPersonCharacter
[2018.12.05-19.28.58:342][781]LogSavePackage: Moving '../../../../../../Git Hub/TeamSadMen/TeamSadMen/Saved/FirstPersonCharacter5562BA024DC377CEDECB3DB7071BB4FC.tmp' to '../../../../../../Git Hub/TeamSadMen/TeamSadMen/Content/FirstPersonBP/Blueprints/FirstPersonCharacter.uasset'
[2018.12.05-19.29.00:017][868]LogTemp: Repeating last play command: Selected Viewport
[2018.12.05-19.29.00:068][868]LogBlueprintUserMessages: Early PlayInEditor Detection: Level '/Game/FirstPersonBP/Maps/PizzaPlace.PizzaPlace:PersistentLevel' has LevelScriptBlueprint '/Game/FirstPersonBP/Maps/PizzaPlace.PizzaPlace:PersistentLevel.PizzaPlace' with GeneratedClass '/Game/FirstPersonBP/Maps/PizzaPlace.PizzaPlace_C' with ClassGeneratedBy '/Game/FirstPersonBP/Maps/PizzaPlace.PizzaPlace:PersistentLevel.PizzaPlace'
[2018.12.05-19.29.00:068][868]LogPlayLevel: PlayLevel: No blueprints needed recompiling
[2018.12.05-19.29.00:068][868]PIE: New page: PIE session: PizzaPlace (Dec 5, 2018, 9:29:00 AM)
[2018.12.05-19.29.00:068][868]LogPlayLevel: Creating play world package: /Game/FirstPersonBP/Maps/UEDPIE_0_PizzaPlace
[2018.12.05-19.29.00:094][868]LogPlayLevel: PIE: StaticDuplicateObject took: (0.025577s)
[2018.12.05-19.29.00:095][868]LogAIModule: Creating AISystem for world PizzaPlace
[2018.12.05-19.29.00:095][868]LogPlayLevel: PIE: World Init took: (0.001172s)
[2018.12.05-19.29.00:095][868]LogPlayLevel: PIE: Created PIE world by copying editor world from /Game/FirstPersonBP/Maps/PizzaPlace.PizzaPlace to /Game/FirstPersonBP/Maps/UEDPIE_0_PizzaPlace.PizzaPlace (0.026958s)
[2018.12.05-19.29.00:133][868]LogInit: XAudio2 using 'Speakers / Headphones (Realtek Audio)' : 2 channels at 48 kHz using 32 bits per sample (channel mask 0x3)
[2018.12.05-19.29.00:161][868]LogInit: FAudioDevice initialized.
[2018.12.05-19.29.00:192][868]LogLoad: Game class is 'FirstPersonGameMode_C'
[2018.12.05-19.29.00:197][868]LogWorld: Bringing World /Game/FirstPersonBP/Maps/UEDPIE_0_PizzaPlace.PizzaPlace up for play (max tick rate 60) at 2018.12.05-14.29.00
[2018.12.05-19.29.00:198][868]LogWorld: Bringing up level for play took: 0.004281
[2018.12.05-19.29.00:211][868]PIE: Play in editor start time for /Game/FirstPersonBP/Maps/UEDPIE_0_PizzaPlace -0.282
[2018.12.05-19.29.00:212][868]LogBlueprintUserMessages: Late PlayInEditor Detection: Level '/Game/FirstPersonBP/Maps/PizzaPlace.PizzaPlace:PersistentLevel' has LevelScriptBlueprint '/Game/FirstPersonBP/Maps/PizzaPlace.PizzaPlace:PersistentLevel.PizzaPlace' with GeneratedClass '/Game/FirstPersonBP/Maps/PizzaPlace.PizzaPlace_C' with ClassGeneratedBy '/Game/FirstPersonBP/Maps/PizzaPlace.PizzaPlace:PersistentLevel.PizzaPlace'
[2018.12.05-19.29.20:236][746]LogBlueprintUserMessages: Early EndPlayMap Detection: Level '/Game/FirstPersonBP/Maps/PizzaPlace.PizzaPlace:PersistentLevel' has LevelScriptBlueprint '/Game/FirstPersonBP/Maps/PizzaPlace.PizzaPlace:PersistentLevel.PizzaPlace' with GeneratedClass '/Game/FirstPersonBP/Maps/PizzaPlace.PizzaPlace_C' with ClassGeneratedBy '/Game/FirstPersonBP/Maps/PizzaPlace.PizzaPlace:PersistentLevel.PizzaPlace'
[2018.12.05-19.29.20:237][746]LogSlate: Updating window title bar state: overlay mode, drag disabled, window buttons hidden, title bar hidden
[2018.12.05-19.29.20:291][746]LogPlayLevel: Display: Shutting down PIE online subsystems
[2018.12.05-19.29.20:291][746]LogBlueprintUserMessages: Late EndPlayMap Detection: Level '/Game/FirstPersonBP/Maps/PizzaPlace.PizzaPlace:PersistentLevel' has LevelScriptBlueprint '/Game/FirstPersonBP/Maps/PizzaPlace.PizzaPlace:PersistentLevel.PizzaPlace' with GeneratedClass '/Game/FirstPersonBP/Maps/PizzaPlace.PizzaPlace_C' with ClassGeneratedBy '/Game/FirstPersonBP/Maps/PizzaPlace.PizzaPlace:PersistentLevel.PizzaPlace'
[2018.12.05-19.29.20:322][746]LogSlate: Updating window title bar state: overlay mode, drag disabled, window buttons hidden, title bar hidden
[2018.12.05-19.29.20:365][747]LogPlayLevel: Display: Destroying online subsystem :Context_7
[2018.12.05-19.29.21:157][783]LogSlate: FSceneViewport::OnFocusLost() reason 2
[2018.12.05-19.29.21:631][783]LogSavePackage: Moving '../../../../../../Git Hub/TeamSadMen/TeamSadMen/Saved/PizzaPlaceBD641CF449F890DAC3B897AB58F515B9.tmp' to '../../../../../../Git Hub/TeamSadMen/TeamSadMen/Content/FirstPersonBP/Maps/PizzaPlace.umap'
[2018.12.05-19.29.21:682][783]Cmd: OBJ SAVEPACKAGE PACKAGE="/Game/FirstPersonBP/Maps/PizzaPlace_BuiltData" FILE="../../../../../../Git Hub/TeamSadMen/TeamSadMen/Content/FirstPersonBP/Maps/PizzaPlace_BuiltData.uasset" SILENT=true
[2018.12.05-19.29.21:919][783]LogSavePackage: Moving '../../../../../../Git Hub/TeamSadMen/TeamSadMen/Saved/PizzaPlace_BuiltData56DE5E3D451BC598D14BB596376CE533.tmp' to '../../../../../../Git Hub/TeamSadMen/TeamSadMen/Content/FirstPersonBP/Maps/PizzaPlace_BuiltData.uasset'
[2018.12.05-19.29.41:369][550]LogSlate: FSceneViewport::OnFocusLost() reason 2
[2018.12.05-19.31.26:228][598]Cmd: OBJ SAVEPACKAGE PACKAGE="/Game/PizzaIngredients/dough1" FILE="../../../../../../Git Hub/TeamSadMen/TeamSadMen/Content/PizzaIngredients/dough1.uasset" SILENT=true
[2018.12.05-19.31.26:260][598]LogSavePackage: Moving '../../../../../../Git Hub/TeamSadMen/TeamSadMen/Saved/dough19AE21958432B9971F98225A984DE6E90.tmp' to '../../../../../../Git Hub/TeamSadMen/TeamSadMen/Content/PizzaIngredients/dough1.uasset'
[2018.12.05-19.32.17:911][607]LogSlate: Window 'Delete Assets' being destroyed
[2018.12.05-19.32.34:825][117]LogSavePackage: Moving '../../../../../../Git Hub/TeamSadMen/TeamSadMen/Saved/PizzaPlace317CC2154800FF5E1DD3C08879780780.tmp' to '../../../../../../Git Hub/TeamSadMen/TeamSadMen/Content/FirstPersonBP/Maps/PizzaPlace.umap'
[2018.12.05-19.32.34:868][117]Cmd: OBJ SAVEPACKAGE PACKAGE="/Game/FirstPersonBP/Maps/PizzaPlace_BuiltData" FILE="../../../../../../Git Hub/TeamSadMen/TeamSadMen/Content/FirstPersonBP/Maps/PizzaPlace_BuiltData.uasset" SILENT=true
[2018.12.05-19.32.35:099][117]LogSavePackage: Moving '../../../../../../Git Hub/TeamSadMen/TeamSadMen/Saved/PizzaPlace_BuiltData8C4A638849DA64E13A6993838EF3409F.tmp' to '../../../../../../Git Hub/TeamSadMen/TeamSadMen/Content/FirstPersonBP/Maps/PizzaPlace_BuiltData.uasset'
[2018.12.05-19.32.35:840][131]Cmd: OBJ SAVEPACKAGE PACKAGE="/Game/PizzaIngredients/tomato1" FILE="../../../../../../Git Hub/TeamSadMen/TeamSadMen/Content/PizzaIngredients/tomato1.uasset" SILENT=true
[2018.12.05-19.32.35:865][131]LogSavePackage: Moving '../../../../../../Git Hub/TeamSadMen/TeamSadMen/Saved/tomato1ABC97A7C4CF6503236BA6483EEA33167.tmp' to '../../../../../../Git Hub/TeamSadMen/TeamSadMen/Content/PizzaIngredients/tomato1.uasset'
[2018.12.05-19.32.35:912][131]Cmd: OBJ SAVEPACKAGE PACKAGE="/Game/PizzaIngredients/pepperoni1" FILE="../../../../../../Git Hub/TeamSadMen/TeamSadMen/Content/PizzaIngredients/pepperoni1.uasset" SILENT=true
[2018.12.05-19.32.35:933][131]LogSavePackage: Moving '../../../../../../Git Hub/TeamSadMen/TeamSadMen/Saved/pepperoni1B07A47434C4796288149F3AACA683B6C.tmp' to '../../../../../../Git Hub/TeamSadMen/TeamSadMen/Content/PizzaIngredients/pepperoni1.uasset'
[2018.12.05-19.32.35:978][131]Cmd: OBJ SAVEPACKAGE PACKAGE="/Game/PizzaIngredients/green_pepper1" FILE="../../../../../../Git Hub/TeamSadMen/TeamSadMen/Content/PizzaIngredients/green_pepper1.uasset" SILENT=true
[2018.12.05-19.32.36:003][131]LogSavePackage: Moving '../../../../../../Git Hub/TeamSadMen/TeamSadMen/Saved/green_pepper148982CA1498A8B8FF593179ED1018136.tmp' to '../../../../../../Git Hub/TeamSadMen/TeamSadMen/Content/PizzaIngredients/green_pepper1.uasset'
[2018.12.05-19.32.36:047][131]Cmd: OBJ SAVEPACKAGE PACKAGE="/Game/PizzaIngredients/red_pepper1" FILE="../../../../../../Git Hub/TeamSadMen/TeamSadMen/Content/PizzaIngredients/red_pepper1.uasset" SILENT=true
[2018.12.05-19.32.36:067][131]LogSavePackage: Moving '../../../../../../Git Hub/TeamSadMen/TeamSadMen/Saved/red_pepper1FF759451443AFF6CBDEF46B446CA7601.tmp' to '../../../../../../Git Hub/TeamSadMen/TeamSadMen/Content/PizzaIngredients/red_pepper1.uasset'
[2018.12.05-19.32.36:113][131]Cmd: OBJ SAVEPACKAGE PACKAGE="/Game/PizzaIngredients/pineapple1" FILE="../../../../../../Git Hub/TeamSadMen/TeamSadMen/Content/PizzaIngredients/pineapple1.uasset" SILENT=true
[2018.12.05-19.32.36:133][131]LogSavePackage: Moving '../../../../../../Git Hub/TeamSadMen/TeamSadMen/Saved/pineapple10B8666494F62FB07C083759EFAE1BA2B.tmp' to '../../../../../../Git Hub/TeamSadMen/TeamSadMen/Content/PizzaIngredients/pineapple1.uasset'
[2018.12.05-19.35.03:001][197]LogSavePackage: Moving '../../../../../../Git Hub/TeamSadMen/TeamSadMen/Saved/PizzaPlace57FB5C8344FE63111EC65A9639CB0F89.tmp' to '../../../../../../Git Hub/TeamSadMen/TeamSadMen/Content/FirstPersonBP/Maps/PizzaPlace.umap'
[2018.12.05-19.35.03:047][197]Cmd: OBJ SAVEPACKAGE PACKAGE="/Game/FirstPersonBP/Maps/PizzaPlace_BuiltData" FILE="../../../../../../Git Hub/TeamSadMen/TeamSadMen/Content/FirstPersonBP/Maps/PizzaPlace_BuiltData.uasset" SILENT=true
[2018.12.05-19.35.03:277][197]LogSavePackage: Moving '../../../../../../Git Hub/TeamSadMen/TeamSadMen/Saved/PizzaPlace_BuiltData98B4FAEE4C522D4F79F6BE89D8B03BBA.tmp' to '../../../../../../Git Hub/TeamSadMen/TeamSadMen/Content/FirstPersonBP/Maps/PizzaPlace_BuiltData.uasset'
[2018.12.05-19.35.07:176][308]LogSlate: Window 'Save Content' being destroyed
[2018.12.05-19.35.07:226][308]Cmd: OBJ SAVEPACKAGE PACKAGE="/Game/bowl/bowl" FILE="../../../../../../Git Hub/TeamSadMen/TeamSadMen/Content/bowl/bowl.uasset" SILENT=true
[2018.12.05-19.35.07:254][308]LogSavePackage: Moving '../../../../../../Git Hub/TeamSadMen/TeamSadMen/Saved/bowlCEC9BE3F48EF1864734A5295451A9319.tmp' to '../../../../../../Git Hub/TeamSadMen/TeamSadMen/Content/bowl/bowl.uasset'
[2018.12.05-19.35.07:373][308]LogSlate: Window 'TeamSadMen - Unreal Editor' being destroyed
[2018.12.05-19.35.07:584][309]Cmd: QUIT_EDITOR
[2018.12.05-19.35.08:033][309]LogWindowsTextInputMethodSystem: Display: IME system now deactivated.
[2018.12.05-19.35.08:047][309]LogExit: Preparing to exit.
[2018.12.05-19.35.09:155][309]LogExit: Editor shut down
[2018.12.05-19.35.09:155][309]LogExit: Transaction tracking system shut down
[2018.12.05-19.35.09:931][309]LogExit: Object subsystem successfully closed.
[2018.12.05-19.35.09:958][309]LogShaderCompilers: Display: Shaders left to compile 0
[2018.12.05-19.35.09:965][309]LogD3D11RHI: Shutdown
[2018.12.05-19.35.09:965][309]LogD3D11RHI: CleanupD3DDevice
[2018.12.05-19.35.09:969][309]LogD3D11RHI: ~FD3D11DynamicRHI
[2018.12.05-19.35.09:992][309]LogModuleManager: Shutting down and abandoning module MovieSceneCapture (620)
[2018.12.05-19.35.09:992][309]LogModuleManager: Shutting down and abandoning module Voice (618)
[2018.12.05-19.35.09:992][309]LogModuleManager: Shutting down and abandoning module BlueprintGraph (616)
[2018.12.05-19.35.09:992][309]LogModuleManager: Shutting down and abandoning module MeshBuilder (614)
[2018.12.05-19.35.09:992][309]LogModuleManager: Shutting down and abandoning module StaticMeshEditor (612)
[2018.12.05-19.35.09:992][309]LogModuleManager: Shutting down and abandoning module HierarchicalLODOutliner (610)
[2018.12.05-19.35.09:992][309]LogModuleManager: Shutting down and abandoning module SceneOutliner (608)
[2018.12.05-19.35.09:992][309]LogModuleManager: Shutting down and abandoning module AddContentDialog (606)
[2018.12.05-19.35.09:993][309]LogModuleManager: Shutting down and abandoning module WidgetCarousel (605)
[2018.12.05-19.35.09:993][309]LogModuleManager: Shutting down and abandoning module EditorWidgets (602)
[2018.12.05-19.35.09:993][309]LogModuleManager: Shutting down and abandoning module CollectionManager (600)
[2018.12.05-19.35.09:993][309]LogModuleManager: Shutting down and abandoning module StatsViewer (598)
[2018.12.05-19.35.09:993][309]LogModuleManager: Shutting down and abandoning module FoliageEdit (596)
[2018.12.05-19.35.09:993][309]LogModuleManager: Shutting down and abandoning module LandscapeEditor (594)
[2018.12.05-19.35.09:993][309]LogModuleManager: Shutting down and abandoning module MeshPaintMode (592)
[2018.12.05-19.35.09:993][309]LogModuleManager: Shutting down and abandoning module SceneDepthPickerMode (590)
[2018.12.05-19.35.09:993][309]LogModuleManager: Shutting down and abandoning module ActorPickerMode (588)
[2018.12.05-19.35.09:993][309]LogModuleManager: Shutting down and abandoning module GeometryMode (586)
[2018.12.05-19.35.09:993][309]LogModuleManager: Shutting down and abandoning module TextureAlignMode (584)
[2018.12.05-19.35.09:993][309]LogModuleManager: Shutting down and abandoning module BspMode (582)
[2018.12.05-19.35.09:993][309]LogModuleManager: Shutting down and abandoning module PIEPreviewDeviceProfileSelector (580)
[2018.12.05-19.35.09:993][309]LogModuleManager: Shutting down and abandoning module SequenceRecorderSections (578)
[2018.12.05-19.35.09:993][309]LogModuleManager: Shutting down and abandoning module AutomationWorker (576)
[2018.12.05-19.35.09:993][309]LogModuleManager: Shutting down and abandoning module AudioCaptureEditor (574)
[2018.12.05-19.35.09:993][309]LogModuleManager: Shutting down and abandoning module SequenceRecorder (573)
[2018.12.05-19.35.09:993][309]LogModuleManager: Shutting down and abandoning module MatineeToLevelSequence (570)
[2018.12.05-19.35.09:993][309]LogModuleManager: Shutting down and abandoning module LevelSequenceEditor (568)
[2018.12.05-19.35.09:994][309]LogModuleManager: Shutting down and abandoning module PlacementMode (567)
[2018.12.05-19.35.09:994][309]LogModuleManager: Shutting down and abandoning module MaterialEditor (566)
[2018.12.05-19.35.09:994][309]LogModuleManager: Shutting down and abandoning module WmfMediaFactory (562)
[2018.12.05-19.35.09:994][309]LogModuleManager: Shutting down and abandoning module WmfMediaEditor (560)
[2018.12.05-19.35.09:994][309]LogModuleManager: Shutting down and abandoning module MediaPlayerEditor (558)
[2018.12.05-19.35.09:994][309]LogModuleManager: Shutting down and abandoning module OpenExrWrapper (556)
[2018.12.05-19.35.09:994][309]LogModuleManager: Shutting down and abandoning module ImgMediaFactory (554)
[2018.12.05-19.35.09:994][309]LogModuleManager: Shutting down and abandoning module ImgMediaEditor (552)
[2018.12.05-19.35.09:994][309]LogModuleManager: Shutting down and abandoning module AvfMediaFactory (550)
[2018.12.05-19.35.09:994][309]LogModuleManager: Shutting down and abandoning module AvfMediaEditor (548)
[2018.12.05-19.35.09:994][309]LogModuleManager: Shutting down and abandoning module AndroidMediaFactory (546)
[2018.12.05-19.35.09:994][309]LogModuleManager: Shutting down and abandoning module AndroidMediaEditor (544)
[2018.12.05-19.35.09:994][309]LogModuleManager: Shutting down and abandoning module MagicLeapCameraPreviewFactory (542)
[2018.12.05-19.35.09:994][309]LogModuleManager: Shutting down and abandoning module MagicLeapMediaFactory (540)
[2018.12.05-19.35.09:994][309]LogModuleManager: Shutting down and abandoning module MagicLeapMediaEditor (538)
[2018.12.05-19.35.09:994][309]LogModuleManager: Shutting down and abandoning module CharacterAI (536)
[2018.12.05-19.35.09:994][309]LogModuleManager: Shutting down and abandoning module SmartSnapping (534)
[2018.12.05-19.35.09:994][309]LogModuleManager: Shutting down and abandoning module SessionServices (532)
[2018.12.05-19.35.09:994][309]LogModuleManager: Shutting down and abandoning module ViewportSnapping (530)
[2018.12.05-19.35.09:994][309]LogModuleManager: Shutting down and abandoning module ViewportInteraction (528)
[2018.12.05-19.35.09:994][309]LogModuleManager: Shutting down and abandoning module ClothPainter (526)
[2018.12.05-19.35.09:994][309]LogModuleManager: Shutting down and abandoning module SkeletalMeshEditor (525)
[2018.12.05-19.35.09:994][309]LogModuleManager: Shutting down and abandoning module LogVisualizer (522)
[2018.12.05-19.35.09:994][309]LogModuleManager: Shutting down and abandoning module IntroTutorials (520)
[2018.12.05-19.35.09:994][309]LogModuleManager: Shutting down and abandoning module GameProjectGeneration (519)
[2018.12.05-19.35.09:994][309]LogModuleManager: Shutting down and abandoning module LuminPlatformEditor (516)
[2018.12.05-19.35.09:994][309]LogModuleManager: Shutting down and abandoning module IOSPlatformEditor (514)
[2018.12.05-19.35.09:994][309]LogModuleManager: Shutting down and abandoning module HTML5PlatformEditor (512)
[2018.12.05-19.35.09:994][309]LogModuleManager: Shutting down and abandoning module AndroidPlatformEditor (510)
[2018.12.05-19.35.09:995][309]LogModuleManager: Shutting down and abandoning module AndroidDeviceDetection (509)
[2018.12.05-19.35.10:263][309]LogModuleManager: Shutting down and abandoning module WindowsPlatformEditor (506)
[2018.12.05-19.35.10:263][309]LogModuleManager: Shutting down and abandoning module LuminRuntimeSettings (504)
[2018.12.05-19.35.10:263][309]LogModuleManager: Shutting down and abandoning module IOSRuntimeSettings (502)
[2018.12.05-19.35.10:263][309]LogModuleManager: Shutting down and abandoning module AndroidRuntimeSettings (500)
[2018.12.05-19.35.10:263][309]LogModuleManager: Shutting down and abandoning module InputBindingEditor (498)
[2018.12.05-19.35.10:263][309]LogModuleManager: Shutting down and abandoning module MergeActors (496)
[2018.12.05-19.35.10:263][309]LogModuleManager: Shutting down and abandoning module LocalizationDashboard (494)
[2018.12.05-19.35.10:263][309]LogModuleManager: Shutting down and abandoning module LocalizationService (493)
[2018.12.05-19.35.10:263][309]LogModuleManager: Shutting down and abandoning module HardwareTargeting (490)
[2018.12.05-19.35.10:263][309]LogModuleManager: Shutting down and abandoning module DeviceProfileEditor (488)
[2018.12.05-19.35.10:263][309]LogModuleManager: Shutting down and abandoning module UndoHistory (486)
[2018.12.05-19.35.10:263][309]LogModuleManager: Shutting down and abandoning module XmlParser (484)
[2018.12.05-19.35.10:264][309]LogModuleManager: Shutting down and abandoning module Blutility (482)
[2018.12.05-19.35.10:264][309]LogModuleManager: Shutting down and abandoning module ProjectSettingsViewer (480)
[2018.12.05-19.35.10:264][309]LogModuleManager: Shutting down and abandoning module ProjectTargetPlatformEditor (479)
[2018.12.05-19.35.10:264][309]LogModuleManager: Shutting down and abandoning module EditorSettingsViewer (476)
[2018.12.05-19.35.10:264][309]LogModuleManager: Shutting down and abandoning module SettingsEditor (474)
[2018.12.05-19.35.10:264][309]LogModuleManager: Shutting down and abandoning module ProjectLauncher (472)
[2018.12.05-19.35.10:264][309]LogModuleManager: Shutting down and abandoning module SessionFrontend (470)
[2018.12.05-19.35.10:264][309]LogModuleManager: Shutting down and abandoning module ProfilerClient (468)
[2018.12.05-19.35.10:264][309]LogModuleManager: Shutting down and abandoning module DeviceManager (466)
[2018.12.05-19.35.10:264][309]LogModuleManager: Shutting down and abandoning module TargetDeviceServices (465)
[2018.12.05-19.35.10:319][309]LogModuleManager: Shutting down and abandoning module AutomationController (462)
[2018.12.05-19.35.10:319][309]LogModuleManager: Shutting down and abandoning module AutomationWindow (460)
[2018.12.05-19.35.10:319][309]LogModuleManager: Shutting down and abandoning module Layers (458)
[2018.12.05-19.35.10:319][309]LogModuleManager: Shutting down and abandoning module ComponentVisualizers (456)
[2018.12.05-19.35.10:319][309]LogModuleManager: Shutting down and abandoning module DetailCustomizations (454)
[2018.12.05-19.35.10:319][309]LogModuleManager: Shutting down and abandoning module PackagesDialog (452)
[2018.12.05-19.35.10:320][309]LogModuleManager: Shutting down and abandoning module Persona (450)
[2018.12.05-19.35.10:320][309]LogModuleManager: Shutting down and abandoning module AdvancedPreviewScene (449)
[2018.12.05-19.35.10:320][309]LogModuleManager: Shutting down and abandoning module AnimGraph (447)
[2018.12.05-19.35.10:320][309]LogModuleManager: Shutting down and abandoning module Kismet (444)
[2018.12.05-19.35.10:326][309]LogModuleManager: Shutting down and abandoning module GraphEditor (442)
[2018.12.05-19.35.10:326][309]LogModuleManager: Shutting down and abandoning module ClassViewer (440)
[2018.12.05-19.35.10:326][309]LogModuleManager: Shutting down and abandoning module Toolbox (438)
[2018.12.05-19.35.10:326][309]LogModuleManager: Shutting down and abandoning module ModuleUI (436)
[2018.12.05-19.35.10:326][309]LogModuleManager: Shutting down and abandoning module MovieSceneTools (434)
[2018.12.05-19.35.10:326][309]LogModuleManager: Shutting down and abandoning module OutputLog (432)
[2018.12.05-19.35.10:326][309]LogModuleManager: Shutting down and abandoning module GammaUI (430)
[2018.12.05-19.35.10:326][309]LogModuleManager: Shutting down and abandoning module Documentation (428)
[2018.12.05-19.35.10:326][309]LogModuleManager: Shutting down and abandoning module MovieSceneTracks (426)
[2018.12.05-19.35.10:326][309]LogModuleManager: Shutting down and abandoning module MovieScene (424)
[2018.12.05-19.35.10:326][309]LogModuleManager: Shutting down and abandoning module StreamingPauseRendering (422)
[2018.12.05-19.35.10:326][309]LogModuleManager: Shutting down and abandoning module LauncherPlatform (420)
[2018.12.05-19.35.10:326][309]LogModuleManager: Shutting down and abandoning module AnalyticsET (418)
[2018.12.05-19.35.10:326][309]LogModuleManager: Shutting down and abandoning module PortalServices (416)
[2018.12.05-19.35.10:326][309]LogModuleManager: Shutting down and abandoning module PortalRpc (414)
[2018.12.05-19.35.10:326][309]LogModuleManager: Shutting down and abandoning module MessagingRpc (412)
[2018.12.05-19.35.10:327][309]LogModuleManager: Shutting down and abandoning module AIModule (410)
[2018.12.05-19.35.10:327][309]LogModuleManager: Shutting down and abandoning module GameplayDebugger (409)
[2018.12.05-19.35.10:327][309]LogModuleManager: Shutting down and abandoning module AITestSuite (407)
[2018.12.05-19.35.10:327][309]LogModuleManager: Shutting down and abandoning module NavigationSystem (405)
[2018.12.05-19.35.10:327][309]LogModuleManager: Shutting down and abandoning module DesktopPlatform (402)
[2018.12.05-19.35.10:327][309]LogModuleManager: Shutting down and abandoning module ProfilerService (400)
[2018.12.05-19.35.10:337][309]LogModuleManager: Shutting down and abandoning module TaskGraph (398)
[2018.12.05-19.35.10:337][309]LogModuleManager: Shutting down and abandoning module SteamVRController (396)
[2018.12.05-19.35.10:337][309]LogModuleManager: Shutting down and abandoning module ProceduralMeshComponentEditor (394)
[2018.12.05-19.35.10:337][309]LogModuleManager: Shutting down and abandoning module ProceduralMeshComponent (392)
[2018.12.05-19.35.10:337][309]LogModuleManager: Shutting down and abandoning module OculusInput (390)
[2018.12.05-19.35.10:337][309]LogModuleManager: Shutting down and abandoning module MobilePatchingUtils (388)
[2018.12.05-19.35.10:337][309]LogModuleManager: Shutting down and abandoning module EditableMesh (386)
[2018.12.05-19.35.10:337][309]LogModuleManager: Shutting down and abandoning module CustomMeshComponent (384)
[2018.12.05-19.35.10:337][309]LogModuleManager: Shutting down and abandoning module CableComponent (382)
[2018.12.05-19.35.10:337][309]LogModuleManager: Shutting down and abandoning module AudioCapture (380)
[2018.12.05-19.35.10:337][309]LogModuleManager: Shutting down and abandoning module ArchVisCharacter (378)
[2018.12.05-19.35.10:338][309]LogModuleManager: Shutting down and abandoning module AndroidPermission (376)
[2018.12.05-19.35.10:338][309]LogModuleManager: Shutting down and abandoning module NUTUnrealEngine4 (374)
[2018.12.05-19.35.10:338][309]LogModuleManager: Shutting down and abandoning module NetcodeUnitTest (372)
[2018.12.05-19.35.10:338][309]LogModuleManager: Shutting down and abandoning module MediaCompositingEditor (370)
[2018.12.05-19.35.10:338][309]LogModuleManager: Shutting down and abandoning module MediaCompositing (368)
[2018.12.05-19.35.10:338][309]LogModuleManager: Shutting down and abandoning module LinearTimecode (366)
[2018.12.05-19.35.10:338][309]LogModuleManager: Shutting down and abandoning module ImgMedia (364)
[2018.12.05-19.35.10:342][309]LogModuleManager: Shutting down and abandoning module HTML5Networking (362)
[2018.12.05-19.35.10:342][309]LogModuleManager: Shutting down and abandoning module GeometryCacheTracks (360)
[2018.12.05-19.35.10:342][309]LogModuleManager: Shutting down and abandoning module GeometryCacheSequencer (358)
[2018.12.05-19.35.10:342][309]LogModuleManager: Shutting down and abandoning module BackChannel (356)
[2018.12.05-19.35.10:342][309]LogModuleManager: Shutting down and abandoning module AppleVision (354)
[2018.12.05-19.35.10:342][309]LogModuleManager: Shutting down and abandoning module AppleImageUtils (352)
[2018.12.05-19.35.10:342][309]LogModuleManager: Shutting down and abandoning module AlembicImporter (350)
[2018.12.05-19.35.10:342][309]LogModuleManager: Shutting down and abandoning module AlembicLibrary (349)
[2018.12.05-19.35.10:342][309]LogModuleManager: Shutting down and abandoning module GeometryCache (348)
[2018.12.05-19.35.10:342][309]LogModuleManager: Shutting down and abandoning module GeometryCacheEd (347)
[2018.12.05-19.35.10:342][309]LogModuleManager: Shutting down and abandoning module DatasmithContentEditor (342)
[2018.12.05-19.35.10:343][309]LogModuleManager: Shutting down and abandoning module DatasmithContent (340)
[2018.12.05-19.35.10:343][309]LogModuleManager: Shutting down and abandoning module SpeedTreeImporter (338)
[2018.12.05-19.35.10:344][309]LogModuleManager: Shutting down and abandoning module PluginBrowser (336)
[2018.12.05-19.35.10:344][309]LogModuleManager: Shutting down and abandoning module MobileLauncherProfileWizard (334)
[2018.12.05-19.35.10:344][309]LogModuleManager: Shutting down and abandoning module PolygonModeling (332)
[2018.12.05-19.35.10:344][309]LogModuleManager: Shutting down and abandoning module MeshEditor (330)
[2018.12.05-19.35.10:344][309]LogModuleManager: Shutting down and abandoning module CryptoKeysOpenSSL (328)
[2018.12.05-19.35.10:344][309]LogModuleManager: Shutting down and abandoning module CryptoKeys (326)
[2018.12.05-19.35.10:344][309]LogModuleManager: Shutting down and abandoning module VisualStudioSourceCodeAccess (324)
[2018.12.05-19.35.10:344][309]LogModuleManager: Shutting down and abandoning module VisualStudioCodeSourceCodeAccess (322)
[2018.12.05-19.35.10:344][309]LogModuleManager: Shutting down and abandoning module UObjectPlugin (320)
[2018.12.05-19.35.10:344][309]LogModuleManager: Shutting down and abandoning module SubversionSourceControl (318)
[2018.12.05-19.35.10:344][309]LogModuleManager: Shutting down and abandoning module PerforceSourceControl (316)
[2018.12.05-19.35.10:344][309]LogModuleManager: Shutting down and abandoning module GitSourceControl (314)
[2018.12.05-19.35.10:344][309]LogModuleManager: Shutting down and abandoning module SourceControl (313)
[2018.12.05-19.35.10:344][309]LogModuleManager: Shutting down and abandoning module CLionSourceCodeAccess (310)
[2018.12.05-19.35.10:344][309]LogModuleManager: Shutting down and abandoning module LightPropagationVolumeEditor (308)
[2018.12.05-19.35.10:344][309]LogModuleManager: Shutting down and abandoning module PaperTiledImporter (306)
[2018.12.05-19.35.10:344][309]LogModuleManager: Shutting down and abandoning module PaperSpriteSheetImporter (304)
[2018.12.05-19.35.10:344][309]LogModuleManager: Shutting down and abandoning module Paper2DEditor (302)
[2018.12.05-19.35.10:344][309]LogModuleManager: Shutting down and abandoning module MeshPaint (301)
[2018.12.05-19.35.10:345][309]LogModuleManager: Shutting down and abandoning module RuntimePhysXCooking (298)
[2018.12.05-19.35.10:345][309]LogModuleManager: Shutting down and abandoning module PhysXVehiclesEditor (296)
[2018.12.05-19.35.10:345][309]LogModuleManager: Shutting down and abandoning module PhysXVehicles (294)
[2018.12.05-19.35.10:345][309]LogModuleManager: Shutting down and abandoning module OculusEditor (292)
[2018.12.05-19.35.10:345][309]LogModuleManager: Shutting down and abandoning module LocationServicesBPLibrary (290)
[2018.12.05-19.35.10:345][309]LogModuleManager: Shutting down and abandoning module ImmediatePhysicsEditor (288)
[2018.12.05-19.35.10:345][309]LogModuleManager: Shutting down and abandoning module ImmediatePhysics (286)
[2018.12.05-19.35.10:345][309]LogModuleManager: Shutting down and abandoning module ActorSequence (284)
[2018.12.05-19.35.10:345][309]LogModuleManager: Shutting down and abandoning module UdpMessaging (282)
[2018.12.05-19.35.10:445][309]LogModuleManager: Shutting down and abandoning module TcpMessaging (280)
[2018.12.05-19.35.10:546][309]LogModuleManager: Shutting down and abandoning module MagicLeapAudio (278)
[2018.12.05-19.35.10:546][309]LogModuleManager: Shutting down and abandoning module GameplayTagsEditor (276)
[2018.12.05-19.35.10:546][309]LogModuleManager: Shutting down and abandoning module FacialAnimationEditor (274)
[2018.12.05-19.35.10:546][309]LogModuleManager: Shutting down and abandoning module FacialAnimation (272)
[2018.12.05-19.35.10:546][309]LogModuleManager: Shutting down and abandoning module DataValidation (270)
[2018.12.05-19.35.10:546][309]LogModuleManager: Shutting down and abandoning module AssetManagerEditor (268)
[2018.12.05-19.35.10:546][309]LogModuleManager: Shutting down and abandoning module LevelEditor (267)
[2018.12.05-19.35.10:546][309]LogModuleManager: Shutting down and abandoning module PixelInspectorModule (266)
[2018.12.05-19.35.10:546][309]LogModuleManager: Shutting down and abandoning module CommonMenuExtensions (264)
[2018.12.05-19.35.10:547][309]LogModuleManager: Shutting down and abandoning module MainFrame (262)
[2018.12.05-19.35.10:547][309]LogModuleManager: Shutting down and abandoning module HotReload (261)
[2018.12.05-19.35.10:547][309]LogModuleManager: Shutting down and abandoning module ContentBrowser (257)
[2018.12.05-19.35.10:548][309]LogModuleManager: Shutting down and abandoning module TreeMap (255)
[2018.12.05-19.35.10:548][309]LogModuleManager: Shutting down and abandoning module LightPropagationVolumeRuntime (252)
[2018.12.05-19.35.10:548][309]LogModuleManager: Shutting down and abandoning module AISupportModule (250)
[2018.12.05-19.35.10:548][309]LogModuleManager: Shutting down and abandoning module Paper2D (248)
[2018.12.05-19.35.10:548][309]LogModuleManager: Shutting down and abandoning module WindowsMoviePlayer (246)
[2018.12.05-19.35.10:548][309]LogModuleManager: Shutting down and abandoning module WmfMedia (244)
[2018.12.05-19.35.10:550][309]LogModuleManager: Shutting down and abandoning module Media (243)
[2018.12.05-19.35.10:556][309]LogModuleManager: Shutting down and abandoning module PacketHandler (240)
[2018.12.05-19.35.10:556][309]LogModuleManager: Shutting down and abandoning module ClothingSystemEditor (238)
[2018.12.05-19.35.10:556][309]LogModuleManager: Shutting down and abandoning module ClothingSystemRuntime (236)
[2018.12.05-19.35.10:556][309]LogModuleManager: Shutting down and abandoning module MediaAssets (234)
[2018.12.05-19.35.10:556][309]LogModuleManager: Shutting down and abandoning module Overlay (232)
[2018.12.05-19.35.10:556][309]LogModuleManager: Shutting down and abandoning module OverlayEditor (231)
[2018.12.05-19.35.10:556][309]LogModuleManager: Shutting down and abandoning module VREditor (228)
[2018.12.05-19.35.10:556][309]LogModuleManager: Shutting down and abandoning module StringTableEditor (226)
[2018.12.05-19.35.10:556][309]LogModuleManager: Shutting down and abandoning module GameplayTasksEditor (224)
[2018.12.05-19.35.10:556][309]LogModuleManager: Shutting down and abandoning module BehaviorTreeEditor (222)
[2018.12.05-19.35.10:556][309]LogModuleManager: Shutting down and abandoning module FunctionalTesting (220)
[2018.12.05-19.35.10:557][309]LogModuleManager: Shutting down and abandoning module CollisionAnalyzer (218)
[2018.12.05-19.35.10:557][309]LogModuleManager: Shutting down and abandoning module WorkspaceMenuStructure (217)
[2018.12.05-19.35.10:557][309]LogModuleManager: Shutting down and abandoning module UMG (214)
[2018.12.05-19.35.10:557][309]LogModuleManager: Shutting down and abandoning module UMGEditor (213)
[2018.12.05-19.35.10:557][309]LogModuleManager: Shutting down and abandoning module Sequencer (212)
[2018.12.05-19.35.10:557][309]LogModuleManager: Shutting down and abandoning module MessageLog (209)
[2018.12.05-19.35.10:557][309]LogModuleManager: Shutting down and abandoning module SlateReflector (204)
[2018.12.05-19.35.10:557][309]LogModuleManager: Shutting down and abandoning module Slate (202)
[2018.12.05-19.35.10:557][309]LogModuleManager: Shutting down and abandoning module EditorStyle (200)
[2018.12.05-19.35.10:558][309]LogModuleManager: Shutting down and abandoning module MRMesh (198)
[2018.12.05-19.35.10:558][309]LogModuleManager: Shutting down and abandoning module SourceCodeAccess (196)
[2018.12.05-19.35.10:559][309]LogModuleManager: Shutting down and abandoning module HeadMountedDisplay (194)
[2018.12.05-19.35.10:559][309]LogModuleManager: Shutting down and abandoning module XAudio2 (192)
[2018.12.05-19.35.10:559][309]LogModuleManager: Shutting down and abandoning module Networking (190)
[2018.12.05-19.35.10:559][309]LogModuleManager: Shutting down and abandoning module Core (188)
[2018.12.05-19.35.10:559][309]LogModuleManager: Shutting down and abandoning module LevelSequence (186)
[2018.12.05-19.35.10:559][309]LogModuleManager: Shutting down and abandoning module KismetCompiler (184)
[2018.12.05-19.35.10:559][309]LogModuleManager: Shutting down and abandoning module MeshUtilities (182)
[2018.12.05-19.35.10:559][309]LogModuleManager: Shutting down and abandoning module MeshMergeUtilities (181)
[2018.12.05-19.35.10:559][309]LogModuleManager: Shutting down and abandoning module MeshReductionInterface (180)
[2018.12.05-19.35.10:559][309]LogModuleManager: Shutting down and abandoning module SimplygonSwarm (179)
[2018.12.05-19.35.10:559][309]LogModuleManager: Shutting down and abandoning module ProxyLODMeshReduction (177)
[2018.12.05-19.35.10:559][309]LogModuleManager: Shutting down and abandoning module SimplygonMeshReduction (175)
[2018.12.05-19.35.10:559][309]LogModuleManager: Shutting down and abandoning module QuadricMeshReduction (173)
[2018.12.05-19.35.10:559][309]LogModuleManager: Shutting down and abandoning module MaterialBaking (169)
[2018.12.05-19.35.10:559][309]LogModuleManager: Shutting down and abandoning module DirectoryWatcher (165)
[2018.12.05-19.35.10:559][309]LogModuleManager: Shutting down and abandoning module DerivedDataCache (162)
[2018.12.05-19.35.10:641][309]LogDerivedDataCache: Shutdown
[2018.12.05-19.35.10:641][309]LogModuleManager: Shutting down and abandoning module XGEController (160)
[2018.12.05-19.35.10:641][309]LogXGEController: Cleaning working directory: C:/Users/kubok/AppData/Local/Temp/UnrealXGEWorkingDir/
[2018.12.05-19.35.10:641][309]LogModuleManager: Shutting down and abandoning module TargetPlatform (158)
[2018.12.05-19.35.10:642][309]LogModuleManager: Shutting down and abandoning module VulkanShaderFormat (157)
[2018.12.05-19.35.10:642][309]LogModuleManager: Shutting down and abandoning module ShaderFormatVectorVM (155)
[2018.12.05-19.35.10:642][309]LogModuleManager: Shutting down and abandoning module ShaderFormatOpenGL (153)
[2018.12.05-19.35.10:642][309]LogModuleManager: Shutting down and abandoning module ShaderFormatD3D (151)
[2018.12.05-19.35.10:642][309]LogModuleManager: Shutting down and abandoning module MetalShaderFormat (149)
[2018.12.05-19.35.10:642][309]LogModuleManager: Shutting down and abandoning module TextureFormatUncompressed (147)
[2018.12.05-19.35.10:642][309]LogModuleManager: Shutting down and abandoning module TextureFormatPVR (145)
[2018.12.05-19.35.10:642][309]LogModuleManager: Shutting down and abandoning module TextureFormatDXT (143)
[2018.12.05-19.35.10:642][309]LogModuleManager: Shutting down and abandoning module TextureFormatIntelISPCTexComp (141)
[2018.12.05-19.35.10:642][309]LogModuleManager: Shutting down and abandoning module TextureFormatASTC (139)
[2018.12.05-19.35.10:642][309]LogModuleManager: Shutting down and abandoning module ImageWrapper (138)
[2018.12.05-19.35.10:642][309]LogModuleManager: Shutting down and abandoning module TextureFormatAndroid (135)
[2018.12.05-19.35.10:642][309]LogModuleManager: Shutting down and abandoning module AudioFormatOpus (133)
[2018.12.05-19.35.10:642][309]LogModuleManager: Shutting down and abandoning module AudioFormatOgg (131)
[2018.12.05-19.35.10:642][309]LogModuleManager: Shutting down and abandoning module AudioFormatADPCM (129)
[2018.12.05-19.35.10:642][309]LogModuleManager: Shutting down and abandoning module LuminTargetPlatform (127)
[2018.12.05-19.35.10:642][309]LogModuleManager: Shutting down and abandoning module LinuxTargetPlatform (125)
[2018.12.05-19.35.10:642][309]LogModuleManager: Shutting down and abandoning module LinuxServerTargetPlatform (123)
[2018.12.05-19.35.10:642][309]LogModuleManager: Shutting down and abandoning module LinuxNoEditorTargetPlatform (121)
[2018.12.05-19.35.10:642][309]LogModuleManager: Shutting down and abandoning module LinuxClientTargetPlatform (119)
[2018.12.05-19.35.10:642][309]LogModuleManager: Shutting down and abandoning module TVOSTargetPlatform (117)
[2018.12.05-19.35.10:643][309]LogModuleManager: Shutting down and abandoning module Messaging (115)
[2018.12.05-19.35.10:643][309]LogModuleManager: Shutting down and abandoning module IOSTargetPlatform (113)
[2018.12.05-19.35.10:643][309]LogModuleManager: Shutting down and abandoning module HTML5TargetPlatform (111)
[2018.12.05-19.35.10:643][309]LogModuleManager: Shutting down and abandoning module AndroidTargetPlatform (109)
[2018.12.05-19.35.10:651][309]LogModuleManager: Shutting down and abandoning module WindowsTargetPlatform (107)
[2018.12.05-19.35.10:651][309]LogModuleManager: Shutting down and abandoning module WindowsServerTargetPlatform (105)
[2018.12.05-19.35.10:651][309]LogModuleManager: Shutting down and abandoning module WindowsNoEditorTargetPlatform (103)
[2018.12.05-19.35.10:651][309]LogModuleManager: Shutting down and abandoning module WindowsClientTargetPlatform (101)
[2018.12.05-19.35.10:651][309]LogModuleManager: Shutting down and abandoning module MacTargetPlatform (99)
[2018.12.05-19.35.10:651][309]LogModuleManager: Shutting down and abandoning module MacServerTargetPlatform (97)
[2018.12.05-19.35.10:651][309]LogModuleManager: Shutting down and abandoning module MacNoEditorTargetPlatform (95)
[2018.12.05-19.35.10:651][309]LogModuleManager: Shutting down and abandoning module MacClientTargetPlatform (93)
[2018.12.05-19.35.10:651][309]LogModuleManager: Shutting down and abandoning module AllDesktopTargetPlatform (91)
[2018.12.05-19.35.10:651][309]LogModuleManager: Shutting down and abandoning module InputCore (88)
[2018.12.05-19.35.10:651][309]LogModuleManager: Shutting down and abandoning module Settings (86)
[2018.12.05-19.35.10:651][309]LogModuleManager: Shutting down and abandoning module PhysXCooking (84)
[2018.12.05-19.35.10:651][309]LogModuleManager: Shutting down and abandoning module SteamVR (82)
[2018.12.05-19.35.10:651][309]LogModuleManager: Shutting down and abandoning module OculusHMD (80)
[2018.12.05-19.35.10:651][309]LogModuleManager: Shutting down and abandoning module ExampleDeviceProfileSelector (78)
[2018.12.05-19.35.10:651][309]LogModuleManager: Shutting down and abandoning module LauncherChunkInstaller (76)
[2018.12.05-19.35.10:651][309]LogModuleManager: Shutting down and abandoning module OnlineBlueprintSupport (74)
[2018.12.05-19.35.10:651][309]LogModuleManager: Shutting down and abandoning module OnlineSubsystem (70)
[2018.12.05-19.35.10:652][309]LogModuleManager: Shutting down and abandoning module XMPP (65)
[2018.12.05-19.35.10:652][309]LogModuleManager: Shutting down and abandoning module WebSockets (64)
[2018.12.05-19.35.10:659][309]LogModuleManager: Shutting down and abandoning module HTTP (61)
[2018.12.05-19.35.10:659][309]LogHttp: Display: Http module shutting down, but needs to wait on 1 outstanding Http requests:
[2018.12.05-19.35.10:659][309]LogHttp: Display: 	verb=[POST] url=[https://datarouter.ol.epicgames.com/datarouter/api/v1/public/data?SessionID=%7BBDCE0FD5-4F13-F9F4-E31A-01803E7E86BC%7D&AppID=UEEditor.Rocket.Release&AppVersion=4.20.3-4369336%2B%2B%2BUE4%2BRelease-4.20&UserID=324ec0084dbef8438fffe5b8f7c64b97%7C0403635c1a57492d91b01d30c7d284ff%7C08e5cffc-2cd6-4bf4-a1a1-356897907582&AppEnvironment=datacollector-binary&UploadType=eteventstream] status=Processing
[2018.12.05-19.35.10:681][309]LogModuleManager: Shutting down and abandoning module SSL (60)
[2018.12.05-19.35.10:682][309]LogModuleManager: Shutting down and abandoning module MagicLeapEmulator (56)
[2018.12.05-19.35.10:682][309]LogModuleManager: Shutting down and abandoning module MagicLeapPrivileges (54)
[2018.12.05-19.35.10:682][309]LogModuleManager: Shutting down and abandoning module MagicLeapIdentity (52)
[2018.12.05-19.35.10:682][309]LogModuleManager: Shutting down and abandoning module MagicLeapHelperVulkan (50)
[2018.12.05-19.35.10:682][309]LogModuleManager: Shutting down and abandoning module MagicLeapHelperOpenGL (48)
[2018.12.05-19.35.10:682][309]LogModuleManager: Shutting down and abandoning module MagicLeapSecureStorage (46)
[2018.12.05-19.35.10:682][309]LogModuleManager: Shutting down and abandoning module MagicLeapGestures (44)
[2018.12.05-19.35.10:682][309]LogModuleManager: Shutting down and abandoning module MagicLeapEyeTracker (42)
[2018.12.05-19.35.10:682][309]LogModuleManager: Shutting down and abandoning module MagicLeapController (40)
[2018.12.05-19.35.10:682][309]LogSlate: Slate User Destroyed.  User Index 0, Is Virtual User: 0
[2018.12.05-19.35.10:682][309]LogModuleManager: Shutting down and abandoning module MagicLeap (38)
[2018.12.05-19.35.10:682][309]LogModuleManager: Shutting down and abandoning module AnimationModifiers (36)
[2018.12.05-19.35.10:682][309]LogModuleManager: Shutting down and abandoning module PropertyEditor (35)
[2018.12.05-19.35.10:682][309]LogModuleManager: Shutting down and abandoning module AudioEditor (32)
[2018.12.05-19.35.10:682][309]LogModuleManager: Shutting down and abandoning module TextureCompressor (30)
[2018.12.05-19.35.10:683][309]LogModuleManager: Shutting down and abandoning module ShaderCore (28)
[2018.12.05-19.35.10:683][309]LogModuleManager: Shutting down and abandoning module Landscape (26)
[2018.12.05-19.35.10:683][309]LogModuleManager: Shutting down and abandoning module SlateRHIRenderer (24)
[2018.12.05-19.35.10:683][309]LogModuleManager: Shutting down and abandoning module OpenGLDrv (22)
[2018.12.05-19.35.10:683][309]LogModuleManager: Shutting down and abandoning module D3D11RHI (20)
[2018.12.05-19.35.10:683][309]LogModuleManager: Shutting down and abandoning module AnimGraphRuntime (18)
[2018.12.05-19.35.10:683][309]LogModuleManager: Shutting down and abandoning module Renderer (16)
[2018.12.05-19.35.10:683][309]LogModuleManager: Shutting down and abandoning module Engine (14)
[2018.12.05-19.35.10:683][309]LogModuleManager: Shutting down and abandoning module CoreUObject (12)
[2018.12.05-19.35.10:683][309]LogModuleManager: Shutting down and abandoning module NetworkFile (10)
[2018.12.05-19.35.10:683][309]LogModuleManager: Shutting down and abandoning module CookedIterativeFile (8)
[2018.12.05-19.35.10:683][309]LogModuleManager: Shutting down and abandoning module StreamingFile (6)
[2018.12.05-19.35.10:683][309]LogModuleManager: Shutting down and abandoning module SandboxFile (4)
[2018.12.05-19.35.10:683][309]LogModuleManager: Shutting down and abandoning module PakFile (2)
[2018.12.05-19.35.10:692][309]LogExit: Exiting.
[2018.12.05-19.35.10:704][309]Log file closed, 12/05/18 14:35:10
