Log file open, 12/12/18 01:52:32
LogWindows: Failed to load 'aqProf.dll' (GetLastError=126)
LogWindows: File 'aqProf.dll' does not exist
LogWindows: Failed to load 'VSPerf140.dll' (GetLastError=126)
LogWindows: File 'VSPerf140.dll' does not exist
LogWindows: Failed to load 'VtuneApi.dll' (GetLastError=126)
LogWindows: File 'VtuneApi.dll' does not exist
LogWindows: Failed to load 'VtuneApi32e.dll' (GetLastError=126)
LogWindows: File 'VtuneApi32e.dll' does not exist
LogInit: Display: Running engine for game: TeamSadMen
LogPlatformFile: Not using cached read wrapper
LogTaskGraph: Started task graph with 5 named threads and 11 total threads with 3 sets of task threads.
LogStats: Stats thread started at 0.203688
LogD3D11RHI: Loaded GFSDK_Aftermath_Lib.x64.dll
LogICUInternationalization: Display: ICU TimeZone Detection - Raw Offset: -5:00, Platform Override: ''
LogPluginManager: Mounting plugin Paper2D
LogPluginManager: Mounting plugin AISupport
LogPluginManager: Mounting plugin LightPropagationVolume
LogPluginManager: Mounting plugin CLionSourceCodeAccess
LogPluginManager: Mounting plugin CodeLiteSourceCodeAccess
LogPluginManager: Mounting plugin GitSourceControl
LogPluginManager: Mounting plugin KDevelopSourceCodeAccess
LogPluginManager: Mounting plugin NullSourceCodeAccess
LogPluginManager: Mounting plugin PerforceSourceControl
LogPluginManager: Mounting plugin SubversionSourceControl
LogPluginManager: Mounting plugin UObjectPlugin
LogPluginManager: Mounting plugin VisualStudioCodeSourceCodeAccess
LogPluginManager: Mounting plugin VisualStudioSourceCodeAccess
LogPluginManager: Mounting plugin XCodeSourceCodeAccess
LogPluginManager: Mounting plugin AssetManagerEditor
LogPluginManager: Mounting plugin CryptoKeys
LogPluginManager: Mounting plugin DataValidation
LogPluginManager: Mounting plugin FacialAnimation
LogPluginManager: Mounting plugin GameplayTagsEditor
LogPluginManager: Mounting plugin MacGraphicsSwitching
LogPluginManager: Mounting plugin MeshEditor
LogPluginManager: Mounting plugin MobileLauncherProfileWizard
LogPluginManager: Mounting plugin PluginBrowser
LogPluginManager: Mounting plugin SpeedTreeImporter
LogPluginManager: Mounting plugin DatasmithContent
LogPluginManager: Mounting plugin AlembicImporter
LogPluginManager: Mounting plugin AppleImageUtils
LogPluginManager: Mounting plugin AppleVision
LogPluginManager: Mounting plugin BackChannel
LogPluginManager: Mounting plugin CharacterAI
LogPluginManager: Mounting plugin GeometryCache
LogPluginManager: Mounting plugin HTML5Networking
LogPluginManager: Mounting plugin ProxyLODPlugin
LogPluginManager: Mounting plugin MagicLeap
LogPluginManager: Mounting plugin MagicLeapEmulator
LogPluginManager: Mounting plugin MagicLeapMedia
LogPluginManager: Mounting plugin AndroidMedia
LogPluginManager: Mounting plugin AvfMedia
LogPluginManager: Mounting plugin ImgMedia
LogPluginManager: Mounting plugin LinearTimecode
LogPluginManager: Mounting plugin MediaCompositing
LogPluginManager: Mounting plugin MediaPlayerEditor
LogPluginManager: Mounting plugin WmfMedia
LogPluginManager: Mounting plugin TcpMessaging
LogPluginManager: Mounting plugin UdpMessaging
LogPluginManager: Mounting plugin ActorSequence
LogPluginManager: Mounting plugin LevelSequenceEditor
LogPluginManager: Mounting plugin MatineeToLevelSequence
LogPluginManager: Mounting plugin NetcodeUnitTest
LogPluginManager: Mounting plugin NUTUnrealEngine4
LogPluginManager: Mounting plugin OnlineSubsystemGooglePlay
LogPluginManager: Mounting plugin OnlineSubsystemIOS
LogPluginManager: Mounting plugin OnlineSubsystem
LogPluginManager: Mounting plugin OnlineSubsystemNull
LogPluginManager: Mounting plugin OnlineSubsystemUtils
LogPluginManager: Mounting plugin LauncherChunkInstaller
LogPluginManager: Mounting plugin AndroidDeviceProfileSelector
LogPluginManager: Mounting plugin AndroidMoviePlayer
LogPluginManager: Mounting plugin AndroidPermission
LogPluginManager: Mounting plugin AppleMoviePlayer
LogPluginManager: Mounting plugin ArchVisCharacter
LogPluginManager: Mounting plugin AudioCapture
LogPluginManager: Mounting plugin CableComponent
LogPluginManager: Mounting plugin CustomMeshComponent
LogPluginManager: Mounting plugin EditableMesh
LogPluginManager: Mounting plugin ExampleDeviceProfileSelector
LogPluginManager: Mounting plugin GoogleCloudMessaging
LogPluginManager: Mounting plugin ImmediatePhysics
LogPluginManager: Mounting plugin IOSDeviceProfileSelector
LogPluginManager: Mounting plugin LinuxDeviceProfileSelector
LogPluginManager: Mounting plugin LocationServicesBPLibrary
LogPluginManager: Mounting plugin MobilePatchingUtils
LogPluginManager: Mounting plugin OculusVR
LogPluginManager: Plugin shader directory ../../../Engine/Plugins/Runtime/Oculus/OculusVR/Shaders found
LogPluginManager: Mapping shader source directory ../../../Engine/Plugins/Runtime/Oculus/OculusVR/Shaders to virtual directory /Plugin/OculusVR
LogPluginManager: Mounting plugin PhysXVehicles
LogPluginManager: Mounting plugin ProceduralMeshComponent
LogPluginManager: Mounting plugin RuntimePhysXCooking
LogPluginManager: Mounting plugin SteamVR
LogPluginManager: Mounting plugin WindowsMoviePlayer
LogStreaming: Display: Took  0.245s to configure plugins.
LogInit: Using libcurl 7.55.1-DEV
LogInit:  - built for x86_64-pc-win32
LogInit:  - supports SSL with OpenSSL/1.0.2h
LogInit:  - supports HTTP deflate (compression) using libz 1.2.8
LogInit:  - other features:
LogInit:      CURL_VERSION_SSL
LogInit:      CURL_VERSION_LIBZ
LogInit:      CURL_VERSION_IPV6
LogInit:      CURL_VERSION_ASYNCHDNS
LogInit:      CURL_VERSION_LARGEFILE
LogInit:      CURL_VERSION_IDN
LogInit:  CurlRequestOptions (configurable via config and command line):
LogInit:  - bVerifyPeer = false  - Libcurl will NOT verify peer certificate
LogInit:  - bUseHttpProxy = false  - Libcurl will NOT use HTTP proxy
LogInit:  - bDontReuseConnections = false  - Libcurl will reuse connections
LogInit:  - CertBundlePath = nullptr  - Libcurl will use whatever was configured at build time.
LogInit:  - MaxHostConnections = 16  - Libcurl will limit the number of connections to a host
LogInit:  - LocalHostAddr = Default
LogInit:  - BufferSize = 65536
LogInit: WinSock: version 1.1 (2.2), MaxSocks=32767, MaxUdp=65467
LogInit: Build: ++UE4+Release-4.20-CL-4369336
LogInit: Engine Version: 4.20.3-4369336+++UE4+Release-4.20
LogInit: Compatible Engine Version: 4.20.0-4212847+++UE4+Release-4.20
LogInit: Net CL: 4212847
LogInit: OS: Windows 10 (), CPU: Intel(R) Core(TM) i7-6600U CPU @ 2.60GHz, GPU: Intel(R) HD Graphics 520
LogInit: Compiled (64-bit): Sep 17 2018 12:26:19
LogInit: Compiled with Visual C++: 19.13.26129.00
LogInit: Build Configuration: Development
LogInit: Branch Name: ++UE4+Release-4.20
LogInit: Command Line: -EpicPortal  -epicusername="BlueTinge" -epicuserid=215950167ed840aeb891af1096fa62dd -epiclocale=en-US
LogInit: Base Directory: C:/Program Files/Epic Games/UE_4.20/Engine/Binaries/Win64/
LogInit: Installed Engine Build: 1
LogDevObjectVersion: Number of dev versions registered: 20
LogDevObjectVersion:   Dev-Blueprints (B0D832E4-1F89-4F0D-ACCF-7EB736FD4AA2): 10
LogDevObjectVersion:   Dev-Build (E1C64328-A22C-4D53-A36C-8E866417BD8C): 0
LogDevObjectVersion:   Dev-Core (375EC13C-06E4-48FB-B500-84F0262A717E): 2
LogDevObjectVersion:   Dev-Editor (E4B068ED-F494-42E9-A231-DA0B2E46BB41): 24
LogDevObjectVersion:   Dev-Framework (CFFC743F-43B0-4480-9391-14DF171D2073): 34
LogDevObjectVersion:   Dev-Mobile (B02B49B5-BB20-44E9-A304-32B752E40360): 2
LogDevObjectVersion:   Dev-Networking (A4E4105C-59A1-49B5-A7C5-40C4547EDFEE): 0
LogDevObjectVersion:   Dev-Online (39C831C9-5AE6-47DC-9A44-9C173E1C8E7C): 0
LogDevObjectVersion:   Dev-Physics (78F01B33-EBEA-4F98-B9B4-84EACCB95AA2): 0
LogDevObjectVersion:   Dev-Platform (6631380F-2D4D-43E0-8009-CF276956A95A): 0
LogDevObjectVersion:   Dev-Rendering (12F88B9F-8875-4AFC-A67C-D90C383ABD29): 26
LogDevObjectVersion:   Dev-Sequencer (7B5AE74C-D270-4C10-A958-57980B212A5A): 9
LogDevObjectVersion:   Dev-VR (D7296918-1DD6-4BDD-9DE2-64A83CC13884): 2
LogDevObjectVersion:   Dev-LoadTimes (C2A15278-BFE7-4AFE-6C17-90FF531DF755): 1
LogDevObjectVersion:   Private-Geometry (6EACA3D4-40EC-4CC1-B786-8BED09428FC5): 3
LogDevObjectVersion:   Dev-AnimPhys (29E575DD-E0A3-4627-9D10-D276232CDCEA): 17
LogDevObjectVersion:   Dev-ReflectionCapture (6B266CEC-1EC7-4B8F-A30B-E4D90942FC07): 1
LogDevObjectVersion:   Dev-Automation (0DF73D61-A23F-47EA-B727-89E90C41499A): 1
LogDevObjectVersion:   FortniteMain (601D1886-AC64-4F84-AA16-D3DE0DEAC7D6): 12
LogDevObjectVersion:   Dev-Enterprise (9DFFBCD6-494F-0158-E221-12823C92A888): 1
LogStreaming: Display: Took  0.004s to delete old logs.
LogInit: Presizing for max 8388607 objects, including 0 objects not considered by GC, pre-allocating 0 bytes for permanent pool.
LogInit: Object subsystem initialized
[2018.12.12-06.52.32:617][  0]LogInit: Selected Device Profile: [Windows]
[2018.12.12-06.52.32:617][  0]LogInit: Applying CVar settings loaded from the selected device profile: [Windows]
[2018.12.12-06.52.32:642][  0]LogHAL: Display: Platform has ~ 8 GB [7960453120 / 8589934592 / 8], which maps to Default [LargestMinGB=32, LargerMinGB=12, DefaultMinGB=8, SmallerMinGB=6, SmallestMinGB=0)
[2018.12.12-06.52.32:642][  0]LogInit: Setting Device Profile CVar: [[r.Vulkan.UseRealUBs:1]]
[2018.12.12-06.52.32:642][  0]LogInit: Going up to parent DeviceProfile []
[2018.12.12-06.52.32:642][  0]LogInit: Computer: DESKTOP-T8OATV8
[2018.12.12-06.52.32:642][  0]LogInit: User: frankj6
[2018.12.12-06.52.32:642][  0]LogInit: CPU Page size=4096, Cores=2
[2018.12.12-06.52.32:642][  0]LogInit: High frequency timer resolution =2.742188 MHz
[2018.12.12-06.52.32:643][  0]LogMemory: Memory total: Physical=7.4GB (8GB approx)
[2018.12.12-06.52.32:643][  0]LogMemory: Platform Memory Stats for Windows
[2018.12.12-06.52.32:643][  0]LogMemory: Process Physical Memory: 99.97 MB used, 99.97 MB peak
[2018.12.12-06.52.32:643][  0]LogMemory: Process Virtual Memory: 88.70 MB used, 88.70 MB peak
[2018.12.12-06.52.32:643][  0]LogMemory: Physical Memory: 4250.04 MB used,  3341.64 MB free, 7591.68 MB total
[2018.12.12-06.52.32:643][  0]LogMemory: Virtual Memory: 4620.70 MB used,  3341.64 MB free, 134217728.00 MB total
[2018.12.12-06.52.32:670][  0]LogInit: Using OS detected language (en-US).
[2018.12.12-06.52.32:670][  0]LogInit: Using OS detected locale (en-US).
[2018.12.12-06.52.32:673][  0]LogTextLocalizationManager: No specific localization for 'en-US' exists, so the 'en' localization will be used.
[2018.12.12-06.52.33:236][  0]LogStreaming: Display: Took  0.565s to InitEngineTextLocalization.
[2018.12.12-06.52.33:237][  0]LogInit: Setting process to per monitor DPI aware
[2018.12.12-06.52.33:286][  0]LogSlate: New Slate User Created.  User Index 0, Is Virtual User: 0
[2018.12.12-06.52.33:286][  0]LogSlate: Slate User Registered.  User Index 0, Is Virtual User: 0
[2018.12.12-06.52.33:669][  0]LogHMD: Failed to initialize OpenVR with code 110
[2018.12.12-06.52.33:669][  0]LogD3D11RHI: D3D11 adapters:
[2018.12.12-06.52.33:699][  0]LogD3D11RHI:    0. 'Intel(R) HD Graphics 520' (Feature Level 11_0)
[2018.12.12-06.52.33:699][  0]LogD3D11RHI:       128/0/3795 MB DedicatedVideo/DedicatedSystem/SharedSystem, Outputs:1, VendorId:0x8086
[2018.12.12-06.52.33:701][  0]LogD3D11RHI:    1. 'Microsoft Basic Render Driver' (Feature Level 11_0)
[2018.12.12-06.52.33:701][  0]LogD3D11RHI:       0/0/3795 MB DedicatedVideo/DedicatedSystem/SharedSystem, Outputs:0, VendorId:0x1414
[2018.12.12-06.52.33:701][  0]LogD3D11RHI: Chosen D3D11 Adapter: 0
[2018.12.12-06.52.33:708][  0]LogD3D11RHI: Creating new Direct3DDevice
[2018.12.12-06.52.33:709][  0]LogD3D11RHI:     GPU DeviceId: 0x1916 (for the marketing name, search the web for "GPU Device Id")
[2018.12.12-06.52.33:709][  0]LogWindows: EnumDisplayDevices:
[2018.12.12-06.52.33:709][  0]LogWindows:    0. 'Intel(R) HD Graphics 520' (P:1 D:1)
[2018.12.12-06.52.33:709][  0]LogWindows:    1. 'Intel(R) HD Graphics 520' (P:0 D:0)
[2018.12.12-06.52.33:710][  0]LogWindows:    2. 'Intel(R) HD Graphics 520' (P:0 D:0)
[2018.12.12-06.52.33:710][  0]LogWindows: DebugString: FoundDriverCount:3 
[2018.12.12-06.52.33:710][  0]LogD3D11RHI:     Adapter Name: Intel(R) HD Graphics 520
[2018.12.12-06.52.33:710][  0]LogD3D11RHI:   Driver Version: 24.20.100.6170 (internal:24.20.100.6170, unified:24.20.100.6170)
[2018.12.12-06.52.33:710][  0]LogD3D11RHI:      Driver Date: 6-18-2018
[2018.12.12-06.52.33:710][  0]LogRHI: Texture pool is 1418 MB (70% of 2025 MB)
[2018.12.12-06.52.33:734][  0]LogD3D11RHI: Async texture creation enabled
[2018.12.12-06.52.33:743][  0]LogD3D11RHI: GPU Timing Frequency: 12.000048 (Debug: 2 0)
[2018.12.12-06.52.33:747][  0]LogShaderCompilers: Guid format shader working directory is -38 characters bigger than the processId version (../../../../../../Users/frankj6/Documents/GameDevOne/TeamSadMen/TeamSadMen/TeamSadMen/Intermediate/Shaders/WorkingDirectory/20828/).
[2018.12.12-06.52.33:747][  0]LogShaderCompilers: Cleaned the shader compiler working directory 'C:/Users/frankj6/AppData/Local/Temp/UnrealShaderWorkingDir/F00AA7C54795FB845FAD3480F8950BDF/'.
[2018.12.12-06.52.34:256][  0]LogTemp: Display: Loaded TP AllDesktopTargetPlatform
[2018.12.12-06.52.34:283][  0]LogTemp: Display: Loaded TP MacClientTargetPlatform
[2018.12.12-06.52.34:304][  0]LogTemp: Display: Loaded TP MacNoEditorTargetPlatform
[2018.12.12-06.52.34:329][  0]LogTemp: Display: Loaded TP MacServerTargetPlatform
[2018.12.12-06.52.34:355][  0]LogTemp: Display: Loaded TP MacTargetPlatform
[2018.12.12-06.52.34:381][  0]LogTemp: Display: Loaded TP WindowsClientTargetPlatform
[2018.12.12-06.52.34:405][  0]LogTemp: Display: Loaded TP WindowsNoEditorTargetPlatform
[2018.12.12-06.52.34:430][  0]LogTemp: Display: Loaded TP WindowsServerTargetPlatform
[2018.12.12-06.52.34:442][  0]LogTemp: Display: Loaded TP WindowsTargetPlatform
[2018.12.12-06.52.34:600][  0]LogTemp: Display: Loaded TP AndroidTargetPlatform
[2018.12.12-06.52.34:600][  0]LogTemp: Display: Loaded TP AndroidTargetPlatform
[2018.12.12-06.52.34:600][  0]LogTemp: Display: Loaded TP AndroidTargetPlatform
[2018.12.12-06.52.34:600][  0]LogTemp: Display: Loaded TP AndroidTargetPlatform
[2018.12.12-06.52.34:600][  0]LogTemp: Display: Loaded TP AndroidTargetPlatform
[2018.12.12-06.52.34:600][  0]LogTemp: Display: Loaded TP AndroidTargetPlatform
[2018.12.12-06.52.34:600][  0]LogTemp: Display: Loaded TP AndroidTargetPlatform
[2018.12.12-06.52.34:600][  0]LogTemp: Display: Loaded TP AndroidTargetPlatform
[2018.12.12-06.52.34:600][  0]LogTemp: Display: Loaded TP AndroidTargetPlatform
[2018.12.12-06.52.34:600][  0]LogTemp: Display: Loaded TP AndroidTargetPlatform
[2018.12.12-06.52.34:600][  0]LogTemp: Display: Loaded TP AndroidTargetPlatform
[2018.12.12-06.52.34:600][  0]LogTemp: Display: Loaded TP AndroidTargetPlatform
[2018.12.12-06.52.34:600][  0]LogTemp: Display: Loaded TP AndroidTargetPlatform
[2018.12.12-06.52.34:600][  0]LogTemp: Display: Loaded TP AndroidTargetPlatform
[2018.12.12-06.52.34:600][  0]LogTemp: Display: Loaded TP AndroidTargetPlatform
[2018.12.12-06.52.34:600][  0]LogTemp: Display: Loaded TP AndroidTargetPlatform
[2018.12.12-06.52.34:600][  0]LogTemp: Display: Loaded TP AndroidTargetPlatform
[2018.12.12-06.52.34:600][  0]LogTemp: Display: Loaded TP AndroidTargetPlatform
[2018.12.12-06.52.34:602][  0]LogTemp: Display: Loaded TP HTML5TargetPlatform
[2018.12.12-06.52.34:684][  0]LogTemp: Display: Loaded TP IOSTargetPlatform
[2018.12.12-06.52.34:684][  0]LogTemp: Display: Loaded TP IOSTargetPlatform
[2018.12.12-06.52.34:735][  0]LogTemp: Display: Loaded TP TVOSTargetPlatform
[2018.12.12-06.52.34:735][  0]LogTemp: Display: Loaded TP TVOSTargetPlatform
[2018.12.12-06.52.34:769][  0]LogTemp: Display: Loaded TP LinuxClientTargetPlatform
[2018.12.12-06.52.34:798][  0]LogTemp: Display: Loaded TP LinuxNoEditorTargetPlatform
[2018.12.12-06.52.34:819][  0]LogTemp: Display: Loaded TP LinuxServerTargetPlatform
[2018.12.12-06.52.34:841][  0]LogTemp: Display: Loaded TP LinuxTargetPlatform
[2018.12.12-06.52.34:857][  0]LogTemp: Display: Loaded TP LuminTargetPlatform
[2018.12.12-06.52.34:857][  0]LogTargetPlatformManager: Display: Building Assets For Windows
[2018.12.12-06.52.34:936][  0]LogXGEController: Cannot use XGE Controller as Incredibuild is not installed on this machine.
[2018.12.12-06.52.34:936][  0]LogShaderCompilers: Cannot use XGE Shader Compiler as Incredibuild is not installed on this machine.
[2018.12.12-06.52.34:936][  0]LogShaderCompilers: Display: Using Local Shader Compiler.
[2018.12.12-06.52.35:884][  0]LogDerivedDataCache: Display: Max Cache Size: 512 MB
[2018.12.12-06.52.35:955][  0]LogDerivedDataCache: Loaded boot cache 0.07s 71MB C:/Users/frankj6/AppData/Local/UnrealEngine/4.20/DerivedDataCache/Boot.ddc.
[2018.12.12-06.52.35:956][  0]LogDerivedDataCache: Display: Loaded Boot cache: C:/Users/frankj6/AppData/Local/UnrealEngine/4.20/DerivedDataCache/Boot.ddc
[2018.12.12-06.52.35:956][  0]LogDerivedDataCache: FDerivedDataBackendGraph:  Pak pak cache file ../../../../../../Users/frankj6/Documents/GameDevOne/TeamSadMen/TeamSadMen/TeamSadMen/DerivedDataCache/DDC.ddp not found, will not use a pak cache.
[2018.12.12-06.52.35:956][  0]LogDerivedDataCache: Unable to find inner node Pak for hierarchical cache Hierarchy.
[2018.12.12-06.52.35:956][  0]LogDerivedDataCache: FDerivedDataBackendGraph:  CompressedPak pak cache file ../../../../../../Users/frankj6/Documents/GameDevOne/TeamSadMen/TeamSadMen/TeamSadMen/DerivedDataCache/Compressed.ddp not found, will not use a pak cache.
[2018.12.12-06.52.35:956][  0]LogDerivedDataCache: Unable to find inner node CompressedPak for hierarchical cache Hierarchy.
[2018.12.12-06.52.35:972][  0]LogDerivedDataCache: Display: Pak cache opened for reading ../../../Engine/DerivedDataCache/Compressed.ddp.
[2018.12.12-06.52.35:984][  0]LogDerivedDataCache: Using Local data cache path C:/Users/frankj6/AppData/Local/UnrealEngine/Common/DerivedDataCache: Writable
[2018.12.12-06.52.35:984][  0]LogDerivedDataCache: Shared data cache path not found in *engine.ini, will not use an Shared cache.
[2018.12.12-06.52.35:984][  0]LogDerivedDataCache: Unable to find inner node Shared for hierarchical cache Hierarchy.
[2018.12.12-06.52.36:015][  0]LogMaterial: Verifying Global Shaders for PCD3D_SM5
[2018.12.12-06.52.36:016][  0]LogSlate: Using FreeType 2.6.0
[2018.12.12-06.52.36:017][  0]LogSlate: SlateFontServices - WITH_FREETYPE: 1, WITH_HARFBUZZ: 1
[2018.12.12-06.52.36:099][  0]LogAssetRegistry: FAssetRegistry took 0.0268 seconds to start up
[2018.12.12-06.52.36:506][  0]LogInit: Selected Device Profile: [Windows]
[2018.12.12-06.52.36:672][  0]LogSimplygon: Simplygon DLL not present - disabling.
[2018.12.12-06.52.36:676][  0]LogMeshReduction: Using SimplygonSwarm for distributed automatic mesh merging
[2018.12.12-06.52.36:676][  0]LogMeshReduction: Using ProxyLODMeshReduction for automatic mesh merging
[2018.12.12-06.52.36:676][  0]LogMeshReduction: Using QuadricMeshReduction for automatic static mesh reduction
[2018.12.12-06.52.36:676][  0]LogMeshReduction: No automatic skeletal mesh reduction module available
[2018.12.12-06.52.36:691][  0]LogNetVersion: TeamSadMen 1.0.0, NetCL: 4212847, EngineNetVer: 5, GameNetVer: 0 (Checksum: 1220547581)
[2018.12.12-06.52.37:368][  0]LogPackageLocalizationCache: Processed 11 localized package path(s) for 2 prioritized culture(s) in 0.186217 seconds
[2018.12.12-06.52.37:377][  0]LogUObjectArray: 38425 objects as part of root set at end of initial load.
[2018.12.12-06.52.37:377][  0]LogUObjectAllocator: 6690872 out of 0 bytes used by permanent object pool.
[2018.12.12-06.52.37:377][  0]LogUObjectArray: CloseDisregardForGC: 0/0 objects in disregard for GC pool
[2018.12.12-06.52.38:417][  0]LogTcpMessaging: Initializing TcpMessaging bridge
[2018.12.12-06.52.38:430][  0]LogUdpMessaging: Initializing bridge on interface 0.0.0.0:0 to multicast group 230.0.0.1:6666.
[2018.12.12-06.52.38:600][  0]SourceControl: Source control is disabled
[2018.12.12-06.52.38:600][  0]SourceControl: Source control is disabled
[2018.12.12-06.52.38:601][  0]SourceControl: Source control is disabled
[2018.12.12-06.52.38:602][  0]SourceControl: Source control is disabled
[2018.12.12-06.52.38:787][  0]LogAndroidPermission: UAndroidPermissionCallbackProxy::GetInstance
[2018.12.12-06.52.38:848][  0]LogOcInput: OculusInput pre-init called
[2018.12.12-06.52.38:919][  0]LogEngine: Initializing Engine...
[2018.12.12-06.52.38:920][  0]LogHMD: Failed to initialize OpenVR with code 110
[2018.12.12-06.52.38:922][  0]LogStats: UGameplayTagsManager::ConstructGameplayTagTree: ImportINI prefixes -  0.000 s
[2018.12.12-06.52.38:922][  0]LogStats: UGameplayTagsManager::ConstructGameplayTagTree: Construct from data asset -  0.000 s
[2018.12.12-06.52.38:922][  0]LogStats: UGameplayTagsManager::ConstructGameplayTagTree: ImportINI -  0.000 s
[2018.12.12-06.52.38:922][  0]LogStats: UGameplayTagsManager::ConstructGameplayTagTree: GameplayTagTreeChangedEvent.Broadcast -  0.000 s
[2018.12.12-06.52.39:168][  0]LogInit: Initializing FReadOnlyCVARCache
[2018.12.12-06.52.39:188][  0]LogAIModule: Creating AISystem for world Untitled
[2018.12.12-06.52.39:198][  0]LogInit: XAudio2 using 'Speaker/HP (Realtek High Definition Audio)' : 2 channels at 48 kHz using 32 bits per sample (channel mask 0x3)
[2018.12.12-06.52.39:245][  0]LogInit: FAudioDevice initialized.
[2018.12.12-06.52.39:245][  0]LogNetVersion: Set ProjectVersion to 1.0.0.0. Version Checksum will be recalculated on next use.
[2018.12.12-06.52.39:341][  0]LogDerivedDataCache: Saved boot cache 0.10s 71MB C:/Users/frankj6/AppData/Local/UnrealEngine/4.20/DerivedDataCache/Boot.ddc.
[2018.12.12-06.52.39:348][  0]LogInit: Texture streaming: Enabled
[2018.12.12-06.52.39:367][  0]LogEngineSessionManager: EngineSessionManager initialized
[2018.12.12-06.52.39:385][  0]LogInit: Transaction tracking system initialized
[2018.12.12-06.52.39:411][  0]BlueprintLog: New page: Editor Load
[2018.12.12-06.52.39:498][  0]LocalizationService: Localization service is disabled
[2018.12.12-06.52.39:875][  0]LogCook: Display: Max memory allowance for cook 16384mb min free memory 0mb
[2018.12.12-06.52.39:875][  0]LogCook: Display: Mobile HDR setting 1
[2018.12.12-06.52.39:875][  0]LogGameplayTags: Display: UGameplayTagsManager::DoneAddingNativeTags. DelegateIsBound: 0
[2018.12.12-06.52.39:875][  0]LogStats: UGameplayTagsManager::ConstructGameplayTagTree: ImportINI prefixes -  0.000 s
[2018.12.12-06.52.39:875][  0]LogStats: UGameplayTagsManager::ConstructGameplayTagTree: Construct from data asset -  0.000 s
[2018.12.12-06.52.39:875][  0]LogStats: UGameplayTagsManager::ConstructGameplayTagTree: ImportINI -  0.000 s
[2018.12.12-06.52.39:875][  0]LogStats: UGameplayTagsManager::ConstructGameplayTagTree: GameplayTagTreeChangedEvent.Broadcast -  0.000 s
[2018.12.12-06.52.40:030][  0]LogFileCache: Scanning file cache for directory 'C:/Users/frankj6/Documents/GameDevOne/TeamSadMen/TeamSadMen/TeamSadMen/Content/' took 0.02s
[2018.12.12-06.52.40:030][  0]SourceControl: Source control is disabled
[2018.12.12-06.52.40:030][  0]Cmd: MAP LOAD FILE="../../../../../../Users/frankj6/Documents/GameDevOne/TeamSadMen/TeamSadMen/TeamSadMen/Content/FirstPersonBP/Maps/FirstPersonExampleMap.umap" TEMPLATE=0 SHOWPROGRESS=1 FEATURELEVEL=3
[2018.12.12-06.52.40:031][  0]LightingResults: New page: Lighting Build
[2018.12.12-06.52.40:035][  0]MapCheck: New page: Map Check
[2018.12.12-06.52.40:035][  0]LightingResults: New page: Lighting Build
[2018.12.12-06.52.40:675][  0]LogAIModule: Creating AISystem for world FirstPersonExampleMap
[2018.12.12-06.52.40:690][  0]LogEditorServer: Finished looking for orphan Actors (0.000 secs)
[2018.12.12-06.52.40:715][  0]Cmd: MAP CHECKDEP NOCLEARLOG
[2018.12.12-06.52.40:809][  0]MapCheck: Map check complete: 0 Error(s), 0 Warning(s), took 94.112ms to complete.
[2018.12.12-06.52.40:809][  0]LogFileHelpers: Loading map 'FirstPersonExampleMap' took 0.779
[2018.12.12-06.52.40:905][  0]LogSlate: Updating window title bar state: overlay mode, drag disabled, window buttons hidden, title bar hidden
[2018.12.12-06.52.40:914][  0]LogSlate: Updating window title bar state: overlay mode, drag disabled, window buttons hidden, title bar hidden
[2018.12.12-06.52.40:923][  0]LogSlate: Updating window title bar state: overlay mode, drag disabled, window buttons hidden, title bar hidden
[2018.12.12-06.52.40:933][  0]LogSlate: Updating window title bar state: overlay mode, drag disabled, window buttons hidden, title bar hidden
[2018.12.12-06.52.40:940][  0]LogCollectionManager: Loaded 0 collections in 0.002067 seconds
[2018.12.12-06.52.40:983][  0]LogFileCache: Scanning file cache for directory 'C:/Users/frankj6/Documents/GameDevOne/TeamSadMen/TeamSadMen/TeamSadMen/Saved/Collections/' took 0.01s
[2018.12.12-06.52.40:983][  0]LogFileCache: Scanning file cache for directory 'C:/Users/frankj6/Documents/GameDevOne/TeamSadMen/TeamSadMen/TeamSadMen/Content/Developers/frankj6/Collections/' took 0.01s
[2018.12.12-06.52.40:983][  0]LogFileCache: Scanning file cache for directory 'C:/Users/frankj6/Documents/GameDevOne/TeamSadMen/TeamSadMen/TeamSadMen/Content/Collections/' took 0.01s
[2018.12.12-06.52.40:983][  0]LogCollectionManager: Rebuilt the GUID cache for 0 collections in 0.000001 seconds
[2018.12.12-06.52.40:995][  0]LogContentBrowser: Native class hierarchy populated in 0.0116 seconds. Added 2572 classes and 603 folders.
[2018.12.12-06.52.41:001][  0]LogContentBrowser: Native class hierarchy updated for 'WidgetCarousel' in 0.0002 seconds. Added 0 classes and 0 folders.
[2018.12.12-06.52.41:048][  0]LogContentBrowser: Native class hierarchy updated for 'AddContentDialog' in 0.0002 seconds. Added 0 classes and 0 folders.
[2018.12.12-06.52.41:053][  0]LogContentBrowser: Native class hierarchy updated for 'SceneOutliner' in 0.0003 seconds. Added 1 classes and 2 folders.
[2018.12.12-06.52.41:119][  0]LogSlate: Took 0.000255 seconds to synchronously load lazily loaded font '../../../Engine/Content/Slate/Fonts/Roboto-Regular.ttf' (155K)
[2018.12.12-06.52.41:122][  0]LogSlate: Took 0.000364 seconds to synchronously load lazily loaded font '../../../Engine/Content/Slate/Fonts/Roboto-Bold.ttf' (160K)
[2018.12.12-06.52.41:129][  0]LogSlate: Took 0.000190 seconds to synchronously load lazily loaded font '../../../Engine/Content/Editor/Slate/Fonts/FontAwesome.ttf' (139K)
[2018.12.12-06.52.41:226][  0]LogRenderer: Reallocating scene render targets to support 964x436 Format 10 NumSamples 1 (Frame:1).
[2018.12.12-06.52.41:422][  0]LogContentBrowser: Native class hierarchy updated for 'HierarchicalLODOutliner' in 0.0005 seconds. Added 0 classes and 0 folders.
[2018.12.12-06.52.41:422][  0]LogLoad: (Engine Initialization) Total time: 11.07 seconds
[2018.12.12-06.52.41:423][  0]LogLoad: (Engine Initialization) Total Blueprint compile time: 0.00 seconds
[2018.12.12-06.52.41:464][  0]LogContentStreaming: Texture pool size now 1000 MB
[2018.12.12-06.52.41:486][  0]LogSlate: Took 0.000171 seconds to synchronously load lazily loaded font '../../../Engine/Content/Slate/Fonts/Roboto-Light.ttf' (167K)
[2018.12.12-06.52.41:511][  1]LogAssetRegistry: Asset discovery search completed in 5.4344 seconds
[2018.12.12-06.52.41:514][  1]LogCollectionManager: Rebuilt the object cache for 0 collections in 0.000000 seconds (found 0 objects)
[2018.12.12-06.52.41:514][  1]LogCollectionManager: Fixed up redirectors for 0 collections in 0.000070 seconds (updated 0 objects)
[2018.12.12-06.52.42:855][  5]LogSlate: Took 0.000831 seconds to synchronously load lazily loaded font '../../../Engine/Content/Slate/Fonts/Roboto-Light.ttf' (167K)
[2018.12.12-06.52.47:097][ 72]LogSlate: FSceneViewport::OnFocusLost() reason 0
[2018.12.12-06.52.47:620][ 78]LogAIModule: Creating AISystem for world BillTest
[2018.12.12-06.52.47:626][ 78]LogAssetEditorManager: Opening Asset editor for World /Game/FirstPersonBP/Maps/BillTest.BillTest
[2018.12.12-06.52.47:648][ 78]Cmd: MAP LOAD FILE="../../../../../../Users/frankj6/Documents/GameDevOne/TeamSadMen/TeamSadMen/TeamSadMen/Content/FirstPersonBP/Maps/BillTest.umap" TEMPLATE=0 SHOWPROGRESS=1 FEATURELEVEL=3
[2018.12.12-06.52.47:648][ 78]LightingResults: New page: Lighting Build
[2018.12.12-06.52.47:649][ 78]LoadErrors: New page: Loading map: BillTest.umap
[2018.12.12-06.52.47:650][ 78]MapCheck: New page: Map Check
[2018.12.12-06.52.47:650][ 78]LightingResults: New page: Lighting Build
[2018.12.12-06.52.47:741][ 78]LogEditorServer: Finished looking for orphan Actors (0.000 secs)
[2018.12.12-06.52.47:801][ 78]Cmd: MAP CHECKDEP NOCLEARLOG
[2018.12.12-06.52.47:893][ 78]MapCheck: Map check complete: 0 Error(s), 0 Warning(s), took 91.753ms to complete.
[2018.12.12-06.52.47:895][ 78]LogFileHelpers: Loading map 'BillTest' took 0.247
[2018.12.12-06.52.52:008][229]LogAssetEditorManager: Opening Asset editor for LevelScriptBlueprint /Game/FirstPersonBP/Maps/BillTest.BillTest:PersistentLevel.BillTest
[2018.12.12-06.52.52:578][229]LogContentBrowser: Native class hierarchy updated for 'BlueprintGraph' in 0.0006 seconds. Added 116 classes and 0 folders.
[2018.12.12-06.52.53:399][229]LogSlate: Took 0.000185 seconds to synchronously load lazily loaded font '../../../Engine/Content/Slate/Fonts/Roboto-BoldCondensed.ttf' (158K)
[2018.12.12-06.52.53:575][230]LogSlate: Took 0.000284 seconds to synchronously load lazily loaded font '../../../Engine/Content/Slate/Fonts/Roboto-Italic.ttf' (157K)
[2018.12.12-06.52.57:573][413]LogAssetEditorManager: Opening Asset editor for Blueprint /Game/FirstPersonBP/Blueprints/PizzaGameState.PizzaGameState
[2018.12.12-06.53.06:152][700]BlueprintLog: New page: Compile PizzaGameState
[2018.12.12-06.53.07:117][716]LogSavePackage: Moving '../../../../../../Users/frankj6/Documents/GameDevOne/TeamSadMen/TeamSadMen/TeamSadMen/Saved/PizzaGameStateFA37308A4FEE9F6175366FBD70B6D954.tmp' to '../../../../../../Users/frankj6/Documents/GameDevOne/TeamSadMen/TeamSadMen/TeamSadMen/Content/FirstPersonBP/Blueprints/PizzaGameState.uasset'
[2018.12.12-06.53.53:894][486]BlueprintLog: New page: Compile BillTest
[2018.12.12-06.53.55:125][496]LogSavePackage: Moving '../../../../../../Users/frankj6/Documents/GameDevOne/TeamSadMen/TeamSadMen/TeamSadMen/Saved/BillTestC32355FE458C9D0E62AA19A08DC105D8.tmp' to '../../../../../../Users/frankj6/Documents/GameDevOne/TeamSadMen/TeamSadMen/TeamSadMen/Content/FirstPersonBP/Maps/BillTest.umap'
[2018.12.12-06.53.55:174][496]LogFileHelpers: Saving map 'BillTest' took 0.600
[2018.12.12-06.53.57:443][566]BlueprintLog: New page: Compile PizzaGameState
[2018.12.12-06.54.00:755][651]LogSavePackage: Moving '../../../../../../Users/frankj6/Documents/GameDevOne/TeamSadMen/TeamSadMen/TeamSadMen/Saved/PizzaGameState03C235334E5A2559B1899DA672EFE2E9.tmp' to '../../../../../../Users/frankj6/Documents/GameDevOne/TeamSadMen/TeamSadMen/TeamSadMen/Content/FirstPersonBP/Blueprints/PizzaGameState.uasset'
[2018.12.12-06.54.02:587][696]LogTemp: Repeating last play command: Selected Viewport
[2018.12.12-06.54.02:617][696]LogBlueprintUserMessages: Early PlayInEditor Detection: Level '/Game/FirstPersonBP/Maps/BillTest.BillTest:PersistentLevel' has LevelScriptBlueprint '/Game/FirstPersonBP/Maps/BillTest.BillTest:PersistentLevel.BillTest' with GeneratedClass '/Game/FirstPersonBP/Maps/BillTest.BillTest_C' with ClassGeneratedBy '/Game/FirstPersonBP/Maps/BillTest.BillTest:PersistentLevel.BillTest'
[2018.12.12-06.54.02:617][696]LogPlayLevel: PlayLevel: No blueprints needed recompiling
[2018.12.12-06.54.02:630][696]PIE: New page: PIE session: BillTest (Dec 11, 2018, 8:54:02 PM)
[2018.12.12-06.54.02:630][696]LogPlayLevel: Creating play world package: /Game/FirstPersonBP/Maps/UEDPIE_0_BillTest
[2018.12.12-06.54.02:637][696]LogPlayLevel: PIE: StaticDuplicateObject took: (0.006771s)
[2018.12.12-06.54.02:638][696]LogAIModule: Creating AISystem for world BillTest
[2018.12.12-06.54.02:638][696]LogPlayLevel: PIE: World Init took: (0.000757s)
[2018.12.12-06.54.02:638][696]LogPlayLevel: PIE: Created PIE world by copying editor world from /Game/FirstPersonBP/Maps/BillTest.BillTest to /Game/FirstPersonBP/Maps/UEDPIE_0_BillTest.BillTest (0.007703s)
[2018.12.12-06.54.02:672][696]LogInit: XAudio2 using 'Speaker/HP (Realtek High Definition Audio)' : 2 channels at 48 kHz using 32 bits per sample (channel mask 0x3)
[2018.12.12-06.54.02:690][696]LogInit: FAudioDevice initialized.
[2018.12.12-06.54.02:746][696]LogLoad: Game class is 'BillGameMode_C'
[2018.12.12-06.54.02:749][696]LogWorld: Bringing World /Game/FirstPersonBP/Maps/UEDPIE_0_BillTest.BillTest up for play (max tick rate 60) at 2018.12.12-01.54.02
[2018.12.12-06.54.02:750][696]LogWorld: Bringing up level for play took: 0.001504
[2018.12.12-06.54.02:781][696]LogContentBrowser: Native class hierarchy updated for 'MovieSceneCapture' in 0.0005 seconds. Added 10 classes and 0 folders.
[2018.12.12-06.54.02:785][696]PIE: Play in editor start time for /Game/FirstPersonBP/Maps/UEDPIE_0_BillTest 0.172
[2018.12.12-06.54.02:785][696]LogBlueprintUserMessages: Late PlayInEditor Detection: Level '/Game/FirstPersonBP/Maps/BillTest.BillTest:PersistentLevel' has LevelScriptBlueprint '/Game/FirstPersonBP/Maps/BillTest.BillTest:PersistentLevel.BillTest' with GeneratedClass '/Game/FirstPersonBP/Maps/BillTest.BillTest_C' with ClassGeneratedBy '/Game/FirstPersonBP/Maps/BillTest.BillTest:PersistentLevel.BillTest'
[2018.12.12-06.54.08:638][868]LogSavePackage: Moving '../../../../../../Users/frankj6/Documents/GameDevOne/TeamSadMen/TeamSadMen/TeamSadMen/Saved/PizzaGameState80AC8CF84B86B518C6B03191CE4E730F.tmp' to '../../../../../../Users/frankj6/Documents/GameDevOne/TeamSadMen/TeamSadMen/TeamSadMen/Content/FirstPersonBP/Blueprints/PizzaGameState.uasset'
[2018.12.12-06.54.19:945][344]LogBlueprintUserMessages: Early EndPlayMap Detection: Level '/Game/FirstPersonBP/Maps/BillTest.BillTest:PersistentLevel' has LevelScriptBlueprint '/Game/FirstPersonBP/Maps/BillTest.BillTest:PersistentLevel.BillTest' with GeneratedClass '/Game/FirstPersonBP/Maps/BillTest.BillTest_C' with ClassGeneratedBy '/Game/FirstPersonBP/Maps/BillTest.BillTest:PersistentLevel.BillTest'
[2018.12.12-06.54.19:946][344]LogSlate: Updating window title bar state: overlay mode, drag disabled, window buttons hidden, title bar hidden
[2018.12.12-06.54.19:997][344]LogPlayLevel: Display: Shutting down PIE online subsystems
[2018.12.12-06.54.19:998][344]LogBlueprintUserMessages: Late EndPlayMap Detection: Level '/Game/FirstPersonBP/Maps/BillTest.BillTest:PersistentLevel' has LevelScriptBlueprint '/Game/FirstPersonBP/Maps/BillTest.BillTest:PersistentLevel.BillTest' with GeneratedClass '/Game/FirstPersonBP/Maps/BillTest.BillTest_C' with ClassGeneratedBy '/Game/FirstPersonBP/Maps/BillTest.BillTest:PersistentLevel.BillTest'
[2018.12.12-06.54.20:053][344]LogSlate: Updating window title bar state: overlay mode, drag disabled, window buttons hidden, title bar hidden
[2018.12.12-06.54.20:075][345]LogPlayLevel: Display: Destroying online subsystem :Context_7
[2018.12.12-06.55.02:977][100]BlueprintLog: New page: Compile PizzaGameState
[2018.12.12-06.55.03:886][114]LogSavePackage: Moving '../../../../../../Users/frankj6/Documents/GameDevOne/TeamSadMen/TeamSadMen/TeamSadMen/Saved/PizzaGameState581863FD4271D1EC9DB85695BCF55D48.tmp' to '../../../../../../Users/frankj6/Documents/GameDevOne/TeamSadMen/TeamSadMen/TeamSadMen/Content/FirstPersonBP/Blueprints/PizzaGameState.uasset'
[2018.12.12-06.55.08:950][253]LogTemp: Repeating last play command: Selected Viewport
[2018.12.12-06.55.08:981][253]LogBlueprintUserMessages: Early PlayInEditor Detection: Level '/Game/FirstPersonBP/Maps/BillTest.BillTest:PersistentLevel' has LevelScriptBlueprint '/Game/FirstPersonBP/Maps/BillTest.BillTest:PersistentLevel.BillTest' with GeneratedClass '/Game/FirstPersonBP/Maps/BillTest.BillTest_C' with ClassGeneratedBy '/Game/FirstPersonBP/Maps/BillTest.BillTest:PersistentLevel.BillTest'
[2018.12.12-06.55.08:981][253]LogPlayLevel: PlayLevel: No blueprints needed recompiling
[2018.12.12-06.55.08:981][253]PIE: New page: PIE session: BillTest (Dec 11, 2018, 8:55:08 PM)
[2018.12.12-06.55.08:981][253]LogPlayLevel: Creating play world package: /Game/FirstPersonBP/Maps/UEDPIE_0_BillTest
[2018.12.12-06.55.08:988][253]LogPlayLevel: PIE: StaticDuplicateObject took: (0.006655s)
[2018.12.12-06.55.08:989][253]LogAIModule: Creating AISystem for world BillTest
[2018.12.12-06.55.08:989][253]LogPlayLevel: PIE: World Init took: (0.000807s)
[2018.12.12-06.55.08:989][253]LogPlayLevel: PIE: Created PIE world by copying editor world from /Game/FirstPersonBP/Maps/BillTest.BillTest to /Game/FirstPersonBP/Maps/UEDPIE_0_BillTest.BillTest (0.007649s)
[2018.12.12-06.55.09:024][253]LogInit: XAudio2 using 'Speaker/HP (Realtek High Definition Audio)' : 2 channels at 48 kHz using 32 bits per sample (channel mask 0x3)
[2018.12.12-06.55.09:040][253]LogInit: FAudioDevice initialized.
[2018.12.12-06.55.09:069][253]LogLoad: Game class is 'BillGameMode_C'
[2018.12.12-06.55.09:070][253]LogWorld: Bringing World /Game/FirstPersonBP/Maps/UEDPIE_0_BillTest.BillTest up for play (max tick rate 60) at 2018.12.12-01.55.09
[2018.12.12-06.55.09:071][253]LogWorld: Bringing up level for play took: 0.000763
[2018.12.12-06.55.09:085][253]PIE: Play in editor start time for /Game/FirstPersonBP/Maps/UEDPIE_0_BillTest 0.473
[2018.12.12-06.55.09:086][253]LogBlueprintUserMessages: Late PlayInEditor Detection: Level '/Game/FirstPersonBP/Maps/BillTest.BillTest:PersistentLevel' has LevelScriptBlueprint '/Game/FirstPersonBP/Maps/BillTest.BillTest:PersistentLevel.BillTest' with GeneratedClass '/Game/FirstPersonBP/Maps/BillTest.BillTest_C' with ClassGeneratedBy '/Game/FirstPersonBP/Maps/BillTest.BillTest:PersistentLevel.BillTest'
[2018.12.12-06.55.11:440][335]LogBlueprintUserMessages: Early EndPlayMap Detection: Level '/Game/FirstPersonBP/Maps/BillTest.BillTest:PersistentLevel' has LevelScriptBlueprint '/Game/FirstPersonBP/Maps/BillTest.BillTest:PersistentLevel.BillTest' with GeneratedClass '/Game/FirstPersonBP/Maps/BillTest.BillTest_C' with ClassGeneratedBy '/Game/FirstPersonBP/Maps/BillTest.BillTest:PersistentLevel.BillTest'
[2018.12.12-06.55.11:440][335]LogSlate: Updating window title bar state: overlay mode, drag disabled, window buttons hidden, title bar hidden
[2018.12.12-06.55.11:490][335]LogPlayLevel: Display: Shutting down PIE online subsystems
[2018.12.12-06.55.11:490][335]LogBlueprintUserMessages: Late EndPlayMap Detection: Level '/Game/FirstPersonBP/Maps/BillTest.BillTest:PersistentLevel' has LevelScriptBlueprint '/Game/FirstPersonBP/Maps/BillTest.BillTest:PersistentLevel.BillTest' with GeneratedClass '/Game/FirstPersonBP/Maps/BillTest.BillTest_C' with ClassGeneratedBy '/Game/FirstPersonBP/Maps/BillTest.BillTest:PersistentLevel.BillTest'
[2018.12.12-06.55.11:547][335]LogSlate: Updating window title bar state: overlay mode, drag disabled, window buttons hidden, title bar hidden
[2018.12.12-06.55.11:566][336]LogPlayLevel: Display: Destroying online subsystem :Context_8
[2018.12.12-06.55.14:378][408]Cmd: TRANSACTION UNDO
[2018.12.12-06.55.14:378][408]LogEditorTransaction: Undo Break Pin Link
[2018.12.12-06.55.16:676][502]BlueprintLog: New page: Compile PizzaGameState
[2018.12.12-06.55.17:496][513]LogSavePackage: Moving '../../../../../../Users/frankj6/Documents/GameDevOne/TeamSadMen/TeamSadMen/TeamSadMen/Saved/PizzaGameStateDFC9D27048D6A5761CA824A6AC43CEED.tmp' to '../../../../../../Users/frankj6/Documents/GameDevOne/TeamSadMen/TeamSadMen/TeamSadMen/Content/FirstPersonBP/Blueprints/PizzaGameState.uasset'
[2018.12.12-06.55.22:320][713]BlueprintLog: New page: Compile PizzaGameState
[2018.12.12-06.55.23:008][721]LogSavePackage: Moving '../../../../../../Users/frankj6/Documents/GameDevOne/TeamSadMen/TeamSadMen/TeamSadMen/Saved/PizzaGameState1A7FBB3C4E5D9A51F19D36B5444E9176.tmp' to '../../../../../../Users/frankj6/Documents/GameDevOne/TeamSadMen/TeamSadMen/TeamSadMen/Content/FirstPersonBP/Blueprints/PizzaGameState.uasset'
[2018.12.12-06.55.23:613][740]LogTemp: Repeating last play command: Selected Viewport
[2018.12.12-06.55.23:646][740]LogBlueprintUserMessages: Early PlayInEditor Detection: Level '/Game/FirstPersonBP/Maps/BillTest.BillTest:PersistentLevel' has LevelScriptBlueprint '/Game/FirstPersonBP/Maps/BillTest.BillTest:PersistentLevel.BillTest' with GeneratedClass '/Game/FirstPersonBP/Maps/BillTest.BillTest_C' with ClassGeneratedBy '/Game/FirstPersonBP/Maps/BillTest.BillTest:PersistentLevel.BillTest'
[2018.12.12-06.55.23:646][740]LogPlayLevel: PlayLevel: No blueprints needed recompiling
[2018.12.12-06.55.23:646][740]PIE: New page: PIE session: BillTest (Dec 11, 2018, 8:55:23 PM)
[2018.12.12-06.55.23:646][740]LogPlayLevel: Creating play world package: /Game/FirstPersonBP/Maps/UEDPIE_0_BillTest
[2018.12.12-06.55.23:654][740]LogPlayLevel: PIE: StaticDuplicateObject took: (0.007690s)
[2018.12.12-06.55.23:654][740]LogAIModule: Creating AISystem for world BillTest
[2018.12.12-06.55.23:655][740]LogPlayLevel: PIE: World Init took: (0.000750s)
[2018.12.12-06.55.23:655][740]LogPlayLevel: PIE: Created PIE world by copying editor world from /Game/FirstPersonBP/Maps/BillTest.BillTest to /Game/FirstPersonBP/Maps/UEDPIE_0_BillTest.BillTest (0.008591s)
[2018.12.12-06.55.23:690][740]LogInit: XAudio2 using 'Speaker/HP (Realtek High Definition Audio)' : 2 channels at 48 kHz using 32 bits per sample (channel mask 0x3)
[2018.12.12-06.55.23:706][740]LogInit: FAudioDevice initialized.
[2018.12.12-06.55.23:735][740]LogLoad: Game class is 'BillGameMode_C'
[2018.12.12-06.55.23:736][740]LogWorld: Bringing World /Game/FirstPersonBP/Maps/UEDPIE_0_BillTest.BillTest up for play (max tick rate 60) at 2018.12.12-01.55.23
[2018.12.12-06.55.23:737][740]LogWorld: Bringing up level for play took: 0.000689
[2018.12.12-06.55.23:751][740]PIE: Play in editor start time for /Game/FirstPersonBP/Maps/UEDPIE_0_BillTest -0.862
[2018.12.12-06.55.23:751][740]LogBlueprintUserMessages: Late PlayInEditor Detection: Level '/Game/FirstPersonBP/Maps/BillTest.BillTest:PersistentLevel' has LevelScriptBlueprint '/Game/FirstPersonBP/Maps/BillTest.BillTest:PersistentLevel.BillTest' with GeneratedClass '/Game/FirstPersonBP/Maps/BillTest.BillTest_C' with ClassGeneratedBy '/Game/FirstPersonBP/Maps/BillTest.BillTest:PersistentLevel.BillTest'
[2018.12.12-06.55.25:481][802]LogBlueprintUserMessages: Early EndPlayMap Detection: Level '/Game/FirstPersonBP/Maps/BillTest.BillTest:PersistentLevel' has LevelScriptBlueprint '/Game/FirstPersonBP/Maps/BillTest.BillTest:PersistentLevel.BillTest' with GeneratedClass '/Game/FirstPersonBP/Maps/BillTest.BillTest_C' with ClassGeneratedBy '/Game/FirstPersonBP/Maps/BillTest.BillTest:PersistentLevel.BillTest'
[2018.12.12-06.55.25:482][802]LogSlate: Updating window title bar state: overlay mode, drag disabled, window buttons hidden, title bar hidden
[2018.12.12-06.55.25:532][802]LogPlayLevel: Display: Shutting down PIE online subsystems
[2018.12.12-06.55.25:532][802]LogBlueprintUserMessages: Late EndPlayMap Detection: Level '/Game/FirstPersonBP/Maps/BillTest.BillTest:PersistentLevel' has LevelScriptBlueprint '/Game/FirstPersonBP/Maps/BillTest.BillTest:PersistentLevel.BillTest' with GeneratedClass '/Game/FirstPersonBP/Maps/BillTest.BillTest_C' with ClassGeneratedBy '/Game/FirstPersonBP/Maps/BillTest.BillTest:PersistentLevel.BillTest'
[2018.12.12-06.55.25:588][802]LogSlate: Updating window title bar state: overlay mode, drag disabled, window buttons hidden, title bar hidden
[2018.12.12-06.55.25:608][803]LogPlayLevel: Display: Destroying online subsystem :Context_9
[2018.12.12-06.55.27:430][860]LogEditorTransaction: Undo Break Pin Link
[2018.12.12-06.55.33:900][129]LogTemp: Repeating last play command: Selected Viewport
[2018.12.12-06.55.33:929][129]LogBlueprintUserMessages: Early PlayInEditor Detection: Level '/Game/FirstPersonBP/Maps/BillTest.BillTest:PersistentLevel' has LevelScriptBlueprint '/Game/FirstPersonBP/Maps/BillTest.BillTest:PersistentLevel.BillTest' with GeneratedClass '/Game/FirstPersonBP/Maps/BillTest.BillTest_C' with ClassGeneratedBy '/Game/FirstPersonBP/Maps/BillTest.BillTest:PersistentLevel.BillTest'
[2018.12.12-06.55.33:929][129]BlueprintLog: New page: Pre-Play auto-recompile
[2018.12.12-06.55.33:978][129]LogPlayLevel: [PlayLevel] Compiling PizzaGameState before play...
[2018.12.12-06.55.34:195][129]LogPlayLevel: PlayLevel: Blueprint regeneration took 266 ms (1 blueprints)
[2018.12.12-06.55.34:196][129]PIE: New page: PIE session: BillTest (Dec 11, 2018, 8:55:34 PM)
[2018.12.12-06.55.34:196][129]LogPlayLevel: Creating play world package: /Game/FirstPersonBP/Maps/UEDPIE_0_BillTest
[2018.12.12-06.55.34:202][129]LogPlayLevel: PIE: StaticDuplicateObject took: (0.006499s)
[2018.12.12-06.55.34:203][129]LogAIModule: Creating AISystem for world BillTest
[2018.12.12-06.55.34:203][129]LogPlayLevel: PIE: World Init took: (0.000864s)
[2018.12.12-06.55.34:203][129]LogPlayLevel: PIE: Created PIE world by copying editor world from /Game/FirstPersonBP/Maps/BillTest.BillTest to /Game/FirstPersonBP/Maps/UEDPIE_0_BillTest.BillTest (0.007513s)
[2018.12.12-06.55.34:236][129]LogInit: XAudio2 using 'Speaker/HP (Realtek High Definition Audio)' : 2 channels at 48 kHz using 32 bits per sample (channel mask 0x3)
[2018.12.12-06.55.34:251][129]LogInit: FAudioDevice initialized.
[2018.12.12-06.55.34:281][129]LogLoad: Game class is 'BillGameMode_C'
[2018.12.12-06.55.34:282][129]LogWorld: Bringing World /Game/FirstPersonBP/Maps/UEDPIE_0_BillTest.BillTest up for play (max tick rate 60) at 2018.12.12-01.55.34
[2018.12.12-06.55.34:283][129]LogWorld: Bringing up level for play took: 0.000886
[2018.12.12-06.55.34:296][129]PIE: Play in editor start time for /Game/FirstPersonBP/Maps/UEDPIE_0_BillTest -0.316
[2018.12.12-06.55.34:297][129]LogBlueprintUserMessages: Late PlayInEditor Detection: Level '/Game/FirstPersonBP/Maps/BillTest.BillTest:PersistentLevel' has LevelScriptBlueprint '/Game/FirstPersonBP/Maps/BillTest.BillTest:PersistentLevel.BillTest' with GeneratedClass '/Game/FirstPersonBP/Maps/BillTest.BillTest_C' with ClassGeneratedBy '/Game/FirstPersonBP/Maps/BillTest.BillTest:PersistentLevel.BillTest'
[2018.12.12-06.55.38:965][334]LogBlueprintUserMessages: Early EndPlayMap Detection: Level '/Game/FirstPersonBP/Maps/BillTest.BillTest:PersistentLevel' has LevelScriptBlueprint '/Game/FirstPersonBP/Maps/BillTest.BillTest:PersistentLevel.BillTest' with GeneratedClass '/Game/FirstPersonBP/Maps/BillTest.BillTest_C' with ClassGeneratedBy '/Game/FirstPersonBP/Maps/BillTest.BillTest:PersistentLevel.BillTest'
[2018.12.12-06.55.38:966][334]LogSlate: Updating window title bar state: overlay mode, drag disabled, window buttons hidden, title bar hidden
[2018.12.12-06.55.39:004][334]LogPlayLevel: Display: Shutting down PIE online subsystems
[2018.12.12-06.55.39:005][334]LogBlueprintUserMessages: Late EndPlayMap Detection: Level '/Game/FirstPersonBP/Maps/BillTest.BillTest:PersistentLevel' has LevelScriptBlueprint '/Game/FirstPersonBP/Maps/BillTest.BillTest:PersistentLevel.BillTest' with GeneratedClass '/Game/FirstPersonBP/Maps/BillTest.BillTest_C' with ClassGeneratedBy '/Game/FirstPersonBP/Maps/BillTest.BillTest:PersistentLevel.BillTest'
[2018.12.12-06.55.39:075][334]LogSlate: Updating window title bar state: overlay mode, drag disabled, window buttons hidden, title bar hidden
[2018.12.12-06.55.39:097][335]LogPlayLevel: Display: Destroying online subsystem :Context_10
[2018.12.12-06.55.40:725][388]LogEditorTransaction: Undo Break Pin Link
[2018.12.12-06.55.41:903][441]LogSavePackage: Moving '../../../../../../Users/frankj6/Documents/GameDevOne/TeamSadMen/TeamSadMen/TeamSadMen/Saved/PizzaGameState87B18E2D4B5B63C79C6A4D97BC2B8AE7.tmp' to '../../../../../../Users/frankj6/Documents/GameDevOne/TeamSadMen/TeamSadMen/TeamSadMen/Content/FirstPersonBP/Blueprints/PizzaGameState.uasset'
[2018.12.12-06.56.25:954][579]BlueprintLog: New page: Compile PizzaGameState
[2018.12.12-06.56.26:760][590]LogSavePackage: Moving '../../../../../../Users/frankj6/Documents/GameDevOne/TeamSadMen/TeamSadMen/TeamSadMen/Saved/PizzaGameState198DF9A3495B9FDCE341318747A56657.tmp' to '../../../../../../Users/frankj6/Documents/GameDevOne/TeamSadMen/TeamSadMen/TeamSadMen/Content/FirstPersonBP/Blueprints/PizzaGameState.uasset'
[2018.12.12-06.56.33:098][845]LogTemp: Repeating last play command: Selected Viewport
[2018.12.12-06.56.33:128][845]LogBlueprintUserMessages: Early PlayInEditor Detection: Level '/Game/FirstPersonBP/Maps/BillTest.BillTest:PersistentLevel' has LevelScriptBlueprint '/Game/FirstPersonBP/Maps/BillTest.BillTest:PersistentLevel.BillTest' with GeneratedClass '/Game/FirstPersonBP/Maps/BillTest.BillTest_C' with ClassGeneratedBy '/Game/FirstPersonBP/Maps/BillTest.BillTest:PersistentLevel.BillTest'
[2018.12.12-06.56.33:128][845]LogPlayLevel: PlayLevel: No blueprints needed recompiling
[2018.12.12-06.56.33:128][845]PIE: New page: PIE session: BillTest (Dec 11, 2018, 8:56:33 PM)
[2018.12.12-06.56.33:128][845]LogPlayLevel: Creating play world package: /Game/FirstPersonBP/Maps/UEDPIE_0_BillTest
[2018.12.12-06.56.33:135][845]LogPlayLevel: PIE: StaticDuplicateObject took: (0.006705s)
[2018.12.12-06.56.33:136][845]LogAIModule: Creating AISystem for world BillTest
[2018.12.12-06.56.33:136][845]LogPlayLevel: PIE: World Init took: (0.000897s)
[2018.12.12-06.56.33:136][845]LogPlayLevel: PIE: Created PIE world by copying editor world from /Game/FirstPersonBP/Maps/BillTest.BillTest to /Game/FirstPersonBP/Maps/UEDPIE_0_BillTest.BillTest (0.007729s)
[2018.12.12-06.56.33:172][845]LogInit: XAudio2 using 'Speaker/HP (Realtek High Definition Audio)' : 2 channels at 48 kHz using 32 bits per sample (channel mask 0x3)
[2018.12.12-06.56.33:187][845]LogInit: FAudioDevice initialized.
[2018.12.12-06.56.33:248][845]LogLoad: Game class is 'BillGameMode_C'
[2018.12.12-06.56.33:251][845]LogWorld: Bringing World /Game/FirstPersonBP/Maps/UEDPIE_0_BillTest.BillTest up for play (max tick rate 60) at 2018.12.12-01.56.33
[2018.12.12-06.56.33:252][845]LogWorld: Bringing up level for play took: 0.002220
[2018.12.12-06.56.33:270][845]PIE: Play in editor start time for /Game/FirstPersonBP/Maps/UEDPIE_0_BillTest 0.657
[2018.12.12-06.56.33:270][845]LogBlueprintUserMessages: Late PlayInEditor Detection: Level '/Game/FirstPersonBP/Maps/BillTest.BillTest:PersistentLevel' has LevelScriptBlueprint '/Game/FirstPersonBP/Maps/BillTest.BillTest:PersistentLevel.BillTest' with GeneratedClass '/Game/FirstPersonBP/Maps/BillTest.BillTest_C' with ClassGeneratedBy '/Game/FirstPersonBP/Maps/BillTest.BillTest:PersistentLevel.BillTest'
[2018.12.12-06.56.35:214][915]LogBlueprintUserMessages: Early EndPlayMap Detection: Level '/Game/FirstPersonBP/Maps/BillTest.BillTest:PersistentLevel' has LevelScriptBlueprint '/Game/FirstPersonBP/Maps/BillTest.BillTest:PersistentLevel.BillTest' with GeneratedClass '/Game/FirstPersonBP/Maps/BillTest.BillTest_C' with ClassGeneratedBy '/Game/FirstPersonBP/Maps/BillTest.BillTest:PersistentLevel.BillTest'
[2018.12.12-06.56.35:214][915]LogSlate: Updating window title bar state: overlay mode, drag disabled, window buttons hidden, title bar hidden
[2018.12.12-06.56.35:259][915]LogPlayLevel: Display: Shutting down PIE online subsystems
[2018.12.12-06.56.35:259][915]LogBlueprintUserMessages: Late EndPlayMap Detection: Level '/Game/FirstPersonBP/Maps/BillTest.BillTest:PersistentLevel' has LevelScriptBlueprint '/Game/FirstPersonBP/Maps/BillTest.BillTest:PersistentLevel.BillTest' with GeneratedClass '/Game/FirstPersonBP/Maps/BillTest.BillTest_C' with ClassGeneratedBy '/Game/FirstPersonBP/Maps/BillTest.BillTest:PersistentLevel.BillTest'
[2018.12.12-06.56.35:345][915]LogSlate: Updating window title bar state: overlay mode, drag disabled, window buttons hidden, title bar hidden
[2018.12.12-06.56.35:363][916]LogPlayLevel: Display: Destroying online subsystem :Context_11
[2018.12.12-06.57.04:374][100]LogTemp: Repeating last play command: Selected Viewport
[2018.12.12-06.57.04:404][100]LogBlueprintUserMessages: Early PlayInEditor Detection: Level '/Game/FirstPersonBP/Maps/BillTest.BillTest:PersistentLevel' has LevelScriptBlueprint '/Game/FirstPersonBP/Maps/BillTest.BillTest:PersistentLevel.BillTest' with GeneratedClass '/Game/FirstPersonBP/Maps/BillTest.BillTest_C' with ClassGeneratedBy '/Game/FirstPersonBP/Maps/BillTest.BillTest:PersistentLevel.BillTest'
[2018.12.12-06.57.04:404][100]LogPlayLevel: PlayLevel: No blueprints needed recompiling
[2018.12.12-06.57.04:404][100]PIE: New page: PIE session: BillTest (Dec 11, 2018, 8:57:04 PM)
[2018.12.12-06.57.04:404][100]LogPlayLevel: Creating play world package: /Game/FirstPersonBP/Maps/UEDPIE_0_BillTest
[2018.12.12-06.57.04:410][100]LogPlayLevel: PIE: StaticDuplicateObject took: (0.006465s)
[2018.12.12-06.57.04:411][100]LogAIModule: Creating AISystem for world BillTest
[2018.12.12-06.57.04:411][100]LogPlayLevel: PIE: World Init took: (0.000847s)
[2018.12.12-06.57.04:411][100]LogPlayLevel: PIE: Created PIE world by copying editor world from /Game/FirstPersonBP/Maps/BillTest.BillTest to /Game/FirstPersonBP/Maps/UEDPIE_0_BillTest.BillTest (0.007462s)
[2018.12.12-06.57.04:445][100]LogInit: XAudio2 using 'Speaker/HP (Realtek High Definition Audio)' : 2 channels at 48 kHz using 32 bits per sample (channel mask 0x3)
[2018.12.12-06.57.04:458][100]LogInit: FAudioDevice initialized.
[2018.12.12-06.57.04:519][100]LogLoad: Game class is 'BillGameMode_C'
[2018.12.12-06.57.04:523][100]LogWorld: Bringing World /Game/FirstPersonBP/Maps/UEDPIE_0_BillTest.BillTest up for play (max tick rate 60) at 2018.12.12-01.57.04
[2018.12.12-06.57.04:525][100]LogWorld: Bringing up level for play took: 0.002914
[2018.12.12-06.57.04:543][100]PIE: Play in editor start time for /Game/FirstPersonBP/Maps/UEDPIE_0_BillTest -0.07
[2018.12.12-06.57.04:543][100]LogBlueprintUserMessages: Late PlayInEditor Detection: Level '/Game/FirstPersonBP/Maps/BillTest.BillTest:PersistentLevel' has LevelScriptBlueprint '/Game/FirstPersonBP/Maps/BillTest.BillTest:PersistentLevel.BillTest' with GeneratedClass '/Game/FirstPersonBP/Maps/BillTest.BillTest_C' with ClassGeneratedBy '/Game/FirstPersonBP/Maps/BillTest.BillTest:PersistentLevel.BillTest'
[2018.12.12-06.57.05:947][150]LogBlueprintUserMessages: Early EndPlayMap Detection: Level '/Game/FirstPersonBP/Maps/BillTest.BillTest:PersistentLevel' has LevelScriptBlueprint '/Game/FirstPersonBP/Maps/BillTest.BillTest:PersistentLevel.BillTest' with GeneratedClass '/Game/FirstPersonBP/Maps/BillTest.BillTest_C' with ClassGeneratedBy '/Game/FirstPersonBP/Maps/BillTest.BillTest:PersistentLevel.BillTest'
[2018.12.12-06.57.05:947][150]LogSlate: Updating window title bar state: overlay mode, drag disabled, window buttons hidden, title bar hidden
[2018.12.12-06.57.06:000][150]LogPlayLevel: Display: Shutting down PIE online subsystems
[2018.12.12-06.57.06:001][150]LogBlueprintUserMessages: Late EndPlayMap Detection: Level '/Game/FirstPersonBP/Maps/BillTest.BillTest:PersistentLevel' has LevelScriptBlueprint '/Game/FirstPersonBP/Maps/BillTest.BillTest:PersistentLevel.BillTest' with GeneratedClass '/Game/FirstPersonBP/Maps/BillTest.BillTest_C' with ClassGeneratedBy '/Game/FirstPersonBP/Maps/BillTest.BillTest:PersistentLevel.BillTest'
[2018.12.12-06.57.06:069][150]LogSlate: Updating window title bar state: overlay mode, drag disabled, window buttons hidden, title bar hidden
[2018.12.12-06.57.06:089][151]LogPlayLevel: Display: Destroying online subsystem :Context_12
[2018.12.12-06.57.41:711][987]LogSavePackage: Moving '../../../../../../Users/frankj6/Documents/GameDevOne/TeamSadMen/TeamSadMen/TeamSadMen/Saved/BillTestFF68DA7A4B47C015B5ADAC86178095FC.tmp' to '../../../../../../Users/frankj6/Documents/GameDevOne/TeamSadMen/TeamSadMen/TeamSadMen/Content/FirstPersonBP/Maps/BillTest.umap'
[2018.12.12-06.57.44:093][ 54]LogSavePackage: Moving '../../../../../../Users/frankj6/Documents/GameDevOne/TeamSadMen/TeamSadMen/TeamSadMen/Saved/PizzaGameState92234EE041CC77401C7EF2BCF7A38A0E.tmp' to '../../../../../../Users/frankj6/Documents/GameDevOne/TeamSadMen/TeamSadMen/TeamSadMen/Content/FirstPersonBP/Blueprints/PizzaGameState.uasset'
[2018.12.12-06.57.58:213][671]BlueprintLog: New page: Compile PizzaGameState
[2018.12.12-06.57.59:197][688]LogSavePackage: Moving '../../../../../../Users/frankj6/Documents/GameDevOne/TeamSadMen/TeamSadMen/TeamSadMen/Saved/PizzaGameState9DB487964D1EB877E4A5AE87E3DAA099.tmp' to '../../../../../../Users/frankj6/Documents/GameDevOne/TeamSadMen/TeamSadMen/TeamSadMen/Content/FirstPersonBP/Blueprints/PizzaGameState.uasset'
[2018.12.12-06.58.00:056][716]LogTemp: Repeating last play command: Selected Viewport
[2018.12.12-06.58.00:096][716]LogBlueprintUserMessages: Early PlayInEditor Detection: Level '/Game/FirstPersonBP/Maps/BillTest.BillTest:PersistentLevel' has LevelScriptBlueprint '/Game/FirstPersonBP/Maps/BillTest.BillTest:PersistentLevel.BillTest' with GeneratedClass '/Game/FirstPersonBP/Maps/BillTest.BillTest_C' with ClassGeneratedBy '/Game/FirstPersonBP/Maps/BillTest.BillTest:PersistentLevel.BillTest'
[2018.12.12-06.58.00:096][716]LogPlayLevel: PlayLevel: No blueprints needed recompiling
[2018.12.12-06.58.00:096][716]PIE: New page: PIE session: BillTest (Dec 11, 2018, 8:58:00 PM)
[2018.12.12-06.58.00:096][716]LogPlayLevel: Creating play world package: /Game/FirstPersonBP/Maps/UEDPIE_0_BillTest
[2018.12.12-06.58.00:105][716]LogPlayLevel: PIE: StaticDuplicateObject took: (0.008475s)
[2018.12.12-06.58.00:106][716]LogAIModule: Creating AISystem for world BillTest
[2018.12.12-06.58.00:106][716]LogPlayLevel: PIE: World Init took: (0.001077s)
[2018.12.12-06.58.00:106][716]LogPlayLevel: PIE: Created PIE world by copying editor world from /Game/FirstPersonBP/Maps/BillTest.BillTest to /Game/FirstPersonBP/Maps/UEDPIE_0_BillTest.BillTest (0.009717s)
[2018.12.12-06.58.00:145][716]LogInit: XAudio2 using 'Speaker/HP (Realtek High Definition Audio)' : 2 channels at 48 kHz using 32 bits per sample (channel mask 0x3)
[2018.12.12-06.58.00:163][716]LogInit: FAudioDevice initialized.
[2018.12.12-06.58.00:201][716]LogLoad: Game class is 'BillGameMode_C'
[2018.12.12-06.58.00:203][716]LogWorld: Bringing World /Game/FirstPersonBP/Maps/UEDPIE_0_BillTest.BillTest up for play (max tick rate 60) at 2018.12.12-01.58.00
[2018.12.12-06.58.00:204][716]LogWorld: Bringing up level for play took: 0.001440
[2018.12.12-06.58.00:219][716]PIE: Play in editor start time for /Game/FirstPersonBP/Maps/UEDPIE_0_BillTest -0.393
[2018.12.12-06.58.00:219][716]LogBlueprintUserMessages: Late PlayInEditor Detection: Level '/Game/FirstPersonBP/Maps/BillTest.BillTest:PersistentLevel' has LevelScriptBlueprint '/Game/FirstPersonBP/Maps/BillTest.BillTest:PersistentLevel.BillTest' with GeneratedClass '/Game/FirstPersonBP/Maps/BillTest.BillTest_C' with ClassGeneratedBy '/Game/FirstPersonBP/Maps/BillTest.BillTest:PersistentLevel.BillTest'
[2018.12.12-06.58.01:894][776]LogBlueprintUserMessages: Early EndPlayMap Detection: Level '/Game/FirstPersonBP/Maps/BillTest.BillTest:PersistentLevel' has LevelScriptBlueprint '/Game/FirstPersonBP/Maps/BillTest.BillTest:PersistentLevel.BillTest' with GeneratedClass '/Game/FirstPersonBP/Maps/BillTest.BillTest_C' with ClassGeneratedBy '/Game/FirstPersonBP/Maps/BillTest.BillTest:PersistentLevel.BillTest'
[2018.12.12-06.58.01:895][776]LogSlate: Updating window title bar state: overlay mode, drag disabled, window buttons hidden, title bar hidden
[2018.12.12-06.58.01:948][776]LogPlayLevel: Display: Shutting down PIE online subsystems
[2018.12.12-06.58.01:948][776]LogBlueprintUserMessages: Late EndPlayMap Detection: Level '/Game/FirstPersonBP/Maps/BillTest.BillTest:PersistentLevel' has LevelScriptBlueprint '/Game/FirstPersonBP/Maps/BillTest.BillTest:PersistentLevel.BillTest' with GeneratedClass '/Game/FirstPersonBP/Maps/BillTest.BillTest_C' with ClassGeneratedBy '/Game/FirstPersonBP/Maps/BillTest.BillTest:PersistentLevel.BillTest'
[2018.12.12-06.58.01:988][776]LogSlate: Updating window title bar state: overlay mode, drag disabled, window buttons hidden, title bar hidden
[2018.12.12-06.58.02:015][777]LogPlayLevel: Display: Destroying online subsystem :Context_13
[2018.12.12-06.58.52:064][779]BlueprintLog: New page: Compile BillTest
[2018.12.12-06.58.53:543][799]LogSavePackage: Moving '../../../../../../Users/frankj6/Documents/GameDevOne/TeamSadMen/TeamSadMen/TeamSadMen/Saved/BillTest87DFF8CF44A3DF051FAB6C9E405A320B.tmp' to '../../../../../../Users/frankj6/Documents/GameDevOne/TeamSadMen/TeamSadMen/TeamSadMen/Content/FirstPersonBP/Maps/BillTest.umap'
[2018.12.12-06.58.53:596][799]LogFileHelpers: Saving map 'BillTest' took 0.602
[2018.12.12-06.58.54:565][828]LogTemp: Repeating last play command: Selected Viewport
[2018.12.12-06.58.54:598][828]LogBlueprintUserMessages: Early PlayInEditor Detection: Level '/Game/FirstPersonBP/Maps/BillTest.BillTest:PersistentLevel' has LevelScriptBlueprint '/Game/FirstPersonBP/Maps/BillTest.BillTest:PersistentLevel.BillTest' with GeneratedClass '/Game/FirstPersonBP/Maps/BillTest.BillTest_C' with ClassGeneratedBy '/Game/FirstPersonBP/Maps/BillTest.BillTest:PersistentLevel.BillTest'
[2018.12.12-06.58.54:598][828]LogPlayLevel: PlayLevel: No blueprints needed recompiling
[2018.12.12-06.58.54:598][828]PIE: New page: PIE session: BillTest (Dec 11, 2018, 8:58:54 PM)
[2018.12.12-06.58.54:598][828]LogPlayLevel: Creating play world package: /Game/FirstPersonBP/Maps/UEDPIE_0_BillTest
[2018.12.12-06.58.54:605][828]LogPlayLevel: PIE: StaticDuplicateObject took: (0.006755s)
[2018.12.12-06.58.54:605][828]LogAIModule: Creating AISystem for world BillTest
[2018.12.12-06.58.54:606][828]LogPlayLevel: PIE: World Init took: (0.000741s)
[2018.12.12-06.58.54:606][828]LogPlayLevel: PIE: Created PIE world by copying editor world from /Game/FirstPersonBP/Maps/BillTest.BillTest to /Game/FirstPersonBP/Maps/UEDPIE_0_BillTest.BillTest (0.007639s)
[2018.12.12-06.58.54:641][828]LogInit: XAudio2 using 'Speaker/HP (Realtek High Definition Audio)' : 2 channels at 48 kHz using 32 bits per sample (channel mask 0x3)
[2018.12.12-06.58.54:658][828]LogInit: FAudioDevice initialized.
[2018.12.12-06.58.54:716][828]LogLoad: Game class is 'BillGameMode_C'
[2018.12.12-06.58.54:720][828]LogWorld: Bringing World /Game/FirstPersonBP/Maps/UEDPIE_0_BillTest.BillTest up for play (max tick rate 60) at 2018.12.12-01.58.54
[2018.12.12-06.58.54:721][828]LogWorld: Bringing up level for play took: 0.002385
[2018.12.12-06.58.54:736][828]LogScript: Warning: Attempted to access index 0 from array Bills of length 0!
	BillTest_C /Game/FirstPersonBP/Maps/UEDPIE_0_BillTest.BillTest:PersistentLevel.BillTest_C_4
	Function /Game/FirstPersonBP/Maps/BillTest.BillTest_C:ExecuteUbergraph_BillTest:01D0
[2018.12.12-06.58.54:736][828]PIE: Error: Blueprint Runtime Error: "Attempted to access index 0 from array Bills of length 0!". Blueprint:  BillTest Function:  Execute Ubergraph Bill Test Graph:  EventGraph Node:  Add Bill
[2018.12.12-06.58.54:736][828]LogOutputDevice: Warning: 

Script Stack:
BillDisplay_C.AddBill
BillTest_C.ExecuteUbergraph_BillTest
BillTest_C.ReceiveBeginPlay

[2018.12.12-06.58.55:497][828]LogStats: FPlatformStackWalk::StackWalkAndDump -  0.762 s
[2018.12.12-06.58.55:497][828]LogOutputDevice: Error: === Handled ensure: ===
[2018.12.12-06.58.55:498][828]LogOutputDevice: Error: 
[2018.12.12-06.58.55:498][828]LogOutputDevice: Error: Ensure condition failed: Stack.MostRecentPropertyAddress [File:D:\Build\++UE4\Sync\Engine\Source\Runtime\CoreUObject\Private\UObject\ScriptCore.cpp] [Line: 844]
[2018.12.12-06.58.55:498][828]LogOutputDevice: Error: 
[2018.12.12-06.58.55:498][828]LogOutputDevice: Error: Stack: 
[2018.12.12-06.58.55:498][828]LogOutputDevice: Error: [Callstack] 0x00007ff9bb2e71f6 UE4Editor-Core.dll!UnknownFunction []
[2018.12.12-06.58.55:498][828]LogOutputDevice: Error: [Callstack] 0x00007ff9bb020c92 UE4Editor-Core.dll!UnknownFunction []
[2018.12.12-06.58.55:498][828]LogOutputDevice: Error: [Callstack] 0x00007ff9bb03b356 UE4Editor-Core.dll!UnknownFunction []
[2018.12.12-06.58.55:498][828]LogOutputDevice: Error: [Callstack] 0x00007ff9c6041a03 UE4Editor-CoreUObject.dll!UnknownFunction []
[2018.12.12-06.58.55:498][828]LogOutputDevice: Error: [Callstack] 0x00007ff9c605f499 UE4Editor-CoreUObject.dll!UnknownFunction []
[2018.12.12-06.58.55:498][828]LogOutputDevice: Error: [Callstack] 0x00007ff9c6061b96 UE4Editor-CoreUObject.dll!UnknownFunction []
[2018.12.12-06.58.55:498][828]LogOutputDevice: Error: [Callstack] 0x00007ff9c604205d UE4Editor-CoreUObject.dll!UnknownFunction []
[2018.12.12-06.58.55:498][828]LogOutputDevice: Error: [Callstack] 0x00007ff9c6061b96 UE4Editor-CoreUObject.dll!UnknownFunction []
[2018.12.12-06.58.55:498][828]LogOutputDevice: Error: [Callstack] 0x00007ff9c5e36467 UE4Editor-CoreUObject.dll!UnknownFunction []
[2018.12.12-06.58.55:498][828]LogOutputDevice: Error: [Callstack] 0x00007ff9c6061133 UE4Editor-CoreUObject.dll!UnknownFunction []
[2018.12.12-06.58.55:498][828]LogOutputDevice: Error: [Callstack] 0x00007ff9abce8033 UE4Editor-Engine.dll!UnknownFunction []
[2018.12.12-06.58.55:498][828]LogOutputDevice: Error: [Callstack] 0x00007ff9abcae87c UE4Editor-Engine.dll!UnknownFunction []
[2018.12.12-06.58.55:498][828]LogOutputDevice: Error: [Callstack] 0x00007ff9abcba752 UE4Editor-Engine.dll!UnknownFunction []
[2018.12.12-06.58.55:498][828]LogOutputDevice: Error: [Callstack] 0x00007ff9ad015119 UE4Editor-Engine.dll!UnknownFunction []
[2018.12.12-06.58.55:498][828]LogOutputDevice: Error: [Callstack] 0x00007ff9ac3d3d51 UE4Editor-Engine.dll!UnknownFunction []
[2018.12.12-06.58.55:498][828]LogOutputDevice: Error: [Callstack] 0x00007ff9acff93be UE4Editor-Engine.dll!UnknownFunction []
[2018.12.12-06.58.55:498][828]LogOutputDevice: Error: [Callstack] 0x00007ff9ac3f1fed UE4Editor-Engine.dll!UnknownFunction []
[2018.12.12-06.58.55:498][828]LogOutputDevice: Error: [Callstack] 0x00007ff9aadaf989 UE4Editor-UnrealEd.dll!UnknownFunction []
[2018.12.12-06.58.55:498][828]LogOutputDevice: Error: [Callstack] 0x00007ff9aadd01ac UE4Editor-UnrealEd.dll!UnknownFunction []
[2018.12.12-06.58.55:498][828]LogOutputDevice: Error: [Callstack] 0x00007ff9aadee536 UE4Editor-UnrealEd.dll!UnknownFunction []
[2018.12.12-06.58.55:498][828]LogOutputDevice: Error: [Callstack] 0x00007ff9aa806b41 UE4Editor-UnrealEd.dll!UnknownFunction []
[2018.12.12-06.58.55:498][828]LogOutputDevice: Error: [Callstack] 0x00007ff9ab0ff666 UE4Editor-UnrealEd.dll!UnknownFunction []
[2018.12.12-06.58.55:498][828]LogOutputDevice: Error: [Callstack] 0x00007ff76a4a5cbd UE4Editor.exe!UnknownFunction []
[2018.12.12-06.58.55:498][828]LogOutputDevice: Error: [Callstack] 0x00007ff76a4b5b3c UE4Editor.exe!UnknownFunction []
[2018.12.12-06.58.55:498][828]LogOutputDevice: Error: [Callstack] 0x00007ff76a4b5bba UE4Editor.exe!UnknownFunction []
[2018.12.12-06.58.55:498][828]LogOutputDevice: Error: [Callstack] 0x00007ff76a4c3dac UE4Editor.exe!UnknownFunction []
[2018.12.12-06.58.55:498][828]LogOutputDevice: Error: [Callstack] 0x00007ff76a4c5aaa UE4Editor.exe!UnknownFunction []
[2018.12.12-06.58.55:498][828]LogOutputDevice: Error: [Callstack] 0x00007ffa1a3e3034 KERNEL32.DLL!UnknownFunction []
[2018.12.12-06.58.55:498][828]LogOutputDevice: Error: [Callstack] 0x00007ffa1b5f1471 ntdll.dll!UnknownFunction []
[2018.12.12-06.58.55:498][828]LogOutputDevice: Error: 
[2018.12.12-06.58.55:499][828]LogStats:                SubmitErrorReport -  0.000 s
[2018.12.12-06.58.55:973][828]LogStats:                    SendNewReport -  0.474 s
[2018.12.12-06.58.55:973][828]LogStats:             FDebug::EnsureFailed -  1.237 s
[2018.12.12-06.58.55:974][828]PIE: Play in editor start time for /Game/FirstPersonBP/Maps/UEDPIE_0_BillTest 1.361
[2018.12.12-06.58.55:974][828]LogBlueprintUserMessages: Late PlayInEditor Detection: Level '/Game/FirstPersonBP/Maps/BillTest.BillTest:PersistentLevel' has LevelScriptBlueprint '/Game/FirstPersonBP/Maps/BillTest.BillTest:PersistentLevel.BillTest' with GeneratedClass '/Game/FirstPersonBP/Maps/BillTest.BillTest_C' with ClassGeneratedBy '/Game/FirstPersonBP/Maps/BillTest.BillTest:PersistentLevel.BillTest'
[2018.12.12-06.58.56:928][828]LogWindows: Error: === Critical error: ===
[2018.12.12-06.58.56:928][828]LogWindows: Error: 
[2018.12.12-06.58.56:928][828]LogWindows: Error: Unhandled Exception: EXCEPTION_ACCESS_VIOLATION reading address 0x00000000
[2018.12.12-06.58.56:929][828]LogWindows: Error: 
[2018.12.12-06.58.56:929][828]LogWindows: Error: [Callstack] 0x00007ff9bafec06f UE4Editor-Core.dll!UnknownFunction []
[2018.12.12-06.58.56:929][828]LogWindows: Error: [Callstack] 0x00007ff9bafd9e38 UE4Editor-Core.dll!UnknownFunction []
[2018.12.12-06.58.56:929][828]LogWindows: Error: [Callstack] 0x00007ff9babc56df UE4Editor-Slate.dll!UnknownFunction []
[2018.12.12-06.58.56:929][828]LogWindows: Error: [Callstack] 0x00007ff9babc5f3c UE4Editor-Slate.dll!UnknownFunction []
[2018.12.12-06.58.56:929][828]LogWindows: Error: [Callstack] 0x00007ff9ba61b508 UE4Editor-SlateCore.dll!UnknownFunction []
[2018.12.12-06.58.56:929][828]LogWindows: Error: [Callstack] 0x00007ff9ba6c595d UE4Editor-SlateCore.dll!UnknownFunction []
[2018.12.12-06.58.56:929][828]LogWindows: Error: [Callstack] 0x00007ff9ba6c590d UE4Editor-SlateCore.dll!UnknownFunction []
[2018.12.12-06.58.56:929][828]LogWindows: Error: [Callstack] 0x00007ff9ba6c590d UE4Editor-SlateCore.dll!UnknownFunction []
[2018.12.12-06.58.56:929][828]LogWindows: Error: [Callstack] 0x00007ff9ba6c590d UE4Editor-SlateCore.dll!UnknownFunction []
[2018.12.12-06.58.56:929][828]LogWindows: Error: [Callstack] 0x00007ff9ba6c590d UE4Editor-SlateCore.dll!UnknownFunction []
[2018.12.12-06.58.56:929][828]LogWindows: Error: [Callstack] 0x00007ff9ba6c590d UE4Editor-SlateCore.dll!UnknownFunction []
[2018.12.12-06.58.56:929][828]LogWindows: Error: [Callstack] 0x00007ff9ba6c590d UE4Editor-SlateCore.dll!UnknownFunction []
[2018.12.12-06.58.56:929][828]LogWindows: Error: [Callstack] 0x00007ff9ba6c590d UE4Editor-SlateCore.dll!UnknownFunction []
[2018.12.12-06.58.56:929][828]LogWindows: Error: [Callstack] 0x00007ff9ba6c590d UE4Editor-SlateCore.dll!UnknownFunction []
[2018.12.12-06.58.56:929][828]LogWindows: Error: [Callstack] 0x00007ff9ba6c590d UE4Editor-SlateCore.dll!UnknownFunction []
[2018.12.12-06.58.56:929][828]LogWindows: Error: [Callstack] 0x00007ff9ba6c590d UE4Editor-SlateCore.dll!UnknownFunction []
[2018.12.12-06.58.56:929][828]LogWindows: Error: [Callstack] 0x00007ff9ba6c590d UE4Editor-SlateCore.dll!UnknownFunction []
[2018.12.12-06.58.56:929][828]LogWindows: Error: [Callstack] 0x00007ff9ba6c590d UE4Editor-SlateCore.dll!UnknownFunction []
[2018.12.12-06.58.56:929][828]LogWindows: Error: [Callstack] 0x00007ff9ba6c590d UE4Editor-SlateCore.dll!UnknownFunction []
[2018.12.12-06.58.56:929][828]LogWindows: Error: [Callstack] 0x00007ff9ba6c590d UE4Editor-SlateCore.dll!UnknownFunction []
[2018.12.12-06.58.56:929][828]LogWindows: Error: [Callstack] 0x00007ff9ba6c590d UE4Editor-SlateCore.dll!UnknownFunction []
[2018.12.12-06.58.56:929][828]LogWindows: Error: [Callstack] 0x00007ff9ba6c590d UE4Editor-SlateCore.dll!UnknownFunction []
[2018.12.12-06.58.56:929][828]LogWindows: Error: [Callstack] 0x00007ff9ba6c590d UE4Editor-SlateCore.dll!UnknownFunction []
[2018.12.12-06.58.56:929][828]LogWindows: Error: [Callstack] 0x00007ff9ba6c590d UE4Editor-SlateCore.dll!UnknownFunction []
[2018.12.12-06.58.56:929][828]LogWindows: Error: [Callstack] 0x00007ff9ba6c590d UE4Editor-SlateCore.dll!UnknownFunction []
[2018.12.12-06.58.56:929][828]LogWindows: Error: [Callstack] 0x00007ff9ba6c590d UE4Editor-SlateCore.dll!UnknownFunction []
[2018.12.12-06.58.56:929][828]LogWindows: Error: [Callstack] 0x00007ff9ba6c590d UE4Editor-SlateCore.dll!UnknownFunction []
[2018.12.12-06.58.56:929][828]LogWindows: Error: [Callstack] 0x00007ff9ba6c590d UE4Editor-SlateCore.dll!UnknownFunction []
[2018.12.12-06.58.56:929][828]LogWindows: Error: [Callstack] 0x00007ff9ba6c590d UE4Editor-SlateCore.dll!UnknownFunction []
[2018.12.12-06.58.56:929][828]LogWindows: Error: [Callstack] 0x00007ff9ba6c590d UE4Editor-SlateCore.dll!UnknownFunction []
[2018.12.12-06.58.56:929][828]LogWindows: Error: [Callstack] 0x00007ff9ba6c590d UE4Editor-SlateCore.dll!UnknownFunction []
[2018.12.12-06.58.56:930][828]LogWindows: Error: [Callstack] 0x00007ff9ba6c590d UE4Editor-SlateCore.dll!UnknownFunction []
[2018.12.12-06.58.56:930][828]LogWindows: Error: [Callstack] 0x00007ff9ba6c590d UE4Editor-SlateCore.dll!UnknownFunction []
[2018.12.12-06.58.56:930][828]LogWindows: Error: [Callstack] 0x00007ff9ba6c590d UE4Editor-SlateCore.dll!UnknownFunction []
[2018.12.12-06.58.56:930][828]LogWindows: Error: [Callstack] 0x00007ff9ba6c590d UE4Editor-SlateCore.dll!UnknownFunction []
[2018.12.12-06.58.56:930][828]LogWindows: Error: [Callstack] 0x00007ff9ba6c590d UE4Editor-SlateCore.dll!UnknownFunction []
[2018.12.12-06.58.56:930][828]LogWindows: Error: [Callstack] 0x00007ff9ba6c590d UE4Editor-SlateCore.dll!UnknownFunction []
[2018.12.12-06.58.56:930][828]LogWindows: Error: [Callstack] 0x00007ff9ba6c590d UE4Editor-SlateCore.dll!UnknownFunction []
[2018.12.12-06.58.56:930][828]LogWindows: Error: [Callstack] 0x00007ff9ba6c590d UE4Editor-SlateCore.dll!UnknownFunction []
[2018.12.12-06.58.56:930][828]LogWindows: Error: [Callstack] 0x00007ff9ba6c590d UE4Editor-SlateCore.dll!UnknownFunction []
[2018.12.12-06.58.56:930][828]LogWindows: Error: [Callstack] 0x00007ff9ba6c590d UE4Editor-SlateCore.dll!UnknownFunction []
[2018.12.12-06.58.56:930][828]LogWindows: Error: [Callstack] 0x00007ff9ba6c590d UE4Editor-SlateCore.dll!UnknownFunction []
[2018.12.12-06.58.56:930][828]LogWindows: Error: [Callstack] 0x00007ff9ba6c590d UE4Editor-SlateCore.dll!UnknownFunction []
[2018.12.12-06.58.56:930][828]LogWindows: Error: [Callstack] 0x00007ff9ba6c590d UE4Editor-SlateCore.dll!UnknownFunction []
[2018.12.12-06.58.56:930][828]LogWindows: Error: [Callstack] 0x00007ff9ba6c590d UE4Editor-SlateCore.dll!UnknownFunction []
[2018.12.12-06.58.56:930][828]LogWindows: Error: [Callstack] 0x00007ff9ba6c590d UE4Editor-SlateCore.dll!UnknownFunction []
[2018.12.12-06.58.56:930][828]LogWindows: Error: [Callstack] 0x00007ff9ba6c590d UE4Editor-SlateCore.dll!UnknownFunction []
[2018.12.12-06.58.56:930][828]LogWindows: Error: [Callstack] 0x00007ff9ba6c590d UE4Editor-SlateCore.dll!UnknownFunction []
[2018.12.12-06.58.56:930][828]LogWindows: Error: [Callstack] 0x00007ff9ba6c590d UE4Editor-SlateCore.dll!UnknownFunction []
[2018.12.12-06.58.56:930][828]LogWindows: Error: [Callstack] 0x00007ff9ba6c590d UE4Editor-SlateCore.dll!UnknownFunction []
[2018.12.12-06.58.56:930][828]LogWindows: Error: [Callstack] 0x00007ff9ba6c590d UE4Editor-SlateCore.dll!UnknownFunction []
[2018.12.12-06.58.56:930][828]LogWindows: Error: [Callstack] 0x00007ff9ba6c590d UE4Editor-SlateCore.dll!UnknownFunction []
[2018.12.12-06.58.56:930][828]LogWindows: Error: [Callstack] 0x00007ff9ba6c590d UE4Editor-SlateCore.dll!UnknownFunction []
[2018.12.12-06.58.56:930][828]LogWindows: Error: [Callstack] 0x00007ff9ba6c590d UE4Editor-SlateCore.dll!UnknownFunction []
[2018.12.12-06.58.56:930][828]LogWindows: Error: [Callstack] 0x00007ff9ba9726ac UE4Editor-Slate.dll!UnknownFunction []
[2018.12.12-06.58.56:930][828]LogWindows: Error: [Callstack] 0x00007ff9ba93d28b UE4Editor-Slate.dll!UnknownFunction []
[2018.12.12-06.58.56:930][828]LogWindows: Error: [Callstack] 0x00007ff9ba9730a5 UE4Editor-Slate.dll!UnknownFunction []
[2018.12.12-06.58.56:930][828]LogWindows: Error: [Callstack] 0x00007ff9ba93e7cf UE4Editor-Slate.dll!UnknownFunction []
[2018.12.12-06.58.56:930][828]LogWindows: Error: [Callstack] 0x00007ff9ba99f010 UE4Editor-Slate.dll!UnknownFunction []
[2018.12.12-06.58.56:930][828]LogWindows: Error: [Callstack] 0x00007ff9ba99dd17 UE4Editor-Slate.dll!UnknownFunction []
[2018.12.12-06.58.56:930][828]LogWindows: Error: [Callstack] 0x00007ff76a4a6aa7 UE4Editor.exe!UnknownFunction []
[2018.12.12-06.58.56:930][828]LogWindows: Error: [Callstack] 0x00007ff76a4b5b3c UE4Editor.exe!UnknownFunction []
[2018.12.12-06.58.56:930][828]LogWindows: Error: [Callstack] 0x00007ff76a4b5bba UE4Editor.exe!UnknownFunction []
[2018.12.12-06.58.56:930][828]LogWindows: Error: [Callstack] 0x00007ff76a4c3dac UE4Editor.exe!UnknownFunction []
[2018.12.12-06.58.56:930][828]LogWindows: Error: [Callstack] 0x00007ff76a4c5aaa UE4Editor.exe!UnknownFunction []
[2018.12.12-06.58.56:931][828]LogWindows: Error: [Callstack] 0x00007ffa1a3e3034 KERNEL32.DLL!UnknownFunction []
[2018.12.12-06.58.56:931][828]LogWindows: Error: [Callstack] 0x00007ffa1b5f1471 ntdll.dll!UnknownFunction []
[2018.12.12-06.58.56:931][828]LogWindows: Error: 
[2018.12.12-06.58.56:954][828]LogExit: Executing StaticShutdownAfterError
[2018.12.12-06.58.56:958][828]LogWindows: FPlatformMisc::RequestExit(1)
[2018.12.12-06.58.56:969][828]Log file closed, 12/12/18 01:58:56
