Log file open, 12/12/18 01:41:08
LogWindows: Failed to load 'aqProf.dll' (GetLastError=126)
LogWindows: File 'aqProf.dll' does not exist
LogWindows: Failed to load 'VSPerf140.dll' (GetLastError=126)
LogWindows: File 'VSPerf140.dll' does not exist
LogWindows: Failed to load 'VtuneApi.dll' (GetLastError=126)
LogWindows: File 'VtuneApi.dll' does not exist
LogWindows: Failed to load 'VtuneApi32e.dll' (GetLastError=126)
LogWindows: File 'VtuneApi32e.dll' does not exist
LogInit: Display: Running engine for game: TeamSadMen
LogPlatformFile: Not using cached read wrapper
LogTaskGraph: Started task graph with 5 named threads and 11 total threads with 3 sets of task threads.
LogStats: Stats thread started at 0.206456
LogD3D11RHI: Loaded GFSDK_Aftermath_Lib.x64.dll
LogICUInternationalization: Display: ICU TimeZone Detection - Raw Offset: -5:00, Platform Override: ''
LogPluginManager: Mounting plugin Paper2D
LogPluginManager: Mounting plugin AISupport
LogPluginManager: Mounting plugin LightPropagationVolume
LogPluginManager: Mounting plugin CLionSourceCodeAccess
LogPluginManager: Mounting plugin CodeLiteSourceCodeAccess
LogPluginManager: Mounting plugin GitSourceControl
LogPluginManager: Mounting plugin KDevelopSourceCodeAccess
LogPluginManager: Mounting plugin NullSourceCodeAccess
LogPluginManager: Mounting plugin PerforceSourceControl
LogPluginManager: Mounting plugin SubversionSourceControl
LogPluginManager: Mounting plugin UObjectPlugin
LogPluginManager: Mounting plugin VisualStudioCodeSourceCodeAccess
LogPluginManager: Mounting plugin VisualStudioSourceCodeAccess
LogPluginManager: Mounting plugin XCodeSourceCodeAccess
LogPluginManager: Mounting plugin AssetManagerEditor
LogPluginManager: Mounting plugin CryptoKeys
LogPluginManager: Mounting plugin DataValidation
LogPluginManager: Mounting plugin FacialAnimation
LogPluginManager: Mounting plugin GameplayTagsEditor
LogPluginManager: Mounting plugin MacGraphicsSwitching
LogPluginManager: Mounting plugin MeshEditor
LogPluginManager: Mounting plugin MobileLauncherProfileWizard
LogPluginManager: Mounting plugin PluginBrowser
LogPluginManager: Mounting plugin SpeedTreeImporter
LogPluginManager: Mounting plugin DatasmithContent
LogPluginManager: Mounting plugin AlembicImporter
LogPluginManager: Mounting plugin AppleImageUtils
LogPluginManager: Mounting plugin AppleVision
LogPluginManager: Mounting plugin BackChannel
LogPluginManager: Mounting plugin CharacterAI
LogPluginManager: Mounting plugin GeometryCache
LogPluginManager: Mounting plugin HTML5Networking
LogPluginManager: Mounting plugin ProxyLODPlugin
LogPluginManager: Mounting plugin MagicLeap
LogPluginManager: Mounting plugin MagicLeapEmulator
LogPluginManager: Mounting plugin MagicLeapMedia
LogPluginManager: Mounting plugin AndroidMedia
LogPluginManager: Mounting plugin AvfMedia
LogPluginManager: Mounting plugin ImgMedia
LogPluginManager: Mounting plugin LinearTimecode
LogPluginManager: Mounting plugin MediaCompositing
LogPluginManager: Mounting plugin MediaPlayerEditor
LogPluginManager: Mounting plugin WmfMedia
LogPluginManager: Mounting plugin TcpMessaging
LogPluginManager: Mounting plugin UdpMessaging
LogPluginManager: Mounting plugin ActorSequence
LogPluginManager: Mounting plugin LevelSequenceEditor
LogPluginManager: Mounting plugin MatineeToLevelSequence
LogPluginManager: Mounting plugin NetcodeUnitTest
LogPluginManager: Mounting plugin NUTUnrealEngine4
LogPluginManager: Mounting plugin OnlineSubsystemGooglePlay
LogPluginManager: Mounting plugin OnlineSubsystemIOS
LogPluginManager: Mounting plugin OnlineSubsystem
LogPluginManager: Mounting plugin OnlineSubsystemNull
LogPluginManager: Mounting plugin OnlineSubsystemUtils
LogPluginManager: Mounting plugin LauncherChunkInstaller
LogPluginManager: Mounting plugin AndroidDeviceProfileSelector
LogPluginManager: Mounting plugin AndroidMoviePlayer
LogPluginManager: Mounting plugin AndroidPermission
LogPluginManager: Mounting plugin AppleMoviePlayer
LogPluginManager: Mounting plugin ArchVisCharacter
LogPluginManager: Mounting plugin AudioCapture
LogPluginManager: Mounting plugin CableComponent
LogPluginManager: Mounting plugin CustomMeshComponent
LogPluginManager: Mounting plugin EditableMesh
LogPluginManager: Mounting plugin ExampleDeviceProfileSelector
LogPluginManager: Mounting plugin GoogleCloudMessaging
LogPluginManager: Mounting plugin ImmediatePhysics
LogPluginManager: Mounting plugin IOSDeviceProfileSelector
LogPluginManager: Mounting plugin LinuxDeviceProfileSelector
LogPluginManager: Mounting plugin LocationServicesBPLibrary
LogPluginManager: Mounting plugin MobilePatchingUtils
LogPluginManager: Mounting plugin OculusVR
LogPluginManager: Plugin shader directory ../../../Engine/Plugins/Runtime/Oculus/OculusVR/Shaders found
LogPluginManager: Mapping shader source directory ../../../Engine/Plugins/Runtime/Oculus/OculusVR/Shaders to virtual directory /Plugin/OculusVR
LogPluginManager: Mounting plugin PhysXVehicles
LogPluginManager: Mounting plugin ProceduralMeshComponent
LogPluginManager: Mounting plugin RuntimePhysXCooking
LogPluginManager: Mounting plugin SteamVR
LogPluginManager: Mounting plugin WindowsMoviePlayer
LogStreaming: Display: Took  0.197s to configure plugins.
LogInit: Using libcurl 7.55.1-DEV
LogInit:  - built for x86_64-pc-win32
LogInit:  - supports SSL with OpenSSL/1.0.2h
LogInit:  - supports HTTP deflate (compression) using libz 1.2.8
LogInit:  - other features:
LogInit:      CURL_VERSION_SSL
LogInit:      CURL_VERSION_LIBZ
LogInit:      CURL_VERSION_IPV6
LogInit:      CURL_VERSION_ASYNCHDNS
LogInit:      CURL_VERSION_LARGEFILE
LogInit:      CURL_VERSION_IDN
LogInit:  CurlRequestOptions (configurable via config and command line):
LogInit:  - bVerifyPeer = false  - Libcurl will NOT verify peer certificate
LogInit:  - bUseHttpProxy = false  - Libcurl will NOT use HTTP proxy
LogInit:  - bDontReuseConnections = false  - Libcurl will reuse connections
LogInit:  - CertBundlePath = nullptr  - Libcurl will use whatever was configured at build time.
LogInit:  - MaxHostConnections = 16  - Libcurl will limit the number of connections to a host
LogInit:  - LocalHostAddr = Default
LogInit:  - BufferSize = 65536
LogInit: WinSock: version 1.1 (2.2), MaxSocks=32767, MaxUdp=65467
LogInit: Build: ++UE4+Release-4.20-CL-4369336
LogInit: Engine Version: 4.20.3-4369336+++UE4+Release-4.20
LogInit: Compatible Engine Version: 4.20.0-4212847+++UE4+Release-4.20
LogInit: Net CL: 4212847
LogInit: OS: Windows 10 (), CPU: Intel(R) Core(TM) i7-6600U CPU @ 2.60GHz, GPU: Intel(R) HD Graphics 520
LogInit: Compiled (64-bit): Sep 17 2018 12:26:19
LogInit: Compiled with Visual C++: 19.13.26129.00
LogInit: Build Configuration: Development
LogInit: Branch Name: ++UE4+Release-4.20
LogInit: Command Line: -EpicPortal  -epicusername="BlueTinge" -epicuserid=215950167ed840aeb891af1096fa62dd -epiclocale=en-US
LogInit: Base Directory: C:/Program Files/Epic Games/UE_4.20/Engine/Binaries/Win64/
LogInit: Installed Engine Build: 1
LogDevObjectVersion: Number of dev versions registered: 20
LogDevObjectVersion:   Dev-Blueprints (B0D832E4-1F89-4F0D-ACCF-7EB736FD4AA2): 10
LogDevObjectVersion:   Dev-Build (E1C64328-A22C-4D53-A36C-8E866417BD8C): 0
LogDevObjectVersion:   Dev-Core (375EC13C-06E4-48FB-B500-84F0262A717E): 2
LogDevObjectVersion:   Dev-Editor (E4B068ED-F494-42E9-A231-DA0B2E46BB41): 24
LogDevObjectVersion:   Dev-Framework (CFFC743F-43B0-4480-9391-14DF171D2073): 34
LogDevObjectVersion:   Dev-Mobile (B02B49B5-BB20-44E9-A304-32B752E40360): 2
LogDevObjectVersion:   Dev-Networking (A4E4105C-59A1-49B5-A7C5-40C4547EDFEE): 0
LogDevObjectVersion:   Dev-Online (39C831C9-5AE6-47DC-9A44-9C173E1C8E7C): 0
LogDevObjectVersion:   Dev-Physics (78F01B33-EBEA-4F98-B9B4-84EACCB95AA2): 0
LogDevObjectVersion:   Dev-Platform (6631380F-2D4D-43E0-8009-CF276956A95A): 0
LogDevObjectVersion:   Dev-Rendering (12F88B9F-8875-4AFC-A67C-D90C383ABD29): 26
LogDevObjectVersion:   Dev-Sequencer (7B5AE74C-D270-4C10-A958-57980B212A5A): 9
LogDevObjectVersion:   Dev-VR (D7296918-1DD6-4BDD-9DE2-64A83CC13884): 2
LogDevObjectVersion:   Dev-LoadTimes (C2A15278-BFE7-4AFE-6C17-90FF531DF755): 1
LogDevObjectVersion:   Private-Geometry (6EACA3D4-40EC-4CC1-B786-8BED09428FC5): 3
LogDevObjectVersion:   Dev-AnimPhys (29E575DD-E0A3-4627-9D10-D276232CDCEA): 17
LogDevObjectVersion:   Dev-ReflectionCapture (6B266CEC-1EC7-4B8F-A30B-E4D90942FC07): 1
LogDevObjectVersion:   Dev-Automation (0DF73D61-A23F-47EA-B727-89E90C41499A): 1
LogDevObjectVersion:   FortniteMain (601D1886-AC64-4F84-AA16-D3DE0DEAC7D6): 12
LogDevObjectVersion:   Dev-Enterprise (9DFFBCD6-494F-0158-E221-12823C92A888): 1
LogStreaming: Display: Took  0.009s to delete old logs.
LogInit: Presizing for max 8388607 objects, including 0 objects not considered by GC, pre-allocating 0 bytes for permanent pool.
LogInit: Object subsystem initialized
[2018.12.12-06.41.09:023][  0]LogInit: Selected Device Profile: [Windows]
[2018.12.12-06.41.09:023][  0]LogInit: Applying CVar settings loaded from the selected device profile: [Windows]
[2018.12.12-06.41.09:054][  0]LogHAL: Display: Platform has ~ 8 GB [7960453120 / 8589934592 / 8], which maps to Default [LargestMinGB=32, LargerMinGB=12, DefaultMinGB=8, SmallerMinGB=6, SmallestMinGB=0)
[2018.12.12-06.41.09:054][  0]LogInit: Setting Device Profile CVar: [[r.Vulkan.UseRealUBs:1]]
[2018.12.12-06.41.09:054][  0]LogInit: Going up to parent DeviceProfile []
[2018.12.12-06.41.09:054][  0]LogInit: Computer: DESKTOP-T8OATV8
[2018.12.12-06.41.09:054][  0]LogInit: User: frankj6
[2018.12.12-06.41.09:054][  0]LogInit: CPU Page size=4096, Cores=2
[2018.12.12-06.41.09:054][  0]LogInit: High frequency timer resolution =2.742188 MHz
[2018.12.12-06.41.09:054][  0]LogMemory: Memory total: Physical=7.4GB (8GB approx)
[2018.12.12-06.41.09:054][  0]LogMemory: Platform Memory Stats for Windows
[2018.12.12-06.41.09:054][  0]LogMemory: Process Physical Memory: 101.12 MB used, 101.12 MB peak
[2018.12.12-06.41.09:054][  0]LogMemory: Process Virtual Memory: 89.66 MB used, 89.66 MB peak
[2018.12.12-06.41.09:054][  0]LogMemory: Physical Memory: 4561.34 MB used,  3030.34 MB free, 7591.68 MB total
[2018.12.12-06.41.09:054][  0]LogMemory: Virtual Memory: 4621.77 MB used,  3030.34 MB free, 134217728.00 MB total
[2018.12.12-06.41.09:074][  0]LogInit: Using OS detected language (en-US).
[2018.12.12-06.41.09:074][  0]LogInit: Using OS detected locale (en-US).
[2018.12.12-06.41.09:075][  0]LogTextLocalizationManager: No specific localization for 'en-US' exists, so the 'en' localization will be used.
[2018.12.12-06.41.09:494][  0]LogStreaming: Display: Took  0.420s to InitEngineTextLocalization.
[2018.12.12-06.41.09:494][  0]LogInit: Setting process to per monitor DPI aware
[2018.12.12-06.41.09:542][  0]LogSlate: New Slate User Created.  User Index 0, Is Virtual User: 0
[2018.12.12-06.41.09:542][  0]LogSlate: Slate User Registered.  User Index 0, Is Virtual User: 0
[2018.12.12-06.41.09:806][  0]LogHMD: Failed to initialize OpenVR with code 110
[2018.12.12-06.41.09:806][  0]LogD3D11RHI: D3D11 adapters:
[2018.12.12-06.41.09:831][  0]LogD3D11RHI:    0. 'Intel(R) HD Graphics 520' (Feature Level 11_0)
[2018.12.12-06.41.09:831][  0]LogD3D11RHI:       128/0/3795 MB DedicatedVideo/DedicatedSystem/SharedSystem, Outputs:1, VendorId:0x8086
[2018.12.12-06.41.09:833][  0]LogD3D11RHI:    1. 'Microsoft Basic Render Driver' (Feature Level 11_0)
[2018.12.12-06.41.09:833][  0]LogD3D11RHI:       0/0/3795 MB DedicatedVideo/DedicatedSystem/SharedSystem, Outputs:0, VendorId:0x1414
[2018.12.12-06.41.09:833][  0]LogD3D11RHI: Chosen D3D11 Adapter: 0
[2018.12.12-06.41.09:840][  0]LogD3D11RHI: Creating new Direct3DDevice
[2018.12.12-06.41.09:840][  0]LogD3D11RHI:     GPU DeviceId: 0x1916 (for the marketing name, search the web for "GPU Device Id")
[2018.12.12-06.41.09:840][  0]LogWindows: EnumDisplayDevices:
[2018.12.12-06.41.09:840][  0]LogWindows:    0. 'Intel(R) HD Graphics 520' (P:1 D:1)
[2018.12.12-06.41.09:840][  0]LogWindows:    1. 'Intel(R) HD Graphics 520' (P:0 D:0)
[2018.12.12-06.41.09:841][  0]LogWindows:    2. 'Intel(R) HD Graphics 520' (P:0 D:0)
[2018.12.12-06.41.09:841][  0]LogWindows: DebugString: FoundDriverCount:3 
[2018.12.12-06.41.09:841][  0]LogD3D11RHI:     Adapter Name: Intel(R) HD Graphics 520
[2018.12.12-06.41.09:841][  0]LogD3D11RHI:   Driver Version: 24.20.100.6170 (internal:24.20.100.6170, unified:24.20.100.6170)
[2018.12.12-06.41.09:841][  0]LogD3D11RHI:      Driver Date: 6-18-2018
[2018.12.12-06.41.09:841][  0]LogRHI: Texture pool is 1418 MB (70% of 2025 MB)
[2018.12.12-06.41.09:860][  0]LogD3D11RHI: Async texture creation enabled
[2018.12.12-06.41.09:867][  0]LogD3D11RHI: GPU Timing Frequency: 12.000048 (Debug: 2 0)
[2018.12.12-06.41.09:869][  0]LogShaderCompilers: Guid format shader working directory is -38 characters bigger than the processId version (../../../../../../Users/frankj6/Documents/GameDevOne/TeamSadMen/TeamSadMen/TeamSadMen/Intermediate/Shaders/WorkingDirectory/20268/).
[2018.12.12-06.41.09:870][  0]LogShaderCompilers: Cleaned the shader compiler working directory 'C:/Users/frankj6/AppData/Local/Temp/UnrealShaderWorkingDir/D515AC094C805BC5B51DBAB677DF5CD9/'.
[2018.12.12-06.41.10:209][  0]LogTemp: Display: Loaded TP AllDesktopTargetPlatform
[2018.12.12-06.41.10:227][  0]LogTemp: Display: Loaded TP MacClientTargetPlatform
[2018.12.12-06.41.10:242][  0]LogTemp: Display: Loaded TP MacNoEditorTargetPlatform
[2018.12.12-06.41.10:260][  0]LogTemp: Display: Loaded TP MacServerTargetPlatform
[2018.12.12-06.41.10:279][  0]LogTemp: Display: Loaded TP MacTargetPlatform
[2018.12.12-06.41.10:303][  0]LogTemp: Display: Loaded TP WindowsClientTargetPlatform
[2018.12.12-06.41.10:324][  0]LogTemp: Display: Loaded TP WindowsNoEditorTargetPlatform
[2018.12.12-06.41.10:346][  0]LogTemp: Display: Loaded TP WindowsServerTargetPlatform
[2018.12.12-06.41.10:357][  0]LogTemp: Display: Loaded TP WindowsTargetPlatform
[2018.12.12-06.41.10:483][  0]LogTemp: Display: Loaded TP AndroidTargetPlatform
[2018.12.12-06.41.10:483][  0]LogTemp: Display: Loaded TP AndroidTargetPlatform
[2018.12.12-06.41.10:483][  0]LogTemp: Display: Loaded TP AndroidTargetPlatform
[2018.12.12-06.41.10:483][  0]LogTemp: Display: Loaded TP AndroidTargetPlatform
[2018.12.12-06.41.10:483][  0]LogTemp: Display: Loaded TP AndroidTargetPlatform
[2018.12.12-06.41.10:483][  0]LogTemp: Display: Loaded TP AndroidTargetPlatform
[2018.12.12-06.41.10:483][  0]LogTemp: Display: Loaded TP AndroidTargetPlatform
[2018.12.12-06.41.10:483][  0]LogTemp: Display: Loaded TP AndroidTargetPlatform
[2018.12.12-06.41.10:483][  0]LogTemp: Display: Loaded TP AndroidTargetPlatform
[2018.12.12-06.41.10:483][  0]LogTemp: Display: Loaded TP AndroidTargetPlatform
[2018.12.12-06.41.10:483][  0]LogTemp: Display: Loaded TP AndroidTargetPlatform
[2018.12.12-06.41.10:483][  0]LogTemp: Display: Loaded TP AndroidTargetPlatform
[2018.12.12-06.41.10:483][  0]LogTemp: Display: Loaded TP AndroidTargetPlatform
[2018.12.12-06.41.10:483][  0]LogTemp: Display: Loaded TP AndroidTargetPlatform
[2018.12.12-06.41.10:483][  0]LogTemp: Display: Loaded TP AndroidTargetPlatform
[2018.12.12-06.41.10:483][  0]LogTemp: Display: Loaded TP AndroidTargetPlatform
[2018.12.12-06.41.10:483][  0]LogTemp: Display: Loaded TP AndroidTargetPlatform
[2018.12.12-06.41.10:483][  0]LogTemp: Display: Loaded TP AndroidTargetPlatform
[2018.12.12-06.41.10:486][  0]LogTemp: Display: Loaded TP HTML5TargetPlatform
[2018.12.12-06.41.10:566][  0]LogTemp: Display: Loaded TP IOSTargetPlatform
[2018.12.12-06.41.10:566][  0]LogTemp: Display: Loaded TP IOSTargetPlatform
[2018.12.12-06.41.10:615][  0]LogTemp: Display: Loaded TP TVOSTargetPlatform
[2018.12.12-06.41.10:616][  0]LogTemp: Display: Loaded TP TVOSTargetPlatform
[2018.12.12-06.41.10:638][  0]LogTemp: Display: Loaded TP LinuxClientTargetPlatform
[2018.12.12-06.41.10:661][  0]LogTemp: Display: Loaded TP LinuxNoEditorTargetPlatform
[2018.12.12-06.41.10:682][  0]LogTemp: Display: Loaded TP LinuxServerTargetPlatform
[2018.12.12-06.41.10:700][  0]LogTemp: Display: Loaded TP LinuxTargetPlatform
[2018.12.12-06.41.10:711][  0]LogTemp: Display: Loaded TP LuminTargetPlatform
[2018.12.12-06.41.10:711][  0]LogTargetPlatformManager: Display: Building Assets For Windows
[2018.12.12-06.41.10:781][  0]LogXGEController: Cannot use XGE Controller as Incredibuild is not installed on this machine.
[2018.12.12-06.41.10:781][  0]LogShaderCompilers: Cannot use XGE Shader Compiler as Incredibuild is not installed on this machine.
[2018.12.12-06.41.10:781][  0]LogShaderCompilers: Display: Using Local Shader Compiler.
[2018.12.12-06.41.11:679][  0]LogDerivedDataCache: Display: Max Cache Size: 512 MB
[2018.12.12-06.41.11:747][  0]LogDerivedDataCache: Loaded boot cache 0.07s 71MB C:/Users/frankj6/AppData/Local/UnrealEngine/4.20/DerivedDataCache/Boot.ddc.
[2018.12.12-06.41.11:748][  0]LogDerivedDataCache: Display: Loaded Boot cache: C:/Users/frankj6/AppData/Local/UnrealEngine/4.20/DerivedDataCache/Boot.ddc
[2018.12.12-06.41.11:748][  0]LogDerivedDataCache: FDerivedDataBackendGraph:  Pak pak cache file ../../../../../../Users/frankj6/Documents/GameDevOne/TeamSadMen/TeamSadMen/TeamSadMen/DerivedDataCache/DDC.ddp not found, will not use a pak cache.
[2018.12.12-06.41.11:748][  0]LogDerivedDataCache: Unable to find inner node Pak for hierarchical cache Hierarchy.
[2018.12.12-06.41.11:748][  0]LogDerivedDataCache: FDerivedDataBackendGraph:  CompressedPak pak cache file ../../../../../../Users/frankj6/Documents/GameDevOne/TeamSadMen/TeamSadMen/TeamSadMen/DerivedDataCache/Compressed.ddp not found, will not use a pak cache.
[2018.12.12-06.41.11:748][  0]LogDerivedDataCache: Unable to find inner node CompressedPak for hierarchical cache Hierarchy.
[2018.12.12-06.41.11:764][  0]LogDerivedDataCache: Display: Pak cache opened for reading ../../../Engine/DerivedDataCache/Compressed.ddp.
[2018.12.12-06.41.11:776][  0]LogDerivedDataCache: Using Local data cache path C:/Users/frankj6/AppData/Local/UnrealEngine/Common/DerivedDataCache: Writable
[2018.12.12-06.41.11:776][  0]LogDerivedDataCache: Shared data cache path not found in *engine.ini, will not use an Shared cache.
[2018.12.12-06.41.11:776][  0]LogDerivedDataCache: Unable to find inner node Shared for hierarchical cache Hierarchy.
[2018.12.12-06.41.11:798][  0]LogMaterial: Verifying Global Shaders for PCD3D_SM5
[2018.12.12-06.41.11:800][  0]LogSlate: Using FreeType 2.6.0
[2018.12.12-06.41.11:800][  0]LogSlate: SlateFontServices - WITH_FREETYPE: 1, WITH_HARFBUZZ: 1
[2018.12.12-06.41.11:881][  0]LogAssetRegistry: FAssetRegistry took 0.0265 seconds to start up
[2018.12.12-06.41.12:280][  0]LogInit: Selected Device Profile: [Windows]
[2018.12.12-06.41.12:436][  0]LogSimplygon: Simplygon DLL not present - disabling.
[2018.12.12-06.41.12:439][  0]LogMeshReduction: Using SimplygonSwarm for distributed automatic mesh merging
[2018.12.12-06.41.12:439][  0]LogMeshReduction: Using ProxyLODMeshReduction for automatic mesh merging
[2018.12.12-06.41.12:439][  0]LogMeshReduction: Using QuadricMeshReduction for automatic static mesh reduction
[2018.12.12-06.41.12:439][  0]LogMeshReduction: No automatic skeletal mesh reduction module available
[2018.12.12-06.41.12:457][  0]LogNetVersion: TeamSadMen 1.0.0, NetCL: 4212847, EngineNetVer: 5, GameNetVer: 0 (Checksum: 1220547581)
[2018.12.12-06.41.13:226][  0]LogPackageLocalizationCache: Processed 11 localized package path(s) for 2 prioritized culture(s) in 0.209787 seconds
[2018.12.12-06.41.13:234][  0]LogUObjectArray: 38425 objects as part of root set at end of initial load.
[2018.12.12-06.41.13:234][  0]LogUObjectAllocator: 6690872 out of 0 bytes used by permanent object pool.
[2018.12.12-06.41.13:234][  0]LogUObjectArray: CloseDisregardForGC: 0/0 objects in disregard for GC pool
[2018.12.12-06.41.14:255][  0]LogTcpMessaging: Initializing TcpMessaging bridge
[2018.12.12-06.41.14:272][  0]LogUdpMessaging: Initializing bridge on interface 0.0.0.0:0 to multicast group 230.0.0.1:6666.
[2018.12.12-06.41.14:441][  0]SourceControl: Source control is disabled
[2018.12.12-06.41.14:442][  0]SourceControl: Source control is disabled
[2018.12.12-06.41.14:443][  0]SourceControl: Source control is disabled
[2018.12.12-06.41.14:444][  0]SourceControl: Source control is disabled
[2018.12.12-06.41.14:650][  0]LogAndroidPermission: UAndroidPermissionCallbackProxy::GetInstance
[2018.12.12-06.41.14:709][  0]LogOcInput: OculusInput pre-init called
[2018.12.12-06.41.14:776][  0]LogEngine: Initializing Engine...
[2018.12.12-06.41.14:776][  0]LogHMD: Failed to initialize OpenVR with code 110
[2018.12.12-06.41.14:778][  0]LogStats: UGameplayTagsManager::ConstructGameplayTagTree: ImportINI prefixes -  0.000 s
[2018.12.12-06.41.14:778][  0]LogStats: UGameplayTagsManager::ConstructGameplayTagTree: Construct from data asset -  0.000 s
[2018.12.12-06.41.14:778][  0]LogStats: UGameplayTagsManager::ConstructGameplayTagTree: ImportINI -  0.000 s
[2018.12.12-06.41.14:778][  0]LogStats: UGameplayTagsManager::ConstructGameplayTagTree: GameplayTagTreeChangedEvent.Broadcast -  0.000 s
[2018.12.12-06.41.15:033][  0]LogInit: Initializing FReadOnlyCVARCache
[2018.12.12-06.41.15:049][  0]LogAIModule: Creating AISystem for world Untitled
[2018.12.12-06.41.15:059][  0]LogInit: XAudio2 using 'Speaker/HP (Realtek High Definition Audio)' : 2 channels at 48 kHz using 32 bits per sample (channel mask 0x3)
[2018.12.12-06.41.15:113][  0]LogInit: FAudioDevice initialized.
[2018.12.12-06.41.15:113][  0]LogNetVersion: Set ProjectVersion to 1.0.0.0. Version Checksum will be recalculated on next use.
[2018.12.12-06.41.15:211][  0]LogDerivedDataCache: Saved boot cache 0.10s 71MB C:/Users/frankj6/AppData/Local/UnrealEngine/4.20/DerivedDataCache/Boot.ddc.
[2018.12.12-06.41.15:217][  0]LogInit: Texture streaming: Enabled
[2018.12.12-06.41.15:239][  0]LogEngineSessionManager: EngineSessionManager initialized
[2018.12.12-06.41.15:257][  0]LogInit: Transaction tracking system initialized
[2018.12.12-06.41.15:281][  0]BlueprintLog: New page: Editor Load
[2018.12.12-06.41.15:372][  0]LocalizationService: Localization service is disabled
[2018.12.12-06.41.15:752][  0]LogCook: Display: Max memory allowance for cook 16384mb min free memory 0mb
[2018.12.12-06.41.15:752][  0]LogCook: Display: Mobile HDR setting 1
[2018.12.12-06.41.15:752][  0]LogGameplayTags: Display: UGameplayTagsManager::DoneAddingNativeTags. DelegateIsBound: 0
[2018.12.12-06.41.15:752][  0]LogStats: UGameplayTagsManager::ConstructGameplayTagTree: ImportINI prefixes -  0.000 s
[2018.12.12-06.41.15:752][  0]LogStats: UGameplayTagsManager::ConstructGameplayTagTree: Construct from data asset -  0.000 s
[2018.12.12-06.41.15:752][  0]LogStats: UGameplayTagsManager::ConstructGameplayTagTree: ImportINI -  0.000 s
[2018.12.12-06.41.15:752][  0]LogStats: UGameplayTagsManager::ConstructGameplayTagTree: GameplayTagTreeChangedEvent.Broadcast -  0.000 s
[2018.12.12-06.41.15:920][  0]LogFileCache: Scanning file cache for directory 'C:/Users/frankj6/Documents/GameDevOne/TeamSadMen/TeamSadMen/TeamSadMen/Content/' took 0.02s
[2018.12.12-06.41.15:920][  0]SourceControl: Source control is disabled
[2018.12.12-06.41.16:054][  0]LogWindowsTextInputMethodSystem: Display: IME system now deactivated.
[2018.12.12-06.41.16:056][  0]LogSlate: Took 0.000210 seconds to synchronously load lazily loaded font '../../../Engine/Content/Slate/Fonts/Roboto-Regular.ttf' (155K)
[2018.12.12-06.41.32:206][  0]LogSlate: Window 'Restore Packages' being destroyed
[2018.12.12-06.41.32:207][  0]LogWindowsTextInputMethodSystem: Display: IME system now deactivated.
[2018.12.12-06.41.32:210][  0]LogWindowsTextInputMethodSystem: Display: IME system now deactivated.
[2018.12.12-06.41.37:113][  0]LogSlate: Window 'Unable to Check Out From Source Control!' being destroyed
[2018.12.12-06.41.37:114][  0]LogWindowsTextInputMethodSystem: Display: IME system now deactivated.
[2018.12.12-06.41.37:118][  0]LogWindowsTextInputMethodSystem: Display: IME system now deactivated.
[2018.12.12-06.41.37:241][  0]Cmd: MAP LOAD FILE="../../../../../../Users/frankj6/Documents/GameDevOne/TeamSadMen/TeamSadMen/TeamSadMen/Content/FirstPersonBP/Maps/FirstPersonExampleMap.umap" TEMPLATE=0 SHOWPROGRESS=1 FEATURELEVEL=3
[2018.12.12-06.41.37:271][  0]LightingResults: New page: Lighting Build
[2018.12.12-06.41.37:274][  0]MapCheck: New page: Map Check
[2018.12.12-06.41.37:274][  0]LightingResults: New page: Lighting Build
[2018.12.12-06.41.38:218][  0]LogAIModule: Creating AISystem for world FirstPersonExampleMap
[2018.12.12-06.41.38:260][  0]LogEditorServer: Finished looking for orphan Actors (0.000 secs)
[2018.12.12-06.41.38:298][  0]Cmd: MAP CHECKDEP NOCLEARLOG
[2018.12.12-06.41.38:426][  0]MapCheck: Map check complete: 0 Error(s), 0 Warning(s), took 127.186ms to complete.
[2018.12.12-06.41.38:426][  0]LogFileHelpers: Loading map 'FirstPersonExampleMap' took 1.184
[2018.12.12-06.41.38:508][  0]LogSlate: Updating window title bar state: overlay mode, drag disabled, window buttons hidden, title bar hidden
[2018.12.12-06.41.38:537][  0]LogSlate: Updating window title bar state: overlay mode, drag disabled, window buttons hidden, title bar hidden
[2018.12.12-06.41.38:555][  0]LogSlate: Updating window title bar state: overlay mode, drag disabled, window buttons hidden, title bar hidden
[2018.12.12-06.41.38:571][  0]LogSlate: Updating window title bar state: overlay mode, drag disabled, window buttons hidden, title bar hidden
[2018.12.12-06.41.38:586][  0]LogCollectionManager: Loaded 0 collections in 0.002803 seconds
[2018.12.12-06.41.38:636][  0]LogFileCache: Scanning file cache for directory 'C:/Users/frankj6/Documents/GameDevOne/TeamSadMen/TeamSadMen/TeamSadMen/Saved/Collections/' took 0.01s
[2018.12.12-06.41.38:636][  0]LogFileCache: Scanning file cache for directory 'C:/Users/frankj6/Documents/GameDevOne/TeamSadMen/TeamSadMen/TeamSadMen/Content/Developers/frankj6/Collections/' took 0.01s
[2018.12.12-06.41.38:636][  0]LogFileCache: Scanning file cache for directory 'C:/Users/frankj6/Documents/GameDevOne/TeamSadMen/TeamSadMen/TeamSadMen/Content/Collections/' took 0.01s
[2018.12.12-06.41.38:636][  0]LogCollectionManager: Rebuilt the GUID cache for 0 collections in 0.000000 seconds
[2018.12.12-06.41.38:649][  0]LogContentBrowser: Native class hierarchy populated in 0.0123 seconds. Added 2572 classes and 603 folders.
[2018.12.12-06.41.38:660][  0]LogContentBrowser: Native class hierarchy updated for 'WidgetCarousel' in 0.0002 seconds. Added 0 classes and 0 folders.
[2018.12.12-06.41.39:311][  0]LogContentBrowser: Native class hierarchy updated for 'AddContentDialog' in 0.0003 seconds. Added 0 classes and 0 folders.
[2018.12.12-06.41.39:319][  0]LogContentBrowser: Native class hierarchy updated for 'SceneOutliner' in 0.0003 seconds. Added 1 classes and 2 folders.
[2018.12.12-06.41.39:421][  0]LogSlate: Took 0.000219 seconds to synchronously load lazily loaded font '../../../Engine/Content/Slate/Fonts/Roboto-Bold.ttf' (160K)
[2018.12.12-06.41.39:440][  0]LogSlate: Took 0.010487 seconds to synchronously load lazily loaded font '../../../Engine/Content/Editor/Slate/Fonts/FontAwesome.ttf' (139K)
[2018.12.12-06.41.39:562][  0]LogRenderer: Reallocating scene render targets to support 964x436 Format 10 NumSamples 1 (Frame:1).
[2018.12.12-06.41.40:211][  0]LogContentBrowser: Native class hierarchy updated for 'HierarchicalLODOutliner' in 0.0003 seconds. Added 0 classes and 0 folders.
[2018.12.12-06.41.40:211][  0]LogLoad: (Engine Initialization) Total time: 33.36 seconds
[2018.12.12-06.41.40:211][  0]LogLoad: (Engine Initialization) Total Blueprint compile time: 0.00 seconds
[2018.12.12-06.41.40:251][  0]LogContentStreaming: Texture pool size now 1000 MB
[2018.12.12-06.41.40:284][  0]LogSlate: Took 0.007544 seconds to synchronously load lazily loaded font '../../../Engine/Content/Slate/Fonts/Roboto-Light.ttf' (167K)
[2018.12.12-06.41.40:329][  2]LogAssetRegistry: Asset discovery search completed in 28.4711 seconds
[2018.12.12-06.41.40:333][  2]LogCollectionManager: Rebuilt the object cache for 0 collections in 0.000001 seconds (found 0 objects)
[2018.12.12-06.41.40:333][  2]LogCollectionManager: Fixed up redirectors for 0 collections in 0.000113 seconds (updated 0 objects)
[2018.12.12-06.41.41:353][ 15]LogSlate: Took 0.000209 seconds to synchronously load lazily loaded font '../../../Engine/Content/Slate/Fonts/Roboto-Light.ttf' (167K)
[2018.12.12-06.41.44:901][146]LogSlate: FSceneViewport::OnFocusLost() reason 0
[2018.12.12-06.41.45:058][150]LogLinker: Warning: Can't resolve asset name
[2018.12.12-06.41.45:177][150]LogAssetEditorManager: Opening Asset editor for Blueprint /Game/FirstPersonBP/Blueprints/PizzaGameState.PizzaGameState
[2018.12.12-06.41.45:809][150]LogContentBrowser: Native class hierarchy updated for 'BlueprintGraph' in 0.0007 seconds. Added 116 classes and 0 folders.
[2018.12.12-06.41.46:851][150]LogSlate: Took 0.007739 seconds to synchronously load lazily loaded font '../../../Engine/Content/Slate/Fonts/Roboto-BoldCondensed.ttf' (158K)
[2018.12.12-06.41.47:053][151]LogSlate: Took 0.000223 seconds to synchronously load lazily loaded font '../../../Engine/Content/Slate/Fonts/Roboto-Italic.ttf' (157K)
[2018.12.12-06.41.53:870][331]LogTemp: Repeating last play command: Selected Viewport
[2018.12.12-06.41.53:919][331]LogBlueprintUserMessages: Early PlayInEditor Detection: Level '/Game/FirstPersonBP/Maps/FirstPersonExampleMap.FirstPersonExampleMap:PersistentLevel' has LevelScriptBlueprint '/Game/FirstPersonBP/Maps/FirstPersonExampleMap.FirstPersonExampleMap:PersistentLevel.FirstPersonExampleMap' with GeneratedClass '/Game/FirstPersonBP/Maps/FirstPersonExampleMap.FirstPersonExampleMap_C' with ClassGeneratedBy '/Game/FirstPersonBP/Maps/FirstPersonExampleMap.FirstPersonExampleMap:PersistentLevel.FirstPersonExampleMap'
[2018.12.12-06.41.53:919][331]LogPlayLevel: PlayLevel: No blueprints needed recompiling
[2018.12.12-06.41.53:933][331]PIE: New page: PIE session: FirstPersonExampleMap (Dec 11, 2018, 8:41:53 PM)
[2018.12.12-06.41.53:934][331]LogPlayLevel: Creating play world package: /Game/FirstPersonBP/Maps/UEDPIE_0_FirstPersonExampleMap
[2018.12.12-06.41.53:958][331]LogPlayLevel: PIE: StaticDuplicateObject took: (0.024791s)
[2018.12.12-06.41.53:959][331]LogAIModule: Creating AISystem for world FirstPersonExampleMap
[2018.12.12-06.41.53:960][331]LogPlayLevel: PIE: World Init took: (0.000949s)
[2018.12.12-06.41.53:960][331]LogPlayLevel: PIE: Created PIE world by copying editor world from /Game/FirstPersonBP/Maps/FirstPersonExampleMap.FirstPersonExampleMap to /Game/FirstPersonBP/Maps/UEDPIE_0_FirstPersonExampleMap.FirstPersonExampleMap (0.025930s)
[2018.12.12-06.41.54:004][331]LogInit: XAudio2 using 'Speaker/HP (Realtek High Definition Audio)' : 2 channels at 48 kHz using 32 bits per sample (channel mask 0x3)
[2018.12.12-06.41.54:022][331]LogInit: FAudioDevice initialized.
[2018.12.12-06.41.54:065][331]LogLoad: Game class is 'FirstPersonGameMode_C'
[2018.12.12-06.41.54:069][331]LogWorld: Bringing World /Game/FirstPersonBP/Maps/UEDPIE_0_FirstPersonExampleMap.FirstPersonExampleMap up for play (max tick rate 60) at 2018.12.12-01.41.54
[2018.12.12-06.41.54:072][331]LogWorld: Bringing up level for play took: 0.005408
[2018.12.12-06.41.54:102][331]LogContentBrowser: Native class hierarchy updated for 'MovieSceneCapture' in 0.0004 seconds. Added 10 classes and 0 folders.
[2018.12.12-06.41.54:104][331]LogBlueprintUserMessages: [Order_Text_Blueprint] Pesto
[2018.12.12-06.41.54:106][331]LogBlueprintUserMessages: [Order_Text_Blueprint] Tomatoes
[2018.12.12-06.41.54:106][331]PIE: Play in editor start time for /Game/FirstPersonBP/Maps/UEDPIE_0_FirstPersonExampleMap -0.507
[2018.12.12-06.41.54:106][331]LogBlueprintUserMessages: Late PlayInEditor Detection: Level '/Game/FirstPersonBP/Maps/FirstPersonExampleMap.FirstPersonExampleMap:PersistentLevel' has LevelScriptBlueprint '/Game/FirstPersonBP/Maps/FirstPersonExampleMap.FirstPersonExampleMap:PersistentLevel.FirstPersonExampleMap' with GeneratedClass '/Game/FirstPersonBP/Maps/FirstPersonExampleMap.FirstPersonExampleMap_C' with ClassGeneratedBy '/Game/FirstPersonBP/Maps/FirstPersonExampleMap.FirstPersonExampleMap:PersistentLevel.FirstPersonExampleMap'
[2018.12.12-06.41.56:035][378]LogBlueprintUserMessages: Early EndPlayMap Detection: Level '/Game/FirstPersonBP/Maps/FirstPersonExampleMap.FirstPersonExampleMap:PersistentLevel' has LevelScriptBlueprint '/Game/FirstPersonBP/Maps/FirstPersonExampleMap.FirstPersonExampleMap:PersistentLevel.FirstPersonExampleMap' with GeneratedClass '/Game/FirstPersonBP/Maps/FirstPersonExampleMap.FirstPersonExampleMap_C' with ClassGeneratedBy '/Game/FirstPersonBP/Maps/FirstPersonExampleMap.FirstPersonExampleMap:PersistentLevel.FirstPersonExampleMap'
[2018.12.12-06.41.56:035][378]LogSlate: Updating window title bar state: overlay mode, drag disabled, window buttons hidden, title bar hidden
[2018.12.12-06.41.56:084][378]LogPlayLevel: Display: Shutting down PIE online subsystems
[2018.12.12-06.41.56:084][378]LogBlueprintUserMessages: Late EndPlayMap Detection: Level '/Game/FirstPersonBP/Maps/FirstPersonExampleMap.FirstPersonExampleMap:PersistentLevel' has LevelScriptBlueprint '/Game/FirstPersonBP/Maps/FirstPersonExampleMap.FirstPersonExampleMap:PersistentLevel.FirstPersonExampleMap' with GeneratedClass '/Game/FirstPersonBP/Maps/FirstPersonExampleMap.FirstPersonExampleMap_C' with ClassGeneratedBy '/Game/FirstPersonBP/Maps/FirstPersonExampleMap.FirstPersonExampleMap:PersistentLevel.FirstPersonExampleMap'
[2018.12.12-06.41.56:114][378]LogSlate: Updating window title bar state: overlay mode, drag disabled, window buttons hidden, title bar hidden
[2018.12.12-06.41.56:144][379]LogPlayLevel: Display: Destroying online subsystem :Context_2
[2018.12.12-06.41.59:296][422]LogAIModule: Creating AISystem for world BillTest
[2018.12.12-06.41.59:307][422]LogAssetEditorManager: Opening Asset editor for World /Game/FirstPersonBP/Maps/BillTest.BillTest
[2018.12.12-06.41.59:339][422]Cmd: MAP LOAD FILE="../../../../../../Users/frankj6/Documents/GameDevOne/TeamSadMen/TeamSadMen/TeamSadMen/Content/FirstPersonBP/Maps/BillTest.umap" TEMPLATE=0 SHOWPROGRESS=1 FEATURELEVEL=3
[2018.12.12-06.41.59:339][422]LightingResults: New page: Lighting Build
[2018.12.12-06.41.59:340][422]LoadErrors: New page: Loading map: BillTest.umap
[2018.12.12-06.41.59:341][422]MapCheck: New page: Map Check
[2018.12.12-06.41.59:341][422]LightingResults: New page: Lighting Build
[2018.12.12-06.41.59:457][422]LogEditorServer: Finished looking for orphan Actors (0.000 secs)
[2018.12.12-06.41.59:532][422]Cmd: MAP CHECKDEP NOCLEARLOG
[2018.12.12-06.41.59:640][422]MapCheck: Map check complete: 0 Error(s), 0 Warning(s), took 107.678ms to complete.
[2018.12.12-06.41.59:640][422]LogFileHelpers: Loading map 'BillTest' took 0.302
[2018.12.12-06.42.07:389][513]LogTemp: Repeating last play command: Selected Viewport
[2018.12.12-06.42.07:437][513]LogBlueprintUserMessages: Early PlayInEditor Detection: Level '/Game/FirstPersonBP/Maps/BillTest.BillTest:PersistentLevel' has LevelScriptBlueprint '/Game/FirstPersonBP/Maps/BillTest.BillTest:PersistentLevel.BillTest' with GeneratedClass '/Game/FirstPersonBP/Maps/BillTest.BillTest_C' with ClassGeneratedBy '/Game/FirstPersonBP/Maps/BillTest.BillTest:PersistentLevel.BillTest'
[2018.12.12-06.42.07:437][513]LogPlayLevel: PlayLevel: No blueprints needed recompiling
[2018.12.12-06.42.07:437][513]PIE: New page: PIE session: BillTest (Dec 11, 2018, 8:42:07 PM)
[2018.12.12-06.42.07:437][513]LogPlayLevel: Creating play world package: /Game/FirstPersonBP/Maps/UEDPIE_0_BillTest
[2018.12.12-06.42.07:446][513]LogPlayLevel: PIE: StaticDuplicateObject took: (0.008301s)
[2018.12.12-06.42.07:446][513]LogAIModule: Creating AISystem for world BillTest
[2018.12.12-06.42.07:447][513]LogPlayLevel: PIE: World Init took: (0.001010s)
[2018.12.12-06.42.07:447][513]LogPlayLevel: PIE: Created PIE world by copying editor world from /Game/FirstPersonBP/Maps/BillTest.BillTest to /Game/FirstPersonBP/Maps/UEDPIE_0_BillTest.BillTest (0.009472s)
[2018.12.12-06.42.07:478][513]LogInit: XAudio2 using 'Speaker/HP (Realtek High Definition Audio)' : 2 channels at 48 kHz using 32 bits per sample (channel mask 0x3)
[2018.12.12-06.42.07:497][513]LogInit: FAudioDevice initialized.
[2018.12.12-06.42.07:548][513]LogLoad: Game class is 'BillGameMode_C'
[2018.12.12-06.42.07:551][513]LogWorld: Bringing World /Game/FirstPersonBP/Maps/UEDPIE_0_BillTest.BillTest up for play (max tick rate 60) at 2018.12.12-01.42.07
[2018.12.12-06.42.07:552][513]LogWorld: Bringing up level for play took: 0.002121
[2018.12.12-06.42.07:567][513]LogScript: Warning: Attempted to access index 0 from array Bills of length 0!
	BillTest_C /Game/FirstPersonBP/Maps/UEDPIE_0_BillTest.BillTest:PersistentLevel.BillTest_C_126
	Function /Game/FirstPersonBP/Maps/BillTest.BillTest_C:ExecuteUbergraph_BillTest:01D0
[2018.12.12-06.42.07:567][513]PIE: Error: Blueprint Runtime Error: "Attempted to access index 0 from array Bills of length 0!". Blueprint:  BillTest Function:  Execute Ubergraph Bill Test Graph:  EventGraph Node:  Add Bill
[2018.12.12-06.42.07:568][513]LogOutputDevice: Warning: 

Script Stack:
BillDisplay_C.AddBill
BillTest_C.ExecuteUbergraph_BillTest
BillTest_C.ReceiveBeginPlay

[2018.12.12-06.42.08:579][513]LogStats: FPlatformStackWalk::StackWalkAndDump -  1.012 s
[2018.12.12-06.42.08:580][513]LogOutputDevice: Error: === Handled ensure: ===
[2018.12.12-06.42.08:580][513]LogOutputDevice: Error: 
[2018.12.12-06.42.08:580][513]LogOutputDevice: Error: Ensure condition failed: Stack.MostRecentPropertyAddress [File:D:\Build\++UE4\Sync\Engine\Source\Runtime\CoreUObject\Private\UObject\ScriptCore.cpp] [Line: 844]
[2018.12.12-06.42.08:580][513]LogOutputDevice: Error: 
[2018.12.12-06.42.08:580][513]LogOutputDevice: Error: Stack: 
[2018.12.12-06.42.08:580][513]LogOutputDevice: Error: [Callstack] 0x00007ff9bb2e71f6 UE4Editor-Core.dll!UnknownFunction []
[2018.12.12-06.42.08:580][513]LogOutputDevice: Error: [Callstack] 0x00007ff9bb020c92 UE4Editor-Core.dll!UnknownFunction []
[2018.12.12-06.42.08:580][513]LogOutputDevice: Error: [Callstack] 0x00007ff9bb03b356 UE4Editor-Core.dll!UnknownFunction []
[2018.12.12-06.42.08:580][513]LogOutputDevice: Error: [Callstack] 0x00007ff9c6041a03 UE4Editor-CoreUObject.dll!UnknownFunction []
[2018.12.12-06.42.08:580][513]LogOutputDevice: Error: [Callstack] 0x00007ff9c605f499 UE4Editor-CoreUObject.dll!UnknownFunction []
[2018.12.12-06.42.08:580][513]LogOutputDevice: Error: [Callstack] 0x00007ff9c6061b96 UE4Editor-CoreUObject.dll!UnknownFunction []
[2018.12.12-06.42.08:580][513]LogOutputDevice: Error: [Callstack] 0x00007ff9c604205d UE4Editor-CoreUObject.dll!UnknownFunction []
[2018.12.12-06.42.08:580][513]LogOutputDevice: Error: [Callstack] 0x00007ff9c6061b96 UE4Editor-CoreUObject.dll!UnknownFunction []
[2018.12.12-06.42.08:580][513]LogOutputDevice: Error: [Callstack] 0x00007ff9c5e36467 UE4Editor-CoreUObject.dll!UnknownFunction []
[2018.12.12-06.42.08:580][513]LogOutputDevice: Error: [Callstack] 0x00007ff9c6061133 UE4Editor-CoreUObject.dll!UnknownFunction []
[2018.12.12-06.42.08:580][513]LogOutputDevice: Error: [Callstack] 0x00007ff9abce8033 UE4Editor-Engine.dll!UnknownFunction []
[2018.12.12-06.42.08:580][513]LogOutputDevice: Error: [Callstack] 0x00007ff9abcae87c UE4Editor-Engine.dll!UnknownFunction []
[2018.12.12-06.42.08:580][513]LogOutputDevice: Error: [Callstack] 0x00007ff9abcba752 UE4Editor-Engine.dll!UnknownFunction []
[2018.12.12-06.42.08:580][513]LogOutputDevice: Error: [Callstack] 0x00007ff9ad015119 UE4Editor-Engine.dll!UnknownFunction []
[2018.12.12-06.42.08:580][513]LogOutputDevice: Error: [Callstack] 0x00007ff9ac3d3d51 UE4Editor-Engine.dll!UnknownFunction []
[2018.12.12-06.42.08:580][513]LogOutputDevice: Error: [Callstack] 0x00007ff9acff93be UE4Editor-Engine.dll!UnknownFunction []
[2018.12.12-06.42.08:580][513]LogOutputDevice: Error: [Callstack] 0x00007ff9ac3f1fed UE4Editor-Engine.dll!UnknownFunction []
[2018.12.12-06.42.08:580][513]LogOutputDevice: Error: [Callstack] 0x00007ff9aadaf989 UE4Editor-UnrealEd.dll!UnknownFunction []
[2018.12.12-06.42.08:580][513]LogOutputDevice: Error: [Callstack] 0x00007ff9aadd01ac UE4Editor-UnrealEd.dll!UnknownFunction []
[2018.12.12-06.42.08:580][513]LogOutputDevice: Error: [Callstack] 0x00007ff9aadee536 UE4Editor-UnrealEd.dll!UnknownFunction []
[2018.12.12-06.42.08:580][513]LogOutputDevice: Error: [Callstack] 0x00007ff9aa806b41 UE4Editor-UnrealEd.dll!UnknownFunction []
[2018.12.12-06.42.08:580][513]LogOutputDevice: Error: [Callstack] 0x00007ff9ab0ff666 UE4Editor-UnrealEd.dll!UnknownFunction []
[2018.12.12-06.42.08:580][513]LogOutputDevice: Error: [Callstack] 0x00007ff76a4a5cbd UE4Editor.exe!UnknownFunction []
[2018.12.12-06.42.08:580][513]LogOutputDevice: Error: [Callstack] 0x00007ff76a4b5b3c UE4Editor.exe!UnknownFunction []
[2018.12.12-06.42.08:580][513]LogOutputDevice: Error: [Callstack] 0x00007ff76a4b5bba UE4Editor.exe!UnknownFunction []
[2018.12.12-06.42.08:580][513]LogOutputDevice: Error: [Callstack] 0x00007ff76a4c3dac UE4Editor.exe!UnknownFunction []
[2018.12.12-06.42.08:580][513]LogOutputDevice: Error: [Callstack] 0x00007ff76a4c5aaa UE4Editor.exe!UnknownFunction []
[2018.12.12-06.42.08:580][513]LogOutputDevice: Error: [Callstack] 0x00007ffa1a3e3034 KERNEL32.DLL!UnknownFunction []
[2018.12.12-06.42.08:581][513]LogOutputDevice: Error: [Callstack] 0x00007ffa1b5f1471 ntdll.dll!UnknownFunction []
[2018.12.12-06.42.08:581][513]LogOutputDevice: Error: 
[2018.12.12-06.42.08:581][513]LogStats:                SubmitErrorReport -  0.000 s
[2018.12.12-06.42.09:110][513]LogStats:                    SendNewReport -  0.529 s
[2018.12.12-06.42.09:110][513]LogStats:             FDebug::EnsureFailed -  1.542 s
[2018.12.12-06.42.09:111][513]PIE: Play in editor start time for /Game/FirstPersonBP/Maps/UEDPIE_0_BillTest 2.498
[2018.12.12-06.42.09:111][513]LogBlueprintUserMessages: Late PlayInEditor Detection: Level '/Game/FirstPersonBP/Maps/BillTest.BillTest:PersistentLevel' has LevelScriptBlueprint '/Game/FirstPersonBP/Maps/BillTest.BillTest:PersistentLevel.BillTest' with GeneratedClass '/Game/FirstPersonBP/Maps/BillTest.BillTest_C' with ClassGeneratedBy '/Game/FirstPersonBP/Maps/BillTest.BillTest:PersistentLevel.BillTest'
[2018.12.12-06.42.10:101][513]LogWindows: Error: === Critical error: ===
[2018.12.12-06.42.10:101][513]LogWindows: Error: 
[2018.12.12-06.42.10:101][513]LogWindows: Error: Unhandled Exception: EXCEPTION_ACCESS_VIOLATION reading address 0x00000000
[2018.12.12-06.42.10:101][513]LogWindows: Error: 
[2018.12.12-06.42.10:101][513]LogWindows: Error: [Callstack] 0x00007ff9bafec06f UE4Editor-Core.dll!UnknownFunction []
[2018.12.12-06.42.10:101][513]LogWindows: Error: [Callstack] 0x00007ff9bafd9e38 UE4Editor-Core.dll!UnknownFunction []
[2018.12.12-06.42.10:101][513]LogWindows: Error: [Callstack] 0x00007ff9babc56df UE4Editor-Slate.dll!UnknownFunction []
[2018.12.12-06.42.10:101][513]LogWindows: Error: [Callstack] 0x00007ff9babc5f3c UE4Editor-Slate.dll!UnknownFunction []
[2018.12.12-06.42.10:101][513]LogWindows: Error: [Callstack] 0x00007ff9ba61b508 UE4Editor-SlateCore.dll!UnknownFunction []
[2018.12.12-06.42.10:101][513]LogWindows: Error: [Callstack] 0x00007ff9ba6c595d UE4Editor-SlateCore.dll!UnknownFunction []
[2018.12.12-06.42.10:101][513]LogWindows: Error: [Callstack] 0x00007ff9ba6c590d UE4Editor-SlateCore.dll!UnknownFunction []
[2018.12.12-06.42.10:101][513]LogWindows: Error: [Callstack] 0x00007ff9ba6c590d UE4Editor-SlateCore.dll!UnknownFunction []
[2018.12.12-06.42.10:101][513]LogWindows: Error: [Callstack] 0x00007ff9ba6c590d UE4Editor-SlateCore.dll!UnknownFunction []
[2018.12.12-06.42.10:101][513]LogWindows: Error: [Callstack] 0x00007ff9ba6c590d UE4Editor-SlateCore.dll!UnknownFunction []
[2018.12.12-06.42.10:101][513]LogWindows: Error: [Callstack] 0x00007ff9ba6c590d UE4Editor-SlateCore.dll!UnknownFunction []
[2018.12.12-06.42.10:101][513]LogWindows: Error: [Callstack] 0x00007ff9ba6c590d UE4Editor-SlateCore.dll!UnknownFunction []
[2018.12.12-06.42.10:101][513]LogWindows: Error: [Callstack] 0x00007ff9ba6c590d UE4Editor-SlateCore.dll!UnknownFunction []
[2018.12.12-06.42.10:101][513]LogWindows: Error: [Callstack] 0x00007ff9ba6c590d UE4Editor-SlateCore.dll!UnknownFunction []
[2018.12.12-06.42.10:101][513]LogWindows: Error: [Callstack] 0x00007ff9ba6c590d UE4Editor-SlateCore.dll!UnknownFunction []
[2018.12.12-06.42.10:101][513]LogWindows: Error: [Callstack] 0x00007ff9ba6c590d UE4Editor-SlateCore.dll!UnknownFunction []
[2018.12.12-06.42.10:101][513]LogWindows: Error: [Callstack] 0x00007ff9ba6c590d UE4Editor-SlateCore.dll!UnknownFunction []
[2018.12.12-06.42.10:101][513]LogWindows: Error: [Callstack] 0x00007ff9ba6c590d UE4Editor-SlateCore.dll!UnknownFunction []
[2018.12.12-06.42.10:102][513]LogWindows: Error: [Callstack] 0x00007ff9ba6c590d UE4Editor-SlateCore.dll!UnknownFunction []
[2018.12.12-06.42.10:102][513]LogWindows: Error: [Callstack] 0x00007ff9ba6c590d UE4Editor-SlateCore.dll!UnknownFunction []
[2018.12.12-06.42.10:102][513]LogWindows: Error: [Callstack] 0x00007ff9ba6c590d UE4Editor-SlateCore.dll!UnknownFunction []
[2018.12.12-06.42.10:102][513]LogWindows: Error: [Callstack] 0x00007ff9ba6c590d UE4Editor-SlateCore.dll!UnknownFunction []
[2018.12.12-06.42.10:102][513]LogWindows: Error: [Callstack] 0x00007ff9ba6c590d UE4Editor-SlateCore.dll!UnknownFunction []
[2018.12.12-06.42.10:102][513]LogWindows: Error: [Callstack] 0x00007ff9ba6c590d UE4Editor-SlateCore.dll!UnknownFunction []
[2018.12.12-06.42.10:102][513]LogWindows: Error: [Callstack] 0x00007ff9ba6c590d UE4Editor-SlateCore.dll!UnknownFunction []
[2018.12.12-06.42.10:102][513]LogWindows: Error: [Callstack] 0x00007ff9ba6c590d UE4Editor-SlateCore.dll!UnknownFunction []
[2018.12.12-06.42.10:102][513]LogWindows: Error: [Callstack] 0x00007ff9ba6c590d UE4Editor-SlateCore.dll!UnknownFunction []
[2018.12.12-06.42.10:102][513]LogWindows: Error: [Callstack] 0x00007ff9ba6c590d UE4Editor-SlateCore.dll!UnknownFunction []
[2018.12.12-06.42.10:102][513]LogWindows: Error: [Callstack] 0x00007ff9ba6c590d UE4Editor-SlateCore.dll!UnknownFunction []
[2018.12.12-06.42.10:102][513]LogWindows: Error: [Callstack] 0x00007ff9ba6c590d UE4Editor-SlateCore.dll!UnknownFunction []
[2018.12.12-06.42.10:102][513]LogWindows: Error: [Callstack] 0x00007ff9ba6c590d UE4Editor-SlateCore.dll!UnknownFunction []
[2018.12.12-06.42.10:102][513]LogWindows: Error: [Callstack] 0x00007ff9ba6c590d UE4Editor-SlateCore.dll!UnknownFunction []
[2018.12.12-06.42.10:102][513]LogWindows: Error: [Callstack] 0x00007ff9ba6c590d UE4Editor-SlateCore.dll!UnknownFunction []
[2018.12.12-06.42.10:102][513]LogWindows: Error: [Callstack] 0x00007ff9ba6c590d UE4Editor-SlateCore.dll!UnknownFunction []
[2018.12.12-06.42.10:102][513]LogWindows: Error: [Callstack] 0x00007ff9ba6c590d UE4Editor-SlateCore.dll!UnknownFunction []
[2018.12.12-06.42.10:102][513]LogWindows: Error: [Callstack] 0x00007ff9ba6c590d UE4Editor-SlateCore.dll!UnknownFunction []
[2018.12.12-06.42.10:102][513]LogWindows: Error: [Callstack] 0x00007ff9ba6c590d UE4Editor-SlateCore.dll!UnknownFunction []
[2018.12.12-06.42.10:102][513]LogWindows: Error: [Callstack] 0x00007ff9ba6c590d UE4Editor-SlateCore.dll!UnknownFunction []
[2018.12.12-06.42.10:102][513]LogWindows: Error: [Callstack] 0x00007ff9ba6c590d UE4Editor-SlateCore.dll!UnknownFunction []
[2018.12.12-06.42.10:102][513]LogWindows: Error: [Callstack] 0x00007ff9ba6c590d UE4Editor-SlateCore.dll!UnknownFunction []
[2018.12.12-06.42.10:102][513]LogWindows: Error: [Callstack] 0x00007ff9ba6c590d UE4Editor-SlateCore.dll!UnknownFunction []
[2018.12.12-06.42.10:102][513]LogWindows: Error: [Callstack] 0x00007ff9ba6c590d UE4Editor-SlateCore.dll!UnknownFunction []
[2018.12.12-06.42.10:102][513]LogWindows: Error: [Callstack] 0x00007ff9ba6c590d UE4Editor-SlateCore.dll!UnknownFunction []
[2018.12.12-06.42.10:102][513]LogWindows: Error: [Callstack] 0x00007ff9ba6c590d UE4Editor-SlateCore.dll!UnknownFunction []
[2018.12.12-06.42.10:102][513]LogWindows: Error: [Callstack] 0x00007ff9ba6c590d UE4Editor-SlateCore.dll!UnknownFunction []
[2018.12.12-06.42.10:102][513]LogWindows: Error: [Callstack] 0x00007ff9ba6c590d UE4Editor-SlateCore.dll!UnknownFunction []
[2018.12.12-06.42.10:102][513]LogWindows: Error: [Callstack] 0x00007ff9ba6c590d UE4Editor-SlateCore.dll!UnknownFunction []
[2018.12.12-06.42.10:102][513]LogWindows: Error: [Callstack] 0x00007ff9ba6c590d UE4Editor-SlateCore.dll!UnknownFunction []
[2018.12.12-06.42.10:102][513]LogWindows: Error: [Callstack] 0x00007ff9ba6c590d UE4Editor-SlateCore.dll!UnknownFunction []
[2018.12.12-06.42.10:102][513]LogWindows: Error: [Callstack] 0x00007ff9ba6c590d UE4Editor-SlateCore.dll!UnknownFunction []
[2018.12.12-06.42.10:103][513]LogWindows: Error: [Callstack] 0x00007ff9ba6c590d UE4Editor-SlateCore.dll!UnknownFunction []
[2018.12.12-06.42.10:103][513]LogWindows: Error: [Callstack] 0x00007ff9ba6c590d UE4Editor-SlateCore.dll!UnknownFunction []
[2018.12.12-06.42.10:103][513]LogWindows: Error: [Callstack] 0x00007ff9ba6c590d UE4Editor-SlateCore.dll!UnknownFunction []
[2018.12.12-06.42.10:103][513]LogWindows: Error: [Callstack] 0x00007ff9ba6c590d UE4Editor-SlateCore.dll!UnknownFunction []
[2018.12.12-06.42.10:103][513]LogWindows: Error: [Callstack] 0x00007ff9ba9726ac UE4Editor-Slate.dll!UnknownFunction []
[2018.12.12-06.42.10:103][513]LogWindows: Error: [Callstack] 0x00007ff9ba93d28b UE4Editor-Slate.dll!UnknownFunction []
[2018.12.12-06.42.10:103][513]LogWindows: Error: [Callstack] 0x00007ff9ba9730a5 UE4Editor-Slate.dll!UnknownFunction []
[2018.12.12-06.42.10:103][513]LogWindows: Error: [Callstack] 0x00007ff9ba93e7cf UE4Editor-Slate.dll!UnknownFunction []
[2018.12.12-06.42.10:103][513]LogWindows: Error: [Callstack] 0x00007ff9ba99f010 UE4Editor-Slate.dll!UnknownFunction []
[2018.12.12-06.42.10:103][513]LogWindows: Error: [Callstack] 0x00007ff9ba99dd17 UE4Editor-Slate.dll!UnknownFunction []
[2018.12.12-06.42.10:103][513]LogWindows: Error: [Callstack] 0x00007ff76a4a6aa7 UE4Editor.exe!UnknownFunction []
[2018.12.12-06.42.10:103][513]LogWindows: Error: [Callstack] 0x00007ff76a4b5b3c UE4Editor.exe!UnknownFunction []
[2018.12.12-06.42.10:103][513]LogWindows: Error: [Callstack] 0x00007ff76a4b5bba UE4Editor.exe!UnknownFunction []
[2018.12.12-06.42.10:103][513]LogWindows: Error: [Callstack] 0x00007ff76a4c3dac UE4Editor.exe!UnknownFunction []
[2018.12.12-06.42.10:103][513]LogWindows: Error: [Callstack] 0x00007ff76a4c5aaa UE4Editor.exe!UnknownFunction []
[2018.12.12-06.42.10:103][513]LogWindows: Error: [Callstack] 0x00007ffa1a3e3034 KERNEL32.DLL!UnknownFunction []
[2018.12.12-06.42.10:103][513]LogWindows: Error: [Callstack] 0x00007ffa1b5f1471 ntdll.dll!UnknownFunction []
[2018.12.12-06.42.10:103][513]LogWindows: Error: 
[2018.12.12-06.42.10:124][513]LogExit: Executing StaticShutdownAfterError
[2018.12.12-06.42.10:129][513]LogWindows: FPlatformMisc::RequestExit(1)
[2018.12.12-06.42.10:140][513]Log file closed, 12/12/18 01:42:10
