Log file open, 12/07/18 23:13:02
LogWindows: Failed to load 'aqProf.dll' (GetLastError=126)
LogWindows: File 'aqProf.dll' does not exist
LogWindows: Failed to load 'VSPerf140.dll' (GetLastError=126)
LogWindows: File 'VSPerf140.dll' does not exist
LogWindows: Failed to load 'VtuneApi.dll' (GetLastError=126)
LogWindows: File 'VtuneApi.dll' does not exist
LogWindows: Failed to load 'VtuneApi32e.dll' (GetLastError=126)
LogWindows: File 'VtuneApi32e.dll' does not exist
LogInit: Display: Running engine for game: TeamSadMen
LogPlatformFile: Not using cached read wrapper
LogTaskGraph: Started task graph with 5 named threads and 11 total threads with 3 sets of task threads.
LogStats: Stats thread started at 0.263547
LogD3D11RHI: Loaded GFSDK_Aftermath_Lib.x64.dll
LogICUInternationalization: Display: ICU TimeZone Detection - Raw Offset: -5:00, Platform Override: ''
LogPluginManager: Mounting plugin Paper2D
LogPluginManager: Mounting plugin AISupport
LogPluginManager: Mounting plugin LightPropagationVolume
LogPluginManager: Mounting plugin CLionSourceCodeAccess
LogPluginManager: Mounting plugin CodeLiteSourceCodeAccess
LogPluginManager: Mounting plugin GitSourceControl
LogPluginManager: Mounting plugin KDevelopSourceCodeAccess
LogPluginManager: Mounting plugin NullSourceCodeAccess
LogPluginManager: Mounting plugin PerforceSourceControl
LogPluginManager: Mounting plugin SubversionSourceControl
LogPluginManager: Mounting plugin UObjectPlugin
LogPluginManager: Mounting plugin VisualStudioCodeSourceCodeAccess
LogPluginManager: Mounting plugin VisualStudioSourceCodeAccess
LogPluginManager: Mounting plugin XCodeSourceCodeAccess
LogPluginManager: Mounting plugin AssetManagerEditor
LogPluginManager: Mounting plugin CryptoKeys
LogPluginManager: Mounting plugin DataValidation
LogPluginManager: Mounting plugin FacialAnimation
LogPluginManager: Mounting plugin GameplayTagsEditor
LogPluginManager: Mounting plugin MacGraphicsSwitching
LogPluginManager: Mounting plugin MeshEditor
LogPluginManager: Mounting plugin MobileLauncherProfileWizard
LogPluginManager: Mounting plugin PluginBrowser
LogPluginManager: Mounting plugin SpeedTreeImporter
LogPluginManager: Mounting plugin DatasmithContent
LogPluginManager: Mounting plugin AlembicImporter
LogPluginManager: Mounting plugin AppleImageUtils
LogPluginManager: Mounting plugin AppleVision
LogPluginManager: Mounting plugin BackChannel
LogPluginManager: Mounting plugin CharacterAI
LogPluginManager: Mounting plugin GeometryCache
LogPluginManager: Mounting plugin HTML5Networking
LogPluginManager: Mounting plugin ProxyLODPlugin
LogPluginManager: Mounting plugin MagicLeap
LogPluginManager: Mounting plugin MagicLeapEmulator
LogPluginManager: Mounting plugin MagicLeapMedia
LogPluginManager: Mounting plugin AndroidMedia
LogPluginManager: Mounting plugin AvfMedia
LogPluginManager: Mounting plugin ImgMedia
LogPluginManager: Mounting plugin LinearTimecode
LogPluginManager: Mounting plugin MediaCompositing
LogPluginManager: Mounting plugin MediaPlayerEditor
LogPluginManager: Mounting plugin WmfMedia
LogPluginManager: Mounting plugin TcpMessaging
LogPluginManager: Mounting plugin UdpMessaging
LogPluginManager: Mounting plugin ActorSequence
LogPluginManager: Mounting plugin LevelSequenceEditor
LogPluginManager: Mounting plugin MatineeToLevelSequence
LogPluginManager: Mounting plugin NetcodeUnitTest
LogPluginManager: Mounting plugin NUTUnrealEngine4
LogPluginManager: Mounting plugin OnlineSubsystemGooglePlay
LogPluginManager: Mounting plugin OnlineSubsystemIOS
LogPluginManager: Mounting plugin OnlineSubsystem
LogPluginManager: Mounting plugin OnlineSubsystemNull
LogPluginManager: Mounting plugin OnlineSubsystemUtils
LogPluginManager: Mounting plugin LauncherChunkInstaller
LogPluginManager: Mounting plugin AndroidDeviceProfileSelector
LogPluginManager: Mounting plugin AndroidMoviePlayer
LogPluginManager: Mounting plugin AndroidPermission
LogPluginManager: Mounting plugin AppleMoviePlayer
LogPluginManager: Mounting plugin ArchVisCharacter
LogPluginManager: Mounting plugin AudioCapture
LogPluginManager: Mounting plugin CableComponent
LogPluginManager: Mounting plugin CustomMeshComponent
LogPluginManager: Mounting plugin EditableMesh
LogPluginManager: Mounting plugin ExampleDeviceProfileSelector
LogPluginManager: Mounting plugin GoogleCloudMessaging
LogPluginManager: Mounting plugin ImmediatePhysics
LogPluginManager: Mounting plugin IOSDeviceProfileSelector
LogPluginManager: Mounting plugin LinuxDeviceProfileSelector
LogPluginManager: Mounting plugin LocationServicesBPLibrary
LogPluginManager: Mounting plugin MobilePatchingUtils
LogPluginManager: Mounting plugin OculusVR
LogPluginManager: Plugin shader directory ../../../Engine/Plugins/Runtime/Oculus/OculusVR/Shaders found
LogPluginManager: Mapping shader source directory ../../../Engine/Plugins/Runtime/Oculus/OculusVR/Shaders to virtual directory /Plugin/OculusVR
LogPluginManager: Mounting plugin PhysXVehicles
LogPluginManager: Mounting plugin ProceduralMeshComponent
LogPluginManager: Mounting plugin RuntimePhysXCooking
LogPluginManager: Mounting plugin SteamVR
LogPluginManager: Mounting plugin WindowsMoviePlayer
LogStreaming: Display: Took  0.266s to configure plugins.
LogInit: Using libcurl 7.55.1-DEV
LogInit:  - built for x86_64-pc-win32
LogInit:  - supports SSL with OpenSSL/1.0.2h
LogInit:  - supports HTTP deflate (compression) using libz 1.2.8
LogInit:  - other features:
LogInit:      CURL_VERSION_SSL
LogInit:      CURL_VERSION_LIBZ
LogInit:      CURL_VERSION_IPV6
LogInit:      CURL_VERSION_ASYNCHDNS
LogInit:      CURL_VERSION_LARGEFILE
LogInit:      CURL_VERSION_IDN
LogInit:  CurlRequestOptions (configurable via config and command line):
LogInit:  - bVerifyPeer = false  - Libcurl will NOT verify peer certificate
LogInit:  - bUseHttpProxy = false  - Libcurl will NOT use HTTP proxy
LogInit:  - bDontReuseConnections = false  - Libcurl will reuse connections
LogInit:  - CertBundlePath = nullptr  - Libcurl will use whatever was configured at build time.
LogInit:  - MaxHostConnections = 16  - Libcurl will limit the number of connections to a host
LogInit:  - LocalHostAddr = Default
LogInit:  - BufferSize = 65536
LogInit: WinSock: version 1.1 (2.2), MaxSocks=32767, MaxUdp=65467
LogInit: Build: ++UE4+Release-4.20-CL-4369336
LogInit: Engine Version: 4.20.3-4369336+++UE4+Release-4.20
LogInit: Compatible Engine Version: 4.20.0-4212847+++UE4+Release-4.20
LogInit: Net CL: 4212847
LogInit: OS: Windows 10 (), CPU: Intel(R) Core(TM) i7-6600U CPU @ 2.60GHz, GPU: Intel(R) HD Graphics 520
LogInit: Compiled (64-bit): Sep 17 2018 12:26:19
LogInit: Compiled with Visual C++: 19.13.26129.00
LogInit: Build Configuration: Development
LogInit: Branch Name: ++UE4+Release-4.20
LogInit: Command Line: -EpicPortal  -epicusername="BlueTinge" -epicuserid=215950167ed840aeb891af1096fa62dd -epiclocale=en-US
LogInit: Base Directory: C:/Program Files/Epic Games/UE_4.20/Engine/Binaries/Win64/
LogInit: Installed Engine Build: 1
LogDevObjectVersion: Number of dev versions registered: 20
LogDevObjectVersion:   Dev-Blueprints (B0D832E4-1F89-4F0D-ACCF-7EB736FD4AA2): 10
LogDevObjectVersion:   Dev-Build (E1C64328-A22C-4D53-A36C-8E866417BD8C): 0
LogDevObjectVersion:   Dev-Core (375EC13C-06E4-48FB-B500-84F0262A717E): 2
LogDevObjectVersion:   Dev-Editor (E4B068ED-F494-42E9-A231-DA0B2E46BB41): 24
LogDevObjectVersion:   Dev-Framework (CFFC743F-43B0-4480-9391-14DF171D2073): 34
LogDevObjectVersion:   Dev-Mobile (B02B49B5-BB20-44E9-A304-32B752E40360): 2
LogDevObjectVersion:   Dev-Networking (A4E4105C-59A1-49B5-A7C5-40C4547EDFEE): 0
LogDevObjectVersion:   Dev-Online (39C831C9-5AE6-47DC-9A44-9C173E1C8E7C): 0
LogDevObjectVersion:   Dev-Physics (78F01B33-EBEA-4F98-B9B4-84EACCB95AA2): 0
LogDevObjectVersion:   Dev-Platform (6631380F-2D4D-43E0-8009-CF276956A95A): 0
LogDevObjectVersion:   Dev-Rendering (12F88B9F-8875-4AFC-A67C-D90C383ABD29): 26
LogDevObjectVersion:   Dev-Sequencer (7B5AE74C-D270-4C10-A958-57980B212A5A): 9
LogDevObjectVersion:   Dev-VR (D7296918-1DD6-4BDD-9DE2-64A83CC13884): 2
LogDevObjectVersion:   Dev-LoadTimes (C2A15278-BFE7-4AFE-6C17-90FF531DF755): 1
LogDevObjectVersion:   Private-Geometry (6EACA3D4-40EC-4CC1-B786-8BED09428FC5): 3
LogDevObjectVersion:   Dev-AnimPhys (29E575DD-E0A3-4627-9D10-D276232CDCEA): 17
LogDevObjectVersion:   Dev-ReflectionCapture (6B266CEC-1EC7-4B8F-A30B-E4D90942FC07): 1
LogDevObjectVersion:   Dev-Automation (0DF73D61-A23F-47EA-B727-89E90C41499A): 1
LogDevObjectVersion:   FortniteMain (601D1886-AC64-4F84-AA16-D3DE0DEAC7D6): 12
LogDevObjectVersion:   Dev-Enterprise (9DFFBCD6-494F-0158-E221-12823C92A888): 1
LogStreaming: Display: Took  0.006s to delete old logs.
LogInit: Presizing for max 8388607 objects, including 0 objects not considered by GC, pre-allocating 0 bytes for permanent pool.
LogInit: Object subsystem initialized
[2018.12.08-04.13.02:831][  0]LogInit: Selected Device Profile: [Windows]
[2018.12.08-04.13.02:831][  0]LogInit: Applying CVar settings loaded from the selected device profile: [Windows]
[2018.12.08-04.13.02:873][  0]LogHAL: Display: Platform has ~ 8 GB [7960453120 / 8589934592 / 8], which maps to Default [LargestMinGB=32, LargerMinGB=12, DefaultMinGB=8, SmallerMinGB=6, SmallestMinGB=0)
[2018.12.08-04.13.02:873][  0]LogInit: Setting Device Profile CVar: [[r.Vulkan.UseRealUBs:1]]
[2018.12.08-04.13.02:873][  0]LogInit: Going up to parent DeviceProfile []
[2018.12.08-04.13.02:874][  0]LogInit: Computer: DESKTOP-T8OATV8
[2018.12.08-04.13.02:874][  0]LogInit: User: frankj6
[2018.12.08-04.13.02:874][  0]LogInit: CPU Page size=4096, Cores=2
[2018.12.08-04.13.02:874][  0]LogInit: High frequency timer resolution =2.742185 MHz
[2018.12.08-04.13.02:874][  0]LogMemory: Memory total: Physical=7.4GB (8GB approx)
[2018.12.08-04.13.02:874][  0]LogMemory: Platform Memory Stats for Windows
[2018.12.08-04.13.02:875][  0]LogMemory: Process Physical Memory: 100.23 MB used, 100.23 MB peak
[2018.12.08-04.13.02:875][  0]LogMemory: Process Virtual Memory: 84.44 MB used, 84.44 MB peak
[2018.12.08-04.13.02:875][  0]LogMemory: Physical Memory: 6123.03 MB used,  1468.65 MB free, 7591.68 MB total
[2018.12.08-04.13.02:875][  0]LogMemory: Virtual Memory: 4616.27 MB used,  1468.65 MB free, 134217728.00 MB total
[2018.12.08-04.13.02:909][  0]LogInit: Using OS detected language (en-US).
[2018.12.08-04.13.02:909][  0]LogInit: Using OS detected locale (en-US).
[2018.12.08-04.13.02:910][  0]LogTextLocalizationManager: No specific localization for 'en-US' exists, so the 'en' localization will be used.
[2018.12.08-04.13.03:579][  0]LogStreaming: Display: Took  0.670s to InitEngineTextLocalization.
[2018.12.08-04.13.03:579][  0]LogInit: Setting process to per monitor DPI aware
[2018.12.08-04.13.03:644][  0]LogSlate: New Slate User Created.  User Index 0, Is Virtual User: 0
[2018.12.08-04.13.03:644][  0]LogSlate: Slate User Registered.  User Index 0, Is Virtual User: 0
[2018.12.08-04.13.04:035][  0]LogHMD: Failed to initialize OpenVR with code 110
[2018.12.08-04.13.04:035][  0]LogD3D11RHI: D3D11 adapters:
[2018.12.08-04.13.04:071][  0]LogD3D11RHI:    0. 'Intel(R) HD Graphics 520' (Feature Level 11_0)
[2018.12.08-04.13.04:071][  0]LogD3D11RHI:       128/0/3795 MB DedicatedVideo/DedicatedSystem/SharedSystem, Outputs:1, VendorId:0x8086
[2018.12.08-04.13.04:074][  0]LogD3D11RHI:    1. 'Microsoft Basic Render Driver' (Feature Level 11_0)
[2018.12.08-04.13.04:074][  0]LogD3D11RHI:       0/0/3795 MB DedicatedVideo/DedicatedSystem/SharedSystem, Outputs:0, VendorId:0x1414
[2018.12.08-04.13.04:074][  0]LogD3D11RHI: Chosen D3D11 Adapter: 0
[2018.12.08-04.13.04:088][  0]LogD3D11RHI: Creating new Direct3DDevice
[2018.12.08-04.13.04:088][  0]LogD3D11RHI:     GPU DeviceId: 0x1916 (for the marketing name, search the web for "GPU Device Id")
[2018.12.08-04.13.04:088][  0]LogWindows: EnumDisplayDevices:
[2018.12.08-04.13.04:089][  0]LogWindows:    0. 'Intel(R) HD Graphics 520' (P:1 D:1)
[2018.12.08-04.13.04:090][  0]LogWindows:    1. 'Intel(R) HD Graphics 520' (P:0 D:0)
[2018.12.08-04.13.04:091][  0]LogWindows:    2. 'Intel(R) HD Graphics 520' (P:0 D:0)
[2018.12.08-04.13.04:091][  0]LogWindows: DebugString: FoundDriverCount:3 
[2018.12.08-04.13.04:091][  0]LogD3D11RHI:     Adapter Name: Intel(R) HD Graphics 520
[2018.12.08-04.13.04:091][  0]LogD3D11RHI:   Driver Version: 24.20.100.6170 (internal:24.20.100.6170, unified:24.20.100.6170)
[2018.12.08-04.13.04:092][  0]LogD3D11RHI:      Driver Date: 6-18-2018
[2018.12.08-04.13.04:092][  0]LogRHI: Texture pool is 1418 MB (70% of 2025 MB)
[2018.12.08-04.13.04:119][  0]LogD3D11RHI: Async texture creation enabled
[2018.12.08-04.13.04:133][  0]LogD3D11RHI: GPU Timing Frequency: 12.000048 (Debug: 2 0)
[2018.12.08-04.13.04:135][  0]LogShaderCompilers: Guid format shader working directory is -37 characters bigger than the processId version (../../../../../../Users/frankj6/Documents/GameDevOne/TeamSadMen/TeamSadMen/TeamSadMen/Intermediate/Shaders/WorkingDirectory/8412/).
[2018.12.08-04.13.04:135][  0]LogShaderCompilers: Cleaned the shader compiler working directory 'C:/Users/frankj6/AppData/Local/Temp/UnrealShaderWorkingDir/E21D46B84B75D2ACC898F98C822DD6DF/'.
[2018.12.08-04.13.05:220][  0]LogTemp: Display: Loaded TP AllDesktopTargetPlatform
[2018.12.08-04.13.05:250][  0]LogTemp: Display: Loaded TP MacClientTargetPlatform
[2018.12.08-04.13.05:280][  0]LogTemp: Display: Loaded TP MacNoEditorTargetPlatform
[2018.12.08-04.13.05:309][  0]LogTemp: Display: Loaded TP MacServerTargetPlatform
[2018.12.08-04.13.05:340][  0]LogTemp: Display: Loaded TP MacTargetPlatform
[2018.12.08-04.13.05:376][  0]LogTemp: Display: Loaded TP WindowsClientTargetPlatform
[2018.12.08-04.13.05:409][  0]LogTemp: Display: Loaded TP WindowsNoEditorTargetPlatform
[2018.12.08-04.13.05:442][  0]LogTemp: Display: Loaded TP WindowsServerTargetPlatform
[2018.12.08-04.13.05:457][  0]LogTemp: Display: Loaded TP WindowsTargetPlatform
[2018.12.08-04.13.05:648][  0]LogTemp: Display: Loaded TP AndroidTargetPlatform
[2018.12.08-04.13.05:648][  0]LogTemp: Display: Loaded TP AndroidTargetPlatform
[2018.12.08-04.13.05:648][  0]LogTemp: Display: Loaded TP AndroidTargetPlatform
[2018.12.08-04.13.05:648][  0]LogTemp: Display: Loaded TP AndroidTargetPlatform
[2018.12.08-04.13.05:648][  0]LogTemp: Display: Loaded TP AndroidTargetPlatform
[2018.12.08-04.13.05:648][  0]LogTemp: Display: Loaded TP AndroidTargetPlatform
[2018.12.08-04.13.05:648][  0]LogTemp: Display: Loaded TP AndroidTargetPlatform
[2018.12.08-04.13.05:648][  0]LogTemp: Display: Loaded TP AndroidTargetPlatform
[2018.12.08-04.13.05:648][  0]LogTemp: Display: Loaded TP AndroidTargetPlatform
[2018.12.08-04.13.05:648][  0]LogTemp: Display: Loaded TP AndroidTargetPlatform
[2018.12.08-04.13.05:648][  0]LogTemp: Display: Loaded TP AndroidTargetPlatform
[2018.12.08-04.13.05:648][  0]LogTemp: Display: Loaded TP AndroidTargetPlatform
[2018.12.08-04.13.05:648][  0]LogTemp: Display: Loaded TP AndroidTargetPlatform
[2018.12.08-04.13.05:649][  0]LogTemp: Display: Loaded TP AndroidTargetPlatform
[2018.12.08-04.13.05:649][  0]LogTemp: Display: Loaded TP AndroidTargetPlatform
[2018.12.08-04.13.05:649][  0]LogTemp: Display: Loaded TP AndroidTargetPlatform
[2018.12.08-04.13.05:649][  0]LogTemp: Display: Loaded TP AndroidTargetPlatform
[2018.12.08-04.13.05:649][  0]LogTemp: Display: Loaded TP AndroidTargetPlatform
[2018.12.08-04.13.05:651][  0]LogTemp: Display: Loaded TP HTML5TargetPlatform
[2018.12.08-04.13.05:739][  0]LogTemp: Display: Loaded TP IOSTargetPlatform
[2018.12.08-04.13.05:739][  0]LogTemp: Display: Loaded TP IOSTargetPlatform
[2018.12.08-04.13.05:780][  0]LogTemp: Display: Loaded TP TVOSTargetPlatform
[2018.12.08-04.13.05:780][  0]LogTemp: Display: Loaded TP TVOSTargetPlatform
[2018.12.08-04.13.05:807][  0]LogTemp: Display: Loaded TP LinuxClientTargetPlatform
[2018.12.08-04.13.05:831][  0]LogTemp: Display: Loaded TP LinuxNoEditorTargetPlatform
[2018.12.08-04.13.05:854][  0]LogTemp: Display: Loaded TP LinuxServerTargetPlatform
[2018.12.08-04.13.05:877][  0]LogTemp: Display: Loaded TP LinuxTargetPlatform
[2018.12.08-04.13.05:895][  0]LogTemp: Display: Loaded TP LuminTargetPlatform
[2018.12.08-04.13.05:895][  0]LogTargetPlatformManager: Display: Building Assets For Windows
[2018.12.08-04.13.06:000][  0]LogXGEController: Cannot use XGE Controller as Incredibuild is not installed on this machine.
[2018.12.08-04.13.06:000][  0]LogShaderCompilers: Cannot use XGE Shader Compiler as Incredibuild is not installed on this machine.
[2018.12.08-04.13.06:000][  0]LogShaderCompilers: Display: Using Local Shader Compiler.
[2018.12.08-04.13.07:343][  0]LogDerivedDataCache: Display: Max Cache Size: 512 MB
[2018.12.08-04.13.07:431][  0]LogDerivedDataCache: Loaded boot cache 0.09s 71MB C:/Users/frankj6/AppData/Local/UnrealEngine/4.20/DerivedDataCache/Boot.ddc.
[2018.12.08-04.13.07:433][  0]LogDerivedDataCache: Display: Loaded Boot cache: C:/Users/frankj6/AppData/Local/UnrealEngine/4.20/DerivedDataCache/Boot.ddc
[2018.12.08-04.13.07:433][  0]LogDerivedDataCache: FDerivedDataBackendGraph:  Pak pak cache file ../../../../../../Users/frankj6/Documents/GameDevOne/TeamSadMen/TeamSadMen/TeamSadMen/DerivedDataCache/DDC.ddp not found, will not use a pak cache.
[2018.12.08-04.13.07:433][  0]LogDerivedDataCache: Unable to find inner node Pak for hierarchical cache Hierarchy.
[2018.12.08-04.13.07:434][  0]LogDerivedDataCache: FDerivedDataBackendGraph:  CompressedPak pak cache file ../../../../../../Users/frankj6/Documents/GameDevOne/TeamSadMen/TeamSadMen/TeamSadMen/DerivedDataCache/Compressed.ddp not found, will not use a pak cache.
[2018.12.08-04.13.07:434][  0]LogDerivedDataCache: Unable to find inner node CompressedPak for hierarchical cache Hierarchy.
[2018.12.08-04.13.07:454][  0]LogDerivedDataCache: Display: Pak cache opened for reading ../../../Engine/DerivedDataCache/Compressed.ddp.
[2018.12.08-04.13.07:467][  0]LogDerivedDataCache: Using Local data cache path C:/Users/frankj6/AppData/Local/UnrealEngine/Common/DerivedDataCache: Writable
[2018.12.08-04.13.07:467][  0]LogDerivedDataCache: Shared data cache path not found in *engine.ini, will not use an Shared cache.
[2018.12.08-04.13.07:467][  0]LogDerivedDataCache: Unable to find inner node Shared for hierarchical cache Hierarchy.
[2018.12.08-04.13.07:503][  0]LogMaterial: Verifying Global Shaders for PCD3D_SM5
[2018.12.08-04.13.07:505][  0]LogSlate: Using FreeType 2.6.0
[2018.12.08-04.13.07:506][  0]LogSlate: SlateFontServices - WITH_FREETYPE: 1, WITH_HARFBUZZ: 1
[2018.12.08-04.13.07:618][  0]LogAssetRegistry: FAssetRegistry took 0.0307 seconds to start up
[2018.12.08-04.13.08:295][  0]LogInit: Selected Device Profile: [Windows]
[2018.12.08-04.13.08:564][  0]LogSimplygon: Simplygon DLL not present - disabling.
[2018.12.08-04.13.08:570][  0]LogMeshReduction: Using SimplygonSwarm for distributed automatic mesh merging
[2018.12.08-04.13.08:570][  0]LogMeshReduction: Using ProxyLODMeshReduction for automatic mesh merging
[2018.12.08-04.13.08:570][  0]LogMeshReduction: Using QuadricMeshReduction for automatic static mesh reduction
[2018.12.08-04.13.08:570][  0]LogMeshReduction: No automatic skeletal mesh reduction module available
[2018.12.08-04.13.08:595][  0]LogNetVersion: TeamSadMen 1.0.0, NetCL: 4212847, EngineNetVer: 5, GameNetVer: 0 (Checksum: 1220547581)
[2018.12.08-04.13.09:586][  0]LogPackageLocalizationCache: Processed 11 localized package path(s) for 2 prioritized culture(s) in 0.312420 seconds
[2018.12.08-04.13.09:593][  0]LogUObjectArray: 38425 objects as part of root set at end of initial load.
[2018.12.08-04.13.09:593][  0]LogUObjectAllocator: 6690872 out of 0 bytes used by permanent object pool.
[2018.12.08-04.13.09:593][  0]LogUObjectArray: CloseDisregardForGC: 0/0 objects in disregard for GC pool
[2018.12.08-04.13.10:947][  0]LogTcpMessaging: Initializing TcpMessaging bridge
[2018.12.08-04.13.10:961][  0]LogUdpMessaging: Initializing bridge on interface 0.0.0.0:0 to multicast group 230.0.0.1:6666.
[2018.12.08-04.13.11:207][  0]SourceControl: Source control is disabled
[2018.12.08-04.13.11:207][  0]SourceControl: Source control is disabled
[2018.12.08-04.13.11:209][  0]SourceControl: Source control is disabled
[2018.12.08-04.13.11:211][  0]SourceControl: Source control is disabled
[2018.12.08-04.13.11:433][  0]LogAndroidPermission: UAndroidPermissionCallbackProxy::GetInstance
[2018.12.08-04.13.11:507][  0]LogOcInput: OculusInput pre-init called
[2018.12.08-04.13.11:594][  0]LogEngine: Initializing Engine...
[2018.12.08-04.13.11:595][  0]LogHMD: Failed to initialize OpenVR with code 110
[2018.12.08-04.13.11:599][  0]LogStats: UGameplayTagsManager::ConstructGameplayTagTree: ImportINI prefixes -  0.000 s
[2018.12.08-04.13.11:600][  0]LogStats: UGameplayTagsManager::ConstructGameplayTagTree: Construct from data asset -  0.000 s
[2018.12.08-04.13.11:601][  0]LogStats: UGameplayTagsManager::ConstructGameplayTagTree: ImportINI -  0.002 s
[2018.12.08-04.13.11:601][  0]LogStats: UGameplayTagsManager::ConstructGameplayTagTree: GameplayTagTreeChangedEvent.Broadcast -  0.000 s
[2018.12.08-04.13.11:982][  0]LogInit: Initializing FReadOnlyCVARCache
[2018.12.08-04.13.12:013][  0]LogAIModule: Creating AISystem for world Untitled
[2018.12.08-04.13.12:080][  0]LogInit: XAudio2 using 'Speaker/HP (Realtek High Definition Audio)' : 2 channels at 48 kHz using 32 bits per sample (channel mask 0x3)
[2018.12.08-04.13.12:248][  0]LogInit: FAudioDevice initialized.
[2018.12.08-04.13.12:248][  0]LogNetVersion: Set ProjectVersion to 1.0.0.0. Version Checksum will be recalculated on next use.
[2018.12.08-04.13.12:520][  0]LogDerivedDataCache: Saved boot cache 0.27s 71MB C:/Users/frankj6/AppData/Local/UnrealEngine/4.20/DerivedDataCache/Boot.ddc.
[2018.12.08-04.13.12:526][  0]LogInit: Texture streaming: Enabled
[2018.12.08-04.13.12:556][  0]LogEngineSessionManager: EngineSessionManager initialized
[2018.12.08-04.13.12:586][  0]LogInit: Transaction tracking system initialized
[2018.12.08-04.13.12:627][  0]BlueprintLog: New page: Editor Load
[2018.12.08-04.13.12:760][  0]LocalizationService: Localization service is disabled
[2018.12.08-04.13.13:328][  0]LogCook: Display: Max memory allowance for cook 16384mb min free memory 0mb
[2018.12.08-04.13.13:328][  0]LogCook: Display: Mobile HDR setting 1
[2018.12.08-04.13.13:329][  0]LogGameplayTags: Display: UGameplayTagsManager::DoneAddingNativeTags. DelegateIsBound: 0
[2018.12.08-04.13.13:329][  0]LogStats: UGameplayTagsManager::ConstructGameplayTagTree: ImportINI prefixes -  0.000 s
[2018.12.08-04.13.13:329][  0]LogStats: UGameplayTagsManager::ConstructGameplayTagTree: Construct from data asset -  0.000 s
[2018.12.08-04.13.13:329][  0]LogStats: UGameplayTagsManager::ConstructGameplayTagTree: ImportINI -  0.000 s
[2018.12.08-04.13.13:329][  0]LogStats: UGameplayTagsManager::ConstructGameplayTagTree: GameplayTagTreeChangedEvent.Broadcast -  0.000 s
[2018.12.08-04.13.13:562][  0]LogFileCache: Scanning file cache for directory 'C:/Users/frankj6/Documents/GameDevOne/TeamSadMen/TeamSadMen/TeamSadMen/Content/' took 0.03s
[2018.12.08-04.13.13:562][  0]SourceControl: Source control is disabled
[2018.12.08-04.13.13:562][  0]Cmd: MAP LOAD FILE="../../../../../../Users/frankj6/Documents/GameDevOne/TeamSadMen/TeamSadMen/TeamSadMen/Content/FirstPersonBP/Maps/FirstPersonExampleMap.umap" TEMPLATE=0 SHOWPROGRESS=1 FEATURELEVEL=3
[2018.12.08-04.13.13:591][  0]LightingResults: New page: Lighting Build
[2018.12.08-04.13.13:595][  0]MapCheck: New page: Map Check
[2018.12.08-04.13.13:595][  0]LightingResults: New page: Lighting Build
[2018.12.08-04.13.15:672][  0]LogAIModule: Creating AISystem for world FirstPersonExampleMap
[2018.12.08-04.13.15:712][  0]LogEditorServer: Finished looking for orphan Actors (0.000 secs)
[2018.12.08-04.13.15:740][  0]Cmd: MAP CHECKDEP NOCLEARLOG
[2018.12.08-04.13.15:872][  0]MapCheck: Map check complete: 0 Error(s), 0 Warning(s), took 130.709ms to complete.
[2018.12.08-04.13.15:872][  0]LogFileHelpers: Loading map 'FirstPersonExampleMap' took 2.310
[2018.12.08-04.13.16:064][  0]LogSlate: Updating window title bar state: overlay mode, drag disabled, window buttons hidden, title bar hidden
[2018.12.08-04.13.16:075][  0]LogSlate: Updating window title bar state: overlay mode, drag disabled, window buttons hidden, title bar hidden
[2018.12.08-04.13.16:087][  0]LogSlate: Updating window title bar state: overlay mode, drag disabled, window buttons hidden, title bar hidden
[2018.12.08-04.13.16:100][  0]LogSlate: Updating window title bar state: overlay mode, drag disabled, window buttons hidden, title bar hidden
[2018.12.08-04.13.16:121][  0]LogCollectionManager: Loaded 0 collections in 0.001836 seconds
[2018.12.08-04.13.16:174][  0]LogFileCache: Scanning file cache for directory 'C:/Users/frankj6/Documents/GameDevOne/TeamSadMen/TeamSadMen/TeamSadMen/Saved/Collections/' took 0.01s
[2018.12.08-04.13.16:174][  0]LogFileCache: Scanning file cache for directory 'C:/Users/frankj6/Documents/GameDevOne/TeamSadMen/TeamSadMen/TeamSadMen/Content/Developers/frankj6/Collections/' took 0.01s
[2018.12.08-04.13.16:174][  0]LogFileCache: Scanning file cache for directory 'C:/Users/frankj6/Documents/GameDevOne/TeamSadMen/TeamSadMen/TeamSadMen/Content/Collections/' took 0.01s
[2018.12.08-04.13.16:174][  0]LogCollectionManager: Rebuilt the GUID cache for 0 collections in 0.000001 seconds
[2018.12.08-04.13.16:192][  0]LogContentBrowser: Native class hierarchy populated in 0.0160 seconds. Added 2572 classes and 603 folders.
[2018.12.08-04.13.16:207][  0]LogContentBrowser: Native class hierarchy updated for 'WidgetCarousel' in 0.0003 seconds. Added 0 classes and 0 folders.
[2018.12.08-04.13.16:967][  0]LogContentBrowser: Native class hierarchy updated for 'AddContentDialog' in 0.0005 seconds. Added 0 classes and 0 folders.
[2018.12.08-04.13.16:983][  0]LogContentBrowser: Native class hierarchy updated for 'SceneOutliner' in 0.0004 seconds. Added 1 classes and 2 folders.
[2018.12.08-04.13.17:134][  0]LogSlate: Took 0.000273 seconds to synchronously load lazily loaded font '../../../Engine/Content/Slate/Fonts/Roboto-Regular.ttf' (155K)
[2018.12.08-04.13.17:137][  0]LogSlate: Took 0.000303 seconds to synchronously load lazily loaded font '../../../Engine/Content/Slate/Fonts/Roboto-Bold.ttf' (160K)
[2018.12.08-04.13.17:160][  0]LogSlate: Took 0.011059 seconds to synchronously load lazily loaded font '../../../Engine/Content/Editor/Slate/Fonts/FontAwesome.ttf' (139K)
[2018.12.08-04.13.17:417][  0]LogRenderer: Reallocating scene render targets to support 964x436 Format 10 NumSamples 1 (Frame:1).
[2018.12.08-04.13.18:067][  0]LogContentBrowser: Native class hierarchy updated for 'HierarchicalLODOutliner' in 0.0004 seconds. Added 0 classes and 0 folders.
[2018.12.08-04.13.18:067][  0]LogLoad: (Engine Initialization) Total time: 18.03 seconds
[2018.12.08-04.13.18:067][  0]LogLoad: (Engine Initialization) Total Blueprint compile time: 0.00 seconds
[2018.12.08-04.13.18:086][  0]LogWindowsTextInputMethodSystem: Display: IME system now deactivated.
[2018.12.08-04.13.18:104][  0]LogContentStreaming: Texture pool size now 1000 MB
[2018.12.08-04.13.18:145][  0]LogSlate: Took 0.011979 seconds to synchronously load lazily loaded font '../../../Engine/Content/Slate/Fonts/Roboto-Light.ttf' (167K)
[2018.12.08-04.13.18:505][  2]LogAssetRegistry: Asset discovery search completed in 10.9097 seconds
[2018.12.08-04.13.18:509][  2]LogCollectionManager: Rebuilt the object cache for 0 collections in 0.000001 seconds (found 0 objects)
[2018.12.08-04.13.18:509][  2]LogCollectionManager: Fixed up redirectors for 0 collections in 0.000135 seconds (updated 0 objects)
[2018.12.08-04.13.59:961][103]LogSlate: FSceneViewport::OnFocusLost() reason 0
[2018.12.08-04.14.01:593][148]LogSlate: Took 0.000334 seconds to synchronously load lazily loaded font '../../../Engine/Content/Slate/Fonts/Roboto-Light.ttf' (167K)
[2018.12.08-04.14.01:854][148]LogAIModule: Creating AISystem for world BillTest
[2018.12.08-04.14.01:860][148]LogAssetEditorManager: Opening Asset editor for World /Game/FirstPersonBP/Maps/BillTest.BillTest
[2018.12.08-04.14.01:887][148]Cmd: MAP LOAD FILE="../../../../../../Users/frankj6/Documents/GameDevOne/TeamSadMen/TeamSadMen/TeamSadMen/Content/FirstPersonBP/Maps/BillTest.umap" TEMPLATE=0 SHOWPROGRESS=1 FEATURELEVEL=3
[2018.12.08-04.14.01:887][148]LightingResults: New page: Lighting Build
[2018.12.08-04.14.01:887][148]LoadErrors: New page: Loading map: BillTest.umap
[2018.12.08-04.14.01:888][148]MapCheck: New page: Map Check
[2018.12.08-04.14.01:888][148]LightingResults: New page: Lighting Build
[2018.12.08-04.14.01:991][148]LogEditorServer: Finished looking for orphan Actors (0.000 secs)
[2018.12.08-04.14.02:059][148]Cmd: MAP CHECKDEP NOCLEARLOG
[2018.12.08-04.14.02:196][148]MapCheck: Map check complete: 0 Error(s), 0 Warning(s), took 136.44ms to complete.
[2018.12.08-04.14.02:196][148]LogFileHelpers: Loading map 'BillTest' took 0.310
[2018.12.08-04.14.08:702][300]LogAssetEditorManager: Opening Asset editor for WidgetBlueprint /Game/FirstPersonBP/Blueprints/BillOptionWidget.BillOptionWidget
[2018.12.08-04.14.10:238][300]LogContentBrowser: Native class hierarchy updated for 'BlueprintGraph' in 0.0007 seconds. Added 116 classes and 0 folders.
[2018.12.08-04.14.11:437][300]LogSlate: Took 0.007740 seconds to synchronously load lazily loaded font '../../../Engine/Content/Slate/Fonts/Roboto-BoldCondensed.ttf' (158K)
[2018.12.08-04.14.40:624][974]LogSlate: Took 0.024025 seconds to synchronously load lazily loaded font '../../../Engine/Content/SlateDebug/Fonts/LastResort.ttf' (5269K)
[2018.12.08-04.14.44:847][ 59]LogSavePackage: Moving '../../../../../../Users/frankj6/Documents/GameDevOne/TeamSadMen/TeamSadMen/TeamSadMen/Saved/BillOptionWidget655E175F41604AE58C72128EEE5132B6.tmp' to '../../../../../../Users/frankj6/Documents/GameDevOne/TeamSadMen/TeamSadMen/TeamSadMen/Content/FirstPersonBP/Blueprints/BillOptionWidget.uasset'
[2018.12.08-04.14.48:389][141]LogSlate: Window 'BillOptionWidget' being destroyed
[2018.12.08-04.14.48:407][141]LogSlate: Window 'BillOptionWidget' being destroyed
[2018.12.08-04.14.51:257][202]LogAssetEditorManager: Opening Asset editor for WidgetBlueprint /Game/FirstPersonBP/Blueprints/BillWidget.BillWidget
[2018.12.08-04.15.12:695][794]LogSavePackage: Moving '../../../../../../Users/frankj6/Documents/GameDevOne/TeamSadMen/TeamSadMen/TeamSadMen/Saved/BillWidget6C3F871D47A09B4ABAAC5686F3085823.tmp' to '../../../../../../Users/frankj6/Documents/GameDevOne/TeamSadMen/TeamSadMen/TeamSadMen/Content/FirstPersonBP/Blueprints/BillWidget.uasset'
[2018.12.08-04.15.14:507][832]LogSlate: Window 'BillWidget' being destroyed
[2018.12.08-04.15.14:517][832]LogSlate: Window 'BillWidget' being destroyed
[2018.12.08-04.15.31:799][989]LogSavePackage: Moving '../../../../../../Users/frankj6/Documents/GameDevOne/TeamSadMen/TeamSadMen/TeamSadMen/Saved/BillWidgetF3786A42482D22164E0B18A4DB4E02EE.tmp' to '../../../../../../Users/frankj6/Documents/GameDevOne/TeamSadMen/TeamSadMen/TeamSadMen/Content/FirstPersonBP/Blueprints/BillWidget.uasset'
[2018.12.08-19.51.56:064][131]LogHttp: Warning: 0000020DCC2DF600: request failed, libcurl error: 6 (Couldn't resolve host name)
[2018.12.08-19.51.56:064][131]LogHttp: Warning: 0000020DCC2DF600: libcurl info message cache 0 (Connection 1 seems to be dead!)
[2018.12.08-19.51.56:064][131]LogHttp: Warning: 0000020DCC2DF600: libcurl info message cache 1 (Closing connection 1)
[2018.12.08-19.51.56:064][131]LogHttp: Warning: 0000020DCC2DF600: libcurl info message cache 2 (Could not resolve host: datarouter.ol.epicgames.com)
[2018.12.08-19.51.56:064][131]LogHttp: Warning: 0000020DCC2DF600: libcurl info message cache 3 (Closing connection 2)
[2018.12.08-20.18.03:110][668]Cmd: TRANSACTION UNDO
[2018.12.08-20.18.03:113][668]LogEditorTransaction: Undo Add Widget
[2018.12.08-20.18.05:823][751]Cmd: TRANSACTION REDO
[2018.12.08-20.18.05:824][751]LogEditorTransaction: Redo Add Widget
[2018.12.08-20.18.21:898][208]LogMetaData: Removing '/Game/FirstPersonBP/Blueprints/UI/BillDisplay.BillDisplay_C' ref from Metadata '/Game/FirstPersonBP/Blueprints/BillDisplay.PackageMetaData'
[2018.12.08-20.18.21:898][208]LogMetaData: Removing '/Game/FirstPersonBP/Blueprints/UI/BillDisplay.BillDisplay:EventGraph.K2Node_Event_0' ref from Metadata '/Game/FirstPersonBP/Blueprints/BillDisplay.PackageMetaData'
[2018.12.08-20.18.21:898][208]LogMetaData: Removing '/Game/FirstPersonBP/Blueprints/UI/BillDisplay.BillDisplay:EventGraph.K2Node_Event_1' ref from Metadata '/Game/FirstPersonBP/Blueprints/BillDisplay.PackageMetaData'
[2018.12.08-20.18.21:898][208]LogMetaData: Removing '/Game/FirstPersonBP/Blueprints/UI/BillDisplay.BillDisplay:EventGraph.K2Node_Event_2' ref from Metadata '/Game/FirstPersonBP/Blueprints/BillDisplay.PackageMetaData'
[2018.12.08-20.18.21:899][208]LogMetaData: Removing '/Game/FirstPersonBP/Blueprints/UI/BillDisplay.SKEL_BillDisplay_C:PreConstruct' ref from Metadata '/Game/FirstPersonBP/Blueprints/BillDisplay.PackageMetaData'
[2018.12.08-20.18.21:899][208]LogMetaData: Removing '/Game/FirstPersonBP/Blueprints/UI/BillDisplay.SKEL_BillDisplay_C:Construct' ref from Metadata '/Game/FirstPersonBP/Blueprints/BillDisplay.PackageMetaData'
[2018.12.08-20.18.21:899][208]LogMetaData: Removing '/Game/FirstPersonBP/Blueprints/UI/BillDisplay.SKEL_BillDisplay_C:Tick' ref from Metadata '/Game/FirstPersonBP/Blueprints/BillDisplay.PackageMetaData'
[2018.12.08-20.18.21:899][208]LogMetaData: Removing '/Game/FirstPersonBP/Blueprints/UI/BillDisplay.SKEL_BillDisplay_C' ref from Metadata '/Game/FirstPersonBP/Blueprints/BillDisplay.PackageMetaData'
[2018.12.08-20.18.21:989][208]LogSavePackage: Moving '../../../../../../Users/frankj6/Documents/GameDevOne/TeamSadMen/TeamSadMen/TeamSadMen/Saved/BillDisplay72D68C1F4DBCD493EF246EA99E5FABFF.tmp' to '../../../../../../Users/frankj6/Documents/GameDevOne/TeamSadMen/TeamSadMen/TeamSadMen/Content/FirstPersonBP/Blueprints/UI/BillDisplay.uasset'
[2018.12.08-20.18.22:410][208]LogFileManager: Warning: Error deleting file: ../../../../../../Users/frankj6/Documents/GameDevOne/TeamSadMen/TeamSadMen/TeamSadMen/Content/FirstPersonBP/Blueprints/BillDisplay.uasset (Error Code 32)
[2018.12.08-20.18.47:539][787]LogMetaData: Removing '/Game/FirstPersonBP/Blueprints/UI/BillOptionWidget.BillOptionWidget_C' ref from Metadata '/Game/FirstPersonBP/Blueprints/BillOptionWidget.PackageMetaData'
[2018.12.08-20.18.47:539][787]LogMetaData: Removing '/Game/FirstPersonBP/Blueprints/UI/BillOptionWidget.BillOptionWidget:EventGraph.K2Node_Event_0' ref from Metadata '/Game/FirstPersonBP/Blueprints/BillOptionWidget.PackageMetaData'
[2018.12.08-20.18.47:539][787]LogMetaData: Removing '/Game/FirstPersonBP/Blueprints/UI/BillOptionWidget.BillOptionWidget:EventGraph.K2Node_Event_1' ref from Metadata '/Game/FirstPersonBP/Blueprints/BillOptionWidget.PackageMetaData'
[2018.12.08-20.18.47:539][787]LogMetaData: Removing '/Game/FirstPersonBP/Blueprints/UI/BillOptionWidget.BillOptionWidget:EventGraph.K2Node_Event_2' ref from Metadata '/Game/FirstPersonBP/Blueprints/BillOptionWidget.PackageMetaData'
[2018.12.08-20.18.47:539][787]LogMetaData: Removing '/Game/FirstPersonBP/Blueprints/UI/BillOptionWidget.SKEL_BillOptionWidget_C:Button_87' ref from Metadata '/Game/FirstPersonBP/Blueprints/BillOptionWidget.PackageMetaData'
[2018.12.08-20.18.47:539][787]LogMetaData: Removing '/Game/FirstPersonBP/Blueprints/UI/BillOptionWidget.SKEL_BillOptionWidget_C:RichTextBlock_54' ref from Metadata '/Game/FirstPersonBP/Blueprints/BillOptionWidget.PackageMetaData'
[2018.12.08-20.18.47:539][787]LogMetaData: Removing '/Game/FirstPersonBP/Blueprints/UI/BillOptionWidget.SKEL_BillOptionWidget_C' ref from Metadata '/Game/FirstPersonBP/Blueprints/BillOptionWidget.PackageMetaData'
[2018.12.08-20.18.47:608][787]LogSavePackage: Moving '../../../../../../Users/frankj6/Documents/GameDevOne/TeamSadMen/TeamSadMen/TeamSadMen/Saved/BillOptionWidget413F524A46824BAA258ACAABD7AD2867.tmp' to '../../../../../../Users/frankj6/Documents/GameDevOne/TeamSadMen/TeamSadMen/TeamSadMen/Content/FirstPersonBP/Blueprints/UI/BillOptionWidget.uasset'
[2018.12.08-20.18.48:227][787]LogSavePackage: Moving '../../../../../../Users/frankj6/Documents/GameDevOne/TeamSadMen/TeamSadMen/TeamSadMen/Saved/BillWidget4E3FEAFA488AB75A34E96896995F940A.tmp' to '../../../../../../Users/frankj6/Documents/GameDevOne/TeamSadMen/TeamSadMen/TeamSadMen/Content/FirstPersonBP/Blueprints/BillWidget.uasset'
[2018.12.08-20.18.50:995][892]LogMetaData: Removing '/Game/FirstPersonBP/Blueprints/UI/BillWidget.BillWidget_C' ref from Metadata '/Game/FirstPersonBP/Blueprints/BillWidget.PackageMetaData'
[2018.12.08-20.18.50:996][892]LogMetaData: Removing '/Game/FirstPersonBP/Blueprints/UI/BillWidget.SKEL_BillWidget_C:BillOptionWidget' ref from Metadata '/Game/FirstPersonBP/Blueprints/BillWidget.PackageMetaData'
[2018.12.08-20.18.50:996][892]LogMetaData: Removing '/Game/FirstPersonBP/Blueprints/UI/BillWidget.BillWidget:EventGraph.K2Node_Event_0' ref from Metadata '/Game/FirstPersonBP/Blueprints/BillWidget.PackageMetaData'
[2018.12.08-20.18.50:996][892]LogMetaData: Removing '/Game/FirstPersonBP/Blueprints/UI/BillWidget.BillWidget:EventGraph.K2Node_Event_1' ref from Metadata '/Game/FirstPersonBP/Blueprints/BillWidget.PackageMetaData'
[2018.12.08-20.18.50:996][892]LogMetaData: Removing '/Game/FirstPersonBP/Blueprints/UI/BillWidget.BillWidget:EventGraph.K2Node_Event_2' ref from Metadata '/Game/FirstPersonBP/Blueprints/BillWidget.PackageMetaData'
[2018.12.08-20.18.50:996][892]LogMetaData: Removing '/Game/FirstPersonBP/Blueprints/UI/BillWidget.SKEL_BillWidget_C:BillOptionWidget_24' ref from Metadata '/Game/FirstPersonBP/Blueprints/BillWidget.PackageMetaData'
[2018.12.08-20.18.50:996][892]LogMetaData: Removing '/Game/FirstPersonBP/Blueprints/UI/BillWidget.SKEL_BillWidget_C' ref from Metadata '/Game/FirstPersonBP/Blueprints/BillWidget.PackageMetaData'
[2018.12.08-20.18.50:996][892]LogMetaData: Removing '/Game/FirstPersonBP/Blueprints/UI/BillWidget.SKEL_BillWidget_C:BillOptionWidget_74' ref from Metadata '/Game/FirstPersonBP/Blueprints/BillWidget.PackageMetaData'
[2018.12.08-20.18.51:064][892]LogSavePackage: Moving '../../../../../../Users/frankj6/Documents/GameDevOne/TeamSadMen/TeamSadMen/TeamSadMen/Saved/BillWidget31F0ED66455B354ED50F97BF9B4C42D5.tmp' to '../../../../../../Users/frankj6/Documents/GameDevOne/TeamSadMen/TeamSadMen/TeamSadMen/Content/FirstPersonBP/Blueprints/UI/BillWidget.uasset'
[2018.12.08-20.19.02:086][180]LogAssetEditorManager: Opening Asset editor for WidgetBlueprint /Game/FirstPersonBP/Blueprints/UI/BillDisplay.BillDisplay
[2018.12.08-20.19.11:485][331]LogAssetEditorManager: Opening Asset editor for WidgetBlueprint /Game/FirstPersonBP/Blueprints/UI/BillOptionWidget.BillOptionWidget
[2018.12.08-20.19.17:253][437]LogAssetEditorManager: Opening Asset editor for WidgetBlueprint /Game/FirstPersonBP/Blueprints/UI/BillWidget.BillWidget
[2018.12.08-20.19.28:855][660]LogSlate: Window 'BillWidget' being destroyed
[2018.12.08-20.19.28:869][660]LogSlate: Window 'BillWidget' being destroyed
[2018.12.08-20.19.35:809][799]Cmd: TRANSACTION UNDO
[2018.12.08-20.19.35:809][799]LogEditorTransaction: Undo Add Widget
[2018.12.08-20.19.37:277][875]Cmd: TRANSACTION UNDO
[2018.12.08-20.19.37:277][875]LogEditorTransaction: Undo Add Widget
[2018.12.08-20.19.41:131][980]Cmd: TRANSACTION REDO
[2018.12.08-20.19.41:131][980]LogEditorTransaction: Redo Add Widget
[2018.12.08-20.19.41:306][986]Cmd: TRANSACTION REDO
[2018.12.08-20.19.41:306][986]LogEditorTransaction: Redo Add Widget
[2018.12.08-20.20.13:336][781]LogAssetEditorManager: Opening Asset editor for WidgetBlueprint /Game/FirstPersonBP/Blueprints/UI/BillDisplay.BillDisplay
[2018.12.08-20.20.26:832][ 36]LogAssetEditorManager: Opening Asset editor for WidgetBlueprint /Game/FirstPersonBP/Blueprints/UI/BillOptionWidget.BillOptionWidget
[2018.12.08-20.20.29:022][ 65]LogAssetEditorManager: Opening Asset editor for WidgetBlueprint /Game/FirstPersonBP/Blueprints/UI/BillWidget.BillWidget
[2018.12.08-20.21.15:314][646]LogFileHelpers: Editor autosave (incl. sublevels) for '/Game/FirstPersonBP/Maps/BillTest' took 0.066
[2018.12.08-20.21.15:319][646]OBJ SavePackage: Generating thumbnails for [0] asset(s) in package [/Game/FirstPersonBP/Blueprints/UI/BillWidget] ([1] browsable assets)...
[2018.12.08-20.21.15:319][646]OBJ SavePackage: Finished generating thumbnails for package [/Game/FirstPersonBP/Blueprints/UI/BillWidget]
[2018.12.08-20.21.15:353][646]LogSavePackage: Moving '../../../../../../Users/frankj6/Documents/GameDevOne/TeamSadMen/TeamSadMen/TeamSadMen/Saved/BillWidget_Auto13AD48EE744163E08170E56909ED28F9C.tmp' to '../../../../../../Users/frankj6/Documents/GameDevOne/TeamSadMen/TeamSadMen/TeamSadMen/Saved/Autosaves/Game/FirstPersonBP/Blueprints/UI/BillWidget_Auto1.uasset'
[2018.12.08-20.21.15:360][646]LogFileHelpers: Auto-saving content packages took 0.045
[2018.12.08-20.22.26:883][945]LogSavePackage: Moving '../../../../../../Users/frankj6/Documents/GameDevOne/TeamSadMen/TeamSadMen/TeamSadMen/Saved/BillWidget7F83658E4C832D8879957BA476412D97.tmp' to '../../../../../../Users/frankj6/Documents/GameDevOne/TeamSadMen/TeamSadMen/TeamSadMen/Content/FirstPersonBP/Blueprints/UI/BillWidget.uasset'
[2018.12.08-20.26.31:534][250]LogEditorTransaction: Undo Move Widget
[2018.12.08-20.27.41:396][628]LogSavePackage: Moving '../../../../../../Users/frankj6/Documents/GameDevOne/TeamSadMen/TeamSadMen/TeamSadMen/Saved/BillOptionWidget9F3AF312400E98A4FE333B942DCF74A2.tmp' to '../../../../../../Users/frankj6/Documents/GameDevOne/TeamSadMen/TeamSadMen/TeamSadMen/Content/FirstPersonBP/Blueprints/UI/BillOptionWidget.uasset'
[2018.12.08-20.27.43:224][661]BlueprintLog: New page: Compile BillOptionWidget
[2018.12.08-20.28.58:087][574]LogSavePackage: Moving '../../../../../../Users/frankj6/Documents/GameDevOne/TeamSadMen/TeamSadMen/TeamSadMen/Saved/BillWidgetCF53028C4B8C55368EB961AAB3CEEAB3.tmp' to '../../../../../../Users/frankj6/Documents/GameDevOne/TeamSadMen/TeamSadMen/TeamSadMen/Content/FirstPersonBP/Blueprints/UI/BillWidget.uasset'
[2018.12.08-20.29.39:836][434]LogSavePackage: Moving '../../../../../../Users/frankj6/Documents/GameDevOne/TeamSadMen/TeamSadMen/TeamSadMen/Saved/BillOptionWidgetB3028CE84643E939CABB7DBEF30BCACB.tmp' to '../../../../../../Users/frankj6/Documents/GameDevOne/TeamSadMen/TeamSadMen/TeamSadMen/Content/FirstPersonBP/Blueprints/UI/BillOptionWidget.uasset'
[2018.12.08-20.29.47:911][585]LogSavePackage: Moving '../../../../../../Users/frankj6/Documents/GameDevOne/TeamSadMen/TeamSadMen/TeamSadMen/Saved/BillWidget7BC14904482B571FA00987A931F49AD7.tmp' to '../../../../../../Users/frankj6/Documents/GameDevOne/TeamSadMen/TeamSadMen/TeamSadMen/Content/FirstPersonBP/Blueprints/UI/BillWidget.uasset'
[2018.12.08-20.29.49:038][609]LogSlate: Window 'BillOptionWidget' being destroyed
[2018.12.08-20.29.49:048][609]LogSlate: Window 'BillOptionWidget' being destroyed
[2018.12.08-20.29.50:643][644]LogAssetEditorManager: Opening Asset editor for WidgetBlueprint /Game/FirstPersonBP/Blueprints/UI/BillWidget.BillWidget
[2018.12.08-20.30.00:963][845]LogEditorTransaction: Undo Resize Widget
[2018.12.08-20.30.03:402][906]LogAssetEditorManager: Opening Asset editor for WidgetBlueprint /Game/FirstPersonBP/Blueprints/UI/BillOptionWidget.BillOptionWidget
[2018.12.08-20.30.05:769][943]Cmd: TRANSACTION UNDO
[2018.12.08-20.30.05:770][943]LogEditorTransaction: Undo Remove Widget
[2018.12.08-20.30.06:256][952]Cmd: TRANSACTION UNDO
[2018.12.08-20.30.06:256][952]LogEditorTransaction: Undo Add Widget
[2018.12.08-20.30.06:486][957]Cmd: TRANSACTION UNDO
[2018.12.08-20.30.06:486][957]LogEditorTransaction: Undo Remove Widget
[2018.12.08-20.30.06:714][963]Cmd: TRANSACTION UNDO
[2018.12.08-20.30.06:714][963]LogEditorTransaction: Undo Move Widget
[2018.12.08-20.30.06:940][968]Cmd: TRANSACTION UNDO
[2018.12.08-20.30.06:941][968]LogEditorTransaction: Undo Add Widget
[2018.12.08-20.30.07:174][973]Cmd: TRANSACTION UNDO
[2018.12.08-20.30.07:175][973]LogEditorTransaction: Undo Move Widget
[2018.12.08-20.30.07:422][978]Cmd: TRANSACTION UNDO
[2018.12.08-20.30.07:422][978]LogEditorTransaction: Undo Move Widget
[2018.12.08-20.30.07:665][983]Cmd: TRANSACTION UNDO
[2018.12.08-20.30.07:665][983]LogEditorTransaction: Undo Move Widget
[2018.12.08-20.30.07:941][988]Cmd: TRANSACTION UNDO
[2018.12.08-20.30.07:941][988]LogEditorTransaction: Undo Move Widget
[2018.12.08-20.30.08:237][994]Cmd: TRANSACTION UNDO
[2018.12.08-20.30.08:237][994]LogEditorTransaction: Undo Remove Widget
[2018.12.08-20.30.08:453][998]Cmd: TRANSACTION UNDO
[2018.12.08-20.30.08:453][998]LogEditorTransaction: Undo Move Widget
[2018.12.08-20.30.08:663][  2]Cmd: TRANSACTION UNDO
[2018.12.08-20.30.08:663][  2]LogEditorTransaction: Undo Add Widget
[2018.12.08-20.30.08:906][  7]Cmd: TRANSACTION UNDO
[2018.12.08-20.30.08:906][  7]LogEditorTransaction: Undo Move Widget
[2018.12.08-20.30.09:122][ 10]Cmd: TRANSACTION UNDO
[2018.12.08-20.30.09:123][ 10]LogEditorTransaction: Undo Add Widget
[2018.12.08-20.30.09:371][ 16]Cmd: TRANSACTION UNDO
[2018.12.08-20.30.09:371][ 16]LogEditorTransaction: Undo Move Widget
[2018.12.08-20.30.09:608][ 21]Cmd: TRANSACTION UNDO
[2018.12.08-20.30.09:608][ 21]LogEditorTransaction: Undo Move Widget
[2018.12.08-20.30.09:803][ 25]Cmd: TRANSACTION UNDO
[2018.12.08-20.30.09:803][ 25]LogEditorTransaction: Undo Remove Widget
[2018.12.08-20.30.10:042][ 30]Cmd: TRANSACTION UNDO
[2018.12.08-20.30.10:042][ 30]LogEditorTransaction: Undo Add Widget
[2018.12.08-20.30.10:243][ 34]Cmd: TRANSACTION UNDO
[2018.12.08-20.30.10:243][ 34]LogEditorTransaction: Undo Add Widget
[2018.12.08-20.30.10:463][ 39]Cmd: TRANSACTION UNDO
[2018.12.08-20.30.10:463][ 39]LogEditorTransaction: Undo Edit Text
[2018.12.08-20.30.10:665][ 43]Cmd: TRANSACTION UNDO
[2018.12.08-20.30.10:666][ 43]LogEditorTransaction: Undo Move Widget
[2018.12.08-20.30.10:889][ 48]Cmd: TRANSACTION UNDO
[2018.12.08-20.30.10:890][ 48]LogEditorTransaction: Undo Move Widget
[2018.12.08-20.30.16:508][165]LogSavePackage: Moving '../../../../../../Users/frankj6/Documents/GameDevOne/TeamSadMen/TeamSadMen/TeamSadMen/Saved/BillOptionWidget81E23BFC4CEE1CBF9AF11D9302365B0A.tmp' to '../../../../../../Users/frankj6/Documents/GameDevOne/TeamSadMen/TeamSadMen/TeamSadMen/Content/FirstPersonBP/Blueprints/UI/BillOptionWidget.uasset'
[2018.12.08-20.30.21:276][257]LogUObjectHash: Warning: Ambiguous search, could be BillOptionWidget_C /Game/FirstPersonBP/Blueprints/UI/BillWidget.BillWidget:WidgetTree.BillOptionWidget or BillOptionWidget_C /Game/FirstPersonBP/Blueprints/UI/BillWidget.BillWidget:WidgetTree.BillOptionWidget
[2018.12.08-20.30.21:276][257]LogUObjectHash: Warning: Ambiguous search, could be BillOptionWidget_C /Game/FirstPersonBP/Blueprints/UI/BillWidget.BillWidget:WidgetTree.BillOptionWidget or BillOptionWidget_C /Game/FirstPersonBP/Blueprints/UI/BillWidget.BillWidget:WidgetTree.BillOptionWidget
[2018.12.08-20.30.21:297][258]LogUObjectHash: Warning: Ambiguous search, could be BillOptionWidget_C /Game/FirstPersonBP/Blueprints/UI/BillWidget.BillWidget:WidgetTree.BillOptionWidget or BillOptionWidget_C /Game/FirstPersonBP/Blueprints/UI/BillWidget.BillWidget:WidgetTree.BillOptionWidget
[2018.12.08-20.30.21:297][258]LogUObjectHash: Warning: Ambiguous search, could be BillOptionWidget_C /Game/FirstPersonBP/Blueprints/UI/BillWidget.BillWidget:WidgetTree.BillOptionWidget or BillOptionWidget_C /Game/FirstPersonBP/Blueprints/UI/BillWidget.BillWidget:WidgetTree.BillOptionWidget
[2018.12.08-20.30.21:299][258]LogUObjectHash: Warning: Ambiguous search, could be BillOptionWidget_C /Game/FirstPersonBP/Blueprints/UI/BillWidget.BillWidget:WidgetTree.BillOptionWidget or BillOptionWidget_C /Game/FirstPersonBP/Blueprints/UI/BillWidget.BillWidget:WidgetTree.BillOptionWidget
[2018.12.08-20.30.21:299][258]LogUObjectHash: Warning: Ambiguous search, could be BillOptionWidget_C /Game/FirstPersonBP/Blueprints/UI/BillWidget.BillWidget:WidgetTree.BillOptionWidget or BillOptionWidget_C /Game/FirstPersonBP/Blueprints/UI/BillWidget.BillWidget:WidgetTree.BillOptionWidget
[2018.12.08-20.30.21:304][258]LogUObjectHash: Warning: Ambiguous search, could be BillOptionWidget_C /Game/FirstPersonBP/Blueprints/UI/BillWidget.BillWidget:WidgetTree.BillOptionWidget or BillOptionWidget_C /Game/FirstPersonBP/Blueprints/UI/BillWidget.BillWidget:WidgetTree.BillOptionWidget
[2018.12.08-20.30.21:304][258]LogUObjectHash: Warning: Ambiguous search, could be BillOptionWidget_C /Game/FirstPersonBP/Blueprints/UI/BillWidget.BillWidget:WidgetTree.BillOptionWidget or BillOptionWidget_C /Game/FirstPersonBP/Blueprints/UI/BillWidget.BillWidget:WidgetTree.BillOptionWidget
[2018.12.08-20.30.21:325][259]LogUObjectHash: Warning: Ambiguous search, could be BillOptionWidget_C /Game/FirstPersonBP/Blueprints/UI/BillWidget.BillWidget:WidgetTree.BillOptionWidget or BillOptionWidget_C /Game/FirstPersonBP/Blueprints/UI/BillWidget.BillWidget:WidgetTree.BillOptionWidget
[2018.12.08-20.30.21:326][259]LogUObjectHash: Warning: Ambiguous search, could be BillOptionWidget_C /Game/FirstPersonBP/Blueprints/UI/BillWidget.BillWidget:WidgetTree.BillOptionWidget or BillOptionWidget_C /Game/FirstPersonBP/Blueprints/UI/BillWidget.BillWidget:WidgetTree.BillOptionWidget
[2018.12.08-20.30.21:330][259]LogUObjectHash: Warning: Ambiguous search, could be BillOptionWidget_C /Game/FirstPersonBP/Blueprints/UI/BillWidget.BillWidget:WidgetTree.BillOptionWidget or BillOptionWidget_C /Game/FirstPersonBP/Blueprints/UI/BillWidget.BillWidget:WidgetTree.BillOptionWidget
[2018.12.08-20.30.21:330][259]LogUObjectHash: Warning: Ambiguous search, could be BillOptionWidget_C /Game/FirstPersonBP/Blueprints/UI/BillWidget.BillWidget:WidgetTree.BillOptionWidget or BillOptionWidget_C /Game/FirstPersonBP/Blueprints/UI/BillWidget.BillWidget:WidgetTree.BillOptionWidget
[2018.12.08-20.30.21:355][260]LogUObjectHash: Warning: Ambiguous search, could be BillOptionWidget_C /Game/FirstPersonBP/Blueprints/UI/BillWidget.BillWidget:WidgetTree.BillOptionWidget or BillOptionWidget_C /Game/FirstPersonBP/Blueprints/UI/BillWidget.BillWidget:WidgetTree.BillOptionWidget
[2018.12.08-20.30.21:355][260]LogUObjectHash: Warning: Ambiguous search, could be BillOptionWidget_C /Game/FirstPersonBP/Blueprints/UI/BillWidget.BillWidget:WidgetTree.BillOptionWidget or BillOptionWidget_C /Game/FirstPersonBP/Blueprints/UI/BillWidget.BillWidget:WidgetTree.BillOptionWidget
[2018.12.08-20.30.21:360][260]LogUObjectHash: Warning: Ambiguous search, could be BillOptionWidget_C /Game/FirstPersonBP/Blueprints/UI/BillWidget.BillWidget:WidgetTree.BillOptionWidget or BillOptionWidget_C /Game/FirstPersonBP/Blueprints/UI/BillWidget.BillWidget:WidgetTree.BillOptionWidget
[2018.12.08-20.30.21:360][260]LogUObjectHash: Warning: Ambiguous search, could be BillOptionWidget_C /Game/FirstPersonBP/Blueprints/UI/BillWidget.BillWidget:WidgetTree.BillOptionWidget or BillOptionWidget_C /Game/FirstPersonBP/Blueprints/UI/BillWidget.BillWidget:WidgetTree.BillOptionWidget
[2018.12.08-20.30.21:395][261]LogUObjectHash: Warning: Ambiguous search, could be BillOptionWidget_C /Game/FirstPersonBP/Blueprints/UI/BillWidget.BillWidget:WidgetTree.BillOptionWidget or BillOptionWidget_C /Game/FirstPersonBP/Blueprints/UI/BillWidget.BillWidget:WidgetTree.BillOptionWidget
[2018.12.08-20.30.21:395][261]LogUObjectHash: Warning: Ambiguous search, could be BillOptionWidget_C /Game/FirstPersonBP/Blueprints/UI/BillWidget.BillWidget:WidgetTree.BillOptionWidget or BillOptionWidget_C /Game/FirstPersonBP/Blueprints/UI/BillWidget.BillWidget:WidgetTree.BillOptionWidget
[2018.12.08-20.30.21:399][261]LogUObjectHash: Warning: Ambiguous search, could be BillOptionWidget_C /Game/FirstPersonBP/Blueprints/UI/BillWidget.BillWidget:WidgetTree.BillOptionWidget or BillOptionWidget_C /Game/FirstPersonBP/Blueprints/UI/BillWidget.BillWidget:WidgetTree.BillOptionWidget
[2018.12.08-20.30.21:399][261]LogUObjectHash: Warning: Ambiguous search, could be BillOptionWidget_C /Game/FirstPersonBP/Blueprints/UI/BillWidget.BillWidget:WidgetTree.BillOptionWidget or BillOptionWidget_C /Game/FirstPersonBP/Blueprints/UI/BillWidget.BillWidget:WidgetTree.BillOptionWidget
[2018.12.08-20.30.21:421][262]LogUObjectHash: Warning: Ambiguous search, could be BillOptionWidget_C /Game/FirstPersonBP/Blueprints/UI/BillWidget.BillWidget:WidgetTree.BillOptionWidget or BillOptionWidget_C /Game/FirstPersonBP/Blueprints/UI/BillWidget.BillWidget:WidgetTree.BillOptionWidget
[2018.12.08-20.30.21:422][262]LogUObjectHash: Warning: Ambiguous search, could be BillOptionWidget_C /Game/FirstPersonBP/Blueprints/UI/BillWidget.BillWidget:WidgetTree.BillOptionWidget or BillOptionWidget_C /Game/FirstPersonBP/Blueprints/UI/BillWidget.BillWidget:WidgetTree.BillOptionWidget
[2018.12.08-20.30.21:425][262]LogUObjectHash: Warning: Ambiguous search, could be BillOptionWidget_C /Game/FirstPersonBP/Blueprints/UI/BillWidget.BillWidget:WidgetTree.BillOptionWidget or BillOptionWidget_C /Game/FirstPersonBP/Blueprints/UI/BillWidget.BillWidget:WidgetTree.BillOptionWidget
[2018.12.08-20.30.21:426][262]LogUObjectHash: Warning: Ambiguous search, could be BillOptionWidget_C /Game/FirstPersonBP/Blueprints/UI/BillWidget.BillWidget:WidgetTree.BillOptionWidget or BillOptionWidget_C /Game/FirstPersonBP/Blueprints/UI/BillWidget.BillWidget:WidgetTree.BillOptionWidget
[2018.12.08-20.30.21:448][263]LogUObjectHash: Warning: Ambiguous search, could be BillOptionWidget_C /Game/FirstPersonBP/Blueprints/UI/BillWidget.BillWidget:WidgetTree.BillOptionWidget or BillOptionWidget_C /Game/FirstPersonBP/Blueprints/UI/BillWidget.BillWidget:WidgetTree.BillOptionWidget
[2018.12.08-20.30.21:448][263]LogUObjectHash: Warning: Ambiguous search, could be BillOptionWidget_C /Game/FirstPersonBP/Blueprints/UI/BillWidget.BillWidget:WidgetTree.BillOptionWidget or BillOptionWidget_C /Game/FirstPersonBP/Blueprints/UI/BillWidget.BillWidget:WidgetTree.BillOptionWidget
[2018.12.08-20.30.21:450][263]LogUObjectHash: Warning: Ambiguous search, could be BillOptionWidget_C /Game/FirstPersonBP/Blueprints/UI/BillWidget.BillWidget:WidgetTree.BillOptionWidget or BillOptionWidget_C /Game/FirstPersonBP/Blueprints/UI/BillWidget.BillWidget:WidgetTree.BillOptionWidget
[2018.12.08-20.30.21:450][263]LogUObjectHash: Warning: Ambiguous search, could be BillOptionWidget_C /Game/FirstPersonBP/Blueprints/UI/BillWidget.BillWidget:WidgetTree.BillOptionWidget or BillOptionWidget_C /Game/FirstPersonBP/Blueprints/UI/BillWidget.BillWidget:WidgetTree.BillOptionWidget
[2018.12.08-20.30.21:456][263]LogUObjectHash: Warning: Ambiguous search, could be BillOptionWidget_C /Game/FirstPersonBP/Blueprints/UI/BillWidget.BillWidget:WidgetTree.BillOptionWidget or BillOptionWidget_C /Game/FirstPersonBP/Blueprints/UI/BillWidget.BillWidget:WidgetTree.BillOptionWidget
[2018.12.08-20.30.21:456][263]LogUObjectHash: Warning: Ambiguous search, could be BillOptionWidget_C /Game/FirstPersonBP/Blueprints/UI/BillWidget.BillWidget:WidgetTree.BillOptionWidget or BillOptionWidget_C /Game/FirstPersonBP/Blueprints/UI/BillWidget.BillWidget:WidgetTree.BillOptionWidget
[2018.12.08-20.30.21:478][264]LogUObjectHash: Warning: Ambiguous search, could be BillOptionWidget_C /Game/FirstPersonBP/Blueprints/UI/BillWidget.BillWidget:WidgetTree.BillOptionWidget or BillOptionWidget_C /Game/FirstPersonBP/Blueprints/UI/BillWidget.BillWidget:WidgetTree.BillOptionWidget
[2018.12.08-20.30.21:478][264]LogUObjectHash: Warning: Ambiguous search, could be BillOptionWidget_C /Game/FirstPersonBP/Blueprints/UI/BillWidget.BillWidget:WidgetTree.BillOptionWidget or BillOptionWidget_C /Game/FirstPersonBP/Blueprints/UI/BillWidget.BillWidget:WidgetTree.BillOptionWidget
[2018.12.08-20.30.21:485][264]LogUObjectHash: Warning: Ambiguous search, could be BillOptionWidget_C /Game/FirstPersonBP/Blueprints/UI/BillWidget.BillWidget:WidgetTree.BillOptionWidget or BillOptionWidget_C /Game/FirstPersonBP/Blueprints/UI/BillWidget.BillWidget:WidgetTree.BillOptionWidget
[2018.12.08-20.30.21:485][264]LogUObjectHash: Warning: Ambiguous search, could be BillOptionWidget_C /Game/FirstPersonBP/Blueprints/UI/BillWidget.BillWidget:WidgetTree.BillOptionWidget or BillOptionWidget_C /Game/FirstPersonBP/Blueprints/UI/BillWidget.BillWidget:WidgetTree.BillOptionWidget
[2018.12.08-20.30.21:491][264]LogUObjectHash: Warning: Ambiguous search, could be BillOptionWidget_C /Game/FirstPersonBP/Blueprints/UI/BillWidget.BillWidget:WidgetTree.BillOptionWidget or BillOptionWidget_C /Game/FirstPersonBP/Blueprints/UI/BillWidget.BillWidget:WidgetTree.BillOptionWidget
[2018.12.08-20.30.21:491][264]LogUObjectHash: Warning: Ambiguous search, could be BillOptionWidget_C /Game/FirstPersonBP/Blueprints/UI/BillWidget.BillWidget:WidgetTree.BillOptionWidget or BillOptionWidget_C /Game/FirstPersonBP/Blueprints/UI/BillWidget.BillWidget:WidgetTree.BillOptionWidget
[2018.12.08-20.30.21:496][264]LogUObjectHash: Warning: Ambiguous search, could be BillOptionWidget_C /Game/FirstPersonBP/Blueprints/UI/BillWidget.BillWidget:WidgetTree.BillOptionWidget or BillOptionWidget_C /Game/FirstPersonBP/Blueprints/UI/BillWidget.BillWidget:WidgetTree.BillOptionWidget
[2018.12.08-20.30.21:496][264]LogUObjectHash: Warning: Ambiguous search, could be BillOptionWidget_C /Game/FirstPersonBP/Blueprints/UI/BillWidget.BillWidget:WidgetTree.BillOptionWidget or BillOptionWidget_C /Game/FirstPersonBP/Blueprints/UI/BillWidget.BillWidget:WidgetTree.BillOptionWidget
[2018.12.08-20.30.21:523][265]LogUObjectHash: Warning: Ambiguous search, could be BillOptionWidget_C /Game/FirstPersonBP/Blueprints/UI/BillWidget.BillWidget:WidgetTree.BillOptionWidget or BillOptionWidget_C /Game/FirstPersonBP/Blueprints/UI/BillWidget.BillWidget:WidgetTree.BillOptionWidget
[2018.12.08-20.30.21:523][265]LogUObjectHash: Warning: Ambiguous search, could be BillOptionWidget_C /Game/FirstPersonBP/Blueprints/UI/BillWidget.BillWidget:WidgetTree.BillOptionWidget or BillOptionWidget_C /Game/FirstPersonBP/Blueprints/UI/BillWidget.BillWidget:WidgetTree.BillOptionWidget
[2018.12.08-20.30.21:527][265]LogUObjectHash: Warning: Ambiguous search, could be BillOptionWidget_C /Game/FirstPersonBP/Blueprints/UI/BillWidget.BillWidget:WidgetTree.BillOptionWidget or BillOptionWidget_C /Game/FirstPersonBP/Blueprints/UI/BillWidget.BillWidget:WidgetTree.BillOptionWidget
[2018.12.08-20.30.21:528][265]LogUObjectHash: Warning: Ambiguous search, could be BillOptionWidget_C /Game/FirstPersonBP/Blueprints/UI/BillWidget.BillWidget:WidgetTree.BillOptionWidget or BillOptionWidget_C /Game/FirstPersonBP/Blueprints/UI/BillWidget.BillWidget:WidgetTree.BillOptionWidget
[2018.12.08-20.30.21:535][265]LogUObjectHash: Warning: Ambiguous search, could be BillOptionWidget_C /Game/FirstPersonBP/Blueprints/UI/BillWidget.BillWidget:WidgetTree.BillOptionWidget or BillOptionWidget_C /Game/FirstPersonBP/Blueprints/UI/BillWidget.BillWidget:WidgetTree.BillOptionWidget
[2018.12.08-20.30.21:535][265]LogUObjectHash: Warning: Ambiguous search, could be BillOptionWidget_C /Game/FirstPersonBP/Blueprints/UI/BillWidget.BillWidget:WidgetTree.BillOptionWidget or BillOptionWidget_C /Game/FirstPersonBP/Blueprints/UI/BillWidget.BillWidget:WidgetTree.BillOptionWidget
[2018.12.08-20.30.21:566][266]LogUObjectHash: Warning: Ambiguous search, could be BillOptionWidget_C /Game/FirstPersonBP/Blueprints/UI/BillWidget.BillWidget:WidgetTree.BillOptionWidget or BillOptionWidget_C /Game/FirstPersonBP/Blueprints/UI/BillWidget.BillWidget:WidgetTree.BillOptionWidget
[2018.12.08-20.30.21:566][266]LogUObjectHash: Warning: Ambiguous search, could be BillOptionWidget_C /Game/FirstPersonBP/Blueprints/UI/BillWidget.BillWidget:WidgetTree.BillOptionWidget or BillOptionWidget_C /Game/FirstPersonBP/Blueprints/UI/BillWidget.BillWidget:WidgetTree.BillOptionWidget
[2018.12.08-20.30.21:575][266]LogUObjectHash: Warning: Ambiguous search, could be BillOptionWidget_C /Game/FirstPersonBP/Blueprints/UI/BillWidget.BillWidget:WidgetTree.BillOptionWidget or BillOptionWidget_C /Game/FirstPersonBP/Blueprints/UI/BillWidget.BillWidget:WidgetTree.BillOptionWidget
[2018.12.08-20.30.21:575][266]LogUObjectHash: Warning: Ambiguous search, could be BillOptionWidget_C /Game/FirstPersonBP/Blueprints/UI/BillWidget.BillWidget:WidgetTree.BillOptionWidget or BillOptionWidget_C /Game/FirstPersonBP/Blueprints/UI/BillWidget.BillWidget:WidgetTree.BillOptionWidget
[2018.12.08-20.30.21:606][267]LogUObjectHash: Warning: Ambiguous search, could be BillOptionWidget_C /Game/FirstPersonBP/Blueprints/UI/BillWidget.BillWidget:WidgetTree.BillOptionWidget or BillOptionWidget_C /Game/FirstPersonBP/Blueprints/UI/BillWidget.BillWidget:WidgetTree.BillOptionWidget
[2018.12.08-20.30.21:606][267]LogUObjectHash: Warning: Ambiguous search, could be BillOptionWidget_C /Game/FirstPersonBP/Blueprints/UI/BillWidget.BillWidget:WidgetTree.BillOptionWidget or BillOptionWidget_C /Game/FirstPersonBP/Blueprints/UI/BillWidget.BillWidget:WidgetTree.BillOptionWidget
[2018.12.08-20.30.21:615][267]LogUObjectHash: Warning: Ambiguous search, could be BillOptionWidget_C /Game/FirstPersonBP/Blueprints/UI/BillWidget.BillWidget:WidgetTree.BillOptionWidget or BillOptionWidget_C /Game/FirstPersonBP/Blueprints/UI/BillWidget.BillWidget:WidgetTree.BillOptionWidget
[2018.12.08-20.30.21:616][267]LogUObjectHash: Warning: Ambiguous search, could be BillOptionWidget_C /Game/FirstPersonBP/Blueprints/UI/BillWidget.BillWidget:WidgetTree.BillOptionWidget or BillOptionWidget_C /Game/FirstPersonBP/Blueprints/UI/BillWidget.BillWidget:WidgetTree.BillOptionWidget
[2018.12.08-20.30.21:651][268]LogUObjectHash: Warning: Ambiguous search, could be BillOptionWidget_C /Game/FirstPersonBP/Blueprints/UI/BillWidget.BillWidget:WidgetTree.BillOptionWidget or BillOptionWidget_C /Game/FirstPersonBP/Blueprints/UI/BillWidget.BillWidget:WidgetTree.BillOptionWidget
[2018.12.08-20.30.21:651][268]LogUObjectHash: Warning: Ambiguous search, could be BillOptionWidget_C /Game/FirstPersonBP/Blueprints/UI/BillWidget.BillWidget:WidgetTree.BillOptionWidget or BillOptionWidget_C /Game/FirstPersonBP/Blueprints/UI/BillWidget.BillWidget:WidgetTree.BillOptionWidget
[2018.12.08-20.30.21:659][268]LogUObjectHash: Warning: Ambiguous search, could be BillOptionWidget_C /Game/FirstPersonBP/Blueprints/UI/BillWidget.BillWidget:WidgetTree.BillOptionWidget or BillOptionWidget_C /Game/FirstPersonBP/Blueprints/UI/BillWidget.BillWidget:WidgetTree.BillOptionWidget
[2018.12.08-20.30.21:659][268]LogUObjectHash: Warning: Ambiguous search, could be BillOptionWidget_C /Game/FirstPersonBP/Blueprints/UI/BillWidget.BillWidget:WidgetTree.BillOptionWidget or BillOptionWidget_C /Game/FirstPersonBP/Blueprints/UI/BillWidget.BillWidget:WidgetTree.BillOptionWidget
[2018.12.08-20.30.21:685][269]LogUObjectHash: Warning: Ambiguous search, could be BillOptionWidget_C /Game/FirstPersonBP/Blueprints/UI/BillWidget.BillWidget:WidgetTree.BillOptionWidget or BillOptionWidget_C /Game/FirstPersonBP/Blueprints/UI/BillWidget.BillWidget:WidgetTree.BillOptionWidget
[2018.12.08-20.30.21:685][269]LogUObjectHash: Warning: Ambiguous search, could be BillOptionWidget_C /Game/FirstPersonBP/Blueprints/UI/BillWidget.BillWidget:WidgetTree.BillOptionWidget or BillOptionWidget_C /Game/FirstPersonBP/Blueprints/UI/BillWidget.BillWidget:WidgetTree.BillOptionWidget
[2018.12.08-20.30.21:712][270]LogUObjectHash: Warning: Ambiguous search, could be BillOptionWidget_C /Game/FirstPersonBP/Blueprints/UI/BillWidget.BillWidget:WidgetTree.BillOptionWidget or BillOptionWidget_C /Game/FirstPersonBP/Blueprints/UI/BillWidget.BillWidget:WidgetTree.BillOptionWidget
[2018.12.08-20.30.21:712][270]LogUObjectHash: Warning: Ambiguous search, could be BillOptionWidget_C /Game/FirstPersonBP/Blueprints/UI/BillWidget.BillWidget:WidgetTree.BillOptionWidget or BillOptionWidget_C /Game/FirstPersonBP/Blueprints/UI/BillWidget.BillWidget:WidgetTree.BillOptionWidget
[2018.12.08-20.30.32:118][477]LogAssetEditorManager: Opening Asset editor for WidgetBlueprint /Game/FirstPersonBP/Blueprints/UI/BillDisplay.BillDisplay
[2018.12.08-20.31.56:168][389]LogSavePackage: Moving '../../../../../../Users/frankj6/Documents/GameDevOne/TeamSadMen/TeamSadMen/TeamSadMen/Saved/BillOptionWidgetCDF73A794E93760F56ED39A14AAB938A.tmp' to '../../../../../../Users/frankj6/Documents/GameDevOne/TeamSadMen/TeamSadMen/TeamSadMen/Content/FirstPersonBP/Blueprints/UI/BillOptionWidget.uasset'
[2018.12.08-20.32.28:878][ 88]LogEditorTransaction: Undo Move Widget
[2018.12.08-20.32.30:387][124]LogSavePackage: Moving '../../../../../../Users/frankj6/Documents/GameDevOne/TeamSadMen/TeamSadMen/TeamSadMen/Saved/BillDisplay6D0F85F740449F624F9C288AFE36FEA5.tmp' to '../../../../../../Users/frankj6/Documents/GameDevOne/TeamSadMen/TeamSadMen/TeamSadMen/Content/FirstPersonBP/Blueprints/UI/BillDisplay.uasset'
[2018.12.08-20.32.32:956][176]LogUObjectHash: Warning: Ambiguous search, could be BillOptionWidget_C /Game/FirstPersonBP/Blueprints/UI/BillWidget.BillWidget:WidgetTree.BillOptionWidget or BillOptionWidget_C /Game/FirstPersonBP/Blueprints/UI/BillWidget.BillWidget:WidgetTree.BillOptionWidget
[2018.12.08-20.32.32:956][176]LogUObjectHash: Warning: Ambiguous search, could be BillOptionWidget_C /Game/FirstPersonBP/Blueprints/UI/BillWidget.BillWidget:WidgetTree.BillOptionWidget or BillOptionWidget_C /Game/FirstPersonBP/Blueprints/UI/BillWidget.BillWidget:WidgetTree.BillOptionWidget
[2018.12.08-20.32.32:964][176]LogUObjectHash: Warning: Ambiguous search, could be BillOptionWidget_C /Game/FirstPersonBP/Blueprints/UI/BillWidget.BillWidget:WidgetTree.BillOptionWidget or BillOptionWidget_C /Game/FirstPersonBP/Blueprints/UI/BillWidget.BillWidget:WidgetTree.BillOptionWidget
[2018.12.08-20.32.32:964][176]LogUObjectHash: Warning: Ambiguous search, could be BillOptionWidget_C /Game/FirstPersonBP/Blueprints/UI/BillWidget.BillWidget:WidgetTree.BillOptionWidget or BillOptionWidget_C /Game/FirstPersonBP/Blueprints/UI/BillWidget.BillWidget:WidgetTree.BillOptionWidget
[2018.12.08-20.32.32:991][177]LogUObjectHash: Warning: Ambiguous search, could be BillOptionWidget_C /Game/FirstPersonBP/Blueprints/UI/BillWidget.BillWidget:WidgetTree.BillOptionWidget or BillOptionWidget_C /Game/FirstPersonBP/Blueprints/UI/BillWidget.BillWidget:WidgetTree.BillOptionWidget
[2018.12.08-20.32.32:991][177]LogUObjectHash: Warning: Ambiguous search, could be BillOptionWidget_C /Game/FirstPersonBP/Blueprints/UI/BillWidget.BillWidget:WidgetTree.BillOptionWidget or BillOptionWidget_C /Game/FirstPersonBP/Blueprints/UI/BillWidget.BillWidget:WidgetTree.BillOptionWidget
[2018.12.08-20.32.32:998][177]LogUObjectHash: Warning: Ambiguous search, could be BillOptionWidget_C /Game/FirstPersonBP/Blueprints/UI/BillWidget.BillWidget:WidgetTree.BillOptionWidget or BillOptionWidget_C /Game/FirstPersonBP/Blueprints/UI/BillWidget.BillWidget:WidgetTree.BillOptionWidget
[2018.12.08-20.32.32:998][177]LogUObjectHash: Warning: Ambiguous search, could be BillOptionWidget_C /Game/FirstPersonBP/Blueprints/UI/BillWidget.BillWidget:WidgetTree.BillOptionWidget or BillOptionWidget_C /Game/FirstPersonBP/Blueprints/UI/BillWidget.BillWidget:WidgetTree.BillOptionWidget
[2018.12.08-20.32.33:004][177]LogUObjectHash: Warning: Ambiguous search, could be BillOptionWidget_C /Game/FirstPersonBP/Blueprints/UI/BillWidget.BillWidget:WidgetTree.BillOptionWidget or BillOptionWidget_C /Game/FirstPersonBP/Blueprints/UI/BillWidget.BillWidget:WidgetTree.BillOptionWidget
[2018.12.08-20.32.33:004][177]LogUObjectHash: Warning: Ambiguous search, could be BillOptionWidget_C /Game/FirstPersonBP/Blueprints/UI/BillWidget.BillWidget:WidgetTree.BillOptionWidget or BillOptionWidget_C /Game/FirstPersonBP/Blueprints/UI/BillWidget.BillWidget:WidgetTree.BillOptionWidget
[2018.12.08-20.32.33:009][177]LogUObjectHash: Warning: Ambiguous search, could be BillOptionWidget_C /Game/FirstPersonBP/Blueprints/UI/BillWidget.BillWidget:WidgetTree.BillOptionWidget or BillOptionWidget_C /Game/FirstPersonBP/Blueprints/UI/BillWidget.BillWidget:WidgetTree.BillOptionWidget
[2018.12.08-20.32.33:009][177]LogUObjectHash: Warning: Ambiguous search, could be BillOptionWidget_C /Game/FirstPersonBP/Blueprints/UI/BillWidget.BillWidget:WidgetTree.BillOptionWidget or BillOptionWidget_C /Game/FirstPersonBP/Blueprints/UI/BillWidget.BillWidget:WidgetTree.BillOptionWidget
[2018.12.08-20.32.33:043][178]LogUObjectHash: Warning: Ambiguous search, could be BillOptionWidget_C /Game/FirstPersonBP/Blueprints/UI/BillWidget.BillWidget:WidgetTree.BillOptionWidget or BillOptionWidget_C /Game/FirstPersonBP/Blueprints/UI/BillWidget.BillWidget:WidgetTree.BillOptionWidget
[2018.12.08-20.32.33:044][178]LogUObjectHash: Warning: Ambiguous search, could be BillOptionWidget_C /Game/FirstPersonBP/Blueprints/UI/BillWidget.BillWidget:WidgetTree.BillOptionWidget or BillOptionWidget_C /Game/FirstPersonBP/Blueprints/UI/BillWidget.BillWidget:WidgetTree.BillOptionWidget
[2018.12.08-20.32.33:055][178]LogUObjectHash: Warning: Ambiguous search, could be BillOptionWidget_C /Game/FirstPersonBP/Blueprints/UI/BillWidget.BillWidget:WidgetTree.BillOptionWidget or BillOptionWidget_C /Game/FirstPersonBP/Blueprints/UI/BillWidget.BillWidget:WidgetTree.BillOptionWidget
[2018.12.08-20.32.33:056][178]LogUObjectHash: Warning: Ambiguous search, could be BillOptionWidget_C /Game/FirstPersonBP/Blueprints/UI/BillWidget.BillWidget:WidgetTree.BillOptionWidget or BillOptionWidget_C /Game/FirstPersonBP/Blueprints/UI/BillWidget.BillWidget:WidgetTree.BillOptionWidget
[2018.12.08-20.32.33:091][179]LogUObjectHash: Warning: Ambiguous search, could be BillOptionWidget_C /Game/FirstPersonBP/Blueprints/UI/BillWidget.BillWidget:WidgetTree.BillOptionWidget or BillOptionWidget_C /Game/FirstPersonBP/Blueprints/UI/BillWidget.BillWidget:WidgetTree.BillOptionWidget
[2018.12.08-20.32.33:091][179]LogUObjectHash: Warning: Ambiguous search, could be BillOptionWidget_C /Game/FirstPersonBP/Blueprints/UI/BillWidget.BillWidget:WidgetTree.BillOptionWidget or BillOptionWidget_C /Game/FirstPersonBP/Blueprints/UI/BillWidget.BillWidget:WidgetTree.BillOptionWidget
[2018.12.08-20.32.33:098][179]LogUObjectHash: Warning: Ambiguous search, could be BillOptionWidget_C /Game/FirstPersonBP/Blueprints/UI/BillWidget.BillWidget:WidgetTree.BillOptionWidget or BillOptionWidget_C /Game/FirstPersonBP/Blueprints/UI/BillWidget.BillWidget:WidgetTree.BillOptionWidget
[2018.12.08-20.32.33:098][179]LogUObjectHash: Warning: Ambiguous search, could be BillOptionWidget_C /Game/FirstPersonBP/Blueprints/UI/BillWidget.BillWidget:WidgetTree.BillOptionWidget or BillOptionWidget_C /Game/FirstPersonBP/Blueprints/UI/BillWidget.BillWidget:WidgetTree.BillOptionWidget
[2018.12.08-20.32.33:105][179]LogUObjectHash: Warning: Ambiguous search, could be BillOptionWidget_C /Game/FirstPersonBP/Blueprints/UI/BillWidget.BillWidget:WidgetTree.BillOptionWidget or BillOptionWidget_C /Game/FirstPersonBP/Blueprints/UI/BillWidget.BillWidget:WidgetTree.BillOptionWidget
[2018.12.08-20.32.33:105][179]LogUObjectHash: Warning: Ambiguous search, could be BillOptionWidget_C /Game/FirstPersonBP/Blueprints/UI/BillWidget.BillWidget:WidgetTree.BillOptionWidget or BillOptionWidget_C /Game/FirstPersonBP/Blueprints/UI/BillWidget.BillWidget:WidgetTree.BillOptionWidget
[2018.12.08-20.32.33:138][180]LogUObjectHash: Warning: Ambiguous search, could be BillOptionWidget_C /Game/FirstPersonBP/Blueprints/UI/BillWidget.BillWidget:WidgetTree.BillOptionWidget or BillOptionWidget_C /Game/FirstPersonBP/Blueprints/UI/BillWidget.BillWidget:WidgetTree.BillOptionWidget
[2018.12.08-20.32.33:138][180]LogUObjectHash: Warning: Ambiguous search, could be BillOptionWidget_C /Game/FirstPersonBP/Blueprints/UI/BillWidget.BillWidget:WidgetTree.BillOptionWidget or BillOptionWidget_C /Game/FirstPersonBP/Blueprints/UI/BillWidget.BillWidget:WidgetTree.BillOptionWidget
[2018.12.08-20.32.33:144][180]LogUObjectHash: Warning: Ambiguous search, could be BillOptionWidget_C /Game/FirstPersonBP/Blueprints/UI/BillWidget.BillWidget:WidgetTree.BillOptionWidget or BillOptionWidget_C /Game/FirstPersonBP/Blueprints/UI/BillWidget.BillWidget:WidgetTree.BillOptionWidget
[2018.12.08-20.32.33:144][180]LogUObjectHash: Warning: Ambiguous search, could be BillOptionWidget_C /Game/FirstPersonBP/Blueprints/UI/BillWidget.BillWidget:WidgetTree.BillOptionWidget or BillOptionWidget_C /Game/FirstPersonBP/Blueprints/UI/BillWidget.BillWidget:WidgetTree.BillOptionWidget
[2018.12.08-20.32.33:151][180]LogUObjectHash: Warning: Ambiguous search, could be BillOptionWidget_C /Game/FirstPersonBP/Blueprints/UI/BillWidget.BillWidget:WidgetTree.BillOptionWidget or BillOptionWidget_C /Game/FirstPersonBP/Blueprints/UI/BillWidget.BillWidget:WidgetTree.BillOptionWidget
[2018.12.08-20.32.33:151][180]LogUObjectHash: Warning: Ambiguous search, could be BillOptionWidget_C /Game/FirstPersonBP/Blueprints/UI/BillWidget.BillWidget:WidgetTree.BillOptionWidget or BillOptionWidget_C /Game/FirstPersonBP/Blueprints/UI/BillWidget.BillWidget:WidgetTree.BillOptionWidget
[2018.12.08-20.32.33:158][180]LogUObjectHash: Warning: Ambiguous search, could be BillOptionWidget_C /Game/FirstPersonBP/Blueprints/UI/BillWidget.BillWidget:WidgetTree.BillOptionWidget or BillOptionWidget_C /Game/FirstPersonBP/Blueprints/UI/BillWidget.BillWidget:WidgetTree.BillOptionWidget
[2018.12.08-20.32.33:158][180]LogUObjectHash: Warning: Ambiguous search, could be BillOptionWidget_C /Game/FirstPersonBP/Blueprints/UI/BillWidget.BillWidget:WidgetTree.BillOptionWidget or BillOptionWidget_C /Game/FirstPersonBP/Blueprints/UI/BillWidget.BillWidget:WidgetTree.BillOptionWidget
[2018.12.08-20.32.33:204][181]LogUObjectHash: Warning: Ambiguous search, could be BillOptionWidget_C /Game/FirstPersonBP/Blueprints/UI/BillWidget.BillWidget:WidgetTree.BillOptionWidget or BillOptionWidget_C /Game/FirstPersonBP/Blueprints/UI/BillWidget.BillWidget:WidgetTree.BillOptionWidget
[2018.12.08-20.32.33:204][181]LogUObjectHash: Warning: Ambiguous search, could be BillOptionWidget_C /Game/FirstPersonBP/Blueprints/UI/BillWidget.BillWidget:WidgetTree.BillOptionWidget or BillOptionWidget_C /Game/FirstPersonBP/Blueprints/UI/BillWidget.BillWidget:WidgetTree.BillOptionWidget
[2018.12.08-20.32.33:213][181]LogUObjectHash: Warning: Ambiguous search, could be BillOptionWidget_C /Game/FirstPersonBP/Blueprints/UI/BillWidget.BillWidget:WidgetTree.BillOptionWidget or BillOptionWidget_C /Game/FirstPersonBP/Blueprints/UI/BillWidget.BillWidget:WidgetTree.BillOptionWidget
[2018.12.08-20.32.33:213][181]LogUObjectHash: Warning: Ambiguous search, could be BillOptionWidget_C /Game/FirstPersonBP/Blueprints/UI/BillWidget.BillWidget:WidgetTree.BillOptionWidget or BillOptionWidget_C /Game/FirstPersonBP/Blueprints/UI/BillWidget.BillWidget:WidgetTree.BillOptionWidget
[2018.12.08-20.32.33:243][182]LogUObjectHash: Warning: Ambiguous search, could be BillOptionWidget_C /Game/FirstPersonBP/Blueprints/UI/BillWidget.BillWidget:WidgetTree.BillOptionWidget or BillOptionWidget_C /Game/FirstPersonBP/Blueprints/UI/BillWidget.BillWidget:WidgetTree.BillOptionWidget
[2018.12.08-20.32.33:243][182]LogUObjectHash: Warning: Ambiguous search, could be BillOptionWidget_C /Game/FirstPersonBP/Blueprints/UI/BillWidget.BillWidget:WidgetTree.BillOptionWidget or BillOptionWidget_C /Game/FirstPersonBP/Blueprints/UI/BillWidget.BillWidget:WidgetTree.BillOptionWidget
[2018.12.08-20.32.44:473][417]LogSlate: Window 'BillOptionWidget' being destroyed
[2018.12.08-20.32.44:508][417]LogSlate: Window 'BillOptionWidget' being destroyed
[2018.12.08-20.32.46:456][461]LogAssetEditorManager: Opening Asset editor for WidgetBlueprint /Game/FirstPersonBP/Blueprints/UI/BillOptionWidget.BillOptionWidget
[2018.12.08-20.32.52:676][581]LogAssetEditorManager: Opening Asset editor for WidgetBlueprint /Game/FirstPersonBP/Blueprints/UI/BillWidget.BillWidget
[2018.12.08-20.33.01:472][765]LogUObjectHash: Warning: Ambiguous search, could be BillOptionWidget_C /Game/FirstPersonBP/Blueprints/UI/BillWidget.BillWidget:WidgetTree.BillOptionWidget or BillOptionWidget_C /Game/FirstPersonBP/Blueprints/UI/BillWidget.BillWidget:WidgetTree.BillOptionWidget
[2018.12.08-20.33.01:472][765]LogUObjectHash: Warning: Ambiguous search, could be BillOptionWidget_C /Game/FirstPersonBP/Blueprints/UI/BillWidget.BillWidget:WidgetTree.BillOptionWidget or BillOptionWidget_C /Game/FirstPersonBP/Blueprints/UI/BillWidget.BillWidget:WidgetTree.BillOptionWidget
[2018.12.08-20.33.01:475][765]LogUObjectHash: Warning: Ambiguous search, could be BillOptionWidget_C /Game/FirstPersonBP/Blueprints/UI/BillWidget.BillWidget:WidgetTree.BillOptionWidget or BillOptionWidget_C /Game/FirstPersonBP/Blueprints/UI/BillWidget.BillWidget:WidgetTree.BillOptionWidget
[2018.12.08-20.33.01:475][765]LogUObjectHash: Warning: Ambiguous search, could be BillOptionWidget_C /Game/FirstPersonBP/Blueprints/UI/BillWidget.BillWidget:WidgetTree.BillOptionWidget or BillOptionWidget_C /Game/FirstPersonBP/Blueprints/UI/BillWidget.BillWidget:WidgetTree.BillOptionWidget
[2018.12.08-20.33.01:480][765]LogUObjectHash: Warning: Ambiguous search, could be BillOptionWidget_C /Game/FirstPersonBP/Blueprints/UI/BillWidget.BillWidget:WidgetTree.BillOptionWidget or BillOptionWidget_C /Game/FirstPersonBP/Blueprints/UI/BillWidget.BillWidget:WidgetTree.BillOptionWidget
[2018.12.08-20.33.01:480][765]LogUObjectHash: Warning: Ambiguous search, could be BillOptionWidget_C /Game/FirstPersonBP/Blueprints/UI/BillWidget.BillWidget:WidgetTree.BillOptionWidget or BillOptionWidget_C /Game/FirstPersonBP/Blueprints/UI/BillWidget.BillWidget:WidgetTree.BillOptionWidget
[2018.12.08-20.33.01:502][766]LogUObjectHash: Warning: Ambiguous search, could be BillOptionWidget_C /Game/FirstPersonBP/Blueprints/UI/BillWidget.BillWidget:WidgetTree.BillOptionWidget or BillOptionWidget_C /Game/FirstPersonBP/Blueprints/UI/BillWidget.BillWidget:WidgetTree.BillOptionWidget
[2018.12.08-20.33.01:502][766]LogUObjectHash: Warning: Ambiguous search, could be BillOptionWidget_C /Game/FirstPersonBP/Blueprints/UI/BillWidget.BillWidget:WidgetTree.BillOptionWidget or BillOptionWidget_C /Game/FirstPersonBP/Blueprints/UI/BillWidget.BillWidget:WidgetTree.BillOptionWidget
[2018.12.08-20.33.01:506][766]LogUObjectHash: Warning: Ambiguous search, could be BillOptionWidget_C /Game/FirstPersonBP/Blueprints/UI/BillWidget.BillWidget:WidgetTree.BillOptionWidget or BillOptionWidget_C /Game/FirstPersonBP/Blueprints/UI/BillWidget.BillWidget:WidgetTree.BillOptionWidget
[2018.12.08-20.33.01:506][766]LogUObjectHash: Warning: Ambiguous search, could be BillOptionWidget_C /Game/FirstPersonBP/Blueprints/UI/BillWidget.BillWidget:WidgetTree.BillOptionWidget or BillOptionWidget_C /Game/FirstPersonBP/Blueprints/UI/BillWidget.BillWidget:WidgetTree.BillOptionWidget
[2018.12.08-20.33.01:529][767]LogUObjectHash: Warning: Ambiguous search, could be BillOptionWidget_C /Game/FirstPersonBP/Blueprints/UI/BillWidget.BillWidget:WidgetTree.BillOptionWidget or BillOptionWidget_C /Game/FirstPersonBP/Blueprints/UI/BillWidget.BillWidget:WidgetTree.BillOptionWidget
[2018.12.08-20.33.01:529][767]LogUObjectHash: Warning: Ambiguous search, could be BillOptionWidget_C /Game/FirstPersonBP/Blueprints/UI/BillWidget.BillWidget:WidgetTree.BillOptionWidget or BillOptionWidget_C /Game/FirstPersonBP/Blueprints/UI/BillWidget.BillWidget:WidgetTree.BillOptionWidget
[2018.12.08-20.33.01:537][767]LogUObjectHash: Warning: Ambiguous search, could be BillOptionWidget_C /Game/FirstPersonBP/Blueprints/UI/BillWidget.BillWidget:WidgetTree.BillOptionWidget or BillOptionWidget_C /Game/FirstPersonBP/Blueprints/UI/BillWidget.BillWidget:WidgetTree.BillOptionWidget
[2018.12.08-20.33.01:537][767]LogUObjectHash: Warning: Ambiguous search, could be BillOptionWidget_C /Game/FirstPersonBP/Blueprints/UI/BillWidget.BillWidget:WidgetTree.BillOptionWidget or BillOptionWidget_C /Game/FirstPersonBP/Blueprints/UI/BillWidget.BillWidget:WidgetTree.BillOptionWidget
[2018.12.08-20.33.01:543][767]LogUObjectHash: Warning: Ambiguous search, could be BillOptionWidget_C /Game/FirstPersonBP/Blueprints/UI/BillWidget.BillWidget:WidgetTree.BillOptionWidget or BillOptionWidget_C /Game/FirstPersonBP/Blueprints/UI/BillWidget.BillWidget:WidgetTree.BillOptionWidget
[2018.12.08-20.33.01:543][767]LogUObjectHash: Warning: Ambiguous search, could be BillOptionWidget_C /Game/FirstPersonBP/Blueprints/UI/BillWidget.BillWidget:WidgetTree.BillOptionWidget or BillOptionWidget_C /Game/FirstPersonBP/Blueprints/UI/BillWidget.BillWidget:WidgetTree.BillOptionWidget
[2018.12.08-20.33.01:570][768]LogUObjectHash: Warning: Ambiguous search, could be BillOptionWidget_C /Game/FirstPersonBP/Blueprints/UI/BillWidget.BillWidget:WidgetTree.BillOptionWidget or BillOptionWidget_C /Game/FirstPersonBP/Blueprints/UI/BillWidget.BillWidget:WidgetTree.BillOptionWidget
[2018.12.08-20.33.01:570][768]LogUObjectHash: Warning: Ambiguous search, could be BillOptionWidget_C /Game/FirstPersonBP/Blueprints/UI/BillWidget.BillWidget:WidgetTree.BillOptionWidget or BillOptionWidget_C /Game/FirstPersonBP/Blueprints/UI/BillWidget.BillWidget:WidgetTree.BillOptionWidget
[2018.12.08-20.33.01:577][768]LogUObjectHash: Warning: Ambiguous search, could be BillOptionWidget_C /Game/FirstPersonBP/Blueprints/UI/BillWidget.BillWidget:WidgetTree.BillOptionWidget or BillOptionWidget_C /Game/FirstPersonBP/Blueprints/UI/BillWidget.BillWidget:WidgetTree.BillOptionWidget
[2018.12.08-20.33.01:577][768]LogUObjectHash: Warning: Ambiguous search, could be BillOptionWidget_C /Game/FirstPersonBP/Blueprints/UI/BillWidget.BillWidget:WidgetTree.BillOptionWidget or BillOptionWidget_C /Game/FirstPersonBP/Blueprints/UI/BillWidget.BillWidget:WidgetTree.BillOptionWidget
[2018.12.08-20.33.01:604][769]LogUObjectHash: Warning: Ambiguous search, could be BillOptionWidget_C /Game/FirstPersonBP/Blueprints/UI/BillWidget.BillWidget:WidgetTree.BillOptionWidget or BillOptionWidget_C /Game/FirstPersonBP/Blueprints/UI/BillWidget.BillWidget:WidgetTree.BillOptionWidget
[2018.12.08-20.33.01:604][769]LogUObjectHash: Warning: Ambiguous search, could be BillOptionWidget_C /Game/FirstPersonBP/Blueprints/UI/BillWidget.BillWidget:WidgetTree.BillOptionWidget or BillOptionWidget_C /Game/FirstPersonBP/Blueprints/UI/BillWidget.BillWidget:WidgetTree.BillOptionWidget
[2018.12.08-20.33.01:611][769]LogUObjectHash: Warning: Ambiguous search, could be BillOptionWidget_C /Game/FirstPersonBP/Blueprints/UI/BillWidget.BillWidget:WidgetTree.BillOptionWidget or BillOptionWidget_C /Game/FirstPersonBP/Blueprints/UI/BillWidget.BillWidget:WidgetTree.BillOptionWidget
[2018.12.08-20.33.01:611][769]LogUObjectHash: Warning: Ambiguous search, could be BillOptionWidget_C /Game/FirstPersonBP/Blueprints/UI/BillWidget.BillWidget:WidgetTree.BillOptionWidget or BillOptionWidget_C /Game/FirstPersonBP/Blueprints/UI/BillWidget.BillWidget:WidgetTree.BillOptionWidget
[2018.12.08-20.33.01:615][769]LogUObjectHash: Warning: Ambiguous search, could be BillOptionWidget_C /Game/FirstPersonBP/Blueprints/UI/BillWidget.BillWidget:WidgetTree.BillOptionWidget or BillOptionWidget_C /Game/FirstPersonBP/Blueprints/UI/BillWidget.BillWidget:WidgetTree.BillOptionWidget
[2018.12.08-20.33.01:615][769]LogUObjectHash: Warning: Ambiguous search, could be BillOptionWidget_C /Game/FirstPersonBP/Blueprints/UI/BillWidget.BillWidget:WidgetTree.BillOptionWidget or BillOptionWidget_C /Game/FirstPersonBP/Blueprints/UI/BillWidget.BillWidget:WidgetTree.BillOptionWidget
[2018.12.08-20.33.01:621][769]LogUObjectHash: Warning: Ambiguous search, could be BillOptionWidget_C /Game/FirstPersonBP/Blueprints/UI/BillWidget.BillWidget:WidgetTree.BillOptionWidget or BillOptionWidget_C /Game/FirstPersonBP/Blueprints/UI/BillWidget.BillWidget:WidgetTree.BillOptionWidget
[2018.12.08-20.33.01:621][769]LogUObjectHash: Warning: Ambiguous search, could be BillOptionWidget_C /Game/FirstPersonBP/Blueprints/UI/BillWidget.BillWidget:WidgetTree.BillOptionWidget or BillOptionWidget_C /Game/FirstPersonBP/Blueprints/UI/BillWidget.BillWidget:WidgetTree.BillOptionWidget
[2018.12.08-20.33.01:656][770]LogUObjectHash: Warning: Ambiguous search, could be BillOptionWidget_C /Game/FirstPersonBP/Blueprints/UI/BillWidget.BillWidget:WidgetTree.BillOptionWidget or BillOptionWidget_C /Game/FirstPersonBP/Blueprints/UI/BillWidget.BillWidget:WidgetTree.BillOptionWidget
[2018.12.08-20.33.01:656][770]LogUObjectHash: Warning: Ambiguous search, could be BillOptionWidget_C /Game/FirstPersonBP/Blueprints/UI/BillWidget.BillWidget:WidgetTree.BillOptionWidget or BillOptionWidget_C /Game/FirstPersonBP/Blueprints/UI/BillWidget.BillWidget:WidgetTree.BillOptionWidget
[2018.12.08-20.33.01:662][770]LogUObjectHash: Warning: Ambiguous search, could be BillOptionWidget_C /Game/FirstPersonBP/Blueprints/UI/BillWidget.BillWidget:WidgetTree.BillOptionWidget or BillOptionWidget_C /Game/FirstPersonBP/Blueprints/UI/BillWidget.BillWidget:WidgetTree.BillOptionWidget
[2018.12.08-20.33.01:662][770]LogUObjectHash: Warning: Ambiguous search, could be BillOptionWidget_C /Game/FirstPersonBP/Blueprints/UI/BillWidget.BillWidget:WidgetTree.BillOptionWidget or BillOptionWidget_C /Game/FirstPersonBP/Blueprints/UI/BillWidget.BillWidget:WidgetTree.BillOptionWidget
[2018.12.08-20.33.01:669][770]LogUObjectHash: Warning: Ambiguous search, could be BillOptionWidget_C /Game/FirstPersonBP/Blueprints/UI/BillWidget.BillWidget:WidgetTree.BillOptionWidget or BillOptionWidget_C /Game/FirstPersonBP/Blueprints/UI/BillWidget.BillWidget:WidgetTree.BillOptionWidget
[2018.12.08-20.33.01:670][770]LogUObjectHash: Warning: Ambiguous search, could be BillOptionWidget_C /Game/FirstPersonBP/Blueprints/UI/BillWidget.BillWidget:WidgetTree.BillOptionWidget or BillOptionWidget_C /Game/FirstPersonBP/Blueprints/UI/BillWidget.BillWidget:WidgetTree.BillOptionWidget
[2018.12.08-20.33.01:694][771]LogUObjectHash: Warning: Ambiguous search, could be BillOptionWidget_C /Game/FirstPersonBP/Blueprints/UI/BillWidget.BillWidget:WidgetTree.BillOptionWidget or BillOptionWidget_C /Game/FirstPersonBP/Blueprints/UI/BillWidget.BillWidget:WidgetTree.BillOptionWidget
[2018.12.08-20.33.01:694][771]LogUObjectHash: Warning: Ambiguous search, could be BillOptionWidget_C /Game/FirstPersonBP/Blueprints/UI/BillWidget.BillWidget:WidgetTree.BillOptionWidget or BillOptionWidget_C /Game/FirstPersonBP/Blueprints/UI/BillWidget.BillWidget:WidgetTree.BillOptionWidget
[2018.12.08-20.33.01:701][771]LogUObjectHash: Warning: Ambiguous search, could be BillOptionWidget_C /Game/FirstPersonBP/Blueprints/UI/BillWidget.BillWidget:WidgetTree.BillOptionWidget or BillOptionWidget_C /Game/FirstPersonBP/Blueprints/UI/BillWidget.BillWidget:WidgetTree.BillOptionWidget
[2018.12.08-20.33.01:702][771]LogUObjectHash: Warning: Ambiguous search, could be BillOptionWidget_C /Game/FirstPersonBP/Blueprints/UI/BillWidget.BillWidget:WidgetTree.BillOptionWidget or BillOptionWidget_C /Game/FirstPersonBP/Blueprints/UI/BillWidget.BillWidget:WidgetTree.BillOptionWidget
[2018.12.08-20.33.01:731][772]LogUObjectHash: Warning: Ambiguous search, could be BillOptionWidget_C /Game/FirstPersonBP/Blueprints/UI/BillWidget.BillWidget:WidgetTree.BillOptionWidget or BillOptionWidget_C /Game/FirstPersonBP/Blueprints/UI/BillWidget.BillWidget:WidgetTree.BillOptionWidget
[2018.12.08-20.33.01:731][772]LogUObjectHash: Warning: Ambiguous search, could be BillOptionWidget_C /Game/FirstPersonBP/Blueprints/UI/BillWidget.BillWidget:WidgetTree.BillOptionWidget or BillOptionWidget_C /Game/FirstPersonBP/Blueprints/UI/BillWidget.BillWidget:WidgetTree.BillOptionWidget
[2018.12.08-20.33.01:738][772]LogUObjectHash: Warning: Ambiguous search, could be BillOptionWidget_C /Game/FirstPersonBP/Blueprints/UI/BillWidget.BillWidget:WidgetTree.BillOptionWidget or BillOptionWidget_C /Game/FirstPersonBP/Blueprints/UI/BillWidget.BillWidget:WidgetTree.BillOptionWidget
[2018.12.08-20.33.01:738][772]LogUObjectHash: Warning: Ambiguous search, could be BillOptionWidget_C /Game/FirstPersonBP/Blueprints/UI/BillWidget.BillWidget:WidgetTree.BillOptionWidget or BillOptionWidget_C /Game/FirstPersonBP/Blueprints/UI/BillWidget.BillWidget:WidgetTree.BillOptionWidget
[2018.12.08-20.33.01:771][773]LogUObjectHash: Warning: Ambiguous search, could be BillOptionWidget_C /Game/FirstPersonBP/Blueprints/UI/BillWidget.BillWidget:WidgetTree.BillOptionWidget or BillOptionWidget_C /Game/FirstPersonBP/Blueprints/UI/BillWidget.BillWidget:WidgetTree.BillOptionWidget
[2018.12.08-20.33.01:771][773]LogUObjectHash: Warning: Ambiguous search, could be BillOptionWidget_C /Game/FirstPersonBP/Blueprints/UI/BillWidget.BillWidget:WidgetTree.BillOptionWidget or BillOptionWidget_C /Game/FirstPersonBP/Blueprints/UI/BillWidget.BillWidget:WidgetTree.BillOptionWidget
[2018.12.08-20.33.01:801][774]LogUObjectHash: Warning: Ambiguous search, could be BillOptionWidget_C /Game/FirstPersonBP/Blueprints/UI/BillWidget.BillWidget:WidgetTree.BillOptionWidget or BillOptionWidget_C /Game/FirstPersonBP/Blueprints/UI/BillWidget.BillWidget:WidgetTree.BillOptionWidget
[2018.12.08-20.33.01:801][774]LogUObjectHash: Warning: Ambiguous search, could be BillOptionWidget_C /Game/FirstPersonBP/Blueprints/UI/BillWidget.BillWidget:WidgetTree.BillOptionWidget or BillOptionWidget_C /Game/FirstPersonBP/Blueprints/UI/BillWidget.BillWidget:WidgetTree.BillOptionWidget
[2018.12.08-20.33.09:258][941]LogAssetEditorManager: Opening Asset editor for WidgetBlueprint /Game/FirstPersonBP/Blueprints/UI/BillDisplay.BillDisplay
[2018.12.08-20.33.30:430][367]LogSavePackage: Moving '../../../../../../Users/frankj6/Documents/GameDevOne/TeamSadMen/TeamSadMen/TeamSadMen/Saved/BillDisplay16AB73E345EDA8B844870AB1C80A9E03.tmp' to '../../../../../../Users/frankj6/Documents/GameDevOne/TeamSadMen/TeamSadMen/TeamSadMen/Content/FirstPersonBP/Blueprints/UI/BillDisplay.uasset'
[2018.12.08-20.33.59:034][942]LogSlate: Window 'BillDisplay' being destroyed
[2018.12.08-20.33.59:045][942]LogSlate: Window 'BillDisplay' being destroyed
[2018.12.08-20.34.04:515][979]LogSlate: Window 'Save Content' being destroyed
[2018.12.08-20.34.06:145][ 29]LogAssetEditorManager: Opening Asset editor for WidgetBlueprint /Game/FirstPersonBP/Blueprints/UI/BillWidget.BillWidget
[2018.12.08-20.34.08:784][ 85]LogSavePackage: Moving '../../../../../../Users/frankj6/Documents/GameDevOne/TeamSadMen/TeamSadMen/TeamSadMen/Saved/BillWidgetA619F85247D6830CFDCACDB64B24F72A.tmp' to '../../../../../../Users/frankj6/Documents/GameDevOne/TeamSadMen/TeamSadMen/TeamSadMen/Content/FirstPersonBP/Blueprints/UI/BillWidget.uasset'
[2018.12.08-20.34.18:289][284]LogSlate: Window 'BillWidget*' being destroyed
[2018.12.08-20.34.18:313][284]LogSlate: Window 'BillWidget*' being destroyed
[2018.12.08-20.34.21:464][330]LogSlate: Window 'Save Content' being destroyed
[2018.12.08-20.34.21:516][330]LogSavePackage: Moving '../../../../../../Users/frankj6/Documents/GameDevOne/TeamSadMen/TeamSadMen/TeamSadMen/Saved/BillWidgetA77BB29742DEBCE50179E086563BB001.tmp' to '../../../../../../Users/frankj6/Documents/GameDevOne/TeamSadMen/TeamSadMen/TeamSadMen/Content/FirstPersonBP/Blueprints/UI/BillWidget.uasset'
[2018.12.08-20.34.21:746][330]LogSlate: Window 'TeamSadMen - Unreal Editor' being destroyed
[2018.12.08-20.34.21:751][330]LogWindowsTextInputMethodSystem: Display: IME system now deactivated.
[2018.12.08-20.34.22:126][331]Cmd: QUIT_EDITOR
[2018.12.08-20.34.22:192][331]LogExit: Preparing to exit.
